      fun: 12840.645991984267
 hess_inv: <24x24 LbfgsInvHessProduct with dtype=float64>
      jac: array([ 0.32814569,  0.28321665, -0.01364242,  0.2570232 , -0.27885108,
        0.05311449,  0.00582077,  0.20863808, -0.02801244,  0.03255991,
       -0.03146852, -0.00363798,  0.0853106 ,  0.18189894,  0.04256435,
        0.00309228,  0.14224497,  0.05366019, -0.01455192,  0.14897523,
        0.03201421, -0.12150849,  0.24137989, -0.10586518])
  message: b'CONVERGENCE: REL_REDUCTION_OF_F_<=_FACTR*EPSMCH'
     nfev: 1475
      nit: 54
   status: 0
  success: True
        x: array([ 1.27826001,  1.35685873,  0.56229764,  1.00863   ,  1.99917111,
       -0.36915   ,  1.43805689,  1.54361716,  0.9717712 ,  1.4201782 ,
        1.83782877,  0.22900723,  1.62603143,  1.16886094,  0.24058558,
        1.94286716,  1.7800239 ,  1.64117091,  1.77914923,  1.59844498,
        1.15980852,  0.95671264,  1.99043331, -0.4151308 ])
 This problem is unconstrained.
RUNNING THE L-BFGS-B CODE

           * * *

Machine precision = 2.220D-16
 N =           24     M =           10

At X0         0 variables are exactly at the bounds

At iterate    0    f=  4.41043D+08    |proj g|=  7.81419D+10

At iterate    1    f=  3.01181D+08    |proj g|=  4.35807D+10

At iterate    2    f=  1.95560D+08    |proj g|=  4.75023D+09

At iterate    3    f=  1.29531D+08    |proj g|=  4.69224D+09

At iterate    4    f=  6.96032D+06    |proj g|=  8.31807D+07

At iterate    5    f=  6.11320D+06    |proj g|=  6.86487D+07

At iterate    6    f=  3.59653D+06    |proj g|=  3.00253D+07

At iterate    7    f=  2.56961D+06    |proj g|=  1.68610D+07

At iterate    8    f=  1.78888D+06    |proj g|=  8.46953D+06

At iterate    9    f=  1.29032D+06    |proj g|=  4.30890D+06

At iterate   10    f=  9.00972D+05    |proj g|=  2.04613D+06

At iterate   11    f=  5.90427D+05    |proj g|=  9.24090D+05

At iterate   12    f=  3.60400D+05    |proj g|=  4.17132D+05

At iterate   13    f=  2.11909D+05    |proj g|=  1.97700D+05

At iterate   14    f=  1.23737D+05    |proj g|=  9.80490D+04

At iterate   15    f=  7.24179D+04    |proj g|=  4.97145D+04

At iterate   16    f=  4.33671D+04    |proj g|=  2.54001D+04

At iterate   17    f=  2.77596D+04    |proj g|=  1.28900D+04

At iterate   18    f=  1.97110D+04    |proj g|=  6.34927D+03

At iterate   19    f=  1.58384D+04    |proj g|=  3.96942D+03

At iterate   20    f=  1.49210D+04    |proj g|=  1.78239D+04

At iterate   21    f=  1.34248D+04    |proj g|=  2.03745D+03

At iterate   22    f=  1.32516D+04    |proj g|=  1.54638D+03

At iterate   23    f=  1.30902D+04    |proj g|=  1.16259D+03

At iterate   24    f=  1.29557D+04    |proj g|=  1.72129D+03

At iterate   25    f=  1.29166D+04    |proj g|=  3.80104D+02

At iterate   26    f=  1.29055D+04    |proj g|=  2.75941D+02

At iterate   27    f=  1.28694D+04    |proj g|=  8.17375D+02

At iterate   28    f=  1.28574D+04    |proj g|=  5.50075D+02

At iterate   29    f=  1.28512D+04    |proj g|=  7.76470D+01

At iterate   30    f=  1.28503D+04    |proj g|=  8.84542D+01

At iterate   31    f=  1.28490D+04    |proj g|=  2.34275D+02

At iterate   32    f=  1.28470D+04    |proj g|=  2.73814D+02

At iterate   33    f=  1.28448D+04    |proj g|=  4.90346D+02

At iterate   34    f=  1.28439D+04    |proj g|=  2.42054D+02

At iterate   35    f=  1.28427D+04    |proj g|=  3.46337D+01

At iterate   36    f=  1.28425D+04    |proj g|=  3.27891D+01

At iterate   37    f=  1.28421D+04    |proj g|=  5.20698D+01

At iterate   38    f=  1.28418D+04    |proj g|=  1.89388D+02

At iterate   39    f=  1.28414D+04    |proj g|=  6.79087D+01

At iterate   40    f=  1.28411D+04    |proj g|=  2.81956D+01

At iterate   41    f=  1.28409D+04    |proj g|=  3.94824D+01

At iterate   42    f=  1.28408D+04    |proj g|=  7.50362D+01

At iterate   43    f=  1.28407D+04    |proj g|=  9.36452D+00

At iterate   44    f=  1.28407D+04    |proj g|=  7.34799D+00

At iterate   45    f=  1.28407D+04    |proj g|=  1.08459D+01

At iterate   46    f=  1.28407D+04    |proj g|=  8.29532D+00

At iterate   47    f=  1.28407D+04    |proj g|=  1.28804D+01

At iterate   48    f=  1.28406D+04    |proj g|=  3.10210D+00

At iterate   49    f=  1.28406D+04    |proj g|=  2.72194D+00

At iterate   50    f=  1.28406D+04    |proj g|=  8.48195D-01

At iterate   51    f=  1.28406D+04    |proj g|=  2.29684D+00

At iterate   52    f=  1.28406D+04    |proj g|=  1.57779D+00

At iterate   53    f=  1.28406D+04    |proj g|=  3.12866D-01

At iterate   54    f=  1.28406D+04    |proj g|=  3.28146D-01

           * * *

Tit   = total number of iterations
Tnf   = total number of function evaluations
Tnint = total number of segments explored during Cauchy searches
Skip  = number of BFGS updates skipped
Nact  = number of active bounds at final generalized Cauchy point
Projg = norm of the final projected gradient
F     = final function value

           * * *

   N    Tit     Tnf  Tnint  Skip  Nact     Projg        F
   24     54     59      1     0     0   3.281D-01   1.284D+04
  F =   12840.645991984267     

CONVERGENCE: REL_REDUCTION_OF_F_<=_FACTR*EPSMCH             
