RUNNING THE L-BFGS-B CODE

           * * *

Machine precision = 2.220D-16
 N =           32     M =           10

At X0         0 variables are exactly at the bounds

At iterate    0    f=  6.43192D+12    |proj g|=  3.24236D+16

At iterate    1    f=  6.57117D+10    |proj g|=  3.69636D+13

At iterate    2    f=  5.92597D+10    |proj g|=  2.88838D+13

At iterate    3    f=  3.59223D+10    |proj g|=  1.15836D+13

At iterate    4    f=  2.46097D+10    |proj g|=  6.39306D+12

At iterate    5    f=  1.65383D+10    |proj g|=  3.22937D+12

At iterate    6    f=  1.17917D+10    |proj g|=  2.26623D+12

At iterate    7    f=  8.79279D+09    |proj g|=  1.93972D+12

At iterate    8    f=  7.07399D+09    |proj g|=  1.61927D+12

At iterate    9    f=  6.23371D+09    |proj g|=  1.34385D+12

At iterate   10    f=  5.71889D+09    |proj g|=  1.11526D+12

At iterate   11    f=  5.11372D+09    |proj g|=  8.35625D+11

At iterate   12    f=  4.35725D+09    |proj g|=  2.76838D+11

At iterate   13    f=  4.00929D+09    |proj g|=  2.03304D+11

At iterate   14    f=  3.80803D+09    |proj g|=  1.23577D+11

At iterate   15    f=  3.70493D+09    |proj g|=  1.18457D+11

At iterate   16    f=  3.63955D+09    |proj g|=  4.46452D+10

At iterate   17    f=  3.60587D+09    |proj g|=  3.07484D+10

At iterate   18    f=  3.56623D+09    |proj g|=  3.33922D+10

At iterate   19    f=  3.52033D+09    |proj g|=  3.48367D+10

At iterate   20    f=  3.51040D+09    |proj g|=  1.64827D+10

At iterate   21    f=  3.49998D+09    |proj g|=  6.76289D+09

At iterate   22    f=  3.49537D+09    |proj g|=  4.74308D+09

At iterate   23    f=  3.49277D+09    |proj g|=  1.10355D+10

At iterate   24    f=  3.49178D+09    |proj g|=  3.46001D+09

At iterate   25    f=  3.49133D+09    |proj g|=  3.64371D+09

At iterate   26    f=  3.48720D+09    |proj g|=  1.43814D+10

At iterate   27    f=  3.48282D+09    |proj g|=  2.27740D+10

At iterate   28    f=  3.47341D+09    |proj g|=  3.20811D+10

At iterate   29    f=  3.44303D+09    |proj g|=  3.91675D+10

At iterate   30    f=  3.35373D+09    |proj g|=  4.14448D+10

At iterate   31    f=  3.22721D+09    |proj g|=  5.79991D+10

At iterate   32    f=  2.90470D+09    |proj g|=  4.26755D+10

At iterate   33    f=  2.10423D+09    |proj g|=  9.76118D+10

At iterate   34    f=  1.70509D+09    |proj g|=  1.04621D+11

At iterate   35    f=  1.59647D+09    |proj g|=  1.50453D+11

At iterate   36    f=  1.58633D+09    |proj g|=  1.50892D+11

At iterate   37    f=  1.45249D+09    |proj g|=  3.16093D+10

At iterate   38    f=  1.40920D+09    |proj g|=  1.53051D+10

At iterate   39    f=  1.39403D+09    |proj g|=  3.69455D+09

At iterate   40    f=  1.39317D+09    |proj g|=  6.74555D+09

At iterate   41    f=  1.39265D+09    |proj g|=  2.34713D+09

At iterate   42    f=  1.39252D+09    |proj g|=  6.80133D+08

At iterate   43    f=  1.39247D+09    |proj g|=  5.43540D+08

At iterate   44    f=  1.39223D+09    |proj g|=  1.11617D+09

At iterate   45    f=  1.39199D+09    |proj g|=  1.19423D+09

At iterate   46    f=  1.39162D+09    |proj g|=  6.75189D+09

At iterate   47    f=  1.39063D+09    |proj g|=  2.77169D+09

At iterate   48    f=  1.38889D+09    |proj g|=  3.01664D+09

At iterate   49    f=  1.38539D+09    |proj g|=  7.44035D+09

At iterate   50    f=  1.38019D+09    |proj g|=  1.74881D+10

At iterate   51    f=  1.37105D+09    |proj g|=  1.13616D+10

At iterate   52    f=  1.35089D+09    |proj g|=  1.11897D+10

At iterate   53    f=  1.29560D+09    |proj g|=  2.28478D+10

At iterate   54    f=  1.17962D+09    |proj g|=  4.22778D+10

At iterate   55    f=  1.04939D+09    |proj g|=  9.05256D+10

At iterate   56    f=  8.01487D+08    |proj g|=  3.40260D+10

At iterate   57    f=  5.71872D+08    |proj g|=  1.35447D+10

At iterate   58    f=  4.78288D+08    |proj g|=  9.58478D+09

At iterate   59    f=  4.69877D+08    |proj g|=  8.66649D+09

At iterate   60    f=  4.59447D+08    |proj g|=  7.25736D+09

At iterate   61    f=  4.57065D+08    |proj g|=  6.33010D+09

At iterate   62    f=  4.52371D+08    |proj g|=  4.22824D+09

At iterate   63    f=  4.50752D+08    |proj g|=  2.32380D+09

At iterate   64    f=  4.49944D+08    |proj g|=  2.13729D+09

At iterate   65    f=  4.49724D+08    |proj g|=  1.02517D+09

At iterate   66    f=  4.49649D+08    |proj g|=  2.63370D+08

At iterate   67    f=  4.49630D+08    |proj g|=  1.32154D+08

At iterate   68    f=  4.49610D+08    |proj g|=  1.48099D+08

At iterate   69    f=  4.49575D+08    |proj g|=  2.41311D+08

At iterate   70    f=  4.49495D+08    |proj g|=  4.98271D+08

At iterate   71    f=  4.49282D+08    |proj g|=  8.80424D+08

At iterate   72    f=  4.48741D+08    |proj g|=  1.43827D+09

At iterate   73    f=  4.47313D+08    |proj g|=  2.28247D+09

At iterate   74    f=  4.43675D+08    |proj g|=  3.89990D+09

At iterate   75    f=  4.34752D+08    |proj g|=  5.81352D+09

At iterate   76    f=  4.16807D+08    |proj g|=  1.93808D+10

At iterate   77    f=  3.82271D+08    |proj g|=  1.21154D+10

At iterate   78    f=  2.96215D+08    |proj g|=  1.10319D+10

At iterate   79    f=  2.45469D+08    |proj g|=  9.85757D+09

At iterate   80    f=  2.21118D+08    |proj g|=  6.71301D+09

At iterate   81    f=  2.09281D+08    |proj g|=  3.04981D+09

At iterate   82    f=  2.08156D+08    |proj g|=  2.42870D+09

At iterate   83    f=  2.07011D+08    |proj g|=  1.40242D+09

At iterate   84    f=  2.06035D+08    |proj g|=  8.32740D+08

At iterate   85    f=  2.05390D+08    |proj g|=  4.74682D+08

At iterate   86    f=  2.05089D+08    |proj g|=  3.45081D+08

At iterate   87    f=  2.04718D+08    |proj g|=  3.67043D+08

At iterate   88    f=  2.04658D+08    |proj g|=  4.71245D+08

At iterate   89    f=  2.04593D+08    |proj g|=  8.02756D+07

At iterate   90    f=  2.04586D+08    |proj g|=  5.09996D+07

At iterate   91    f=  2.04572D+08    |proj g|=  5.25755D+07

At iterate   92    f=  2.04551D+08    |proj g|=  7.90520D+07

At iterate   93    f=  2.04494D+08    |proj g|=  1.89101D+08

At iterate   94    f=  2.04345D+08    |proj g|=  3.78427D+08

At iterate   95    f=  2.03981D+08    |proj g|=  7.02987D+08

At iterate   96    f=  2.03133D+08    |proj g|=  1.12320D+09

At iterate   97    f=  2.01130D+08    |proj g|=  1.99188D+09

At iterate   98    f=  1.98815D+08    |proj g|=  1.91475D+09

At iterate   99    f=  1.97966D+08    |proj g|=  1.56314D+09

At iterate  100    f=  1.95426D+08    |proj g|=  6.05867D+08

At iterate  101    f=  1.95072D+08    |proj g|=  4.67362D+08

At iterate  102    f=  1.94874D+08    |proj g|=  2.79418D+08

At iterate  103    f=  1.94845D+08    |proj g|=  1.10509D+08

At iterate  104    f=  1.94821D+08    |proj g|=  7.89218D+07

At iterate  105    f=  1.94796D+08    |proj g|=  2.44068D+08

At iterate  106    f=  1.94766D+08    |proj g|=  6.17372D+07

At iterate  107    f=  1.94753D+08    |proj g|=  5.45286D+07

At iterate  108    f=  1.94606D+08    |proj g|=  2.31042D+08

At iterate  109    f=  1.94382D+08    |proj g|=  3.98543D+08

At iterate  110    f=  1.93827D+08    |proj g|=  6.49978D+08

At iterate  111    f=  1.92989D+08    |proj g|=  1.57127D+09

At iterate  112    f=  1.91184D+08    |proj g|=  8.45413D+08

At iterate  113    f=  1.86780D+08    |proj g|=  4.93334D+08

At iterate  114    f=  1.82067D+08    |proj g|=  1.37125D+09

At iterate  115    f=  1.80974D+08    |proj g|=  6.92897D+08

At iterate  116    f=  1.80696D+08    |proj g|=  1.82116D+08

At iterate  117    f=  1.80657D+08    |proj g|=  8.37985D+07

At iterate  118    f=  1.80632D+08    |proj g|=  6.88042D+07

At iterate  119    f=  1.80613D+08    |proj g|=  7.28441D+07

At iterate  120    f=  1.80576D+08    |proj g|=  8.86968D+07

At iterate  121    f=  1.80535D+08    |proj g|=  2.07916D+08

At iterate  122    f=  1.80491D+08    |proj g|=  1.02540D+08

At iterate  123    f=  1.80464D+08    |proj g|=  6.84913D+07

At iterate  124    f=  1.80443D+08    |proj g|=  5.16484D+07

At iterate  125    f=  1.80432D+08    |proj g|=  1.44938D+08

At iterate  126    f=  1.80412D+08    |proj g|=  5.57703D+07

At iterate  127    f=  1.80384D+08    |proj g|=  1.29230D+08

At iterate  128    f=  1.80356D+08    |proj g|=  2.32048D+08

At iterate  129    f=  1.80311D+08    |proj g|=  1.68276D+08

At iterate  130    f=  1.80230D+08    |proj g|=  1.13687D+08

At iterate  131    f=  1.79961D+08    |proj g|=  2.32015D+08

At iterate  132    f=  1.79322D+08    |proj g|=  7.59347D+08

At iterate  133    f=  1.77828D+08    |proj g|=  1.57684D+09

At iterate  134    f=  1.74666D+08    |proj g|=  2.77569D+09

At iterate  135    f=  1.70788D+08    |proj g|=  4.89409D+09

At iterate  136    f=  1.68526D+08    |proj g|=  4.56018D+09

At iterate  137    f=  1.62906D+08    |proj g|=  3.63577D+09

At iterate  138    f=  1.58019D+08    |proj g|=  1.64712D+09

At iterate  139    f=  1.56989D+08    |proj g|=  1.44551D+09

At iterate  140    f=  1.55885D+08    |proj g|=  6.73648D+08

At iterate  141    f=  1.55681D+08    |proj g|=  3.83396D+08

At iterate  142    f=  1.55494D+08    |proj g|=  2.56606D+08

At iterate  143    f=  1.55361D+08    |proj g|=  1.68271D+08

At iterate  144    f=  1.55274D+08    |proj g|=  9.31362D+07

At iterate  145    f=  1.55249D+08    |proj g|=  6.50058D+07

At iterate  146    f=  1.55242D+08    |proj g|=  3.16645D+07

At iterate  147    f=  1.55235D+08    |proj g|=  2.44975D+07

At iterate  148    f=  1.55229D+08    |proj g|=  3.87401D+07

At iterate  149    f=  1.55216D+08    |proj g|=  1.11214D+08

At iterate  150    f=  1.55204D+08    |proj g|=  5.23160D+07

At iterate  151    f=  1.55194D+08    |proj g|=  4.65540D+07

At iterate  152    f=  1.55188D+08    |proj g|=  5.68403D+07

At iterate  153    f=  1.55185D+08    |proj g|=  4.28764D+07

At iterate  154    f=  1.55183D+08    |proj g|=  2.53413D+07

At iterate  155    f=  1.55179D+08    |proj g|=  1.68659D+07

At iterate  156    f=  1.55175D+08    |proj g|=  2.89318D+07

At iterate  157    f=  1.55169D+08    |proj g|=  4.57897D+07

At iterate  158    f=  1.55158D+08    |proj g|=  1.87218D+07

At iterate  159    f=  1.55137D+08    |proj g|=  3.89170D+07

At iterate  160    f=  1.55088D+08    |proj g|=  1.12834D+08

At iterate  161    f=  1.55073D+08    |proj g|=  3.41752D+08

At iterate  162    f=  1.54990D+08    |proj g|=  1.15630D+08

At iterate  163    f=  1.54943D+08    |proj g|=  8.11784D+07

At iterate  164    f=  1.54904D+08    |proj g|=  1.27511D+08

At iterate  165    f=  1.54892D+08    |proj g|=  1.24770D+08

At iterate  166    f=  1.54879D+08    |proj g|=  1.03350D+08

At iterate  167    f=  1.54830D+08    |proj g|=  2.55566D+08

At iterate  168    f=  1.54706D+08    |proj g|=  5.24882D+08

At iterate  169    f=  1.54399D+08    |proj g|=  9.34587D+08

At iterate  170    f=  1.53690D+08    |proj g|=  1.49114D+09

At iterate  171    f=  1.52176D+08    |proj g|=  2.11331D+09

At iterate  172    f=  1.50871D+08    |proj g|=  2.23831D+09

At iterate  173    f=  1.49674D+08    |proj g|=  2.11930D+09

At iterate  174    f=  1.49041D+08    |proj g|=  1.02294D+09

At iterate  175    f=  1.48473D+08    |proj g|=  2.91774D+08

At iterate  176    f=  1.48237D+08    |proj g|=  3.59524D+08

At iterate  177    f=  1.47986D+08    |proj g|=  2.49565D+08

At iterate  178    f=  1.47800D+08    |proj g|=  1.27027D+08

At iterate  179    f=  1.47744D+08    |proj g|=  1.09503D+08

At iterate  180    f=  1.47673D+08    |proj g|=  1.36363D+08

At iterate  181    f=  1.47595D+08    |proj g|=  1.37636D+08

At iterate  182    f=  1.47557D+08    |proj g|=  9.77884D+07

At iterate  183    f=  1.47547D+08    |proj g|=  5.69919D+07

At iterate  184    f=  1.47542D+08    |proj g|=  2.03423D+07

At iterate  185    f=  1.47539D+08    |proj g|=  2.05172D+07

At iterate  186    f=  1.47533D+08    |proj g|=  3.36900D+07

At iterate  187    f=  1.47528D+08    |proj g|=  3.85693D+07

At iterate  188    f=  1.47520D+08    |proj g|=  4.40802D+07

At iterate  189    f=  1.47509D+08    |proj g|=  4.86279D+07

At iterate  190    f=  1.47467D+08    |proj g|=  8.44323D+07

At iterate  191    f=  1.47373D+08    |proj g|=  1.73371D+08

At iterate  192    f=  1.47138D+08    |proj g|=  3.51163D+08

At iterate  193    f=  1.46661D+08    |proj g|=  6.76723D+08

At iterate  194    f=  1.45761D+08    |proj g|=  7.49412D+08

At iterate  195    f=  1.44928D+08    |proj g|=  7.05479D+08

At iterate  196    f=  1.44301D+08    |proj g|=  6.80247D+08

At iterate  197    f=  1.43816D+08    |proj g|=  4.36638D+08

At iterate  198    f=  1.43519D+08    |proj g|=  2.21305D+08

At iterate  199    f=  1.43386D+08    |proj g|=  3.77400D+08

At iterate  200    f=  1.43262D+08    |proj g|=  1.33513D+08

At iterate  201    f=  1.43235D+08    |proj g|=  5.97897D+07

At iterate  202    f=  1.43213D+08    |proj g|=  8.33969D+07

At iterate  203    f=  1.43163D+08    |proj g|=  9.93705D+07

At iterate  204    f=  1.43123D+08    |proj g|=  4.08643D+08

At iterate  205    f=  1.43047D+08    |proj g|=  7.31629D+07

At iterate  206    f=  1.43036D+08    |proj g|=  5.64274D+07

At iterate  207    f=  1.43026D+08    |proj g|=  4.96217D+07

At iterate  208    f=  1.43011D+08    |proj g|=  4.40157D+07

At iterate  209    f=  1.43000D+08    |proj g|=  9.21484D+07

At iterate  210    f=  1.42997D+08    |proj g|=  1.19794D+07

At iterate  211    f=  1.42996D+08    |proj g|=  6.69367D+06

At iterate  212    f=  1.42995D+08    |proj g|=  7.00880D+06

At iterate  213    f=  1.42994D+08    |proj g|=  4.29456D+07

At iterate  214    f=  1.42993D+08    |proj g|=  3.33639D+07

At iterate  215    f=  1.42989D+08    |proj g|=  1.12595D+07

At iterate  216    f=  1.42987D+08    |proj g|=  1.21670D+08

At iterate  217    f=  1.42982D+08    |proj g|=  3.11762D+07

At iterate  218    f=  1.42980D+08    |proj g|=  3.04156D+07

At iterate  219    f=  1.42976D+08    |proj g|=  3.97442D+07

At iterate  220    f=  1.42972D+08    |proj g|=  4.60463D+07

At iterate  221    f=  1.42971D+08    |proj g|=  5.72821D+07

At iterate  222    f=  1.42969D+08    |proj g|=  3.36819D+07

At iterate  223    f=  1.42966D+08    |proj g|=  1.30724D+07

At iterate  224    f=  1.42964D+08    |proj g|=  1.47203D+07

At iterate  225    f=  1.42963D+08    |proj g|=  2.43205D+07

At iterate  226    f=  1.42961D+08    |proj g|=  8.79404D+06

At iterate  227    f=  1.42960D+08    |proj g|=  5.87213D+06

At iterate  228    f=  1.42959D+08    |proj g|=  1.06285D+07

At iterate  229    f=  1.42957D+08    |proj g|=  2.09496D+07

At iterate  230    f=  1.42954D+08    |proj g|=  6.51567D+07

At iterate  231    f=  1.42950D+08    |proj g|=  4.66403D+07

At iterate  232    f=  1.42942D+08    |proj g|=  3.91535D+07

At iterate  233    f=  1.42939D+08    |proj g|=  1.28224D+08

At iterate  234    f=  1.42930D+08    |proj g|=  3.96968D+07

At iterate  235    f=  1.42926D+08    |proj g|=  4.40342D+07

At iterate  236    f=  1.42915D+08    |proj g|=  9.18404D+07

At iterate  237    f=  1.42895D+08    |proj g|=  1.36539D+08

At iterate  238    f=  1.42858D+08    |proj g|=  1.53587D+08

At iterate  239    f=  1.42834D+08    |proj g|=  1.88773D+08

At iterate  240    f=  1.42793D+08    |proj g|=  8.33873D+07

At iterate  241    f=  1.42778D+08    |proj g|=  4.59384D+07

At iterate  242    f=  1.42765D+08    |proj g|=  6.22752D+07

At iterate  243    f=  1.42754D+08    |proj g|=  2.52589D+08

At iterate  244    f=  1.42736D+08    |proj g|=  1.18628D+08

At iterate  245    f=  1.42717D+08    |proj g|=  6.18458D+07

At iterate  246    f=  1.42710D+08    |proj g|=  4.94551D+07

At iterate  247    f=  1.42703D+08    |proj g|=  5.80687D+07

At iterate  248    f=  1.42699D+08    |proj g|=  2.55774D+07

At iterate  249    f=  1.42696D+08    |proj g|=  4.06561D+07

At iterate  250    f=  1.42692D+08    |proj g|=  2.52662D+07

At iterate  251    f=  1.42684D+08    |proj g|=  4.30581D+07

At iterate  252    f=  1.42681D+08    |proj g|=  5.08848D+07

At iterate  253    f=  1.42675D+08    |proj g|=  4.36656D+07

At iterate  254    f=  1.42658D+08    |proj g|=  8.48733D+07

At iterate  255    f=  1.42650D+08    |proj g|=  5.94901D+07

At iterate  256    f=  1.42644D+08    |proj g|=  2.16151D+07

At iterate  257    f=  1.42641D+08    |proj g|=  1.53082D+07

At iterate  258    f=  1.42636D+08    |proj g|=  2.84418D+07

At iterate  259    f=  1.42622D+08    |proj g|=  7.82616D+07

At iterate  260    f=  1.42594D+08    |proj g|=  7.36211D+07

At iterate  261    f=  1.42560D+08    |proj g|=  2.39998D+08

At iterate  262    f=  1.42525D+08    |proj g|=  1.70486D+08

At iterate  263    f=  1.42494D+08    |proj g|=  5.80314D+07

At iterate  264    f=  1.42477D+08    |proj g|=  3.26795D+07

At iterate  265    f=  1.42472D+08    |proj g|=  4.41690D+07

At iterate  266    f=  1.42470D+08    |proj g|=  2.52429D+07

At iterate  267    f=  1.42468D+08    |proj g|=  1.54411D+07

At iterate  268    f=  1.42464D+08    |proj g|=  1.42287D+07

At iterate  269    f=  1.42461D+08    |proj g|=  4.41890D+07

At iterate  270    f=  1.42456D+08    |proj g|=  3.23933D+07

At iterate  271    f=  1.42441D+08    |proj g|=  3.44748D+07

At iterate  272    f=  1.42419D+08    |proj g|=  6.09813D+07

At iterate  273    f=  1.42411D+08    |proj g|=  8.74898D+07

At iterate  274    f=  1.42397D+08    |proj g|=  5.01472D+07

At iterate  275    f=  1.42382D+08    |proj g|=  3.41308D+07

At iterate  276    f=  1.42363D+08    |proj g|=  5.84938D+07

At iterate  277    f=  1.42358D+08    |proj g|=  1.26657D+08

At iterate  278    f=  1.42337D+08    |proj g|=  7.35415D+07

At iterate  279    f=  1.42314D+08    |proj g|=  3.02242D+07

At iterate  280    f=  1.42297D+08    |proj g|=  3.47058D+07

At iterate  281    f=  1.42292D+08    |proj g|=  7.53819D+07

At iterate  282    f=  1.42286D+08    |proj g|=  2.32260D+07

At iterate  283    f=  1.42283D+08    |proj g|=  1.89632D+07

At iterate  284    f=  1.42279D+08    |proj g|=  2.20508D+07

At iterate  285    f=  1.42276D+08    |proj g|=  7.80903D+07

At iterate  286    f=  1.42272D+08    |proj g|=  3.15713D+07

At iterate  287    f=  1.42270D+08    |proj g|=  2.15339D+07

At iterate  288    f=  1.42268D+08    |proj g|=  3.93171D+07

At iterate  289    f=  1.42267D+08    |proj g|=  3.01479D+07

At iterate  290    f=  1.42264D+08    |proj g|=  2.15429D+07

At iterate  291    f=  1.42261D+08    |proj g|=  2.12449D+07

At iterate  292    f=  1.42257D+08    |proj g|=  2.70907D+07

At iterate  293    f=  1.42255D+08    |proj g|=  1.63350D+08

At iterate  294    f=  1.42247D+08    |proj g|=  6.56226D+07

At iterate  295    f=  1.42243D+08    |proj g|=  1.53071D+07

At iterate  296    f=  1.42240D+08    |proj g|=  2.43560D+07

At iterate  297    f=  1.42235D+08    |proj g|=  2.92281D+07

At iterate  298    f=  1.42232D+08    |proj g|=  5.29202D+07

At iterate  299    f=  1.42229D+08    |proj g|=  2.74471D+07

At iterate  300    f=  1.42227D+08    |proj g|=  1.95849D+07

At iterate  301    f=  1.42224D+08    |proj g|=  2.93788D+07

At iterate  302    f=  1.42218D+08    |proj g|=  5.19964D+07

At iterate  303    f=  1.42208D+08    |proj g|=  8.45222D+07

At iterate  304    f=  1.42205D+08    |proj g|=  6.76785D+07

At iterate  305    f=  1.42198D+08    |proj g|=  3.14228D+07

At iterate  306    f=  1.42196D+08    |proj g|=  1.75194D+07

At iterate  307    f=  1.42194D+08    |proj g|=  1.64616D+07

At iterate  308    f=  1.42193D+08    |proj g|=  2.20555D+07

At iterate  309    f=  1.42187D+08    |proj g|=  3.15258D+07

At iterate  310    f=  1.42187D+08    |proj g|=  1.20843D+08

At iterate  311    f=  1.42181D+08    |proj g|=  1.97316D+07

At iterate  312    f=  1.42180D+08    |proj g|=  9.72409D+06

At iterate  313    f=  1.42178D+08    |proj g|=  1.07247D+07

At iterate  314    f=  1.42175D+08    |proj g|=  1.64245D+07

At iterate  315    f=  1.42166D+08    |proj g|=  6.61750D+07

At iterate  316    f=  1.42160D+08    |proj g|=  1.13102D+08

At iterate  317    f=  1.42145D+08    |proj g|=  4.35512D+07

At iterate  318    f=  1.42125D+08    |proj g|=  5.10255D+07

At iterate  319    f=  1.42106D+08    |proj g|=  5.92864D+07

At iterate  320    f=  1.42092D+08    |proj g|=  1.65423D+08

At iterate  321    f=  1.42049D+08    |proj g|=  8.36563D+07

At iterate  322    f=  1.42000D+08    |proj g|=  1.86180D+08

At iterate  323    f=  1.41974D+08    |proj g|=  1.02688D+08

At iterate  324    f=  1.41957D+08    |proj g|=  5.84685D+07

At iterate  325    f=  1.41939D+08    |proj g|=  6.88737D+07

At iterate  326    f=  1.41919D+08    |proj g|=  9.42224D+07

At iterate  327    f=  1.41896D+08    |proj g|=  2.50381D+08

At iterate  328    f=  1.41879D+08    |proj g|=  1.06418D+08

At iterate  329    f=  1.41870D+08    |proj g|=  1.72687D+07

At iterate  330    f=  1.41869D+08    |proj g|=  1.31961D+07

At iterate  331    f=  1.41868D+08    |proj g|=  2.04431D+07

At iterate  332    f=  1.41867D+08    |proj g|=  2.52742D+07

At iterate  333    f=  1.41864D+08    |proj g|=  4.10822D+07

At iterate  334    f=  1.41862D+08    |proj g|=  1.92554D+07

At iterate  335    f=  1.41859D+08    |proj g|=  1.50027D+07

At iterate  336    f=  1.41856D+08    |proj g|=  4.08508D+07

At iterate  337    f=  1.41851D+08    |proj g|=  2.70393D+07

At iterate  338    f=  1.41845D+08    |proj g|=  4.48157D+07

At iterate  339    f=  1.41826D+08    |proj g|=  1.05342D+08

At iterate  340    f=  1.41810D+08    |proj g|=  1.19263D+08

At iterate  341    f=  1.41790D+08    |proj g|=  6.25025D+07

At iterate  342    f=  1.41765D+08    |proj g|=  5.92774D+07

At iterate  343    f=  1.41746D+08    |proj g|=  6.01478D+07

At iterate  344    f=  1.41674D+08    |proj g|=  1.38961D+08

At iterate  345    f=  1.41617D+08    |proj g|=  1.39216D+08

At iterate  346    f=  1.41587D+08    |proj g|=  1.11628D+08

At iterate  347    f=  1.41575D+08    |proj g|=  4.72001D+07

At iterate  348    f=  1.41573D+08    |proj g|=  9.43998D+06

At iterate  349    f=  1.41572D+08    |proj g|=  1.08798D+07

At iterate  350    f=  1.41571D+08    |proj g|=  1.24840D+07

At iterate  351    f=  1.41570D+08    |proj g|=  2.66567D+07

At iterate  352    f=  1.41569D+08    |proj g|=  1.67344D+07

At iterate  353    f=  1.41568D+08    |proj g|=  7.47426D+06

At iterate  354    f=  1.41568D+08    |proj g|=  1.51707D+07

At iterate  355    f=  1.41566D+08    |proj g|=  1.79426D+07

At iterate  356    f=  1.41564D+08    |proj g|=  1.57120D+07

At iterate  357    f=  1.41563D+08    |proj g|=  4.84649D+07

At iterate  358    f=  1.41559D+08    |proj g|=  2.98850D+07

At iterate  359    f=  1.41555D+08    |proj g|=  5.36800D+07

At iterate  360    f=  1.41552D+08    |proj g|=  2.40041D+07

At iterate  361    f=  1.41549D+08    |proj g|=  2.07809D+07

At iterate  362    f=  1.41543D+08    |proj g|=  2.31383D+07

At iterate  363    f=  1.41536D+08    |proj g|=  8.67923D+07

At iterate  364    f=  1.41528D+08    |proj g|=  6.59824D+07

At iterate  365    f=  1.41521D+08    |proj g|=  3.63881D+07

At iterate  366    f=  1.41506D+08    |proj g|=  2.67201D+07

At iterate  367    f=  1.41495D+08    |proj g|=  2.51303D+07

At iterate  368    f=  1.41486D+08    |proj g|=  8.67414D+07

At iterate  369    f=  1.41483D+08    |proj g|=  1.21235D+08

At iterate  370    f=  1.41472D+08    |proj g|=  2.43455D+07

At iterate  371    f=  1.41470D+08    |proj g|=  1.68433D+07

At iterate  372    f=  1.41467D+08    |proj g|=  2.28441D+07

At iterate  373    f=  1.41461D+08    |proj g|=  6.92470D+07

At iterate  374    f=  1.41450D+08    |proj g|=  7.06370D+07

At iterate  375    f=  1.41426D+08    |proj g|=  1.72165D+08

At iterate  376    f=  1.41400D+08    |proj g|=  1.76107D+08

At iterate  377    f=  1.41380D+08    |proj g|=  8.52706D+07

At iterate  378    f=  1.41370D+08    |proj g|=  4.25395D+07

At iterate  379    f=  1.41364D+08    |proj g|=  3.36218D+07

At iterate  380    f=  1.41351D+08    |proj g|=  3.42102D+07

At iterate  381    f=  1.41326D+08    |proj g|=  7.36010D+07

At iterate  382    f=  1.41323D+08    |proj g|=  1.36221D+08

At iterate  383    f=  1.41294D+08    |proj g|=  3.66935D+07

At iterate  384    f=  1.41289D+08    |proj g|=  3.20849D+07

At iterate  385    f=  1.41284D+08    |proj g|=  7.63671D+07

At iterate  386    f=  1.41280D+08    |proj g|=  5.50928D+07

At iterate  387    f=  1.41276D+08    |proj g|=  3.47475D+07

At iterate  388    f=  1.41264D+08    |proj g|=  8.05689D+07

At iterate  389    f=  1.41245D+08    |proj g|=  1.06057D+08

At iterate  390    f=  1.41203D+08    |proj g|=  1.31866D+08

At iterate  391    f=  1.41141D+08    |proj g|=  6.99538D+07

At iterate  392    f=  1.41055D+08    |proj g|=  7.48418D+07

At iterate  393    f=  1.40936D+08    |proj g|=  2.71670D+08

At iterate  394    f=  1.40876D+08    |proj g|=  2.08058D+08

At iterate  395    f=  1.40846D+08    |proj g|=  7.06573D+07

At iterate  396    f=  1.40838D+08    |proj g|=  2.12717D+07

At iterate  397    f=  1.40835D+08    |proj g|=  4.36117D+07

At iterate  398    f=  1.40826D+08    |proj g|=  9.59258D+07

At iterate  399    f=  1.40810D+08    |proj g|=  1.15190D+08

At iterate  400    f=  1.40787D+08    |proj g|=  1.77848D+08

At iterate  401    f=  1.40766D+08    |proj g|=  1.92217D+08

At iterate  402    f=  1.40749D+08    |proj g|=  7.46590D+07

At iterate  403    f=  1.40741D+08    |proj g|=  2.38975D+07

At iterate  404    f=  1.40738D+08    |proj g|=  2.52190D+07

At iterate  405    f=  1.40724D+08    |proj g|=  5.18301D+07

At iterate  406    f=  1.40720D+08    |proj g|=  2.59345D+08

At iterate  407    f=  1.40693D+08    |proj g|=  7.13783D+07

At iterate  408    f=  1.40672D+08    |proj g|=  7.98491D+07

At iterate  409    f=  1.40630D+08    |proj g|=  1.03808D+08

At iterate  410    f=  1.40566D+08    |proj g|=  1.35892D+08

At iterate  411    f=  1.40542D+08    |proj g|=  2.91584D+08

At iterate  412    f=  1.40509D+08    |proj g|=  3.66778D+08

At iterate  413    f=  1.40462D+08    |proj g|=  9.45914D+07

At iterate  414    f=  1.40457D+08    |proj g|=  3.51940D+07

At iterate  415    f=  1.40452D+08    |proj g|=  3.61649D+07

At iterate  416    f=  1.40445D+08    |proj g|=  6.73942D+07

At iterate  417    f=  1.40427D+08    |proj g|=  1.06702D+08

At iterate  418    f=  1.40423D+08    |proj g|=  1.57025D+08

At iterate  419    f=  1.40401D+08    |proj g|=  4.66255D+07

At iterate  420    f=  1.40394D+08    |proj g|=  2.87835D+07

At iterate  421    f=  1.40388D+08    |proj g|=  6.19884D+07

At iterate  422    f=  1.40384D+08    |proj g|=  8.85977D+07

At iterate  423    f=  1.40379D+08    |proj g|=  4.17886D+07

At iterate  424    f=  1.40374D+08    |proj g|=  3.05288D+07

At iterate  425    f=  1.40370D+08    |proj g|=  4.47661D+07

At iterate  426    f=  1.40361D+08    |proj g|=  5.58962D+07

At iterate  427    f=  1.40356D+08    |proj g|=  1.03571D+08

At iterate  428    f=  1.40347D+08    |proj g|=  6.12629D+07

At iterate  429    f=  1.40335D+08    |proj g|=  4.09424D+07

At iterate  430    f=  1.40317D+08    |proj g|=  8.33595D+07

At iterate  431    f=  1.40292D+08    |proj g|=  9.63362D+07

At iterate  432    f=  1.40264D+08    |proj g|=  7.12260D+07

At iterate  433    f=  1.40209D+08    |proj g|=  9.02507D+07

At iterate  434    f=  1.40104D+08    |proj g|=  1.98968D+08

At iterate  435    f=  1.39975D+08    |proj g|=  1.82271D+08

At iterate  436    f=  1.39789D+08    |proj g|=  2.93508D+08

At iterate  437    f=  1.39527D+08    |proj g|=  2.48821D+08

At iterate  438    f=  1.39342D+08    |proj g|=  1.34268D+08

At iterate  439    f=  1.39233D+08    |proj g|=  2.14789D+08

At iterate  440    f=  1.39185D+08    |proj g|=  1.60953D+08

At iterate  441    f=  1.39144D+08    |proj g|=  7.58777D+07

At iterate  442    f=  1.39112D+08    |proj g|=  4.33748D+07

At iterate  443    f=  1.39105D+08    |proj g|=  1.16868D+08

At iterate  444    f=  1.39093D+08    |proj g|=  5.98675D+07

At iterate  445    f=  1.39065D+08    |proj g|=  5.20710D+07

At iterate  446    f=  1.39057D+08    |proj g|=  5.15968D+07

At iterate  447    f=  1.39055D+08    |proj g|=  5.30935D+07

At iterate  448    f=  1.39053D+08    |proj g|=  2.02912D+07

At iterate  449    f=  1.39050D+08    |proj g|=  1.83113D+07

At iterate  450    f=  1.39047D+08    |proj g|=  4.07900D+07

At iterate  451    f=  1.39044D+08    |proj g|=  5.27053D+07

At iterate  452    f=  1.39043D+08    |proj g|=  4.20336D+07

At iterate  453    f=  1.39042D+08    |proj g|=  1.46646D+07

At iterate  454    f=  1.39041D+08    |proj g|=  9.98269D+06

At iterate  455    f=  1.39040D+08    |proj g|=  2.76224D+07

At iterate  456    f=  1.39038D+08    |proj g|=  3.10628D+07

At iterate  457    f=  1.39038D+08    |proj g|=  3.62354D+07

At iterate  458    f=  1.39037D+08    |proj g|=  1.86687D+07

At iterate  459    f=  1.39036D+08    |proj g|=  7.22952D+06

At iterate  460    f=  1.39036D+08    |proj g|=  6.00777D+06

At iterate  461    f=  1.39036D+08    |proj g|=  8.65518D+06

At iterate  462    f=  1.39035D+08    |proj g|=  1.22282D+07

At iterate  463    f=  1.39034D+08    |proj g|=  4.71097D+07

At iterate  464    f=  1.39032D+08    |proj g|=  1.71425D+07

At iterate  465    f=  1.39031D+08    |proj g|=  1.45739D+07

At iterate  466    f=  1.39030D+08    |proj g|=  1.24743D+07

At iterate  467    f=  1.39029D+08    |proj g|=  1.82206D+07

At iterate  468    f=  1.39028D+08    |proj g|=  2.05612D+07

At iterate  469    f=  1.39025D+08    |proj g|=  8.04073D+07

At iterate  470    f=  1.39021D+08    |proj g|=  2.98846D+07

At iterate  471    f=  1.39019D+08    |proj g|=  2.14651D+07

At iterate  472    f=  1.39014D+08    |proj g|=  3.85991D+07

At iterate  473    f=  1.39007D+08    |proj g|=  6.42610D+07

At iterate  474    f=  1.38992D+08    |proj g|=  8.13526D+07

At iterate  475    f=  1.38975D+08    |proj g|=  6.60130D+07

At iterate  476    f=  1.38972D+08    |proj g|=  8.93240D+07

At iterate  477    f=  1.38967D+08    |proj g|=  3.66763D+07

At iterate  478    f=  1.38967D+08    |proj g|=  1.03084D+07

At iterate  479    f=  1.38966D+08    |proj g|=  6.96756D+06

At iterate  480    f=  1.38966D+08    |proj g|=  4.98286D+06

At iterate  481    f=  1.38966D+08    |proj g|=  6.66951D+06

At iterate  482    f=  1.38966D+08    |proj g|=  1.64091D+07

At iterate  483    f=  1.38966D+08    |proj g|=  5.01205D+06

At iterate  484    f=  1.38966D+08    |proj g|=  5.32897D+06

At iterate  485    f=  1.38965D+08    |proj g|=  2.09574D+07

At iterate  486    f=  1.38964D+08    |proj g|=  3.47970D+07

At iterate  487    f=  1.38963D+08    |proj g|=  5.37399D+07

At iterate  488    f=  1.38960D+08    |proj g|=  6.43426D+07

At iterate  489    f=  1.38955D+08    |proj g|=  8.04294D+07

At iterate  490    f=  1.38954D+08    |proj g|=  9.35788D+07

At iterate  491    f=  1.38949D+08    |proj g|=  2.09667D+07

At iterate  492    f=  1.38947D+08    |proj g|=  1.39232D+07

At iterate  493    f=  1.38946D+08    |proj g|=  3.00794D+07

At iterate  494    f=  1.38945D+08    |proj g|=  3.80681D+07

At iterate  495    f=  1.38944D+08    |proj g|=  3.19900D+07

At iterate  496    f=  1.38943D+08    |proj g|=  6.43806D+07

At iterate  497    f=  1.38940D+08    |proj g|=  2.81828D+07

At iterate  498    f=  1.38938D+08    |proj g|=  3.84167D+07

At iterate  499    f=  1.38935D+08    |proj g|=  5.96827D+07

At iterate  500    f=  1.38932D+08    |proj g|=  4.96966D+07

At iterate  501    f=  1.38929D+08    |proj g|=  3.07933D+07

At iterate  502    f=  1.38928D+08    |proj g|=  3.48526D+07

At iterate  503    f=  1.38927D+08    |proj g|=  1.85490D+07

At iterate  504    f=  1.38927D+08    |proj g|=  1.79678D+07

At iterate  505    f=  1.38926D+08    |proj g|=  2.12571D+07

At iterate  506    f=  1.38926D+08    |proj g|=  2.10424D+07

At iterate  507    f=  1.38926D+08    |proj g|=  9.73288D+06

At iterate  508    f=  1.38925D+08    |proj g|=  3.15141D+06

At iterate  509    f=  1.38925D+08    |proj g|=  6.09396D+06

At iterate  510    f=  1.38925D+08    |proj g|=  1.32711D+07

At iterate  511    f=  1.38925D+08    |proj g|=  1.38269D+07

At iterate  512    f=  1.38924D+08    |proj g|=  1.12481D+07

At iterate  513    f=  1.38923D+08    |proj g|=  7.76623D+06

At iterate  514    f=  1.38922D+08    |proj g|=  1.35453D+07

At iterate  515    f=  1.38921D+08    |proj g|=  2.17832D+07

At iterate  516    f=  1.38918D+08    |proj g|=  4.25254D+07

At iterate  517    f=  1.38914D+08    |proj g|=  3.10378D+07

At iterate  518    f=  1.38899D+08    |proj g|=  5.25246D+07

At iterate  519    f=  1.38887D+08    |proj g|=  1.24323D+08

At iterate  520    f=  1.38876D+08    |proj g|=  5.20749D+07

At iterate  521    f=  1.38870D+08    |proj g|=  3.65596D+07

At iterate  522    f=  1.38867D+08    |proj g|=  2.69800D+07

At iterate  523    f=  1.38862D+08    |proj g|=  3.33822D+07

At iterate  524    f=  1.38861D+08    |proj g|=  8.32941D+07

At iterate  525    f=  1.38857D+08    |proj g|=  3.39488D+07

At iterate  526    f=  1.38855D+08    |proj g|=  1.09722D+07

At iterate  527    f=  1.38854D+08    |proj g|=  8.37615D+06

At iterate  528    f=  1.38853D+08    |proj g|=  8.08143D+06

At iterate  529    f=  1.38853D+08    |proj g|=  2.22913D+07

At iterate  530    f=  1.38852D+08    |proj g|=  1.74612D+07

At iterate  531    f=  1.38851D+08    |proj g|=  1.10610D+07

At iterate  532    f=  1.38850D+08    |proj g|=  3.21452D+07

At iterate  533    f=  1.38849D+08    |proj g|=  2.49907D+07

At iterate  534    f=  1.38848D+08    |proj g|=  1.48005D+07

At iterate  535    f=  1.38845D+08    |proj g|=  1.94529D+07

At iterate  536    f=  1.38843D+08    |proj g|=  2.20940D+07

At iterate  537    f=  1.38842D+08    |proj g|=  4.85582D+07

At iterate  538    f=  1.38840D+08    |proj g|=  1.85379D+07

At iterate  539    f=  1.38838D+08    |proj g|=  1.63260D+07

At iterate  540    f=  1.38833D+08    |proj g|=  4.31969D+07

At iterate  541    f=  1.38828D+08    |proj g|=  4.68248D+07

At iterate  542    f=  1.38826D+08    |proj g|=  7.34555D+07

At iterate  543    f=  1.38821D+08    |proj g|=  4.05456D+07

At iterate  544    f=  1.38820D+08    |proj g|=  1.80793D+07

At iterate  545    f=  1.38819D+08    |proj g|=  1.85005D+07

At iterate  546    f=  1.38818D+08    |proj g|=  2.42250D+07

At iterate  547    f=  1.38814D+08    |proj g|=  3.87726D+07

At iterate  548    f=  1.38805D+08    |proj g|=  6.91220D+07

At iterate  549    f=  1.38790D+08    |proj g|=  1.78246D+08

At iterate  550    f=  1.38759D+08    |proj g|=  1.24959D+08

At iterate  551    f=  1.38696D+08    |proj g|=  1.43968D+08

At iterate  552    f=  1.38669D+08    |proj g|=  7.75910D+07

At iterate  553    f=  1.38662D+08    |proj g|=  1.75012D+07

At iterate  554    f=  1.38661D+08    |proj g|=  1.82500D+07

At iterate  555    f=  1.38660D+08    |proj g|=  2.21078D+07

At iterate  556    f=  1.38658D+08    |proj g|=  1.89802D+07

At iterate  557    f=  1.38658D+08    |proj g|=  2.07163D+07

At iterate  558    f=  1.38658D+08    |proj g|=  1.09443D+07

At iterate  559    f=  1.38657D+08    |proj g|=  1.29435D+07

At iterate  560    f=  1.38657D+08    |proj g|=  1.89179D+07

At iterate  561    f=  1.38656D+08    |proj g|=  1.56517D+07

At iterate  562    f=  1.38655D+08    |proj g|=  2.66050D+07

At iterate  563    f=  1.38654D+08    |proj g|=  1.37850D+07

At iterate  564    f=  1.38653D+08    |proj g|=  3.26881D+07

At iterate  565    f=  1.38651D+08    |proj g|=  4.65743D+07

At iterate  566    f=  1.38648D+08    |proj g|=  4.54272D+07

At iterate  567    f=  1.38643D+08    |proj g|=  5.60117D+07

At iterate  568    f=  1.38642D+08    |proj g|=  5.29034D+07

At iterate  569    f=  1.38638D+08    |proj g|=  1.61538D+07

At iterate  570    f=  1.38636D+08    |proj g|=  1.44633D+07

At iterate  571    f=  1.38635D+08    |proj g|=  1.05975D+08

At iterate  572    f=  1.38632D+08    |proj g|=  3.95821D+07

At iterate  573    f=  1.38629D+08    |proj g|=  1.11760D+07

At iterate  574    f=  1.38627D+08    |proj g|=  2.97276D+07

At iterate  575    f=  1.38626D+08    |proj g|=  3.28766D+07

At iterate  576    f=  1.38625D+08    |proj g|=  3.05647D+07

At iterate  577    f=  1.38624D+08    |proj g|=  1.54216D+07

At iterate  578    f=  1.38624D+08    |proj g|=  7.12408D+06

At iterate  579    f=  1.38624D+08    |proj g|=  8.57276D+06

At iterate  580    f=  1.38623D+08    |proj g|=  9.54669D+06

At iterate  581    f=  1.38623D+08    |proj g|=  4.50673D+07

At iterate  582    f=  1.38622D+08    |proj g|=  1.64655D+07

At iterate  583    f=  1.38622D+08    |proj g|=  8.14622D+06

At iterate  584    f=  1.38621D+08    |proj g|=  1.17780D+07

At iterate  585    f=  1.38621D+08    |proj g|=  1.38426D+07

At iterate  586    f=  1.38620D+08    |proj g|=  4.39880D+07

At iterate  587    f=  1.38620D+08    |proj g|=  1.66453D+07

At iterate  588    f=  1.38619D+08    |proj g|=  8.69041D+06

At iterate  589    f=  1.38618D+08    |proj g|=  1.39139D+07

At iterate  590    f=  1.38618D+08    |proj g|=  3.06572D+07

At iterate  591    f=  1.38618D+08    |proj g|=  8.43391D+06

At iterate  592    f=  1.38618D+08    |proj g|=  4.77819D+06

At iterate  593    f=  1.38618D+08    |proj g|=  4.24999D+06

At iterate  594    f=  1.38618D+08    |proj g|=  8.43041D+06

At iterate  595    f=  1.38617D+08    |proj g|=  1.87376D+07

At iterate  596    f=  1.38617D+08    |proj g|=  3.28387D+07

At iterate  597    f=  1.38615D+08    |proj g|=  5.04744D+07

At iterate  598    f=  1.38612D+08    |proj g|=  5.86498D+07

At iterate  599    f=  1.38607D+08    |proj g|=  6.67952D+07

At iterate  600    f=  1.38604D+08    |proj g|=  7.05021D+07

At iterate  601    f=  1.38599D+08    |proj g|=  2.80748D+07

At iterate  602    f=  1.38594D+08    |proj g|=  2.83594D+07

At iterate  603    f=  1.38592D+08    |proj g|=  4.93506D+07

At iterate  604    f=  1.38589D+08    |proj g|=  6.45505D+07

At iterate  605    f=  1.38587D+08    |proj g|=  3.28731D+07

At iterate  606    f=  1.38586D+08    |proj g|=  1.15052D+07

At iterate  607    f=  1.38586D+08    |proj g|=  6.20088D+06

At iterate  608    f=  1.38586D+08    |proj g|=  1.00029D+07

At iterate  609    f=  1.38586D+08    |proj g|=  1.46447D+07

At iterate  610    f=  1.38585D+08    |proj g|=  1.69177D+07

At iterate  611    f=  1.38584D+08    |proj g|=  1.19716D+07

At iterate  612    f=  1.38584D+08    |proj g|=  3.36833D+07

At iterate  613    f=  1.38583D+08    |proj g|=  1.95748D+07

At iterate  614    f=  1.38583D+08    |proj g|=  1.29312D+07

At iterate  615    f=  1.38582D+08    |proj g|=  1.18207D+07

At iterate  616    f=  1.38582D+08    |proj g|=  4.26769D+07

At iterate  617    f=  1.38581D+08    |proj g|=  2.58206D+07

At iterate  618    f=  1.38580D+08    |proj g|=  8.50717D+06

At iterate  619    f=  1.38579D+08    |proj g|=  7.84448D+06

At iterate  620    f=  1.38579D+08    |proj g|=  8.00985D+06

At iterate  621    f=  1.38579D+08    |proj g|=  4.00570D+06

At iterate  622    f=  1.38579D+08    |proj g|=  7.26408D+06

At iterate  623    f=  1.38578D+08    |proj g|=  8.04316D+06

At iterate  624    f=  1.38578D+08    |proj g|=  2.79457D+07

At iterate  625    f=  1.38577D+08    |proj g|=  1.23375D+07

At iterate  626    f=  1.38577D+08    |proj g|=  1.29588D+07

At iterate  627    f=  1.38575D+08    |proj g|=  1.69811D+07

At iterate  628    f=  1.38575D+08    |proj g|=  3.42389D+07

At iterate  629    f=  1.38575D+08    |proj g|=  2.25944D+07

At iterate  630    f=  1.38574D+08    |proj g|=  8.02009D+06

At iterate  631    f=  1.38574D+08    |proj g|=  7.63550D+06

At iterate  632    f=  1.38573D+08    |proj g|=  1.46370D+07

At iterate  633    f=  1.38572D+08    |proj g|=  2.62696D+07

At iterate  634    f=  1.38572D+08    |proj g|=  1.33964D+07

At iterate  635    f=  1.38571D+08    |proj g|=  5.71973D+06

At iterate  636    f=  1.38571D+08    |proj g|=  1.27184D+06

At iterate  637    f=  1.38571D+08    |proj g|=  5.80380D+06

At iterate  638    f=  1.38571D+08    |proj g|=  3.65472D+06

At iterate  639    f=  1.38571D+08    |proj g|=  3.00051D+06

At iterate  640    f=  1.38571D+08    |proj g|=  5.06350D+06

At iterate  641    f=  1.38571D+08    |proj g|=  8.64356D+06

At iterate  642    f=  1.38571D+08    |proj g|=  1.71812D+06

At iterate  643    f=  1.38571D+08    |proj g|=  1.56774D+06

At iterate  644    f=  1.38571D+08    |proj g|=  1.09842D+07

At iterate  645    f=  1.38571D+08    |proj g|=  2.00228D+07

At iterate  646    f=  1.38570D+08    |proj g|=  3.23423D+07

At iterate  647    f=  1.38569D+08    |proj g|=  3.90308D+07

At iterate  648    f=  1.38568D+08    |proj g|=  3.25239D+07

At iterate  649    f=  1.38568D+08    |proj g|=  1.57990D+07

At iterate  650    f=  1.38567D+08    |proj g|=  7.04632D+06

At iterate  651    f=  1.38567D+08    |proj g|=  1.00292D+07

At iterate  652    f=  1.38566D+08    |proj g|=  2.14473D+07

At iterate  653    f=  1.38565D+08    |proj g|=  2.86078D+07

At iterate  654    f=  1.38565D+08    |proj g|=  5.90215D+07

At iterate  655    f=  1.38563D+08    |proj g|=  3.08449D+07

At iterate  656    f=  1.38562D+08    |proj g|=  1.69653D+07

At iterate  657    f=  1.38561D+08    |proj g|=  1.25942D+07

At iterate  658    f=  1.38561D+08    |proj g|=  1.45546D+07

At iterate  659    f=  1.38559D+08    |proj g|=  2.03624D+07

At iterate  660    f=  1.38557D+08    |proj g|=  3.20812D+07

At iterate  661    f=  1.38555D+08    |proj g|=  5.98056D+07

At iterate  662    f=  1.38553D+08    |proj g|=  1.09482D+07

At iterate  663    f=  1.38553D+08    |proj g|=  8.10056D+06

At iterate  664    f=  1.38552D+08    |proj g|=  1.08538D+07

At iterate  665    f=  1.38552D+08    |proj g|=  2.56728D+07

At iterate  666    f=  1.38551D+08    |proj g|=  1.39842D+07

At iterate  667    f=  1.38551D+08    |proj g|=  6.34642D+06

At iterate  668    f=  1.38551D+08    |proj g|=  6.72879D+06

At iterate  669    f=  1.38549D+08    |proj g|=  2.20602D+07

At iterate  670    f=  1.38547D+08    |proj g|=  2.06064D+07

At iterate  671    f=  1.38543D+08    |proj g|=  2.63094D+07

At iterate  672    f=  1.38540D+08    |proj g|=  5.34828D+07

At iterate  673    f=  1.38537D+08    |proj g|=  3.43917D+07

At iterate  674    f=  1.38535D+08    |proj g|=  1.33401D+07

At iterate  675    f=  1.38535D+08    |proj g|=  9.25174D+06

At iterate  676    f=  1.38535D+08    |proj g|=  6.31377D+06

At iterate  677    f=  1.38535D+08    |proj g|=  1.50207D+07

At iterate  678    f=  1.38534D+08    |proj g|=  5.86989D+06

At iterate  679    f=  1.38534D+08    |proj g|=  2.54095D+06

At iterate  680    f=  1.38534D+08    |proj g|=  3.79620D+06

At iterate  681    f=  1.38534D+08    |proj g|=  3.13391D+06

At iterate  682    f=  1.38534D+08    |proj g|=  1.68972D+06

At iterate  683    f=  1.38534D+08    |proj g|=  2.75172D+06

At iterate  684    f=  1.38534D+08    |proj g|=  6.60470D+06

At iterate  685    f=  1.38533D+08    |proj g|=  1.02706D+07

At iterate  686    f=  1.38533D+08    |proj g|=  3.87063D+07

At iterate  687    f=  1.38531D+08    |proj g|=  3.53536D+07

At iterate  688    f=  1.38526D+08    |proj g|=  3.30995D+07

At iterate  689    f=  1.38525D+08    |proj g|=  3.04689D+07

At iterate  690    f=  1.38522D+08    |proj g|=  2.06220D+07

At iterate  691    f=  1.38521D+08    |proj g|=  9.51550D+06

At iterate  692    f=  1.38520D+08    |proj g|=  1.70170D+07

At iterate  693    f=  1.38520D+08    |proj g|=  1.35048D+07

At iterate  694    f=  1.38519D+08    |proj g|=  1.17905D+07

At iterate  695    f=  1.38519D+08    |proj g|=  1.37815D+07

At iterate  696    f=  1.38518D+08    |proj g|=  3.15841D+06

At iterate  697    f=  1.38518D+08    |proj g|=  6.10226D+06

At iterate  698    f=  1.38517D+08    |proj g|=  2.08732D+07

At iterate  699    f=  1.38517D+08    |proj g|=  1.80800D+07

At iterate  700    f=  1.38515D+08    |proj g|=  2.55655D+07

At iterate  701    f=  1.38514D+08    |proj g|=  4.21167D+07

At iterate  702    f=  1.38513D+08    |proj g|=  1.37170D+07

At iterate  703    f=  1.38510D+08    |proj g|=  3.74524D+07

At iterate  704    f=  1.38506D+08    |proj g|=  7.46232D+07

At iterate  705    f=  1.38500D+08    |proj g|=  8.74782D+07

At iterate  706    f=  1.38497D+08    |proj g|=  1.03333D+08

At iterate  707    f=  1.38493D+08    |proj g|=  3.79838D+07

At iterate  708    f=  1.38492D+08    |proj g|=  1.25656D+07

At iterate  709    f=  1.38492D+08    |proj g|=  1.04328D+07

At iterate  710    f=  1.38492D+08    |proj g|=  1.79102D+07

At iterate  711    f=  1.38491D+08    |proj g|=  2.57659D+07

At iterate  712    f=  1.38490D+08    |proj g|=  3.30059D+07

At iterate  713    f=  1.38488D+08    |proj g|=  4.91109D+07

At iterate  714    f=  1.38486D+08    |proj g|=  2.69073D+07

At iterate  715    f=  1.38485D+08    |proj g|=  1.62107D+07

At iterate  716    f=  1.38484D+08    |proj g|=  8.20896D+06

At iterate  717    f=  1.38484D+08    |proj g|=  7.88497D+06

At iterate  718    f=  1.38484D+08    |proj g|=  6.50776D+06

At iterate  719    f=  1.38484D+08    |proj g|=  1.89916D+07

At iterate  720    f=  1.38483D+08    |proj g|=  1.01973D+07

At iterate  721    f=  1.38483D+08    |proj g|=  1.37601D+07

At iterate  722    f=  1.38482D+08    |proj g|=  1.18450D+07

At iterate  723    f=  1.38480D+08    |proj g|=  2.39410D+07

At iterate  724    f=  1.38476D+08    |proj g|=  3.55780D+07

At iterate  725    f=  1.38473D+08    |proj g|=  9.34763D+07

At iterate  726    f=  1.38467D+08    |proj g|=  3.38443D+07

At iterate  727    f=  1.38463D+08    |proj g|=  2.37837D+07

At iterate  728    f=  1.38460D+08    |proj g|=  2.08922D+07

At iterate  729    f=  1.38458D+08    |proj g|=  2.66372D+07

At iterate  730    f=  1.38456D+08    |proj g|=  7.27616D+07

At iterate  731    f=  1.38452D+08    |proj g|=  2.29377D+07

At iterate  732    f=  1.38452D+08    |proj g|=  9.88769D+06

At iterate  733    f=  1.38451D+08    |proj g|=  1.17926D+07

At iterate  734    f=  1.38451D+08    |proj g|=  5.68808D+07

At iterate  735    f=  1.38451D+08    |proj g|=  3.32630D+07

At iterate  736    f=  1.38448D+08    |proj g|=  1.72986D+07

At iterate  737    f=  1.38445D+08    |proj g|=  7.27753D+07

At iterate  738    f=  1.38438D+08    |proj g|=  1.13985D+08

At iterate  739    f=  1.38432D+08    |proj g|=  9.88484D+07

At iterate  740    f=  1.38429D+08    |proj g|=  9.06940D+07

At iterate  741    f=  1.38424D+08    |proj g|=  2.82193D+07

At iterate  742    f=  1.38422D+08    |proj g|=  9.87207D+06

At iterate  743    f=  1.38421D+08    |proj g|=  1.95140D+07

At iterate  744    f=  1.38421D+08    |proj g|=  9.44361D+06

At iterate  745    f=  1.38419D+08    |proj g|=  2.64965D+07

At iterate  746    f=  1.38418D+08    |proj g|=  3.05085D+07

At iterate  747    f=  1.38416D+08    |proj g|=  2.05532D+07

At iterate  748    f=  1.38415D+08    |proj g|=  4.42534D+07

At iterate  749    f=  1.38414D+08    |proj g|=  1.24208D+07

At iterate  750    f=  1.38413D+08    |proj g|=  1.85986D+07

At iterate  751    f=  1.38411D+08    |proj g|=  3.10012D+07

At iterate  752    f=  1.38409D+08    |proj g|=  5.22155D+07

At iterate  753    f=  1.38407D+08    |proj g|=  3.74613D+07

At iterate  754    f=  1.38403D+08    |proj g|=  2.05389D+07

At iterate  755    f=  1.38400D+08    |proj g|=  2.54114D+07

At iterate  756    f=  1.38390D+08    |proj g|=  4.36739D+07

At iterate  757    f=  1.38379D+08    |proj g|=  7.82183D+07

At iterate  758    f=  1.38371D+08    |proj g|=  8.27562D+07

At iterate  759    f=  1.38362D+08    |proj g|=  2.03344D+07

At iterate  760    f=  1.38360D+08    |proj g|=  1.73827D+07

At iterate  761    f=  1.38360D+08    |proj g|=  1.15884D+07

At iterate  762    f=  1.38360D+08    |proj g|=  5.43540D+06

At iterate  763    f=  1.38359D+08    |proj g|=  6.98830D+06

At iterate  764    f=  1.38359D+08    |proj g|=  1.05340D+07

At iterate  765    f=  1.38358D+08    |proj g|=  3.56380D+07

At iterate  766    f=  1.38357D+08    |proj g|=  2.24627D+07

At iterate  767    f=  1.38355D+08    |proj g|=  1.81339D+07

At iterate  768    f=  1.38352D+08    |proj g|=  1.69005D+07

At iterate  769    f=  1.38348D+08    |proj g|=  3.25436D+07

At iterate  770    f=  1.38343D+08    |proj g|=  8.37755D+07

At iterate  771    f=  1.38338D+08    |proj g|=  4.74199D+07

At iterate  772    f=  1.38335D+08    |proj g|=  2.51363D+07

At iterate  773    f=  1.38334D+08    |proj g|=  8.67476D+06

At iterate  774    f=  1.38334D+08    |proj g|=  9.76396D+06

At iterate  775    f=  1.38332D+08    |proj g|=  1.02470D+07

At iterate  776    f=  1.38330D+08    |proj g|=  1.30299D+07

At iterate  777    f=  1.38328D+08    |proj g|=  3.52030D+07

At iterate  778    f=  1.38325D+08    |proj g|=  1.80212D+07

At iterate  779    f=  1.38322D+08    |proj g|=  3.51604D+07

At iterate  780    f=  1.38317D+08    |proj g|=  3.69318D+07

At iterate  781    f=  1.38304D+08    |proj g|=  8.94543D+07

At iterate  782    f=  1.38298D+08    |proj g|=  7.48671D+07

At iterate  783    f=  1.38289D+08    |proj g|=  4.50262D+07

At iterate  784    f=  1.38283D+08    |proj g|=  1.06351D+08

At iterate  785    f=  1.38280D+08    |proj g|=  7.51739D+07

At iterate  786    f=  1.38277D+08    |proj g|=  2.42864D+07

At iterate  787    f=  1.38274D+08    |proj g|=  2.24696D+07

At iterate  788    f=  1.38269D+08    |proj g|=  5.58907D+07

At iterate  789    f=  1.38264D+08    |proj g|=  5.29657D+07

At iterate  790    f=  1.38262D+08    |proj g|=  6.20840D+07

At iterate  791    f=  1.38258D+08    |proj g|=  3.24827D+07

At iterate  792    f=  1.38253D+08    |proj g|=  5.79302D+07

At iterate  793    f=  1.38248D+08    |proj g|=  7.70065D+07

At iterate  794    f=  1.38237D+08    |proj g|=  9.88632D+07

At iterate  795    f=  1.38232D+08    |proj g|=  1.62713D+08

At iterate  796    f=  1.38216D+08    |proj g|=  7.85334D+07

At iterate  797    f=  1.38213D+08    |proj g|=  2.74701D+07

At iterate  798    f=  1.38211D+08    |proj g|=  1.06009D+07

At iterate  799    f=  1.38211D+08    |proj g|=  1.33289D+07

At iterate  800    f=  1.38210D+08    |proj g|=  1.90574D+07

At iterate  801    f=  1.38209D+08    |proj g|=  2.22776D+07

At iterate  802    f=  1.38209D+08    |proj g|=  2.24213D+07

At iterate  803    f=  1.38209D+08    |proj g|=  1.01919D+07

At iterate  804    f=  1.38208D+08    |proj g|=  1.07938D+07

At iterate  805    f=  1.38208D+08    |proj g|=  1.84446D+07

At iterate  806    f=  1.38207D+08    |proj g|=  1.79799D+07

At iterate  807    f=  1.38207D+08    |proj g|=  1.10560D+07

At iterate  808    f=  1.38206D+08    |proj g|=  5.23772D+06

At iterate  809    f=  1.38206D+08    |proj g|=  8.41913D+06

At iterate  810    f=  1.38206D+08    |proj g|=  1.58728D+07

At iterate  811    f=  1.38205D+08    |proj g|=  1.27131D+07

At iterate  812    f=  1.38205D+08    |proj g|=  6.89105D+06

At iterate  813    f=  1.38205D+08    |proj g|=  8.14997D+06

At iterate  814    f=  1.38204D+08    |proj g|=  1.97741D+07

At iterate  815    f=  1.38202D+08    |proj g|=  2.21928D+07

At iterate  816    f=  1.38202D+08    |proj g|=  8.15897D+07

At iterate  817    f=  1.38199D+08    |proj g|=  2.42812D+07

At iterate  818    f=  1.38198D+08    |proj g|=  1.35772D+07

At iterate  819    f=  1.38197D+08    |proj g|=  2.06126D+07

At iterate  820    f=  1.38195D+08    |proj g|=  1.99225D+07

At iterate  821    f=  1.38194D+08    |proj g|=  3.46766D+07

At iterate  822    f=  1.38193D+08    |proj g|=  2.07586D+07

At iterate  823    f=  1.38192D+08    |proj g|=  1.49757D+07

At iterate  824    f=  1.38192D+08    |proj g|=  9.26909D+06

At iterate  825    f=  1.38191D+08    |proj g|=  1.17094D+07

At iterate  826    f=  1.38191D+08    |proj g|=  3.33285D+07

At iterate  827    f=  1.38190D+08    |proj g|=  1.46966D+07

At iterate  828    f=  1.38189D+08    |proj g|=  7.23042D+06

At iterate  829    f=  1.38189D+08    |proj g|=  1.14352D+07

At iterate  830    f=  1.38188D+08    |proj g|=  1.88094D+07

At iterate  831    f=  1.38186D+08    |proj g|=  2.79766D+07

At iterate  832    f=  1.38186D+08    |proj g|=  2.37601D+07

At iterate  833    f=  1.38183D+08    |proj g|=  1.01942D+08

At iterate  834    f=  1.38176D+08    |proj g|=  3.56720D+07

At iterate  835    f=  1.38171D+08    |proj g|=  2.06473D+07

At iterate  836    f=  1.38166D+08    |proj g|=  3.39179D+07

At iterate  837    f=  1.38166D+08    |proj g|=  8.89347D+07

At iterate  838    f=  1.38163D+08    |proj g|=  2.89224D+07

At iterate  839    f=  1.38162D+08    |proj g|=  1.87783D+07

At iterate  840    f=  1.38160D+08    |proj g|=  2.31212D+07

At iterate  841    f=  1.38157D+08    |proj g|=  3.92945D+07

At iterate  842    f=  1.38151D+08    |proj g|=  5.30434D+07

At iterate  843    f=  1.38150D+08    |proj g|=  6.87676D+07

At iterate  844    f=  1.38146D+08    |proj g|=  3.09117D+07

At iterate  845    f=  1.38144D+08    |proj g|=  1.66109D+07

At iterate  846    f=  1.38143D+08    |proj g|=  3.16127D+07

At iterate  847    f=  1.38141D+08    |proj g|=  5.15191D+07

At iterate  848    f=  1.38138D+08    |proj g|=  4.40637D+07

At iterate  849    f=  1.38134D+08    |proj g|=  4.14078D+07

At iterate  850    f=  1.38130D+08    |proj g|=  2.01038D+07

At iterate  851    f=  1.38128D+08    |proj g|=  1.21749D+07

At iterate  852    f=  1.38128D+08    |proj g|=  1.74311D+07

At iterate  853    f=  1.38127D+08    |proj g|=  4.72671D+06

At iterate  854    f=  1.38127D+08    |proj g|=  8.10921D+06

At iterate  855    f=  1.38127D+08    |proj g|=  1.92493D+07

At iterate  856    f=  1.38126D+08    |proj g|=  3.59066D+07

At iterate  857    f=  1.38125D+08    |proj g|=  4.94690D+07

At iterate  858    f=  1.38123D+08    |proj g|=  5.13734D+07

At iterate  859    f=  1.38122D+08    |proj g|=  4.10107D+07

At iterate  860    f=  1.38121D+08    |proj g|=  2.01896D+07

At iterate  861    f=  1.38120D+08    |proj g|=  1.53196D+07

At iterate  862    f=  1.38119D+08    |proj g|=  3.13856D+07

At iterate  863    f=  1.38118D+08    |proj g|=  5.13152D+07

At iterate  864    f=  1.38113D+08    |proj g|=  8.48974D+07

At iterate  865    f=  1.38105D+08    |proj g|=  9.82498D+07

At iterate  866    f=  1.38089D+08    |proj g|=  1.99727D+08

At iterate  867    f=  1.38069D+08    |proj g|=  1.41150D+08

At iterate  868    f=  1.38060D+08    |proj g|=  1.53644D+08

At iterate  869    f=  1.38037D+08    |proj g|=  2.88247D+07

At iterate  870    f=  1.38035D+08    |proj g|=  3.84955D+07

At iterate  871    f=  1.38032D+08    |proj g|=  2.34406D+07

At iterate  872    f=  1.38031D+08    |proj g|=  3.34808D+07

At iterate  873    f=  1.38029D+08    |proj g|=  1.63767D+07

At iterate  874    f=  1.38027D+08    |proj g|=  3.14575D+07

At iterate  875    f=  1.38025D+08    |proj g|=  3.21346D+07

At iterate  876    f=  1.38024D+08    |proj g|=  2.68853D+07

At iterate  877    f=  1.38023D+08    |proj g|=  1.27232D+07

At iterate  878    f=  1.38022D+08    |proj g|=  1.51285D+07

At iterate  879    f=  1.38021D+08    |proj g|=  3.14021D+07

At iterate  880    f=  1.38019D+08    |proj g|=  3.63834D+07

At iterate  881    f=  1.38018D+08    |proj g|=  5.30657D+07

At iterate  882    f=  1.38018D+08    |proj g|=  2.16270D+07

At iterate  883    f=  1.38017D+08    |proj g|=  1.04462D+07

At iterate  884    f=  1.38017D+08    |proj g|=  6.18448D+06

At iterate  885    f=  1.38017D+08    |proj g|=  6.84968D+06

At iterate  886    f=  1.38017D+08    |proj g|=  6.59991D+06

At iterate  887    f=  1.38017D+08    |proj g|=  9.26893D+06

At iterate  888    f=  1.38016D+08    |proj g|=  1.27487D+07

At iterate  889    f=  1.38016D+08    |proj g|=  2.77719D+07

At iterate  890    f=  1.38015D+08    |proj g|=  2.62236D+07

At iterate  891    f=  1.38014D+08    |proj g|=  7.23926D+07

At iterate  892    f=  1.38011D+08    |proj g|=  3.41537D+07

At iterate  893    f=  1.38008D+08    |proj g|=  1.40356D+07

At iterate  894    f=  1.38005D+08    |proj g|=  4.22692D+07

At iterate  895    f=  1.38002D+08    |proj g|=  4.63377D+07

At iterate  896    f=  1.38000D+08    |proj g|=  7.41919D+07

At iterate  897    f=  1.37997D+08    |proj g|=  1.46445D+07

At iterate  898    f=  1.37996D+08    |proj g|=  1.34794D+07

At iterate  899    f=  1.37995D+08    |proj g|=  3.71831D+07

At iterate  900    f=  1.37994D+08    |proj g|=  2.65506D+07

At iterate  901    f=  1.37993D+08    |proj g|=  2.98718D+07

At iterate  902    f=  1.37992D+08    |proj g|=  1.37122D+07

At iterate  903    f=  1.37991D+08    |proj g|=  2.51121D+07

At iterate  904    f=  1.37990D+08    |proj g|=  3.41392D+07

At iterate  905    f=  1.37989D+08    |proj g|=  3.07413D+07

At iterate  906    f=  1.37988D+08    |proj g|=  3.21297D+07

At iterate  907    f=  1.37985D+08    |proj g|=  1.72017D+07

At iterate  908    f=  1.37981D+08    |proj g|=  2.93508D+07

At iterate  909    f=  1.37979D+08    |proj g|=  5.12617D+07

At iterate  910    f=  1.37976D+08    |proj g|=  1.91497D+07

At iterate  911    f=  1.37975D+08    |proj g|=  1.46716D+07

At iterate  912    f=  1.37973D+08    |proj g|=  1.49401D+07

At iterate  913    f=  1.37970D+08    |proj g|=  2.16766D+07

At iterate  914    f=  1.37968D+08    |proj g|=  3.82911D+07

At iterate  915    f=  1.37966D+08    |proj g|=  1.47139D+07

At iterate  916    f=  1.37965D+08    |proj g|=  1.05780D+07

At iterate  917    f=  1.37965D+08    |proj g|=  2.29451D+07

At iterate  918    f=  1.37965D+08    |proj g|=  1.16202D+07

At iterate  919    f=  1.37965D+08    |proj g|=  9.77290D+06

At iterate  920    f=  1.37964D+08    |proj g|=  1.19194D+07

At iterate  921    f=  1.37964D+08    |proj g|=  1.68418D+07

At iterate  922    f=  1.37963D+08    |proj g|=  4.27711D+07

At iterate  923    f=  1.37963D+08    |proj g|=  3.09048D+07

At iterate  924    f=  1.37961D+08    |proj g|=  1.82743D+07

At iterate  925    f=  1.37959D+08    |proj g|=  3.15146D+07

At iterate  926    f=  1.37956D+08    |proj g|=  5.36611D+07

At iterate  927    f=  1.37952D+08    |proj g|=  7.16542D+07

At iterate  928    f=  1.37950D+08    |proj g|=  5.00989D+07

At iterate  929    f=  1.37947D+08    |proj g|=  1.06908D+07

At iterate  930    f=  1.37945D+08    |proj g|=  1.97719D+07

At iterate  931    f=  1.37943D+08    |proj g|=  3.18493D+07

At iterate  932    f=  1.37940D+08    |proj g|=  5.41639D+07

At iterate  933    f=  1.37938D+08    |proj g|=  2.67813D+07

At iterate  934    f=  1.37937D+08    |proj g|=  1.25765D+07

At iterate  935    f=  1.37936D+08    |proj g|=  3.05804D+07

At iterate  936    f=  1.37936D+08    |proj g|=  6.85446D+06

At iterate  937    f=  1.37936D+08    |proj g|=  4.85718D+06

At iterate  938    f=  1.37935D+08    |proj g|=  8.13405D+06

At iterate  939    f=  1.37935D+08    |proj g|=  1.13046D+07

At iterate  940    f=  1.37935D+08    |proj g|=  3.88371D+07

At iterate  941    f=  1.37934D+08    |proj g|=  7.23659D+06

At iterate  942    f=  1.37934D+08    |proj g|=  6.17872D+06

At iterate  943    f=  1.37934D+08    |proj g|=  9.73915D+06

At iterate  944    f=  1.37934D+08    |proj g|=  1.28340D+07

At iterate  945    f=  1.37933D+08    |proj g|=  2.49375D+07

At iterate  946    f=  1.37932D+08    |proj g|=  1.61743D+07

At iterate  947    f=  1.37932D+08    |proj g|=  7.58804D+06

At iterate  948    f=  1.37931D+08    |proj g|=  1.27415D+07

At iterate  949    f=  1.37931D+08    |proj g|=  9.42578D+06

At iterate  950    f=  1.37931D+08    |proj g|=  9.28293D+06

At iterate  951    f=  1.37930D+08    |proj g|=  7.44610D+06

At iterate  952    f=  1.37930D+08    |proj g|=  8.52784D+06

At iterate  953    f=  1.37930D+08    |proj g|=  2.31625D+06

At iterate  954    f=  1.37930D+08    |proj g|=  2.22676D+06

At iterate  955    f=  1.37930D+08    |proj g|=  7.29674D+06

At iterate  956    f=  1.37930D+08    |proj g|=  7.33290D+06

At iterate  957    f=  1.37930D+08    |proj g|=  1.35628D+07

At iterate  958    f=  1.37930D+08    |proj g|=  3.96389D+06

At iterate  959    f=  1.37930D+08    |proj g|=  5.16346D+06

At iterate  960    f=  1.37929D+08    |proj g|=  9.70717D+06

At iterate  961    f=  1.37929D+08    |proj g|=  1.40757D+07

At iterate  962    f=  1.37929D+08    |proj g|=  1.95374D+07

At iterate  963    f=  1.37929D+08    |proj g|=  1.16822D+07

At iterate  964    f=  1.37928D+08    |proj g|=  5.46246D+06

At iterate  965    f=  1.37928D+08    |proj g|=  2.43246D+07

At iterate  966    f=  1.37927D+08    |proj g|=  4.27048D+07

At iterate  967    f=  1.37925D+08    |proj g|=  5.41131D+07

At iterate  968    f=  1.37924D+08    |proj g|=  6.85011D+07

At iterate  969    f=  1.37922D+08    |proj g|=  3.07079D+07

At iterate  970    f=  1.37922D+08    |proj g|=  7.66858D+06

At iterate  971    f=  1.37921D+08    |proj g|=  1.31763D+07

At iterate  972    f=  1.37921D+08    |proj g|=  1.71636D+07

At iterate  973    f=  1.37921D+08    |proj g|=  1.59595D+07

At iterate  974    f=  1.37920D+08    |proj g|=  9.47222D+06

At iterate  975    f=  1.37920D+08    |proj g|=  3.25581D+06

At iterate  976    f=  1.37920D+08    |proj g|=  5.18371D+06

At iterate  977    f=  1.37920D+08    |proj g|=  7.98867D+06

At iterate  978    f=  1.37920D+08    |proj g|=  6.86755D+06

At iterate  979    f=  1.37920D+08    |proj g|=  1.29460D+07

At iterate  980    f=  1.37920D+08    |proj g|=  4.41249D+06

At iterate  981    f=  1.37920D+08    |proj g|=  3.96095D+06

At iterate  982    f=  1.37919D+08    |proj g|=  9.28447D+06

At iterate  983    f=  1.37919D+08    |proj g|=  1.75655D+07

At iterate  984    f=  1.37918D+08    |proj g|=  2.16336D+07

At iterate  985    f=  1.37918D+08    |proj g|=  2.89960D+07

At iterate  986    f=  1.37917D+08    |proj g|=  1.58750D+07

At iterate  987    f=  1.37917D+08    |proj g|=  6.32005D+06

At iterate  988    f=  1.37916D+08    |proj g|=  1.70940D+07

At iterate  989    f=  1.37916D+08    |proj g|=  1.18238D+07

At iterate  990    f=  1.37916D+08    |proj g|=  1.19644D+07

At iterate  991    f=  1.37916D+08    |proj g|=  6.21368D+06

At iterate  992    f=  1.37916D+08    |proj g|=  3.21016D+06

At iterate  993    f=  1.37916D+08    |proj g|=  4.17993D+06

At iterate  994    f=  1.37916D+08    |proj g|=  9.47341D+06

At iterate  995    f=  1.37915D+08    |proj g|=  5.79878D+06

At iterate  996    f=  1.37915D+08    |proj g|=  1.20865D+07

At iterate  997    f=  1.37914D+08    |proj g|=  1.65180D+07

At iterate  998    f=  1.37914D+08    |proj g|=  1.06383D+07

At iterate  999    f=  1.37913D+08    |proj g|=  9.96475D+06

At iterate 1000    f=  1.37913D+08    |proj g|=  2.70938D+07

           * * *
      fun: 137913032.7491513
 hess_inv: <32x32 LbfgsInvHessProduct with dtype=float64>
      jac: array([-8.06887453e+06, -2.70937713e+07,  5.66244123e+01, -1.07288360e+03,
        2.15243996e+06,  5.67520562e+06,  7.12275505e+02, -3.57627867e+01,
        7.09059839e+05,  2.19097735e+06,  5.27501104e+02, -2.74181365e+02,
       -1.13138557e+06, -2.96276512e+06,  3.15904617e+02, -1.54972076e+02,
       -4.94140390e+05, -4.20262816e+06,  1.03116035e+03,  4.05311582e+02,
       -1.94024743e+06, -2.81948449e+06,  9.23871995e+01,  1.84774398e+02,
        5.55419925e+05,  4.28146126e+06,  5.75184822e+02,  1.66893005e+02,
        6.61909581e+03,  2.74419785e+04,  3.21865082e+02,  1.78813933e+02])
  message: b'STOP: TOTAL NO. of ITERATIONS REACHED LIMIT'
     nfev: 36564
      nit: 1000
     njev: 1108
   status: 1
  success: False
        x: array([-2.96236136,  1.67019327,  0.60239433,  0.5448388 , -3.0484816 ,
        1.48548613,  0.43716395,  0.89194218,  2.91368639, -1.52836   ,
        0.79122523,  0.52887639, -1.38360292,  1.86638075,  0.07087439,
        0.08675587, -3.01499986,  1.63936276,  0.77804007,  0.86958482,
       -2.50412894,  2.06481033,  0.4611742 ,  0.7801532 , -2.93599668,
        1.29844869,  0.14331986,  0.94467886,  0.49519457,  0.27901501,
        0.2644568 ,  0.77406937])
 This problem is unconstrained.

Tit   = total number of iterations
Tnf   = total number of function evaluations
Tnint = total number of segments explored during Cauchy searches
Skip  = number of BFGS updates skipped
Nact  = number of active bounds at final generalized Cauchy point
Projg = norm of the final projected gradient
F     = final function value

           * * *

   N    Tit     Tnf  Tnint  Skip  Nact     Projg        F
   32   1000   1108      1     0     0   2.709D+07   1.379D+08
  F =   137913032.74915129     

STOP: TOTAL NO. of ITERATIONS REACHED LIMIT                 
