RUNNING THE L-BFGS-B CODE

           * * *

Machine precision = 2.220D-16
 N =           56     M =           10

At X0         0 variables are exactly at the bounds

At iterate    0    f=  1.24229D+05    |proj g|=  1.99344D+05

At iterate    1    f=  2.01152D+04    |proj g|=  1.77736D+04

At iterate    2    f=  1.64056D+04    |proj g|=  1.11240D+04

At iterate    3    f=  9.33304D+03    |proj g|=  4.11824D+03

At iterate    4    f=  5.98862D+03    |proj g|=  2.23818D+03

At iterate    5    f=  3.56044D+03    |proj g|=  1.74952D+03

At iterate    6    f=  1.97137D+03    |proj g|=  1.01864D+03

At iterate    7    f=  9.88929D+02    |proj g|=  4.51134D+02

At iterate    8    f=  5.32789D+02    |proj g|=  1.64194D+02

At iterate    9    f=  3.07981D+02    |proj g|=  8.60834D+01

At iterate   10    f=  1.68286D+02    |proj g|=  8.06389D+01

At iterate   11    f=  9.10509D+01    |proj g|=  5.29888D+01

At iterate   12    f=  7.58644D+01    |proj g|=  5.49262D+01

At iterate   13    f=  6.22301D+01    |proj g|=  3.01780D+01

At iterate   14    f=  4.81500D+01    |proj g|=  2.10619D+01

At iterate   15    f=  4.28927D+01    |proj g|=  7.28293D+00

At iterate   16    f=  4.03780D+01    |proj g|=  2.37079D+01

At iterate   17    f=  3.77384D+01    |proj g|=  8.73249D+00

At iterate   18    f=  3.58252D+01    |proj g|=  7.99774D+00

At iterate   19    f=  3.08319D+01    |proj g|=  1.32230D+01

At iterate   20    f=  2.82817D+01    |proj g|=  1.94696D+01

At iterate   21    f=  2.57651D+01    |proj g|=  1.33418D+01

At iterate   22    f=  2.50694D+01    |proj g|=  3.83439D+01

At iterate   23    f=  2.39132D+01    |proj g|=  1.68905D+01

At iterate   24    f=  2.34246D+01    |proj g|=  6.13860D+00

At iterate   25    f=  2.30435D+01    |proj g|=  4.42542D+00

At iterate   26    f=  2.21641D+01    |proj g|=  1.07200D+01

At iterate   27    f=  2.16206D+01    |proj g|=  8.46774D+00

At iterate   28    f=  2.10370D+01    |proj g|=  4.61251D+00

At iterate   29    f=  2.04299D+01    |proj g|=  7.30392D+00

At iterate   30    f=  1.99997D+01    |proj g|=  8.25910D+00

At iterate   31    f=  1.93841D+01    |proj g|=  3.86080D+00

At iterate   32    f=  1.90123D+01    |proj g|=  6.19209D+00

At iterate   33    f=  1.86233D+01    |proj g|=  1.10589D+01

At iterate   34    f=  1.83242D+01    |proj g|=  4.04687D+00

At iterate   35    f=  1.81552D+01    |proj g|=  4.56522D+00

At iterate   36    f=  1.79603D+01    |proj g|=  2.26499D+00

At iterate   37    f=  1.78427D+01    |proj g|=  3.69828D+00

At iterate   38    f=  1.77152D+01    |proj g|=  4.13737D+00

At iterate   39    f=  1.76393D+01    |proj g|=  3.90670D+00

At iterate   40    f=  1.73278D+01    |proj g|=  2.97658D+00

At iterate   41    f=  1.71808D+01    |proj g|=  2.93108D+00

At iterate   42    f=  1.70440D+01    |proj g|=  2.41765D+00

At iterate   43    f=  1.67060D+01    |proj g|=  2.90390D+00

At iterate   44    f=  1.64032D+01    |proj g|=  4.40575D+00

At iterate   45    f=  1.59774D+01    |proj g|=  6.52624D+00

At iterate   46    f=  1.57618D+01    |proj g|=  9.87639D+00

At iterate   47    f=  1.54083D+01    |proj g|=  4.19754D+00

At iterate   48    f=  1.50134D+01    |proj g|=  6.27474D+00

At iterate   49    f=  1.47419D+01    |proj g|=  5.01111D+00

At iterate   50    f=  1.43536D+01    |proj g|=  4.47386D+00

At iterate   51    f=  1.39930D+01    |proj g|=  4.32886D+00

At iterate   52    f=  1.39083D+01    |proj g|=  2.43782D+00

At iterate   53    f=  1.38302D+01    |proj g|=  1.48165D+00

At iterate   54    f=  1.37157D+01    |proj g|=  2.09928D+00

At iterate   55    f=  1.36574D+01    |proj g|=  1.70202D+00

At iterate   56    f=  1.36196D+01    |proj g|=  1.26840D+00

At iterate   57    f=  1.35774D+01    |proj g|=  1.42125D+00

At iterate   58    f=  1.35569D+01    |proj g|=  3.09448D+00

At iterate   59    f=  1.35235D+01    |proj g|=  1.40101D+00

At iterate   60    f=  1.34990D+01    |proj g|=  8.25051D-01

At iterate   61    f=  1.34758D+01    |proj g|=  7.74642D-01

At iterate   62    f=  1.34219D+01    |proj g|=  9.38714D-01

At iterate   63    f=  1.33951D+01    |proj g|=  4.81110D+00

At iterate   64    f=  1.33461D+01    |proj g|=  1.64369D+00

At iterate   65    f=  1.33226D+01    |proj g|=  7.34084D-01

At iterate   66    f=  1.32944D+01    |proj g|=  6.61525D-01

At iterate   67    f=  1.32706D+01    |proj g|=  2.70103D+00

At iterate   68    f=  1.32362D+01    |proj g|=  1.18916D+00

At iterate   69    f=  1.32145D+01    |proj g|=  7.85912D-01

At iterate   70    f=  1.31977D+01    |proj g|=  9.45410D-01

At iterate   71    f=  1.31871D+01    |proj g|=  2.25777D+00

At iterate   72    f=  1.31671D+01    |proj g|=  8.01841D-01

At iterate   73    f=  1.31442D+01    |proj g|=  8.76045D-01

At iterate   74    f=  1.31187D+01    |proj g|=  1.36403D+00

At iterate   75    f=  1.30841D+01    |proj g|=  1.00565D+00

At iterate   76    f=  1.30641D+01    |proj g|=  1.23982D+00

At iterate   77    f=  1.30459D+01    |proj g|=  5.23739D-01

At iterate   78    f=  1.30243D+01    |proj g|=  1.59667D+00

At iterate   79    f=  1.30059D+01    |proj g|=  1.68061D+00

At iterate   80    f=  1.29578D+01    |proj g|=  1.41585D+00

At iterate   81    f=  1.29409D+01    |proj g|=  2.38156D+00

At iterate   82    f=  1.29132D+01    |proj g|=  1.74370D+00

At iterate   83    f=  1.28999D+01    |proj g|=  7.85983D-01

At iterate   84    f=  1.28882D+01    |proj g|=  9.82152D-01

At iterate   85    f=  1.28633D+01    |proj g|=  9.68389D-01

At iterate   86    f=  1.28243D+01    |proj g|=  1.13387D+00

At iterate   87    f=  1.28017D+01    |proj g|=  2.57431D+00

At iterate   88    f=  1.27734D+01    |proj g|=  5.97928D-01

At iterate   89    f=  1.27600D+01    |proj g|=  6.28878D-01

At iterate   90    f=  1.27377D+01    |proj g|=  1.63801D+00

At iterate   91    f=  1.26955D+01    |proj g|=  2.23273D+00

At iterate   92    f=  1.26440D+01    |proj g|=  4.84389D+00

At iterate   93    f=  1.25641D+01    |proj g|=  2.59067D+00

At iterate   94    f=  1.24364D+01    |proj g|=  4.66271D+00

At iterate   95    f=  1.22960D+01    |proj g|=  6.05031D+00

At iterate   96    f=  1.21548D+01    |proj g|=  9.75415D+00

At iterate   97    f=  1.18350D+01    |proj g|=  8.82364D+00

At iterate   98    f=  1.11542D+01    |proj g|=  9.15871D+00

At iterate   99    f=  1.05403D+01    |proj g|=  8.26798D+00

At iterate  100    f=  1.03314D+01    |proj g|=  4.11768D+00

At iterate  101    f=  1.01417D+01    |proj g|=  4.52219D+00

At iterate  102    f=  9.64845D+00    |proj g|=  5.57714D+00

At iterate  103    f=  9.22532D+00    |proj g|=  2.78659D+00

At iterate  104    f=  9.02625D+00    |proj g|=  7.88450D+00

At iterate  105    f=  8.76115D+00    |proj g|=  3.23810D+00

At iterate  106    f=  8.63063D+00    |proj g|=  2.10518D+00

At iterate  107    f=  8.34009D+00    |proj g|=  8.53665D+00

At iterate  108    f=  8.21903D+00    |proj g|=  2.71908D+00

At iterate  109    f=  8.12677D+00    |proj g|=  1.55342D+00

At iterate  110    f=  8.08360D+00    |proj g|=  3.98283D+00

At iterate  111    f=  8.04146D+00    |proj g|=  1.84952D+00

At iterate  112    f=  8.02109D+00    |proj g|=  1.52143D+00

At iterate  113    f=  7.96363D+00    |proj g|=  1.20053D+00

At iterate  114    f=  7.83963D+00    |proj g|=  1.89383D+00

At iterate  115    f=  7.77137D+00    |proj g|=  1.85510D+00

At iterate  116    f=  7.73778D+00    |proj g|=  1.71521D+00

At iterate  117    f=  7.70479D+00    |proj g|=  1.28522D+00

At iterate  118    f=  7.63689D+00    |proj g|=  1.21477D+00

At iterate  119    f=  7.59924D+00    |proj g|=  1.20259D+00

At iterate  120    f=  7.57186D+00    |proj g|=  2.94011D+00

At iterate  121    f=  7.53156D+00    |proj g|=  1.35382D+00

At iterate  122    f=  7.51477D+00    |proj g|=  5.99610D-01

At iterate  123    f=  7.51151D+00    |proj g|=  6.21324D+00

At iterate  124    f=  7.48693D+00    |proj g|=  1.66333D+00

At iterate  125    f=  7.47495D+00    |proj g|=  1.08327D+00

At iterate  126    f=  7.45937D+00    |proj g|=  1.77952D+00

At iterate  127    f=  7.44341D+00    |proj g|=  1.45436D+00

At iterate  128    f=  7.41515D+00    |proj g|=  1.19011D+00

At iterate  129    f=  7.39791D+00    |proj g|=  2.17982D+00

At iterate  130    f=  7.37184D+00    |proj g|=  1.00384D+00

At iterate  131    f=  7.36290D+00    |proj g|=  5.75803D-01

At iterate  132    f=  7.34568D+00    |proj g|=  5.01719D-01

At iterate  133    f=  7.34128D+00    |proj g|=  1.49509D+00

At iterate  134    f=  7.33697D+00    |proj g|=  1.15760D+00

At iterate  135    f=  7.32411D+00    |proj g|=  8.17737D-01

At iterate  136    f=  7.32265D+00    |proj g|=  2.79999D+00

At iterate  137    f=  7.31546D+00    |proj g|=  7.38513D-01

At iterate  138    f=  7.31195D+00    |proj g|=  4.45145D-01

At iterate  139    f=  7.30549D+00    |proj g|=  7.02941D-01

At iterate  140    f=  7.29927D+00    |proj g|=  7.24317D-01

At iterate  141    f=  7.28691D+00    |proj g|=  1.50371D+00

At iterate  142    f=  7.27455D+00    |proj g|=  1.21142D+00

At iterate  143    f=  7.26016D+00    |proj g|=  1.01520D+00

At iterate  144    f=  7.24860D+00    |proj g|=  9.76994D-01

At iterate  145    f=  7.24415D+00    |proj g|=  2.48602D+00

At iterate  146    f=  7.23040D+00    |proj g|=  1.36069D+00

At iterate  147    f=  7.22377D+00    |proj g|=  1.22707D+00

At iterate  148    f=  7.20133D+00    |proj g|=  1.74430D+00

At iterate  149    f=  7.18750D+00    |proj g|=  2.10088D+00

At iterate  150    f=  7.15860D+00    |proj g|=  4.80318D+00

At iterate  151    f=  7.12540D+00    |proj g|=  1.21531D+00

At iterate  152    f=  7.09662D+00    |proj g|=  1.70584D+00

At iterate  153    f=  7.05078D+00    |proj g|=  1.37793D+00

At iterate  154    f=  7.03127D+00    |proj g|=  4.21671D+00

At iterate  155    f=  7.01067D+00    |proj g|=  1.06691D+00

At iterate  156    f=  6.98408D+00    |proj g|=  1.86385D+00

At iterate  157    f=  6.96045D+00    |proj g|=  3.19093D+00

At iterate  158    f=  6.93971D+00    |proj g|=  1.14358D+00

At iterate  159    f=  6.91486D+00    |proj g|=  1.30954D+00

At iterate  160    f=  6.90111D+00    |proj g|=  1.36072D+00

At iterate  161    f=  6.87499D+00    |proj g|=  1.03004D+00

At iterate  162    f=  6.84813D+00    |proj g|=  4.23816D+00

At iterate  163    f=  6.83433D+00    |proj g|=  1.62876D+00

At iterate  164    f=  6.82283D+00    |proj g|=  6.61416D-01

At iterate  165    f=  6.81277D+00    |proj g|=  6.85546D-01

At iterate  166    f=  6.79834D+00    |proj g|=  1.28279D+00

At iterate  167    f=  6.78303D+00    |proj g|=  1.59109D+00

At iterate  168    f=  6.75962D+00    |proj g|=  1.36978D+00

At iterate  169    f=  6.73382D+00    |proj g|=  2.62434D+00

At iterate  170    f=  6.70025D+00    |proj g|=  7.46345D-01

At iterate  171    f=  6.69078D+00    |proj g|=  1.27734D+00

At iterate  172    f=  6.68417D+00    |proj g|=  6.61990D-01

At iterate  173    f=  6.67583D+00    |proj g|=  7.91163D-01

At iterate  174    f=  6.65735D+00    |proj g|=  1.16028D+00

At iterate  175    f=  6.64717D+00    |proj g|=  7.35440D-01

At iterate  176    f=  6.63124D+00    |proj g|=  1.01051D+00

At iterate  177    f=  6.61954D+00    |proj g|=  1.11202D+00

At iterate  178    f=  6.60802D+00    |proj g|=  9.08646D-01

At iterate  179    f=  6.59783D+00    |proj g|=  9.28406D-01

At iterate  180    f=  6.58861D+00    |proj g|=  1.20493D+00

At iterate  181    f=  6.57759D+00    |proj g|=  1.53893D+00

At iterate  182    f=  6.56295D+00    |proj g|=  1.58413D+00

At iterate  183    f=  6.55128D+00    |proj g|=  6.20175D-01

At iterate  184    f=  6.54611D+00    |proj g|=  1.76732D+00

At iterate  185    f=  6.53798D+00    |proj g|=  6.15191D-01

At iterate  186    f=  6.53201D+00    |proj g|=  7.06813D-01

At iterate  187    f=  6.52007D+00    |proj g|=  6.56568D-01

At iterate  188    f=  6.51563D+00    |proj g|=  1.10722D+00

At iterate  189    f=  6.50829D+00    |proj g|=  1.54093D+00

At iterate  190    f=  6.50302D+00    |proj g|=  4.83544D-01

At iterate  191    f=  6.49494D+00    |proj g|=  9.06793D-01

At iterate  192    f=  6.47991D+00    |proj g|=  1.10857D+00

At iterate  193    f=  6.46511D+00    |proj g|=  1.25810D+00

At iterate  194    f=  6.44862D+00    |proj g|=  1.60791D+00

At iterate  195    f=  6.43479D+00    |proj g|=  1.50672D+00

At iterate  196    f=  6.40836D+00    |proj g|=  1.59064D+00

At iterate  197    f=  6.38486D+00    |proj g|=  2.16684D+00

At iterate  198    f=  6.36608D+00    |proj g|=  5.74705D-01

At iterate  199    f=  6.35723D+00    |proj g|=  1.19492D+00

At iterate  200    f=  6.34578D+00    |proj g|=  1.35873D+00

At iterate  201    f=  6.34212D+00    |proj g|=  2.72636D+00

At iterate  202    f=  6.32954D+00    |proj g|=  2.61885D+00

At iterate  203    f=  6.31594D+00    |proj g|=  4.83001D-01

At iterate  204    f=  6.31206D+00    |proj g|=  3.74033D-01

At iterate  205    f=  6.29811D+00    |proj g|=  8.22948D-01

At iterate  206    f=  6.28696D+00    |proj g|=  1.07465D+00

At iterate  207    f=  6.27121D+00    |proj g|=  6.60897D-01

At iterate  208    f=  6.24855D+00    |proj g|=  5.87847D-01

At iterate  209    f=  6.23514D+00    |proj g|=  1.03106D+00

At iterate  210    f=  6.22597D+00    |proj g|=  1.44083D+00

At iterate  211    f=  6.21614D+00    |proj g|=  8.96763D-01

At iterate  212    f=  6.20903D+00    |proj g|=  4.06331D-01

At iterate  213    f=  6.20289D+00    |proj g|=  4.18556D-01

At iterate  214    f=  6.19763D+00    |proj g|=  7.47724D-01

At iterate  215    f=  6.19472D+00    |proj g|=  1.46863D+00

At iterate  216    f=  6.19021D+00    |proj g|=  3.73789D-01

At iterate  217    f=  6.18751D+00    |proj g|=  2.59785D-01

At iterate  218    f=  6.18354D+00    |proj g|=  4.55067D-01

At iterate  219    f=  6.17767D+00    |proj g|=  7.07981D-01

At iterate  220    f=  6.17019D+00    |proj g|=  4.59512D-01

At iterate  221    f=  6.16516D+00    |proj g|=  4.14032D-01

At iterate  222    f=  6.16323D+00    |proj g|=  1.52892D+00

At iterate  223    f=  6.15660D+00    |proj g|=  6.89167D-01

At iterate  224    f=  6.15162D+00    |proj g|=  3.94203D-01

At iterate  225    f=  6.14581D+00    |proj g|=  5.47005D-01

At iterate  226    f=  6.13166D+00    |proj g|=  1.23612D+00

At iterate  227    f=  6.11579D+00    |proj g|=  1.08275D+00

At iterate  228    f=  6.09857D+00    |proj g|=  1.74324D+00

At iterate  229    f=  6.07478D+00    |proj g|=  9.83465D-01

At iterate  230    f=  6.03256D+00    |proj g|=  9.57169D-01

At iterate  231    f=  5.97875D+00    |proj g|=  1.40127D+00

At iterate  232    f=  5.91597D+00    |proj g|=  4.94977D+00

At iterate  233    f=  5.79092D+00    |proj g|=  1.74286D+00

At iterate  234    f=  5.72185D+00    |proj g|=  1.62635D+00

At iterate  235    f=  5.68691D+00    |proj g|=  1.62089D+00

At iterate  236    f=  5.65285D+00    |proj g|=  8.22509D-01

At iterate  237    f=  5.62223D+00    |proj g|=  8.95956D-01

At iterate  238    f=  5.60732D+00    |proj g|=  2.55553D+00

At iterate  239    f=  5.59068D+00    |proj g|=  7.80814D-01

At iterate  240    f=  5.58500D+00    |proj g|=  3.82383D-01

At iterate  241    f=  5.57755D+00    |proj g|=  4.99670D-01

At iterate  242    f=  5.56909D+00    |proj g|=  6.30007D-01

At iterate  243    f=  5.56465D+00    |proj g|=  2.51324D-01

At iterate  244    f=  5.56085D+00    |proj g|=  2.68063D-01

At iterate  245    f=  5.55822D+00    |proj g|=  6.15118D-01

At iterate  246    f=  5.55567D+00    |proj g|=  3.75504D-01

At iterate  247    f=  5.55376D+00    |proj g|=  3.03664D-01

At iterate  248    f=  5.55182D+00    |proj g|=  2.33700D-01

At iterate  249    f=  5.54874D+00    |proj g|=  3.03050D-01

At iterate  250    f=  5.54599D+00    |proj g|=  9.47060D-01

At iterate  251    f=  5.54199D+00    |proj g|=  4.63444D-01

At iterate  252    f=  5.53952D+00    |proj g|=  3.61543D-01

At iterate  253    f=  5.53421D+00    |proj g|=  2.99962D-01

At iterate  254    f=  5.53062D+00    |proj g|=  3.53587D-01

At iterate  255    f=  5.52699D+00    |proj g|=  4.08459D-01

At iterate  256    f=  5.52361D+00    |proj g|=  4.31105D-01

At iterate  257    f=  5.52039D+00    |proj g|=  1.87663D-01

At iterate  258    f=  5.51792D+00    |proj g|=  2.12185D-01

At iterate  259    f=  5.51610D+00    |proj g|=  5.61135D-01

At iterate  260    f=  5.51394D+00    |proj g|=  2.66603D-01

At iterate  261    f=  5.51218D+00    |proj g|=  1.40367D-01

At iterate  262    f=  5.51132D+00    |proj g|=  4.00396D-01

At iterate  263    f=  5.51087D+00    |proj g|=  1.43972D-01

At iterate  264    f=  5.51060D+00    |proj g|=  8.41464D-02

At iterate  265    f=  5.51032D+00    |proj g|=  9.20985D-02

At iterate  266    f=  5.50965D+00    |proj g|=  1.45933D-01

At iterate  267    f=  5.50832D+00    |proj g|=  1.27066D-01

At iterate  268    f=  5.50764D+00    |proj g|=  4.56172D-01

At iterate  269    f=  5.50583D+00    |proj g|=  1.73537D-01

At iterate  270    f=  5.50458D+00    |proj g|=  1.26131D-01

At iterate  271    f=  5.50352D+00    |proj g|=  2.31350D-01

At iterate  272    f=  5.50162D+00    |proj g|=  3.25227D-01

At iterate  273    f=  5.50096D+00    |proj g|=  1.29923D+00

At iterate  274    f=  5.49762D+00    |proj g|=  2.36575D-01

At iterate  275    f=  5.49634D+00    |proj g|=  3.29232D-01

At iterate  276    f=  5.49482D+00    |proj g|=  3.48484D-01

At iterate  277    f=  5.49036D+00    |proj g|=  5.77445D-01

At iterate  278    f=  5.48529D+00    |proj g|=  5.88729D-01

At iterate  279    f=  5.47896D+00    |proj g|=  5.80591D-01

At iterate  280    f=  5.47268D+00    |proj g|=  7.11243D-01

At iterate  281    f=  5.46483D+00    |proj g|=  5.53062D-01

At iterate  282    f=  5.45638D+00    |proj g|=  4.59886D-01

At iterate  283    f=  5.44723D+00    |proj g|=  7.03037D-01

At iterate  284    f=  5.43712D+00    |proj g|=  3.84131D-01

At iterate  285    f=  5.42897D+00    |proj g|=  1.10962D+00

At iterate  286    f=  5.42823D+00    |proj g|=  1.78975D+00

At iterate  287    f=  5.42417D+00    |proj g|=  5.33417D-01

At iterate  288    f=  5.42186D+00    |proj g|=  2.21562D-01

At iterate  289    f=  5.41723D+00    |proj g|=  6.10196D-01

At iterate  290    f=  5.41077D+00    |proj g|=  6.31986D-01

At iterate  291    f=  5.40048D+00    |proj g|=  7.14961D-01

At iterate  292    f=  5.39737D+00    |proj g|=  1.20719D+00

At iterate  293    f=  5.39232D+00    |proj g|=  2.74123D-01

At iterate  294    f=  5.39056D+00    |proj g|=  2.34359D-01

At iterate  295    f=  5.38800D+00    |proj g|=  2.63025D-01

At iterate  296    f=  5.38452D+00    |proj g|=  4.32518D-01

At iterate  297    f=  5.38098D+00    |proj g|=  4.75150D-01

At iterate  298    f=  5.37830D+00    |proj g|=  7.54813D-01

At iterate  299    f=  5.37626D+00    |proj g|=  2.60790D-01

At iterate  300    f=  5.37535D+00    |proj g|=  2.44961D-01

At iterate  301    f=  5.37250D+00    |proj g|=  3.62380D-01

At iterate  302    f=  5.37025D+00    |proj g|=  2.60434D-01

At iterate  303    f=  5.36878D+00    |proj g|=  1.63834D-01

At iterate  304    f=  5.36743D+00    |proj g|=  1.49895D-01

At iterate  305    f=  5.36679D+00    |proj g|=  6.01046D-01

At iterate  306    f=  5.36546D+00    |proj g|=  1.46960D-01

At iterate  307    f=  5.36501D+00    |proj g|=  1.01939D-01

At iterate  308    f=  5.36466D+00    |proj g|=  1.79923D-01

At iterate  309    f=  5.36411D+00    |proj g|=  2.13492D-01

At iterate  310    f=  5.36381D+00    |proj g|=  2.05216D-01

At iterate  311    f=  5.36327D+00    |proj g|=  9.09977D-02

At iterate  312    f=  5.36308D+00    |proj g|=  5.55667D-02

At iterate  313    f=  5.36288D+00    |proj g|=  5.34983D-02

At iterate  314    f=  5.36266D+00    |proj g|=  1.41381D-01

At iterate  315    f=  5.36240D+00    |proj g|=  7.63065D-02

At iterate  316    f=  5.36216D+00    |proj g|=  6.87913D-02

At iterate  317    f=  5.36201D+00    |proj g|=  1.61740D-01

At iterate  318    f=  5.36189D+00    |proj g|=  5.67709D-02

At iterate  319    f=  5.36182D+00    |proj g|=  4.63622D-02

At iterate  320    f=  5.36173D+00    |proj g|=  7.36837D-02

At iterate  321    f=  5.36161D+00    |proj g|=  5.60855D-02

At iterate  322    f=  5.36157D+00    |proj g|=  1.56116D-01

At iterate  323    f=  5.36147D+00    |proj g|=  3.44156D-02

At iterate  324    f=  5.36141D+00    |proj g|=  3.28499D-02

At iterate  325    f=  5.36132D+00    |proj g|=  4.83302D-02

At iterate  326    f=  5.36119D+00    |proj g|=  5.50910D-02

At iterate  327    f=  5.36111D+00    |proj g|=  1.05514D-01

At iterate  328    f=  5.36096D+00    |proj g|=  2.44063D-02

At iterate  329    f=  5.36091D+00    |proj g|=  3.77305D-02

At iterate  330    f=  5.36087D+00    |proj g|=  5.45247D-02

At iterate  331    f=  5.36083D+00    |proj g|=  6.59600D-02

At iterate  332    f=  5.36080D+00    |proj g|=  3.81561D-02

At iterate  333    f=  5.36074D+00    |proj g|=  4.37332D-02

At iterate  334    f=  5.36070D+00    |proj g|=  3.43757D-02

At iterate  335    f=  5.36066D+00    |proj g|=  1.53871D-01

At iterate  336    f=  5.36058D+00    |proj g|=  6.55556D-02

At iterate  337    f=  5.36052D+00    |proj g|=  4.11854D-02

At iterate  338    f=  5.36046D+00    |proj g|=  4.79337D-02

At iterate  339    f=  5.36038D+00    |proj g|=  5.57003D-02

At iterate  340    f=  5.36021D+00    |proj g|=  8.40917D-02

At iterate  341    f=  5.36014D+00    |proj g|=  9.10643D-02

At iterate  342    f=  5.36002D+00    |proj g|=  5.86565D-02

At iterate  343    f=  5.35996D+00    |proj g|=  4.91196D-02

At iterate  344    f=  5.35992D+00    |proj g|=  1.24296D-01

At iterate  345    f=  5.35985D+00    |proj g|=  5.71330D-02

At iterate  346    f=  5.35978D+00    |proj g|=  3.18914D-02

At iterate  347    f=  5.35972D+00    |proj g|=  6.00193D-02

At iterate  348    f=  5.35969D+00    |proj g|=  2.83698D-01

At iterate  349    f=  5.35959D+00    |proj g|=  1.05917D-01

At iterate  350    f=  5.35952D+00    |proj g|=  4.49161D-02

At iterate  351    f=  5.35947D+00    |proj g|=  7.56512D-02

At iterate  352    f=  5.35940D+00    |proj g|=  6.33071D-02

At iterate  353    f=  5.35923D+00    |proj g|=  1.25856D-01

At iterate  354    f=  5.35914D+00    |proj g|=  1.28539D-01

At iterate  355    f=  5.35905D+00    |proj g|=  3.42862D-02

At iterate  356    f=  5.35899D+00    |proj g|=  5.64003D-02

At iterate  357    f=  5.35892D+00    |proj g|=  9.38590D-02

At iterate  358    f=  5.35885D+00    |proj g|=  1.46478D-01

At iterate  359    f=  5.35875D+00    |proj g|=  4.40039D-02

At iterate  360    f=  5.35870D+00    |proj g|=  3.46906D-02

At iterate  361    f=  5.35867D+00    |proj g|=  2.50177D-01

At iterate  362    f=  5.35859D+00    |proj g|=  8.11580D-02

At iterate  363    f=  5.35855D+00    |proj g|=  3.52679D-02

At iterate  364    f=  5.35848D+00    |proj g|=  7.28708D-02

At iterate  365    f=  5.35843D+00    |proj g|=  6.17489D-02

At iterate  366    f=  5.35825D+00    |proj g|=  9.26351D-02

At iterate  367    f=  5.35798D+00    |proj g|=  8.40306D-02

At iterate  368    f=  5.35761D+00    |proj g|=  7.85148D-02

At iterate  369    f=  5.35705D+00    |proj g|=  7.78449D-02

At iterate  370    f=  5.35651D+00    |proj g|=  1.60086D-01

At iterate  371    f=  5.35610D+00    |proj g|=  1.33725D-01

At iterate  372    f=  5.35587D+00    |proj g|=  1.34673D-01

At iterate  373    f=  5.35545D+00    |proj g|=  3.41425D-01

At iterate  374    f=  5.35504D+00    |proj g|=  1.19951D-01

At iterate  375    f=  5.35479D+00    |proj g|=  1.09794D-01

At iterate  376    f=  5.35448D+00    |proj g|=  1.35139D-01

At iterate  377    f=  5.35390D+00    |proj g|=  1.45468D-01

At iterate  378    f=  5.35270D+00    |proj g|=  2.48857D-01

At iterate  379    f=  5.35187D+00    |proj g|=  2.97131D-01

At iterate  380    f=  5.35071D+00    |proj g|=  1.92982D-01

At iterate  381    f=  5.34859D+00    |proj g|=  1.75002D-01

At iterate  382    f=  5.34714D+00    |proj g|=  1.51552D-01

At iterate  383    f=  5.34630D+00    |proj g|=  3.54643D-01

At iterate  384    f=  5.34538D+00    |proj g|=  1.19368D-01

At iterate  385    f=  5.34499D+00    |proj g|=  1.68351D-01

At iterate  386    f=  5.34454D+00    |proj g|=  1.54905D-01

At iterate  387    f=  5.34397D+00    |proj g|=  1.20315D-01

At iterate  388    f=  5.34215D+00    |proj g|=  1.08607D-01

At iterate  389    f=  5.34149D+00    |proj g|=  1.98888D-01

At iterate  390    f=  5.34071D+00    |proj g|=  1.58685D-01

At iterate  391    f=  5.34034D+00    |proj g|=  4.05646D-01

At iterate  392    f=  5.33979D+00    |proj g|=  1.07339D-01

At iterate  393    f=  5.33940D+00    |proj g|=  8.99121D-02

At iterate  394    f=  5.33888D+00    |proj g|=  1.65336D-01

At iterate  395    f=  5.33792D+00    |proj g|=  2.11500D-01

At iterate  396    f=  5.33742D+00    |proj g|=  2.65736D-01

At iterate  397    f=  5.33655D+00    |proj g|=  1.54947D-01

At iterate  398    f=  5.33609D+00    |proj g|=  2.55622D-01

At iterate  399    f=  5.33557D+00    |proj g|=  1.48256D-01

At iterate  400    f=  5.33482D+00    |proj g|=  1.07004D-01

At iterate  401    f=  5.33413D+00    |proj g|=  1.26037D-01

At iterate  402    f=  5.33312D+00    |proj g|=  3.02701D-01

At iterate  403    f=  5.33202D+00    |proj g|=  2.14835D-01

At iterate  404    f=  5.33099D+00    |proj g|=  9.96018D-02

At iterate  405    f=  5.32973D+00    |proj g|=  2.87326D-01

At iterate  406    f=  5.32880D+00    |proj g|=  9.28146D-02

At iterate  407    f=  5.32795D+00    |proj g|=  1.60022D-01

At iterate  408    f=  5.32733D+00    |proj g|=  5.74440D-01

At iterate  409    f=  5.32635D+00    |proj g|=  2.72806D-01

At iterate  410    f=  5.32551D+00    |proj g|=  1.01031D-01

At iterate  411    f=  5.32488D+00    |proj g|=  1.25792D-01

At iterate  412    f=  5.32441D+00    |proj g|=  9.46872D-02

At iterate  413    f=  5.32426D+00    |proj g|=  1.61641D-01

At iterate  414    f=  5.32405D+00    |proj g|=  5.35033D-02

At iterate  415    f=  5.32392D+00    |proj g|=  5.77072D-02

At iterate  416    f=  5.32367D+00    |proj g|=  1.05758D-01

At iterate  417    f=  5.32337D+00    |proj g|=  9.91993D-02

At iterate  418    f=  5.32328D+00    |proj g|=  1.41308D-01

At iterate  419    f=  5.32301D+00    |proj g|=  9.82165D-02

At iterate  420    f=  5.32294D+00    |proj g|=  1.38321D-01

At iterate  421    f=  5.32282D+00    |proj g|=  9.25808D-02

At iterate  422    f=  5.32261D+00    |proj g|=  6.64274D-02

At iterate  423    f=  5.32240D+00    |proj g|=  7.66661D-02

At iterate  424    f=  5.32208D+00    |proj g|=  7.09678D-02

At iterate  425    f=  5.32194D+00    |proj g|=  1.50531D-01

At iterate  426    f=  5.32167D+00    |proj g|=  7.35271D-02

At iterate  427    f=  5.32145D+00    |proj g|=  5.64651D-02

At iterate  428    f=  5.32128D+00    |proj g|=  1.64400D-01

At iterate  429    f=  5.32108D+00    |proj g|=  8.13198D-02

At iterate  430    f=  5.32081D+00    |proj g|=  5.64459D-02

At iterate  431    f=  5.32049D+00    |proj g|=  7.98678D-02

At iterate  432    f=  5.32038D+00    |proj g|=  3.25015D-01

At iterate  433    f=  5.31986D+00    |proj g|=  2.46775D-01

At iterate  434    f=  5.31905D+00    |proj g|=  2.62539D-01

At iterate  435    f=  5.31832D+00    |proj g|=  1.66677D-01

At iterate  436    f=  5.31754D+00    |proj g|=  1.25081D-01

At iterate  437    f=  5.31691D+00    |proj g|=  1.40587D-01

At iterate  438    f=  5.31638D+00    |proj g|=  2.21001D-01

At iterate  439    f=  5.31579D+00    |proj g|=  9.93674D-02

At iterate  440    f=  5.31543D+00    |proj g|=  7.59798D-02

At iterate  441    f=  5.31504D+00    |proj g|=  1.00914D-01

At iterate  442    f=  5.31439D+00    |proj g|=  8.78441D-02

At iterate  443    f=  5.31417D+00    |proj g|=  2.08491D-01

At iterate  444    f=  5.31366D+00    |proj g|=  2.06232D-01

At iterate  445    f=  5.31351D+00    |proj g|=  1.19988D-01

At iterate  446    f=  5.31336D+00    |proj g|=  7.19559D-02

At iterate  447    f=  5.31313D+00    |proj g|=  5.76039D-02

At iterate  448    f=  5.31297D+00    |proj g|=  1.53998D-01

At iterate  449    f=  5.31277D+00    |proj g|=  5.67561D-02

At iterate  450    f=  5.31265D+00    |proj g|=  4.86300D-02

At iterate  451    f=  5.31248D+00    |proj g|=  4.61895D-02

At iterate  452    f=  5.31235D+00    |proj g|=  1.42726D-01

At iterate  453    f=  5.31217D+00    |proj g|=  8.69626D-02

At iterate  454    f=  5.31186D+00    |proj g|=  4.66946D-02

At iterate  455    f=  5.31170D+00    |proj g|=  4.26323D-02

At iterate  456    f=  5.31156D+00    |proj g|=  3.46057D-01

At iterate  457    f=  5.31119D+00    |proj g|=  1.79382D-01

At iterate  458    f=  5.31098D+00    |proj g|=  6.86346D-02

At iterate  459    f=  5.31073D+00    |proj g|=  5.17397D-02

At iterate  460    f=  5.31054D+00    |proj g|=  7.87735D-02

At iterate  461    f=  5.31039D+00    |proj g|=  2.35209D-01

At iterate  462    f=  5.31012D+00    |proj g|=  5.72101D-02

At iterate  463    f=  5.31003D+00    |proj g|=  4.18704D-02

At iterate  464    f=  5.30984D+00    |proj g|=  6.65731D-02

At iterate  465    f=  5.30968D+00    |proj g|=  1.13163D-01

At iterate  466    f=  5.30951D+00    |proj g|=  5.89757D-02

At iterate  467    f=  5.30940D+00    |proj g|=  6.54556D-02

At iterate  468    f=  5.30938D+00    |proj g|=  1.69268D-01

At iterate  469    f=  5.30930D+00    |proj g|=  4.48179D-02

At iterate  470    f=  5.30927D+00    |proj g|=  5.79859D-02

At iterate  471    f=  5.30915D+00    |proj g|=  7.84731D-02

At iterate  472    f=  5.30901D+00    |proj g|=  8.99125D-02

At iterate  473    f=  5.30893D+00    |proj g|=  1.39388D-01

At iterate  474    f=  5.30887D+00    |proj g|=  1.27984D-01

At iterate  475    f=  5.30879D+00    |proj g|=  2.70388D-02

At iterate  476    f=  5.30877D+00    |proj g|=  2.22663D-02

At iterate  477    f=  5.30871D+00    |proj g|=  2.21764D-02

At iterate  478    f=  5.30865D+00    |proj g|=  3.08089D-02

At iterate  479    f=  5.30863D+00    |proj g|=  6.26546D-02

At iterate  480    f=  5.30861D+00    |proj g|=  7.02729D-02

At iterate  481    f=  5.30860D+00    |proj g|=  3.00458D-02

At iterate  482    f=  5.30859D+00    |proj g|=  1.47980D-02

At iterate  483    f=  5.30858D+00    |proj g|=  1.57283D-02

At iterate  484    f=  5.30856D+00    |proj g|=  2.79850D-02

At iterate  485    f=  5.30852D+00    |proj g|=  4.31952D-02

At iterate  486    f=  5.30849D+00    |proj g|=  7.18146D-02

At iterate  487    f=  5.30844D+00    |proj g|=  3.49258D-02

At iterate  488    f=  5.30840D+00    |proj g|=  1.98504D-02

At iterate  489    f=  5.30837D+00    |proj g|=  3.47655D-02

At iterate  490    f=  5.30833D+00    |proj g|=  3.49123D-02

At iterate  491    f=  5.30831D+00    |proj g|=  9.90344D-02

At iterate  492    f=  5.30827D+00    |proj g|=  1.29576D-01

At iterate  493    f=  5.30824D+00    |proj g|=  1.36933D-02

At iterate  494    f=  5.30823D+00    |proj g|=  1.54716D-02

At iterate  495    f=  5.30821D+00    |proj g|=  3.21212D-02

At iterate  496    f=  5.30819D+00    |proj g|=  3.96110D-02

At iterate  497    f=  5.30814D+00    |proj g|=  8.15580D-02

At iterate  498    f=  5.30812D+00    |proj g|=  6.52359D-02

At iterate  499    f=  5.30808D+00    |proj g|=  2.07040D-02

At iterate  500    f=  5.30806D+00    |proj g|=  1.27874D-02

At iterate  501    f=  5.30805D+00    |proj g|=  2.23271D-02

At iterate  502    f=  5.30802D+00    |proj g|=  2.31926D-02

At iterate  503    f=  5.30798D+00    |proj g|=  2.27027D-02

At iterate  504    f=  5.30796D+00    |proj g|=  1.02063D-01

At iterate  505    f=  5.30793D+00    |proj g|=  2.62382D-02

At iterate  506    f=  5.30791D+00    |proj g|=  2.67375D-02

At iterate  507    f=  5.30787D+00    |proj g|=  3.16291D-02

At iterate  508    f=  5.30781D+00    |proj g|=  4.54259D-02

At iterate  509    f=  5.30778D+00    |proj g|=  6.48848D-02

At iterate  510    f=  5.30774D+00    |proj g|=  2.61444D-02

At iterate  511    f=  5.30771D+00    |proj g|=  2.21877D-02

At iterate  512    f=  5.30764D+00    |proj g|=  3.59613D-02

At iterate  513    f=  5.30757D+00    |proj g|=  6.47153D-02

At iterate  514    f=  5.30752D+00    |proj g|=  6.18557D-02

At iterate  515    f=  5.30747D+00    |proj g|=  2.89742D-02

At iterate  516    f=  5.30743D+00    |proj g|=  1.05606D-01

At iterate  517    f=  5.30740D+00    |proj g|=  4.01322D-02

At iterate  518    f=  5.30738D+00    |proj g|=  2.58632D-02

At iterate  519    f=  5.30733D+00    |proj g|=  1.36976D-02

At iterate  520    f=  5.30731D+00    |proj g|=  2.01044D-02

At iterate  521    f=  5.30728D+00    |proj g|=  6.98297D-02

At iterate  522    f=  5.30726D+00    |proj g|=  1.13197D-02

At iterate  523    f=  5.30725D+00    |proj g|=  1.69115D-02

At iterate  524    f=  5.30722D+00    |proj g|=  2.28805D-02

At iterate  525    f=  5.30719D+00    |proj g|=  4.24169D-02

At iterate  526    f=  5.30716D+00    |proj g|=  2.65969D-02

At iterate  527    f=  5.30714D+00    |proj g|=  2.86307D-02

At iterate  528    f=  5.30713D+00    |proj g|=  1.58553D-02

At iterate  529    f=  5.30712D+00    |proj g|=  6.14370D-02

At iterate  530    f=  5.30711D+00    |proj g|=  1.72427D-02

At iterate  531    f=  5.30709D+00    |proj g|=  2.13065D-02

At iterate  532    f=  5.30707D+00    |proj g|=  2.54188D-02

At iterate  533    f=  5.30705D+00    |proj g|=  5.51108D-02

At iterate  534    f=  5.30704D+00    |proj g|=  5.48117D-02

At iterate  535    f=  5.30703D+00    |proj g|=  1.54852D-02

At iterate  536    f=  5.30703D+00    |proj g|=  1.01158D-02

At iterate  537    f=  5.30702D+00    |proj g|=  1.80655D-02

At iterate  538    f=  5.30700D+00    |proj g|=  2.63636D-02

At iterate  539    f=  5.30699D+00    |proj g|=  5.38127D-02

At iterate  540    f=  5.30698D+00    |proj g|=  2.50372D-02

At iterate  541    f=  5.30697D+00    |proj g|=  1.33899D-02

At iterate  542    f=  5.30696D+00    |proj g|=  1.60678D-02

At iterate  543    f=  5.30695D+00    |proj g|=  2.75278D-02

At iterate  544    f=  5.30694D+00    |proj g|=  1.77480D-02

At iterate  545    f=  5.30693D+00    |proj g|=  1.16352D-02

At iterate  546    f=  5.30693D+00    |proj g|=  1.26077D-02

At iterate  547    f=  5.30692D+00    |proj g|=  2.00369D-02

At iterate  548    f=  5.30691D+00    |proj g|=  2.52022D-02

At iterate  549    f=  5.30691D+00    |proj g|=  1.20210D-02

At iterate  550    f=  5.30690D+00    |proj g|=  6.44622D-03

At iterate  551    f=  5.30690D+00    |proj g|=  1.34673D-02

At iterate  552    f=  5.30689D+00    |proj g|=  1.62494D-02

At iterate  553    f=  5.30688D+00    |proj g|=  5.77114D-02

At iterate  554    f=  5.30687D+00    |proj g|=  1.88837D-02

At iterate  555    f=  5.30687D+00    |proj g|=  1.24833D-02

At iterate  556    f=  5.30686D+00    |proj g|=  2.71409D-02

At iterate  557    f=  5.30685D+00    |proj g|=  2.70031D-02

At iterate  558    f=  5.30684D+00    |proj g|=  4.90649D-02

At iterate  559    f=  5.30683D+00    |proj g|=  1.44953D-02

At iterate  560    f=  5.30682D+00    |proj g|=  2.60698D-02

At iterate  561    f=  5.30682D+00    |proj g|=  1.98369D-02

At iterate  562    f=  5.30681D+00    |proj g|=  4.43831D-02

At iterate  563    f=  5.30679D+00    |proj g|=  2.30670D-02

At iterate  564    f=  5.30678D+00    |proj g|=  2.61124D-02

At iterate  565    f=  5.30677D+00    |proj g|=  2.34813D-02

At iterate  566    f=  5.30676D+00    |proj g|=  5.37261D-02

At iterate  567    f=  5.30675D+00    |proj g|=  2.33191D-02

At iterate  568    f=  5.30674D+00    |proj g|=  1.15579D-02

At iterate  569    f=  5.30673D+00    |proj g|=  1.90394D-02

At iterate  570    f=  5.30672D+00    |proj g|=  2.09599D-02

At iterate  571    f=  5.30671D+00    |proj g|=  5.20623D-02

At iterate  572    f=  5.30669D+00    |proj g|=  1.71531D-02

At iterate  573    f=  5.30668D+00    |proj g|=  1.94714D-02

At iterate  574    f=  5.30667D+00    |proj g|=  2.82788D-02

At iterate  575    f=  5.30664D+00    |proj g|=  3.59281D-02

At iterate  576    f=  5.30657D+00    |proj g|=  5.23650D-02

At iterate  577    f=  5.30652D+00    |proj g|=  6.62221D-02

At iterate  578    f=  5.30642D+00    |proj g|=  4.82412D-02

At iterate  579    f=  5.30639D+00    |proj g|=  1.62185D-01

At iterate  580    f=  5.30630D+00    |proj g|=  3.56431D-02

At iterate  581    f=  5.30627D+00    |proj g|=  2.59941D-02

At iterate  582    f=  5.30623D+00    |proj g|=  3.20415D-02

At iterate  583    f=  5.30618D+00    |proj g|=  1.14002D-01

At iterate  584    f=  5.30612D+00    |proj g|=  3.96650D-02

At iterate  585    f=  5.30609D+00    |proj g|=  2.86359D-02

At iterate  586    f=  5.30603D+00    |proj g|=  2.89495D-02

At iterate  587    f=  5.30597D+00    |proj g|=  4.06276D-02

At iterate  588    f=  5.30594D+00    |proj g|=  1.20093D-01

At iterate  589    f=  5.30587D+00    |proj g|=  2.81486D-02

At iterate  590    f=  5.30584D+00    |proj g|=  2.53587D-02

At iterate  591    f=  5.30581D+00    |proj g|=  6.24940D-02

At iterate  592    f=  5.30576D+00    |proj g|=  3.65119D-02

At iterate  593    f=  5.30570D+00    |proj g|=  4.17005D-02

At iterate  594    f=  5.30564D+00    |proj g|=  9.56359D-02

At iterate  595    f=  5.30562D+00    |proj g|=  5.58610D-02

At iterate  596    f=  5.30561D+00    |proj g|=  3.54361D-02

At iterate  597    f=  5.30559D+00    |proj g|=  2.58275D-02

At iterate  598    f=  5.30554D+00    |proj g|=  3.39093D-02

At iterate  599    f=  5.30550D+00    |proj g|=  3.55280D-02

At iterate  600    f=  5.30548D+00    |proj g|=  5.86070D-02

At iterate  601    f=  5.30544D+00    |proj g|=  1.79865D-02

At iterate  602    f=  5.30542D+00    |proj g|=  1.70207D-02

At iterate  603    f=  5.30540D+00    |proj g|=  6.74049D-02

At iterate  604    f=  5.30537D+00    |proj g|=  6.05382D-02

At iterate  605    f=  5.30533D+00    |proj g|=  3.09784D-02

At iterate  606    f=  5.30531D+00    |proj g|=  2.68612D-02

At iterate  607    f=  5.30530D+00    |proj g|=  4.69497D-02

At iterate  608    f=  5.30529D+00    |proj g|=  1.90485D-02

At iterate  609    f=  5.30527D+00    |proj g|=  2.12593D-02

At iterate  610    f=  5.30526D+00    |proj g|=  2.45672D-02

At iterate  611    f=  5.30524D+00    |proj g|=  2.76473D-02

At iterate  612    f=  5.30523D+00    |proj g|=  8.14213D-02

At iterate  613    f=  5.30519D+00    |proj g|=  2.29773D-02

At iterate  614    f=  5.30518D+00    |proj g|=  1.42926D-02

At iterate  615    f=  5.30516D+00    |proj g|=  3.40671D-02

At iterate  616    f=  5.30514D+00    |proj g|=  4.72784D-02

At iterate  617    f=  5.30513D+00    |proj g|=  3.44995D-02

At iterate  618    f=  5.30508D+00    |proj g|=  2.33118D-02

At iterate  619    f=  5.30507D+00    |proj g|=  5.61810D-02

At iterate  620    f=  5.30506D+00    |proj g|=  4.51530D-02

At iterate  621    f=  5.30502D+00    |proj g|=  2.80413D-02

At iterate  622    f=  5.30497D+00    |proj g|=  3.05012D-02

At iterate  623    f=  5.30490D+00    |proj g|=  3.38027D-02

At iterate  624    f=  5.30481D+00    |proj g|=  1.22584D-01

At iterate  625    f=  5.30466D+00    |proj g|=  7.55039D-02

At iterate  626    f=  5.30439D+00    |proj g|=  7.14575D-02

At iterate  627    f=  5.29874D+00    |proj g|=  1.21168D+00

At iterate  628    f=  5.29869D+00    |proj g|=  1.27550D+00

At iterate  629    f=  5.29622D+00    |proj g|=  1.27837D+00

At iterate  630    f=  5.28572D+00    |proj g|=  1.36729D+00

At iterate  631    f=  5.27692D+00    |proj g|=  1.73182D+00

At iterate  632    f=  5.26945D+00    |proj g|=  9.01183D-01

At iterate  633    f=  5.25111D+00    |proj g|=  1.20833D+00

At iterate  634    f=  5.22204D+00    |proj g|=  9.09443D-01

At iterate  635    f=  5.18342D+00    |proj g|=  1.10877D+00

At iterate  636    f=  5.17168D+00    |proj g|=  2.02820D+00

At iterate  637    f=  5.11049D+00    |proj g|=  1.37100D+00

At iterate  638    f=  5.07504D+00    |proj g|=  1.64388D+00

At iterate  639    f=  5.02759D+00    |proj g|=  1.01795D+00

At iterate  640    f=  4.98606D+00    |proj g|=  1.09388D+00

At iterate  641    f=  4.92213D+00    |proj g|=  1.26860D+00

At iterate  642    f=  4.90180D+00    |proj g|=  2.80981D+00

At iterate  643    f=  4.88090D+00    |proj g|=  8.48164D-01

At iterate  644    f=  4.86180D+00    |proj g|=  8.31379D-01

At iterate  645    f=  4.84765D+00    |proj g|=  1.20253D+00

At iterate  646    f=  4.83256D+00    |proj g|=  5.86952D-01

At iterate  647    f=  4.81917D+00    |proj g|=  6.11028D-01

At iterate  648    f=  4.79913D+00    |proj g|=  6.74407D-01

At iterate  649    f=  4.77590D+00    |proj g|=  4.63328D-01

At iterate  650    f=  4.77022D+00    |proj g|=  7.66321D-01

At iterate  651    f=  4.76389D+00    |proj g|=  2.84653D-01

At iterate  652    f=  4.76081D+00    |proj g|=  2.28215D-01

At iterate  653    f=  4.75673D+00    |proj g|=  3.19477D-01

At iterate  654    f=  4.75516D+00    |proj g|=  9.81920D-01

At iterate  655    f=  4.75145D+00    |proj g|=  3.98280D-01

At iterate  656    f=  4.74909D+00    |proj g|=  2.39724D-01

At iterate  657    f=  4.74646D+00    |proj g|=  2.75846D-01

At iterate  658    f=  4.74367D+00    |proj g|=  2.96333D-01

At iterate  659    f=  4.74095D+00    |proj g|=  4.30413D-01

At iterate  660    f=  4.74024D+00    |proj g|=  5.45739D-01

At iterate  661    f=  4.73817D+00    |proj g|=  1.29619D-01

At iterate  662    f=  4.73763D+00    |proj g|=  1.27337D-01

At iterate  663    f=  4.73600D+00    |proj g|=  2.59123D-01

At iterate  664    f=  4.73376D+00    |proj g|=  3.78477D-01

At iterate  665    f=  4.73225D+00    |proj g|=  5.40710D-01

At iterate  666    f=  4.73032D+00    |proj g|=  1.68470D-01

At iterate  667    f=  4.72935D+00    |proj g|=  1.74230D-01

At iterate  668    f=  4.72763D+00    |proj g|=  3.30035D-01

At iterate  669    f=  4.72403D+00    |proj g|=  3.53239D-01

At iterate  670    f=  4.72041D+00    |proj g|=  3.73171D-01

At iterate  671    f=  4.71666D+00    |proj g|=  3.00838D-01

At iterate  672    f=  4.71347D+00    |proj g|=  6.70803D-01

At iterate  673    f=  4.71092D+00    |proj g|=  2.39858D-01

At iterate  674    f=  4.70910D+00    |proj g|=  1.03293D-01

At iterate  675    f=  4.70767D+00    |proj g|=  1.74962D-01

At iterate  676    f=  4.70539D+00    |proj g|=  1.71404D-01

At iterate  677    f=  4.70488D+00    |proj g|=  5.48065D-01

At iterate  678    f=  4.70388D+00    |proj g|=  2.37325D-01

At iterate  679    f=  4.70297D+00    |proj g|=  1.25431D-01

At iterate  680    f=  4.70214D+00    |proj g|=  2.03945D-01

At iterate  681    f=  4.70064D+00    |proj g|=  2.92162D-01

At iterate  682    f=  4.70000D+00    |proj g|=  1.44484D-01

At iterate  683    f=  4.69933D+00    |proj g|=  9.24824D-02

At iterate  684    f=  4.69902D+00    |proj g|=  2.65860D-01

At iterate  685    f=  4.69861D+00    |proj g|=  1.86794D-01

At iterate  686    f=  4.69812D+00    |proj g|=  8.16844D-02

At iterate  687    f=  4.69799D+00    |proj g|=  2.05898D-01

At iterate  688    f=  4.69780D+00    |proj g|=  1.31094D-01

At iterate  689    f=  4.69774D+00    |proj g|=  4.99306D-02

At iterate  690    f=  4.69770D+00    |proj g|=  4.26009D-02

At iterate  691    f=  4.69760D+00    |proj g|=  6.95435D-02

At iterate  692    f=  4.69754D+00    |proj g|=  3.70867D-02

At iterate  693    f=  4.69750D+00    |proj g|=  2.52453D-02

At iterate  694    f=  4.69743D+00    |proj g|=  2.19870D-02

At iterate  695    f=  4.69740D+00    |proj g|=  8.90799D-02

At iterate  696    f=  4.69736D+00    |proj g|=  3.26740D-02

At iterate  697    f=  4.69733D+00    |proj g|=  1.76088D-02

At iterate  698    f=  4.69731D+00    |proj g|=  4.40918D-02

At iterate  699    f=  4.69729D+00    |proj g|=  4.45850D-02

At iterate  700    f=  4.69726D+00    |proj g|=  3.39380D-02

At iterate  701    f=  4.69723D+00    |proj g|=  7.82208D-02

At iterate  702    f=  4.69721D+00    |proj g|=  3.66645D-02

At iterate  703    f=  4.69718D+00    |proj g|=  2.46978D-02

At iterate  704    f=  4.69715D+00    |proj g|=  3.33875D-02

At iterate  705    f=  4.69709D+00    |proj g|=  3.70626D-02

At iterate  706    f=  4.69706D+00    |proj g|=  1.34493D-01

At iterate  707    f=  4.69699D+00    |proj g|=  3.54339D-02

At iterate  708    f=  4.69695D+00    |proj g|=  2.12503D-02

At iterate  709    f=  4.69692D+00    |proj g|=  4.01532D-02

At iterate  710    f=  4.69687D+00    |proj g|=  5.56477D-02

At iterate  711    f=  4.69681D+00    |proj g|=  4.00841D-02

At iterate  712    f=  4.69675D+00    |proj g|=  2.54277D-02

At iterate  713    f=  4.69670D+00    |proj g|=  1.08923D-01

At iterate  714    f=  4.69667D+00    |proj g|=  1.49102D-01

At iterate  715    f=  4.69663D+00    |proj g|=  5.83461D-02

At iterate  716    f=  4.69659D+00    |proj g|=  2.62225D-02

At iterate  717    f=  4.69651D+00    |proj g|=  8.50190D-02

At iterate  718    f=  4.69645D+00    |proj g|=  7.79259D-02

At iterate  719    f=  4.69635D+00    |proj g|=  1.44517D-01

At iterate  720    f=  4.69631D+00    |proj g|=  7.88611D-02

At iterate  721    f=  4.69626D+00    |proj g|=  2.93741D-02

At iterate  722    f=  4.69622D+00    |proj g|=  2.97637D-02

At iterate  723    f=  4.69614D+00    |proj g|=  6.04913D-02

At iterate  724    f=  4.69606D+00    |proj g|=  1.51733D-01

At iterate  725    f=  4.69596D+00    |proj g|=  3.24103D-02

At iterate  726    f=  4.69589D+00    |proj g|=  2.87204D-02

At iterate  727    f=  4.69583D+00    |proj g|=  1.33616D-01

At iterate  728    f=  4.69576D+00    |proj g|=  9.68335D-02

At iterate  729    f=  4.69561D+00    |proj g|=  5.64334D-02

At iterate  730    f=  4.69541D+00    |proj g|=  7.49748D-02

At iterate  731    f=  4.69524D+00    |proj g|=  6.40943D-02

At iterate  732    f=  4.69512D+00    |proj g|=  1.18423D-01

At iterate  733    f=  4.69504D+00    |proj g|=  3.45679D-02

At iterate  734    f=  4.69496D+00    |proj g|=  7.61718D-02

At iterate  735    f=  4.69490D+00    |proj g|=  7.90942D-02

At iterate  736    f=  4.69471D+00    |proj g|=  9.81004D-02

At iterate  737    f=  4.69460D+00    |proj g|=  8.65567D-02

At iterate  738    f=  4.69445D+00    |proj g|=  4.79175D-02

At iterate  739    f=  4.69440D+00    |proj g|=  2.56369D-01

At iterate  740    f=  4.69427D+00    |proj g|=  8.24214D-02

At iterate  741    f=  4.69420D+00    |proj g|=  4.94107D-02

At iterate  742    f=  4.69408D+00    |proj g|=  1.00344D-01

At iterate  743    f=  4.69392D+00    |proj g|=  1.47814D-01

At iterate  744    f=  4.69355D+00    |proj g|=  1.85239D-01

At iterate  745    f=  4.69321D+00    |proj g|=  2.12568D-01

At iterate  746    f=  4.69304D+00    |proj g|=  3.23320D-01

At iterate  747    f=  4.69261D+00    |proj g|=  5.93115D-02

At iterate  748    f=  4.69252D+00    |proj g|=  4.25699D-02

At iterate  749    f=  4.69242D+00    |proj g|=  7.81836D-02

At iterate  750    f=  4.69231D+00    |proj g|=  1.29227D-01

At iterate  751    f=  4.69216D+00    |proj g|=  9.20695D-02

At iterate  752    f=  4.69202D+00    |proj g|=  6.74274D-02

At iterate  753    f=  4.69194D+00    |proj g|=  6.57337D-02

At iterate  754    f=  4.69187D+00    |proj g|=  3.98455D-02

At iterate  755    f=  4.69173D+00    |proj g|=  6.46327D-02

At iterate  756    f=  4.69164D+00    |proj g|=  5.81905D-02

At iterate  757    f=  4.69147D+00    |proj g|=  8.02635D-02

At iterate  758    f=  4.69137D+00    |proj g|=  1.21518D-01

At iterate  759    f=  4.69128D+00    |proj g|=  4.07028D-02

At iterate  760    f=  4.69124D+00    |proj g|=  5.11583D-02

At iterate  761    f=  4.69116D+00    |proj g|=  5.43693D-02

At iterate  762    f=  4.69110D+00    |proj g|=  9.99653D-02

At iterate  763    f=  4.69103D+00    |proj g|=  3.19743D-02

At iterate  764    f=  4.69099D+00    |proj g|=  2.07780D-02

At iterate  765    f=  4.69095D+00    |proj g|=  6.21937D-02

At iterate  766    f=  4.69091D+00    |proj g|=  3.48547D-02

At iterate  767    f=  4.69089D+00    |proj g|=  2.09377D-02

At iterate  768    f=  4.69086D+00    |proj g|=  2.23445D-02

At iterate  769    f=  4.69084D+00    |proj g|=  6.46831D-02

At iterate  770    f=  4.69082D+00    |proj g|=  2.30520D-02

At iterate  771    f=  4.69081D+00    |proj g|=  2.38172D-02

At iterate  772    f=  4.69080D+00    |proj g|=  4.91561D-02

At iterate  773    f=  4.69079D+00    |proj g|=  1.97204D-02

At iterate  774    f=  4.69079D+00    |proj g|=  2.06727D-02

At iterate  775    f=  4.69078D+00    |proj g|=  3.21136D-02

At iterate  776    f=  4.69076D+00    |proj g|=  2.80757D-02

At iterate  777    f=  4.69075D+00    |proj g|=  6.58805D-02

At iterate  778    f=  4.69074D+00    |proj g|=  2.16257D-02

At iterate  779    f=  4.69073D+00    |proj g|=  1.79264D-02

At iterate  780    f=  4.69072D+00    |proj g|=  2.20568D-02

At iterate  781    f=  4.69070D+00    |proj g|=  2.54635D-02

At iterate  782    f=  4.69067D+00    |proj g|=  2.78300D-02

At iterate  783    f=  4.69066D+00    |proj g|=  4.49034D-02

At iterate  784    f=  4.69065D+00    |proj g|=  1.89680D-02

At iterate  785    f=  4.69064D+00    |proj g|=  1.26343D-02

At iterate  786    f=  4.69064D+00    |proj g|=  5.66657D-02

At iterate  787    f=  4.69063D+00    |proj g|=  2.99116D-02

At iterate  788    f=  4.69062D+00    |proj g|=  2.04370D-02

At iterate  789    f=  4.69062D+00    |proj g|=  2.05975D-02

At iterate  790    f=  4.69060D+00    |proj g|=  5.72079D-02

At iterate  791    f=  4.69060D+00    |proj g|=  2.83275D-02

At iterate  792    f=  4.69059D+00    |proj g|=  1.36851D-02

At iterate  793    f=  4.69059D+00    |proj g|=  1.79464D-02

At iterate  794    f=  4.69059D+00    |proj g|=  2.44959D-02

At iterate  795    f=  4.69058D+00    |proj g|=  2.38058D-02

At iterate  796    f=  4.69057D+00    |proj g|=  4.18836D-02

At iterate  797    f=  4.69056D+00    |proj g|=  3.25953D-02

At iterate  798    f=  4.69055D+00    |proj g|=  1.20719D-02

At iterate  799    f=  4.69054D+00    |proj g|=  1.28581D-02

At iterate  800    f=  4.69054D+00    |proj g|=  1.93568D-02

At iterate  801    f=  4.69053D+00    |proj g|=  4.95450D-02

At iterate  802    f=  4.69052D+00    |proj g|=  5.50855D-02

At iterate  803    f=  4.69052D+00    |proj g|=  1.36501D-02

At iterate  804    f=  4.69051D+00    |proj g|=  1.05076D-02

At iterate  805    f=  4.69051D+00    |proj g|=  1.04273D-02

At iterate  806    f=  4.69050D+00    |proj g|=  1.45070D-02

At iterate  807    f=  4.69049D+00    |proj g|=  1.69313D-02

At iterate  808    f=  4.69048D+00    |proj g|=  4.59549D-02

At iterate  809    f=  4.69047D+00    |proj g|=  2.41339D-02

At iterate  810    f=  4.69046D+00    |proj g|=  2.11694D-02

At iterate  811    f=  4.69044D+00    |proj g|=  1.93282D-02

At iterate  812    f=  4.69043D+00    |proj g|=  3.58645D-02

At iterate  813    f=  4.69041D+00    |proj g|=  1.81132D-02

At iterate  814    f=  4.69039D+00    |proj g|=  1.43048D-02

At iterate  815    f=  4.69039D+00    |proj g|=  4.48328D-02

At iterate  816    f=  4.69038D+00    |proj g|=  3.32916D-02

At iterate  817    f=  4.69036D+00    |proj g|=  1.48583D-02

At iterate  818    f=  4.69035D+00    |proj g|=  1.88608D-02

At iterate  819    f=  4.69033D+00    |proj g|=  2.45880D-02

At iterate  820    f=  4.69032D+00    |proj g|=  3.30056D-02

At iterate  821    f=  4.69031D+00    |proj g|=  1.17045D-02

At iterate  822    f=  4.69030D+00    |proj g|=  1.27224D-02

At iterate  823    f=  4.69030D+00    |proj g|=  1.16477D-02

At iterate  824    f=  4.69029D+00    |proj g|=  3.52100D-02

At iterate  825    f=  4.69027D+00    |proj g|=  1.89177D-02

At iterate  826    f=  4.69025D+00    |proj g|=  2.24120D-02

At iterate  827    f=  4.69025D+00    |proj g|=  4.70725D-02

At iterate  828    f=  4.69024D+00    |proj g|=  3.77378D-02

At iterate  829    f=  4.69021D+00    |proj g|=  1.67924D-02

At iterate  830    f=  4.69019D+00    |proj g|=  2.15477D-02

At iterate  831    f=  4.69018D+00    |proj g|=  7.07690D-02

At iterate  832    f=  4.69016D+00    |proj g|=  3.88074D-02

At iterate  833    f=  4.69013D+00    |proj g|=  2.72519D-02

At iterate  834    f=  4.69012D+00    |proj g|=  2.23491D-02

At iterate  835    f=  4.69010D+00    |proj g|=  1.97458D-02

At iterate  836    f=  4.69009D+00    |proj g|=  5.12200D-02

At iterate  837    f=  4.69006D+00    |proj g|=  2.31215D-02

At iterate  838    f=  4.69004D+00    |proj g|=  2.93485D-02

At iterate  839    f=  4.69002D+00    |proj g|=  3.73648D-02

At iterate  840    f=  4.69002D+00    |proj g|=  8.51304D-02

At iterate  841    f=  4.69000D+00    |proj g|=  3.04240D-02

At iterate  842    f=  4.68999D+00    |proj g|=  2.97411D-02

At iterate  843    f=  4.68998D+00    |proj g|=  5.20092D-02

At iterate  844    f=  4.68996D+00    |proj g|=  4.94834D-02

At iterate  845    f=  4.68995D+00    |proj g|=  7.88391D-02

At iterate  846    f=  4.68993D+00    |proj g|=  3.23813D-02

At iterate  847    f=  4.68991D+00    |proj g|=  2.22918D-02

At iterate  848    f=  4.68990D+00    |proj g|=  4.06968D-02

At iterate  849    f=  4.68988D+00    |proj g|=  3.73259D-02

At iterate  850    f=  4.68988D+00    |proj g|=  4.90757D-02

At iterate  851    f=  4.68986D+00    |proj g|=  3.79366D-02

At iterate  852    f=  4.68985D+00    |proj g|=  1.44560D-02

At iterate  853    f=  4.68984D+00    |proj g|=  1.68347D-02

At iterate  854    f=  4.68984D+00    |proj g|=  4.82643D-02

At iterate  855    f=  4.68983D+00    |proj g|=  2.13263D-02

At iterate  856    f=  4.68982D+00    |proj g|=  1.32874D-02

At iterate  857    f=  4.68982D+00    |proj g|=  1.37453D-02

At iterate  858    f=  4.68981D+00    |proj g|=  5.36385D-02

At iterate  859    f=  4.68980D+00    |proj g|=  1.47196D-02

At iterate  860    f=  4.68979D+00    |proj g|=  1.11023D-02

At iterate  861    f=  4.68978D+00    |proj g|=  1.29568D-02

At iterate  862    f=  4.68977D+00    |proj g|=  2.58270D-02

At iterate  863    f=  4.68977D+00    |proj g|=  5.66553D-02

At iterate  864    f=  4.68975D+00    |proj g|=  1.82604D-02

At iterate  865    f=  4.68974D+00    |proj g|=  1.22849D-02

At iterate  866    f=  4.68973D+00    |proj g|=  2.97664D-02

At iterate  867    f=  4.68972D+00    |proj g|=  2.77477D-02

At iterate  868    f=  4.68972D+00    |proj g|=  2.39855D-02

At iterate  869    f=  4.68970D+00    |proj g|=  1.13237D-02

At iterate  870    f=  4.68969D+00    |proj g|=  3.59099D-02

At iterate  871    f=  4.68968D+00    |proj g|=  1.58040D-02

At iterate  872    f=  4.68968D+00    |proj g|=  1.02920D-02

At iterate  873    f=  4.68967D+00    |proj g|=  7.96394D-03

At iterate  874    f=  4.68966D+00    |proj g|=  1.27748D-02

At iterate  875    f=  4.68964D+00    |proj g|=  1.91124D-02

At iterate  876    f=  4.68963D+00    |proj g|=  1.76985D-02

At iterate  877    f=  4.68961D+00    |proj g|=  1.90566D-02

At iterate  878    f=  4.68959D+00    |proj g|=  5.03662D-02

At iterate  879    f=  4.68956D+00    |proj g|=  1.89878D-02

At iterate  880    f=  4.68954D+00    |proj g|=  2.54714D-02

At iterate  881    f=  4.68952D+00    |proj g|=  1.85890D-02

At iterate  882    f=  4.68951D+00    |proj g|=  1.01797D-01

At iterate  883    f=  4.68949D+00    |proj g|=  2.75852D-02

At iterate  884    f=  4.68948D+00    |proj g|=  1.46758D-02

At iterate  885    f=  4.68947D+00    |proj g|=  1.96086D-02

At iterate  886    f=  4.68945D+00    |proj g|=  2.34173D-02

At iterate  887    f=  4.68942D+00    |proj g|=  1.04296D-01

At iterate  888    f=  4.68938D+00    |proj g|=  2.78083D-02

At iterate  889    f=  4.68936D+00    |proj g|=  2.00050D-02

At iterate  890    f=  4.68933D+00    |proj g|=  3.66414D-02

At iterate  891    f=  4.68930D+00    |proj g|=  7.66745D-02

At iterate  892    f=  4.68927D+00    |proj g|=  2.95554D-02

At iterate  893    f=  4.68925D+00    |proj g|=  2.41992D-02

At iterate  894    f=  4.68923D+00    |proj g|=  2.14056D-02

At iterate  895    f=  4.68920D+00    |proj g|=  2.67125D-02

At iterate  896    f=  4.68919D+00    |proj g|=  1.17282D-01

At iterate  897    f=  4.68916D+00    |proj g|=  3.90564D-02

At iterate  898    f=  4.68914D+00    |proj g|=  1.73467D-02

At iterate  899    f=  4.68912D+00    |proj g|=  2.95105D-02

At iterate  900    f=  4.68909D+00    |proj g|=  6.78204D-02

At iterate  901    f=  4.68906D+00    |proj g|=  8.31012D-02

At iterate  902    f=  4.68902D+00    |proj g|=  1.98521D-02

At iterate  903    f=  4.68901D+00    |proj g|=  1.91539D-02

At iterate  904    f=  4.68898D+00    |proj g|=  3.40441D-02

At iterate  905    f=  4.68895D+00    |proj g|=  5.47635D-02

At iterate  906    f=  4.68892D+00    |proj g|=  2.38313D-02

At iterate  907    f=  4.68890D+00    |proj g|=  1.82617D-02

At iterate  908    f=  4.68885D+00    |proj g|=  3.55577D-02

At iterate  909    f=  4.68882D+00    |proj g|=  4.55916D-02

At iterate  910    f=  4.68880D+00    |proj g|=  5.94787D-02

At iterate  911    f=  4.68878D+00    |proj g|=  1.80024D-02

At iterate  912    f=  4.68877D+00    |proj g|=  1.52232D-02

At iterate  913    f=  4.68876D+00    |proj g|=  2.26682D-02

At iterate  914    f=  4.68874D+00    |proj g|=  2.27884D-02

At iterate  915    f=  4.68873D+00    |proj g|=  9.33343D-02

At iterate  916    f=  4.68870D+00    |proj g|=  3.57123D-02

At iterate  917    f=  4.68869D+00    |proj g|=  1.82193D-02

At iterate  918    f=  4.68867D+00    |proj g|=  1.31879D-02

At iterate  919    f=  4.68867D+00    |proj g|=  1.78730D-02

At iterate  920    f=  4.68864D+00    |proj g|=  2.51018D-02

      fun: 4.688315604883684
 hess_inv: <56x56 LbfgsInvHessProduct with dtype=float64>
      jac: array([ 5.47384360e-04,  2.42650344e-04,  3.29514194e-05, -8.39328607e-05,
        1.80921944e-04, -4.14779322e-04, -4.67901273e-03, -6.02344841e-03,
       -2.34541275e-03, -2.50377497e-03, -6.88960000e-04, -2.20756746e-03,
        2.02415862e-04,  9.48574552e-05,  1.74615877e-04,  1.43884904e-04,
        9.95026284e-04, -6.20481444e-04, -7.60369545e-04, -7.33724193e-04,
        2.82263102e-04,  1.27986510e-04,  8.11617440e-04, -8.64019967e-04,
       -9.75219905e-05, -8.76010375e-04,  8.56470450e-04, -5.27666799e-04,
       -9.42890210e-04,  2.35367281e-05,  6.61870558e-04, -1.06581410e-06,
       -9.11803966e-04,  9.32498523e-04, -5.03685982e-04, -8.66862138e-05,
       -2.44781972e-04,  6.75015599e-06, -1.83471016e-03,  4.96580554e-03,
        2.33804087e-03, -1.32223121e-03, -3.64241970e-04,  3.02851078e-03,
       -5.56088509e-04, -8.15081336e-04, -9.62430136e-04, -1.19211307e-03,
       -5.15143483e-05, -5.47739631e-04,  4.27036184e-04, -1.25446320e-03,
       -4.04121181e-05, -1.53779212e-03,  8.21565038e-04,  1.19015908e-05])
  message: b'STOP: TOTAL NO. of ITERATIONS REACHED LIMIT'
     nfev: 62415
      nit: 1000
   status: 1
  success: False
        x: array([ 0.17979146,  0.36936957,  1.44309385,  0.41085526,  1.46512563,
       -0.24905711, -1.81886294,  0.75918505,  0.11668449, -1.07744959,
        0.65722143,  0.6298937 , -1.59151058,  0.51646192, -0.39105251,
       -0.73667418, -0.72640236, -0.05110188, -0.38420871, -0.54094678,
        1.59679275,  0.61086584,  0.94710305, -0.34244364, -0.24153169,
        1.47577919,  1.31038129, -0.51435555, -0.98754512,  0.72901236,
        1.09567261,  0.16442884, -5.48634826,  3.07806061, -3.87582186,
        2.29190664,  2.5313903 ,  2.19970944,  2.08040863,  2.48810651,
       -0.19628706, -0.61062616,  1.85043711, -0.30449549,  2.77002323,
        2.35482812,  0.5744029 ,  0.58792727,  1.56434864, -0.35481841,
       -3.40391689,  2.84775953, -2.13638487,  1.04971053,  2.74170699,
        1.25609073])
 This problem is unconstrained.
At iterate  921    f=  4.68864D+00    |proj g|=  6.41234D-02

At iterate  922    f=  4.68861D+00    |proj g|=  3.06195D-02

At iterate  923    f=  4.68860D+00    |proj g|=  3.03027D-02

At iterate  924    f=  4.68859D+00    |proj g|=  2.24274D-02

At iterate  925    f=  4.68859D+00    |proj g|=  1.92644D-02

At iterate  926    f=  4.68856D+00    |proj g|=  2.19925D-02

At iterate  927    f=  4.68855D+00    |proj g|=  6.18866D-02

At iterate  928    f=  4.68854D+00    |proj g|=  2.35978D-02

At iterate  929    f=  4.68853D+00    |proj g|=  1.49329D-02

At iterate  930    f=  4.68852D+00    |proj g|=  1.33665D-02

At iterate  931    f=  4.68851D+00    |proj g|=  1.95162D-02

At iterate  932    f=  4.68850D+00    |proj g|=  2.27016D-02

At iterate  933    f=  4.68849D+00    |proj g|=  1.42569D-02

At iterate  934    f=  4.68848D+00    |proj g|=  9.99929D-03

At iterate  935    f=  4.68847D+00    |proj g|=  6.78412D-02

At iterate  936    f=  4.68846D+00    |proj g|=  2.46058D-02

At iterate  937    f=  4.68846D+00    |proj g|=  1.78053D-02

At iterate  938    f=  4.68845D+00    |proj g|=  2.26137D-02

At iterate  939    f=  4.68844D+00    |proj g|=  1.47991D-02

At iterate  940    f=  4.68844D+00    |proj g|=  3.75441D-02

At iterate  941    f=  4.68843D+00    |proj g|=  1.32203D-02

At iterate  942    f=  4.68843D+00    |proj g|=  1.14610D-02

At iterate  943    f=  4.68842D+00    |proj g|=  1.40768D-02

At iterate  944    f=  4.68842D+00    |proj g|=  1.35984D-02

At iterate  945    f=  4.68841D+00    |proj g|=  3.05804D-02

At iterate  946    f=  4.68841D+00    |proj g|=  2.14897D-02

At iterate  947    f=  4.68840D+00    |proj g|=  9.85967D-03

At iterate  948    f=  4.68840D+00    |proj g|=  6.87645D-03

At iterate  949    f=  4.68840D+00    |proj g|=  1.22238D-02

At iterate  950    f=  4.68839D+00    |proj g|=  3.75388D-02

At iterate  951    f=  4.68839D+00    |proj g|=  1.30584D-02

At iterate  952    f=  4.68839D+00    |proj g|=  7.42970D-03

At iterate  953    f=  4.68839D+00    |proj g|=  8.29408D-03

At iterate  954    f=  4.68838D+00    |proj g|=  1.99964D-02

At iterate  955    f=  4.68838D+00    |proj g|=  1.28217D-02

At iterate  956    f=  4.68837D+00    |proj g|=  5.75531D-03

At iterate  957    f=  4.68837D+00    |proj g|=  9.17062D-03

At iterate  958    f=  4.68837D+00    |proj g|=  4.78878D-02

At iterate  959    f=  4.68836D+00    |proj g|=  1.22300D-02

At iterate  960    f=  4.68835D+00    |proj g|=  5.33280D-03

At iterate  961    f=  4.68835D+00    |proj g|=  5.76366D-03

At iterate  962    f=  4.68835D+00    |proj g|=  2.47195D-02

At iterate  963    f=  4.68835D+00    |proj g|=  4.78471D-03

At iterate  964    f=  4.68835D+00    |proj g|=  5.07407D-03

At iterate  965    f=  4.68834D+00    |proj g|=  9.57465D-03

At iterate  966    f=  4.68834D+00    |proj g|=  1.01592D-02

At iterate  967    f=  4.68834D+00    |proj g|=  9.12888D-03

At iterate  968    f=  4.68834D+00    |proj g|=  4.64615D-03

At iterate  969    f=  4.68834D+00    |proj g|=  5.81277D-03

At iterate  970    f=  4.68833D+00    |proj g|=  5.92726D-03

At iterate  971    f=  4.68833D+00    |proj g|=  1.12887D-02

At iterate  972    f=  4.68833D+00    |proj g|=  7.02549D-03

At iterate  973    f=  4.68833D+00    |proj g|=  4.86642D-03

At iterate  974    f=  4.68833D+00    |proj g|=  1.81133D-02

At iterate  975    f=  4.68833D+00    |proj g|=  3.05658D-03

At iterate  976    f=  4.68833D+00    |proj g|=  2.96927D-03

At iterate  977    f=  4.68833D+00    |proj g|=  2.10774D-03

At iterate  978    f=  4.68833D+00    |proj g|=  2.07496D-03

At iterate  979    f=  4.68833D+00    |proj g|=  8.62075D-03

At iterate  980    f=  4.68832D+00    |proj g|=  2.76428D-03

At iterate  981    f=  4.68832D+00    |proj g|=  2.12612D-03

At iterate  982    f=  4.68832D+00    |proj g|=  3.48708D-03

At iterate  983    f=  4.68832D+00    |proj g|=  3.30598D-03

At iterate  984    f=  4.68832D+00    |proj g|=  9.48095D-03

At iterate  985    f=  4.68832D+00    |proj g|=  3.30838D-03

At iterate  986    f=  4.68832D+00    |proj g|=  2.52696D-03

At iterate  987    f=  4.68832D+00    |proj g|=  2.49881D-02

At iterate  988    f=  4.68832D+00    |proj g|=  5.67768D-03

At iterate  989    f=  4.68832D+00    |proj g|=  2.46034D-03

At iterate  990    f=  4.68832D+00    |proj g|=  4.98730D-03

At iterate  991    f=  4.68832D+00    |proj g|=  4.48503D-03

At iterate  992    f=  4.68832D+00    |proj g|=  5.52882D-03

At iterate  993    f=  4.68832D+00    |proj g|=  6.53522D-03

At iterate  994    f=  4.68832D+00    |proj g|=  2.85745D-03

At iterate  995    f=  4.68832D+00    |proj g|=  2.65246D-03

At iterate  996    f=  4.68832D+00    |proj g|=  2.60147D-03

At iterate  997    f=  4.68832D+00    |proj g|=  7.53797D-03

At iterate  998    f=  4.68832D+00    |proj g|=  3.28253D-03

At iterate  999    f=  4.68832D+00    |proj g|=  2.55778D-03

At iterate 1000    f=  4.68832D+00    |proj g|=  6.02345D-03

           * * *

Tit   = total number of iterations
Tnf   = total number of function evaluations
Tnint = total number of segments explored during Cauchy searches
Skip  = number of BFGS updates skipped
Nact  = number of active bounds at final generalized Cauchy point
Projg = norm of the final projected gradient
F     = final function value

           * * *

   N    Tit     Tnf  Tnint  Skip  Nact     Projg        F
   56   1000   1095      1     0     0   6.023D-03   4.688D+00
  F =   4.6883156048836838     

STOP: TOTAL NO. of ITERATIONS REACHED LIMIT                 
