/home/adrianps/qcpdf/PDFmodel.py:531: OptimizeWarning: Unknown solver options: maxfevals
  method=method, options=options)
chi = 19.37935674588318
      fun: 9.312436846123413
 hess_inv: <56x56 LbfgsInvHessProduct with dtype=float64>
      jac: array([ 0.00228457, -0.00184386,  0.01594174, -0.02258638, -0.00014406,
       -0.01589893,  0.04049721, -0.03440324, -0.00068088,  0.00585363,
       -0.02323208, -0.01263452,  0.00589022, -0.00500826, -0.0155838 ,
        0.00178009, -0.01757545, -0.01407194,  0.01313669, -0.0010667 ,
        0.01442011,  0.00352607,  0.00010534,  0.00279599,  0.0110596 ,
        0.02398828, -0.00323563, -0.01819576,  0.02718927, -0.01014779,
        0.00319442,  0.00085532,  0.00269313,  0.00192806,  0.00762554,
        0.00048388, -0.00087539,  0.00033431,  0.00084235,  0.02595026,
        0.0093987 , -0.01579625,  0.00367422, -0.0147784 , -0.02546603,
        0.01166196, -0.01735661, -0.00577955, -0.00267235,  0.00375202,
       -0.00021814, -0.00604032,  0.01842881,  0.0059531 ,  0.00765414,
        0.00243201])
  message: b'STOP: TOTAL NO. of f AND g EVALUATIONS EXCEEDS LIMIT'
     nfev: 15048
      nit: 243
   status: 1
  success: False
        x: array([ 0.08572339,  0.72511201, -0.38389082, -0.05772859,  0.90487885,
        1.61435344, -1.0403321 ,  1.12348974,  0.64625421, -0.91508577,
        1.05308824,  0.62348541, -0.31350008,  1.59492081,  1.32118054,
       -0.72925794,  0.8834079 ,  0.67089427,  0.14563663,  0.78653998,
        1.06488841, -0.43529265,  0.72185395,  0.39738395,  0.06944929,
       -0.40260661,  0.92427599,  0.68660369,  0.69265183,  0.77837377,
        0.6663856 , -0.03854998, -0.34081104,  3.19892918, -0.66112177,
       -0.21295549,  2.46984359,  1.39358935,  0.47096989,  2.2453588 ,
       -0.0116173 ,  0.39888179,  2.29669323,  0.28676958, -0.14462543,
        1.18676157,  1.03117494,  0.51453068,  2.19315925,  0.35657005,
        0.20224933,  2.05303104,  1.32428175,  0.8692369 ,  2.71079522,
        0.84565285])
