RUNNING THE L-BFGS-B CODE

           * * *

Machine precision = 2.220D-16
 N =           88     M =           10

At X0         0 variables are exactly at the bounds

At iterate    0    f=  1.08896D+03    |proj g|=  1.20961D+02

At iterate    1    f=  1.07882D+03    |proj g|=  2.07478D+02

At iterate    2    f=  1.06824D+03    |proj g|=  1.37471D+02

At iterate    3    f=  1.05139D+03    |proj g|=  1.84157D+02

At iterate    4    f=  1.04118D+03    |proj g|=  2.91313D+02

At iterate    5    f=  1.02972D+03    |proj g|=  1.67421D+02

At iterate    6    f=  1.01423D+03    |proj g|=  1.59818D+02

At iterate    7    f=  9.87451D+02    |proj g|=  2.81428D+02

At iterate    8    f=  9.69192D+02    |proj g|=  4.08780D+02

At iterate    9    f=  9.34529D+02    |proj g|=  2.65561D+02

At iterate   10    f=  8.41967D+02    |proj g|=  4.09724D+02

At iterate   11    f=  7.57139D+02    |proj g|=  3.01125D+02

At iterate   12    f=  6.84428D+02    |proj g|=  1.62481D+02

At iterate   13    f=  6.14135D+02    |proj g|=  1.22966D+02

At iterate   14    f=  5.40437D+02    |proj g|=  1.68085D+02

At iterate   15    f=  4.76790D+02    |proj g|=  2.16415D+02

At iterate   16    f=  4.01820D+02    |proj g|=  2.12553D+02

At iterate   17    f=  3.41435D+02    |proj g|=  2.26755D+02

At iterate   18    f=  2.71150D+02    |proj g|=  1.14805D+02

At iterate   19    f=  2.45563D+02    |proj g|=  1.05761D+02

At iterate   20    f=  2.32740D+02    |proj g|=  3.84568D+01

At iterate   21    f=  2.22863D+02    |proj g|=  3.81905D+01

At iterate   22    f=  2.09090D+02    |proj g|=  3.13979D+01

At iterate   23    f=  1.89251D+02    |proj g|=  7.55035D+01

At iterate   24    f=  1.73554D+02    |proj g|=  1.26065D+02

At iterate   25    f=  1.51062D+02    |proj g|=  3.75542D+01

At iterate   26    f=  1.33767D+02    |proj g|=  3.61995D+01

At iterate   27    f=  1.15039D+02    |proj g|=  2.16940D+01

At iterate   28    f=  1.06276D+02    |proj g|=  8.53620D+01

At iterate   29    f=  9.43134D+01    |proj g|=  1.88710D+01

At iterate   30    f=  8.92375D+01    |proj g|=  2.10820D+01

At iterate   31    f=  8.35894D+01    |proj g|=  2.55529D+01

At iterate   32    f=  7.85067D+01    |proj g|=  5.65610D+01

At iterate   33    f=  7.28881D+01    |proj g|=  1.24458D+01

At iterate   34    f=  7.09120D+01    |proj g|=  1.05595D+01

At iterate   35    f=  6.81779D+01    |proj g|=  1.25977D+01

At iterate   36    f=  6.66756D+01    |proj g|=  4.80401D+01

At iterate   37    f=  6.47720D+01    |proj g|=  2.24459D+01

At iterate   38    f=  6.34489D+01    |proj g|=  1.00676D+01

At iterate   39    f=  6.21615D+01    |proj g|=  1.94524D+01

At iterate   40    f=  6.07776D+01    |proj g|=  2.43323D+01

At iterate   41    f=  5.77342D+01    |proj g|=  2.20339D+01

At iterate   42    f=  5.61491D+01    |proj g|=  2.92635D+01

At iterate   43    f=  5.29198D+01    |proj g|=  8.08863D+00

At iterate   44    f=  5.10217D+01    |proj g|=  6.54762D+00

At iterate   45    f=  5.02296D+01    |proj g|=  3.81894D+01

At iterate   46    f=  4.87692D+01    |proj g|=  1.81758D+01

At iterate   47    f=  4.81866D+01    |proj g|=  5.69485D+00

At iterate   48    f=  4.74813D+01    |proj g|=  9.96593D+00

At iterate   49    f=  4.67705D+01    |proj g|=  1.12817D+01

At iterate   50    f=  4.60576D+01    |proj g|=  3.68099D+01

At iterate   51    f=  4.47250D+01    |proj g|=  2.02773D+01

At iterate   52    f=  4.33748D+01    |proj g|=  6.08601D+00

At iterate   53    f=  4.24479D+01    |proj g|=  9.01177D+00

At iterate   54    f=  4.14160D+01    |proj g|=  1.43928D+01

At iterate   55    f=  4.02045D+01    |proj g|=  1.21176D+01

At iterate   56    f=  3.94079D+01    |proj g|=  1.35159D+01

At iterate   57    f=  3.84231D+01    |proj g|=  5.98629D+00

At iterate   58    f=  3.72337D+01    |proj g|=  5.94126D+00

At iterate   59    f=  3.56885D+01    |proj g|=  7.43721D+00

At iterate   60    f=  3.44280D+01    |proj g|=  1.13632D+01

At iterate   61    f=  3.41402D+01    |proj g|=  2.30843D+01

At iterate   62    f=  3.26823D+01    |proj g|=  2.43454D+01

At iterate   63    f=  3.21403D+01    |proj g|=  8.00271D+00

At iterate   64    f=  3.18915D+01    |proj g|=  3.67853D+00

At iterate   65    f=  3.13047D+01    |proj g|=  4.85953D+00

At iterate   66    f=  3.06982D+01    |proj g|=  5.41655D+00

At iterate   67    f=  2.97613D+01    |proj g|=  8.14060D+00

At iterate   68    f=  2.91587D+01    |proj g|=  7.61612D+00

At iterate   69    f=  2.84256D+01    |proj g|=  5.71678D+00

At iterate   70    f=  2.78548D+01    |proj g|=  3.31355D+00

At iterate   71    f=  2.73923D+01    |proj g|=  5.17851D+00

At iterate   72    f=  2.67494D+01    |proj g|=  1.03815D+01

At iterate   73    f=  2.64811D+01    |proj g|=  1.59995D+01

At iterate   74    f=  2.61441D+01    |proj g|=  5.41715D+00

At iterate   75    f=  2.59550D+01    |proj g|=  5.66555D+00

At iterate   76    f=  2.55050D+01    |proj g|=  3.88205D+00

At iterate   77    f=  2.51685D+01    |proj g|=  7.80829D+00

At iterate   78    f=  2.46289D+01    |proj g|=  6.96792D+00

At iterate   79    f=  2.41894D+01    |proj g|=  2.83257D+00

At iterate   80    f=  2.35675D+01    |proj g|=  5.35928D+00

At iterate   81    f=  2.32644D+01    |proj g|=  4.89793D+00

At iterate   82    f=  2.29160D+01    |proj g|=  1.99831D+00

At iterate   83    f=  2.27333D+01    |proj g|=  1.63245D+00

At iterate   84    f=  2.26362D+01    |proj g|=  6.52028D+00

At iterate   85    f=  2.25846D+01    |proj g|=  4.24187D+00

At iterate   86    f=  2.25247D+01    |proj g|=  3.26808D+00

At iterate   87    f=  2.23735D+01    |proj g|=  1.96986D+00

At iterate   88    f=  2.22632D+01    |proj g|=  1.54431D+00

At iterate   89    f=  2.21217D+01    |proj g|=  1.85786D+00

At iterate   90    f=  2.19946D+01    |proj g|=  3.24027D+00

At iterate   91    f=  2.18461D+01    |proj g|=  1.48442D+00

At iterate   92    f=  2.16943D+01    |proj g|=  1.47672D+00

At iterate   93    f=  2.15145D+01    |proj g|=  2.36506D+00

At iterate   94    f=  2.13147D+01    |proj g|=  2.16342D+00

At iterate   95    f=  2.11990D+01    |proj g|=  5.14431D+00

At iterate   96    f=  2.11584D+01    |proj g|=  5.51250D+00

At iterate   97    f=  2.11066D+01    |proj g|=  3.60419D+00

At iterate   98    f=  2.10195D+01    |proj g|=  1.64480D+00

At iterate   99    f=  2.09434D+01    |proj g|=  2.72954D+00

At iterate  100    f=  2.08099D+01    |proj g|=  3.06379D+00

At iterate  101    f=  2.07153D+01    |proj g|=  4.18111D+00

At iterate  102    f=  2.06168D+01    |proj g|=  1.51027D+00

At iterate  103    f=  2.05511D+01    |proj g|=  1.23033D+00

At iterate  104    f=  2.04575D+01    |proj g|=  2.18953D+00

At iterate  105    f=  2.02810D+01    |proj g|=  3.26806D+00

At iterate  106    f=  2.01592D+01    |proj g|=  4.06912D+00

At iterate  107    f=  1.99766D+01    |proj g|=  1.63327D+00

At iterate  108    f=  1.99311D+01    |proj g|=  6.95413D+00

At iterate  109    f=  1.98356D+01    |proj g|=  1.98217D+00

At iterate  110    f=  1.97779D+01    |proj g|=  2.79022D+00

At iterate  111    f=  1.96628D+01    |proj g|=  4.07602D+00

At iterate  112    f=  1.95007D+01    |proj g|=  3.97365D+00

At iterate  113    f=  1.93934D+01    |proj g|=  5.24951D+00

At iterate  114    f=  1.92250D+01    |proj g|=  2.64990D+00

At iterate  115    f=  1.91726D+01    |proj g|=  4.82603D+00

At iterate  116    f=  1.89908D+01    |proj g|=  2.17155D+00

At iterate  117    f=  1.89114D+01    |proj g|=  1.73723D+00

At iterate  118    f=  1.87930D+01    |proj g|=  1.82189D+00

At iterate  119    f=  1.87655D+01    |proj g|=  1.09831D+01

At iterate  120    f=  1.86651D+01    |proj g|=  2.43184D+00

At iterate  121    f=  1.86292D+01    |proj g|=  1.53342D+00

At iterate  122    f=  1.85868D+01    |proj g|=  1.50539D+00

At iterate  123    f=  1.85340D+01    |proj g|=  1.39124D+00

At iterate  124    f=  1.84885D+01    |proj g|=  3.06934D+00

At iterate  125    f=  1.84636D+01    |proj g|=  3.00546D+00

At iterate  126    f=  1.84271D+01    |proj g|=  1.12693D+00

At iterate  127    f=  1.84032D+01    |proj g|=  7.59982D-01

At iterate  128    f=  1.83703D+01    |proj g|=  1.79282D+00

At iterate  129    f=  1.83321D+01    |proj g|=  2.20222D+00

At iterate  130    f=  1.82435D+01    |proj g|=  2.41668D+00

At iterate  131    f=  1.82222D+01    |proj g|=  1.54508D+00

At iterate  132    f=  1.81797D+01    |proj g|=  1.33991D+00

At iterate  133    f=  1.81563D+01    |proj g|=  3.19962D+00

At iterate  134    f=  1.81393D+01    |proj g|=  1.49797D+00

At iterate  135    f=  1.81097D+01    |proj g|=  1.67452D+00

At iterate  136    f=  1.80781D+01    |proj g|=  3.15985D+00

At iterate  137    f=  1.80295D+01    |proj g|=  3.18393D+00

At iterate  138    f=  1.79849D+01    |proj g|=  5.04522D+00

At iterate  139    f=  1.78700D+01    |proj g|=  4.52554D+00

At iterate  140    f=  1.77628D+01    |proj g|=  2.86683D+00

At iterate  141    f=  1.77009D+01    |proj g|=  4.00844D+00

At iterate  142    f=  1.76460D+01    |proj g|=  1.14818D+01

At iterate  143    f=  1.75257D+01    |proj g|=  1.31938D+00

At iterate  144    f=  1.74965D+01    |proj g|=  1.14683D+00

At iterate  145    f=  1.74143D+01    |proj g|=  1.74830D+00

At iterate  146    f=  1.73162D+01    |proj g|=  6.40284D+00

At iterate  147    f=  1.72460D+01    |proj g|=  1.94936D+00

At iterate  148    f=  1.71961D+01    |proj g|=  3.41744D+00

At iterate  149    f=  1.71061D+01    |proj g|=  5.05825D+00

At iterate  150    f=  1.69630D+01    |proj g|=  4.30608D+00

At iterate  151    f=  1.68172D+01    |proj g|=  3.38876D+00

At iterate  152    f=  1.66965D+01    |proj g|=  2.10809D+00

At iterate  153    f=  1.66062D+01    |proj g|=  1.75927D+00

At iterate  154    f=  1.65067D+01    |proj g|=  2.19766D+00

At iterate  155    f=  1.64800D+01    |proj g|=  5.11017D+00

At iterate  156    f=  1.64135D+01    |proj g|=  1.34669D+00

At iterate  157    f=  1.63762D+01    |proj g|=  1.84873D+00

At iterate  158    f=  1.63509D+01    |proj g|=  1.32654D+00

At iterate  159    f=  1.63342D+01    |proj g|=  4.49035D+00

At iterate  160    f=  1.63121D+01    |proj g|=  1.20873D+00

At iterate  161    f=  1.62884D+01    |proj g|=  1.69731D+00

At iterate  162    f=  1.62569D+01    |proj g|=  1.61912D+00

At iterate  163    f=  1.61860D+01    |proj g|=  1.73744D+00

At iterate  164    f=  1.61517D+01    |proj g|=  5.18193D+00

At iterate  165    f=  1.60693D+01    |proj g|=  1.26308D+00

At iterate  166    f=  1.60327D+01    |proj g|=  9.40707D-01

At iterate  167    f=  1.59767D+01    |proj g|=  1.94161D+00

At iterate  168    f=  1.59443D+01    |proj g|=  2.43623D+00

At iterate  169    f=  1.58836D+01    |proj g|=  1.72292D+00

At iterate  170    f=  1.57817D+01    |proj g|=  2.05262D+00

At iterate  171    f=  1.56156D+01    |proj g|=  6.29571D+00

At iterate  172    f=  1.55545D+01    |proj g|=  1.15991D+01

At iterate  173    f=  1.53491D+01    |proj g|=  5.18342D+00

At iterate  174    f=  1.51736D+01    |proj g|=  3.71976D+00

At iterate  175    f=  1.49439D+01    |proj g|=  3.91614D+00

At iterate  176    f=  1.46495D+01    |proj g|=  1.25367D+01

At iterate  177    f=  1.43703D+01    |proj g|=  6.24059D+00

At iterate  178    f=  1.39269D+01    |proj g|=  6.23118D+00

At iterate  179    f=  1.34395D+01    |proj g|=  1.11907D+01

At iterate  180    f=  1.30439D+01    |proj g|=  1.23651D+01

At iterate  181    f=  1.28298D+01    |proj g|=  5.10466D+00

At iterate  182    f=  1.26536D+01    |proj g|=  4.25833D+00

At iterate  183    f=  1.22583D+01    |proj g|=  3.22268D+00

At iterate  184    f=  1.20271D+01    |proj g|=  3.98132D+00

At iterate  185    f=  1.19443D+01    |proj g|=  4.55680D+00

At iterate  186    f=  1.14881D+01    |proj g|=  4.52195D+00

At iterate  187    f=  1.12190D+01    |proj g|=  5.47178D+00

At iterate  188    f=  1.10150D+01    |proj g|=  2.43072D+00

At iterate  189    f=  1.07858D+01    |proj g|=  1.83863D+00

At iterate  190    f=  1.06655D+01    |proj g|=  6.91230D+00

At iterate  191    f=  1.05470D+01    |proj g|=  1.50960D+00

At iterate  192    f=  1.04828D+01    |proj g|=  3.04885D+00

At iterate  193    f=  1.04075D+01    |proj g|=  3.09593D+00

At iterate  194    f=  1.03469D+01    |proj g|=  6.18831D+00

At iterate  195    f=  1.02491D+01    |proj g|=  2.85991D+00

At iterate  196    f=  1.01768D+01    |proj g|=  1.26533D+00

At iterate  197    f=  1.01338D+01    |proj g|=  2.14822D+00

At iterate  198    f=  1.00653D+01    |proj g|=  1.98634D+00

At iterate  199    f=  9.95523D+00    |proj g|=  3.28002D+00

At iterate  200    f=  9.90436D+00    |proj g|=  1.90393D+00

At iterate  201    f=  9.85815D+00    |proj g|=  8.88918D-01

At iterate  202    f=  9.80822D+00    |proj g|=  1.92433D+00

At iterate  203    f=  9.76975D+00    |proj g|=  1.20273D+00

At iterate  204    f=  9.73374D+00    |proj g|=  3.50528D+00

At iterate  205    f=  9.69896D+00    |proj g|=  2.03669D+00

At iterate  206    f=  9.65109D+00    |proj g|=  1.78133D+00

At iterate  207    f=  9.62664D+00    |proj g|=  1.62449D+00

At iterate  208    f=  9.58869D+00    |proj g|=  5.32007D+00

At iterate  209    f=  9.51543D+00    |proj g|=  2.50839D+00

At iterate  210    f=  9.47979D+00    |proj g|=  1.15395D+00

At iterate  211    f=  9.44721D+00    |proj g|=  1.23240D+00

At iterate  212    f=  9.41488D+00    |proj g|=  1.07355D+00

At iterate  213    f=  9.37111D+00    |proj g|=  1.45229D+00

At iterate  214    f=  9.34608D+00    |proj g|=  1.93429D+00

At iterate  215    f=  9.33205D+00    |proj g|=  1.67658D+00

At iterate  216    f=  9.32208D+00    |proj g|=  1.31710D+00

At iterate  217    f=  9.29668D+00    |proj g|=  6.84757D-01

At iterate  218    f=  9.26793D+00    |proj g|=  6.41651D-01

At iterate  219    f=  9.24268D+00    |proj g|=  9.21338D-01

At iterate  220    f=  9.22861D+00    |proj g|=  1.74614D+00

At iterate  221    f=  9.20059D+00    |proj g|=  4.99588D-01

At iterate  222    f=  9.18020D+00    |proj g|=  5.30849D-01

At iterate  223    f=  9.14908D+00    |proj g|=  1.09894D+00

At iterate  224    f=  9.12756D+00    |proj g|=  7.92728D-01

At iterate  225    f=  9.11297D+00    |proj g|=  5.56802D-01

At iterate  226    f=  9.10176D+00    |proj g|=  2.23215D+00

At iterate  227    f=  9.08775D+00    |proj g|=  1.08440D+00

At iterate  228    f=  9.07875D+00    |proj g|=  9.93604D-01

At iterate  229    f=  9.04107D+00    |proj g|=  6.37368D-01

At iterate  230    f=  9.01986D+00    |proj g|=  8.31374D-01

At iterate  231    f=  9.00642D+00    |proj g|=  2.36887D+00

At iterate  232    f=  8.98718D+00    |proj g|=  4.35955D-01

At iterate  233    f=  8.97798D+00    |proj g|=  5.30276D-01

At iterate  234    f=  8.95996D+00    |proj g|=  6.66883D-01

At iterate  235    f=  8.93354D+00    |proj g|=  8.63602D-01

At iterate  236    f=  8.92223D+00    |proj g|=  1.40742D+00

At iterate  237    f=  8.91222D+00    |proj g|=  4.83073D-01

At iterate  238    f=  8.90607D+00    |proj g|=  4.95765D-01

At iterate  239    f=  8.90164D+00    |proj g|=  2.05939D+00

At iterate  240    f=  8.89428D+00    |proj g|=  1.41173D+00

At iterate  241    f=  8.88353D+00    |proj g|=  4.21178D-01

At iterate  242    f=  8.87671D+00    |proj g|=  7.57706D-01

At iterate  243    f=  8.86695D+00    |proj g|=  7.56116D-01

At iterate  244    f=  8.86055D+00    |proj g|=  2.16660D+00

At iterate  245    f=  8.84803D+00    |proj g|=  1.16129D+00

At iterate  246    f=  8.83604D+00    |proj g|=  4.39061D-01

At iterate  247    f=  8.82795D+00    |proj g|=  9.55703D-01

At iterate  248    f=  8.81695D+00    |proj g|=  9.26948D-01

At iterate  249    f=  8.81040D+00    |proj g|=  1.76023D+00

At iterate  250    f=  8.80054D+00    |proj g|=  1.22734D+00

At iterate  251    f=  8.79198D+00    |proj g|=  4.69922D-01

At iterate  252    f=  8.78547D+00    |proj g|=  4.17663D-01

At iterate  253    f=  8.77764D+00    |proj g|=  1.37612D+00

At iterate  254    f=  8.76614D+00    |proj g|=  7.77007D-01

At iterate  255    f=  8.74998D+00    |proj g|=  5.14783D-01

At iterate  256    f=  8.73768D+00    |proj g|=  5.71171D-01

At iterate  257    f=  8.72870D+00    |proj g|=  2.02097D+00

At iterate  258    f=  8.71531D+00    |proj g|=  4.25287D-01

At iterate  259    f=  8.70959D+00    |proj g|=  4.62925D-01

At iterate  260    f=  8.69367D+00    |proj g|=  8.39687D-01

At iterate  261    f=  8.68834D+00    |proj g|=  1.21268D+00

At iterate  262    f=  8.67761D+00    |proj g|=  5.44663D-01

At iterate  263    f=  8.66924D+00    |proj g|=  4.34697D-01

At iterate  264    f=  8.65193D+00    |proj g|=  4.79630D-01

At iterate  265    f=  8.63896D+00    |proj g|=  5.95399D-01

At iterate  266    f=  8.62840D+00    |proj g|=  1.47447D+00

At iterate  267    f=  8.61564D+00    |proj g|=  6.19109D-01

At iterate  268    f=  8.60182D+00    |proj g|=  5.09844D-01

At iterate  269    f=  8.59088D+00    |proj g|=  5.45833D-01

At iterate  270    f=  8.56701D+00    |proj g|=  1.41749D+00

At iterate  271    f=  8.55485D+00    |proj g|=  8.24367D-01

At iterate  272    f=  8.54117D+00    |proj g|=  1.02234D+00

At iterate  273    f=  8.53602D+00    |proj g|=  1.91982D+00

At iterate  274    f=  8.52404D+00    |proj g|=  8.15078D-01

At iterate  275    f=  8.51543D+00    |proj g|=  4.93620D-01

At iterate  276    f=  8.49815D+00    |proj g|=  9.10724D-01

At iterate  277    f=  8.48377D+00    |proj g|=  1.36567D+00

At iterate  278    f=  8.46342D+00    |proj g|=  6.92519D-01

At iterate  279    f=  8.45063D+00    |proj g|=  5.55082D-01

At iterate  280    f=  8.43789D+00    |proj g|=  5.51534D-01

At iterate  281    f=  8.41833D+00    |proj g|=  1.26073D+00

At iterate  282    f=  8.41369D+00    |proj g|=  1.06311D+00

At iterate  283    f=  8.39784D+00    |proj g|=  4.85671D-01

At iterate  284    f=  8.39018D+00    |proj g|=  3.99062D-01

At iterate  285    f=  8.38041D+00    |proj g|=  2.01517D+00

At iterate  286    f=  8.37489D+00    |proj g|=  8.81622D-01

At iterate  287    f=  8.37018D+00    |proj g|=  3.18878D-01

At iterate  288    f=  8.36645D+00    |proj g|=  3.67899D-01

At iterate  289    f=  8.35799D+00    |proj g|=  1.11008D+00

At iterate  290    f=  8.34975D+00    |proj g|=  5.08271D-01

At iterate  291    f=  8.34210D+00    |proj g|=  9.22845D-01

At iterate  292    f=  8.33393D+00    |proj g|=  3.69134D-01

At iterate  293    f=  8.32689D+00    |proj g|=  4.65956D-01

At iterate  294    f=  8.32153D+00    |proj g|=  3.97549D-01

At iterate  295    f=  8.31116D+00    |proj g|=  6.36261D-01

At iterate  296    f=  8.30741D+00    |proj g|=  1.17478D+00

At iterate  297    f=  8.30205D+00    |proj g|=  5.09561D-01

At iterate  298    f=  8.29775D+00    |proj g|=  4.93164D-01

At iterate  299    f=  8.28985D+00    |proj g|=  1.02850D+00

At iterate  300    f=  8.28346D+00    |proj g|=  6.53100D-01

At iterate  301    f=  8.27435D+00    |proj g|=  3.47690D-01

At iterate  302    f=  8.26818D+00    |proj g|=  4.36788D-01

At iterate  303    f=  8.25832D+00    |proj g|=  9.47712D-01

At iterate  304    f=  8.25407D+00    |proj g|=  6.58568D-01

At iterate  305    f=  8.25037D+00    |proj g|=  3.42634D-01

At iterate  306    f=  8.24357D+00    |proj g|=  3.62783D-01

At iterate  307    f=  8.23843D+00    |proj g|=  2.07882D+00

At iterate  308    f=  8.23169D+00    |proj g|=  9.51040D-01

At iterate  309    f=  8.22681D+00    |proj g|=  3.66092D-01

At iterate  310    f=  8.22396D+00    |proj g|=  5.40625D-01

At iterate  311    f=  8.22000D+00    |proj g|=  6.55279D-01

At iterate  312    f=  8.21372D+00    |proj g|=  9.94022D-01

At iterate  313    f=  8.20695D+00    |proj g|=  5.33617D-01

At iterate  314    f=  8.20279D+00    |proj g|=  3.28659D-01

At iterate  315    f=  8.19790D+00    |proj g|=  4.14256D-01

At iterate  316    f=  8.19385D+00    |proj g|=  5.46123D-01

At iterate  317    f=  8.18999D+00    |proj g|=  1.49525D+00

At iterate  318    f=  8.18551D+00    |proj g|=  7.21407D-01

At iterate  319    f=  8.18395D+00    |proj g|=  2.14890D-01

At iterate  320    f=  8.18336D+00    |proj g|=  1.95923D-01

At iterate  321    f=  8.18231D+00    |proj g|=  4.03089D-01

At iterate  322    f=  8.18026D+00    |proj g|=  3.29691D-01

At iterate  323    f=  8.17801D+00    |proj g|=  3.74576D-01

At iterate  324    f=  8.17636D+00    |proj g|=  5.17523D-01

At iterate  325    f=  8.17490D+00    |proj g|=  2.49037D-01

At iterate  326    f=  8.17354D+00    |proj g|=  1.90899D-01

At iterate  327    f=  8.17209D+00    |proj g|=  2.28142D-01

At iterate  328    f=  8.16882D+00    |proj g|=  2.28866D-01

At iterate  329    f=  8.16722D+00    |proj g|=  7.22310D-01

At iterate  330    f=  8.16517D+00    |proj g|=  4.22312D-01

At iterate  331    f=  8.16402D+00    |proj g|=  2.57860D-01

At iterate  332    f=  8.16206D+00    |proj g|=  5.62641D-01

At iterate  333    f=  8.16012D+00    |proj g|=  2.79427D-01

At iterate  334    f=  8.15866D+00    |proj g|=  2.73925D-01

At iterate  335    f=  8.15592D+00    |proj g|=  1.73838D-01

At iterate  336    f=  8.15452D+00    |proj g|=  4.75657D-01

At iterate  337    f=  8.15261D+00    |proj g|=  2.21663D-01

At iterate  338    f=  8.15103D+00    |proj g|=  1.93918D-01

At iterate  339    f=  8.14860D+00    |proj g|=  2.05425D-01

At iterate  340    f=  8.14492D+00    |proj g|=  1.89601D-01

At iterate  341    f=  8.14242D+00    |proj g|=  8.22256D-01

At iterate  342    f=  8.14006D+00    |proj g|=  8.63587D-01

At iterate  343    f=  8.13806D+00    |proj g|=  3.47669D-01

At iterate  344    f=  8.13698D+00    |proj g|=  3.10978D-01

At iterate  345    f=  8.13606D+00    |proj g|=  2.01048D-01

At iterate  346    f=  8.13459D+00    |proj g|=  1.87086D-01

At iterate  347    f=  8.13325D+00    |proj g|=  9.16896D-01

At iterate  348    f=  8.13115D+00    |proj g|=  1.44471D-01

At iterate  349    f=  8.13044D+00    |proj g|=  1.21173D-01

At iterate  350    f=  8.12787D+00    |proj g|=  2.13796D-01

At iterate  351    f=  8.12614D+00    |proj g|=  2.07486D-01

At iterate  352    f=  8.12515D+00    |proj g|=  1.70886D-01

At iterate  353    f=  8.12444D+00    |proj g|=  1.78971D-01

At iterate  354    f=  8.12357D+00    |proj g|=  2.01762D-01

At iterate  355    f=  8.12260D+00    |proj g|=  8.05680D-01

At iterate  356    f=  8.12084D+00    |proj g|=  1.91949D-01

At iterate  357    f=  8.12017D+00    |proj g|=  1.15537D-01

At iterate  358    f=  8.11942D+00    |proj g|=  1.70024D-01

At iterate  359    f=  8.11785D+00    |proj g|=  2.34638D-01

At iterate  360    f=  8.11718D+00    |proj g|=  1.29315D+00

At iterate  361    f=  8.11496D+00    |proj g|=  1.62892D-01

At iterate  362    f=  8.11410D+00    |proj g|=  1.92459D-01

At iterate  363    f=  8.11282D+00    |proj g|=  3.50411D-01

At iterate  364    f=  8.11205D+00    |proj g|=  4.16592D-01

At iterate  365    f=  8.11026D+00    |proj g|=  1.63033D-01

At iterate  366    f=  8.10866D+00    |proj g|=  1.68769D-01

At iterate  367    f=  8.10542D+00    |proj g|=  1.66813D-01

At iterate  368    f=  8.10460D+00    |proj g|=  1.37864D+00

At iterate  369    f=  8.10131D+00    |proj g|=  3.50824D-01

At iterate  370    f=  8.09988D+00    |proj g|=  1.67967D-01

At iterate  371    f=  8.09840D+00    |proj g|=  1.76857D-01

At iterate  372    f=  8.09709D+00    |proj g|=  5.95609D-01

At iterate  373    f=  8.09532D+00    |proj g|=  3.05354D-01

At iterate  374    f=  8.09378D+00    |proj g|=  2.75813D-01

At iterate  375    f=  8.09010D+00    |proj g|=  3.31335D-01

At iterate  376    f=  8.08634D+00    |proj g|=  6.08390D-01

At iterate  377    f=  8.08125D+00    |proj g|=  4.52454D-01

At iterate  378    f=  8.07691D+00    |proj g|=  2.12146D-01

At iterate  379    f=  8.07190D+00    |proj g|=  2.53552D-01

At iterate  380    f=  8.06934D+00    |proj g|=  6.36092D-01

At iterate  381    f=  8.06549D+00    |proj g|=  3.59659D-01

At iterate  382    f=  8.05976D+00    |proj g|=  3.77917D-01

At iterate  383    f=  8.05765D+00    |proj g|=  1.20675D+00

At iterate  384    f=  8.05559D+00    |proj g|=  2.32160D+00

At iterate  385    f=  8.05046D+00    |proj g|=  5.72604D-01

At iterate  386    f=  8.04820D+00    |proj g|=  2.57048D-01

At iterate  387    f=  8.04502D+00    |proj g|=  8.55403D-01

At iterate  388    f=  8.04178D+00    |proj g|=  6.80573D-01

At iterate  389    f=  8.03463D+00    |proj g|=  5.40990D-01

At iterate  390    f=  8.03145D+00    |proj g|=  9.22383D-01

At iterate  391    f=  8.02205D+00    |proj g|=  8.29193D-01

At iterate  392    f=  8.01911D+00    |proj g|=  4.40665D-01

At iterate  393    f=  8.01390D+00    |proj g|=  3.25069D-01

At iterate  394    f=  8.00446D+00    |proj g|=  8.75972D-01

At iterate  395    f=  8.00013D+00    |proj g|=  6.62336D-01

At iterate  396    f=  7.99640D+00    |proj g|=  4.60774D-01

At iterate  397    f=  7.99146D+00    |proj g|=  3.62006D-01

At iterate  398    f=  7.98607D+00    |proj g|=  8.47109D-01

At iterate  399    f=  7.98058D+00    |proj g|=  6.06875D-01

At iterate  400    f=  7.97209D+00    |proj g|=  7.24750D-01

At iterate  401    f=  7.96597D+00    |proj g|=  4.60060D-01

At iterate  402    f=  7.95959D+00    |proj g|=  3.52085D-01

At iterate  403    f=  7.95370D+00    |proj g|=  1.20599D+00

At iterate  404    f=  7.94626D+00    |proj g|=  3.75162D-01

At iterate  405    f=  7.94083D+00    |proj g|=  3.37720D-01

At iterate  406    f=  7.93341D+00    |proj g|=  5.91577D-01

At iterate  407    f=  7.92605D+00    |proj g|=  1.39832D+00

At iterate  408    f=  7.92002D+00    |proj g|=  4.41127D-01

At iterate  409    f=  7.91497D+00    |proj g|=  8.71694D-01

At iterate  410    f=  7.90818D+00    |proj g|=  7.66368D-01

At iterate  411    f=  7.89705D+00    |proj g|=  3.84981D-01

At iterate  412    f=  7.88300D+00    |proj g|=  7.75087D-01

At iterate  413    f=  7.86721D+00    |proj g|=  1.00982D+00

At iterate  414    f=  7.85772D+00    |proj g|=  9.31369D-01

At iterate  415    f=  7.84185D+00    |proj g|=  1.23266D+00

At iterate  416    f=  7.83413D+00    |proj g|=  1.83298D+00

At iterate  417    f=  7.82447D+00    |proj g|=  5.38611D-01

At iterate  418    f=  7.82016D+00    |proj g|=  3.50838D-01

At iterate  419    f=  7.81199D+00    |proj g|=  5.49933D-01

At iterate  420    f=  7.80815D+00    |proj g|=  1.30983D+00

At iterate  421    f=  7.80023D+00    |proj g|=  4.82414D-01

At iterate  422    f=  7.79455D+00    |proj g|=  3.17761D-01

At iterate  423    f=  7.78809D+00    |proj g|=  3.24369D-01

At iterate  424    f=  7.78187D+00    |proj g|=  1.29454D+00

At iterate  425    f=  7.77297D+00    |proj g|=  4.25427D-01

At iterate  426    f=  7.76461D+00    |proj g|=  3.46170D-01

At iterate  427    f=  7.75629D+00    |proj g|=  4.32401D-01

At iterate  428    f=  7.74698D+00    |proj g|=  8.89509D-01

At iterate  429    f=  7.74341D+00    |proj g|=  8.77976D-01

At iterate  430    f=  7.73398D+00    |proj g|=  2.73675D-01

At iterate  431    f=  7.72994D+00    |proj g|=  3.28622D-01

At iterate  432    f=  7.72808D+00    |proj g|=  1.64397D+00

At iterate  433    f=  7.72442D+00    |proj g|=  5.95204D-01

At iterate  434    f=  7.72222D+00    |proj g|=  3.74690D-01

At iterate  435    f=  7.71962D+00    |proj g|=  5.75783D-01

At iterate  436    f=  7.71302D+00    |proj g|=  8.98114D-01

At iterate  437    f=  7.70503D+00    |proj g|=  7.62509D-01

At iterate  438    f=  7.69724D+00    |proj g|=  6.52920D-01

At iterate  439    f=  7.69110D+00    |proj g|=  5.09806D-01

At iterate  440    f=  7.68359D+00    |proj g|=  9.09516D-01

At iterate  441    f=  7.67373D+00    |proj g|=  4.74755D-01

At iterate  442    f=  7.66407D+00    |proj g|=  6.49264D-01

At iterate  443    f=  7.65571D+00    |proj g|=  8.31698D-01

At iterate  444    f=  7.64778D+00    |proj g|=  3.94995D-01

At iterate  445    f=  7.64352D+00    |proj g|=  2.72847D+00

At iterate  446    f=  7.63485D+00    |proj g|=  4.78059D-01

At iterate  447    f=  7.63111D+00    |proj g|=  4.36077D-01

At iterate  448    f=  7.61884D+00    |proj g|=  3.63898D-01

At iterate  449    f=  7.61190D+00    |proj g|=  3.34464D-01

At iterate  450    f=  7.60599D+00    |proj g|=  4.02873D-01

At iterate  451    f=  7.59804D+00    |proj g|=  3.03308D-01

At iterate  452    f=  7.59272D+00    |proj g|=  5.50133D-01

At iterate  453    f=  7.58754D+00    |proj g|=  2.19567D-01

At iterate  454    f=  7.58318D+00    |proj g|=  4.46391D-01

At iterate  455    f=  7.57872D+00    |proj g|=  3.49673D-01

At iterate  456    f=  7.57329D+00    |proj g|=  2.66456D-01

At iterate  457    f=  7.56719D+00    |proj g|=  1.36400D+00

At iterate  458    f=  7.56459D+00    |proj g|=  8.53888D-01

At iterate  459    f=  7.56116D+00    |proj g|=  2.71851D-01

At iterate  460    f=  7.55825D+00    |proj g|=  5.04358D-01

At iterate  461    f=  7.55389D+00    |proj g|=  6.94916D-01

At iterate  462    f=  7.54607D+00    |proj g|=  8.67521D-01

At iterate  463    f=  7.53605D+00    |proj g|=  6.56661D-01

At iterate  464    f=  7.52931D+00    |proj g|=  7.24324D-01

At iterate  465    f=  7.52306D+00    |proj g|=  3.14929D-01

At iterate  466    f=  7.51899D+00    |proj g|=  4.50194D-01

At iterate  467    f=  7.51523D+00    |proj g|=  4.87382D-01

At iterate  468    f=  7.51398D+00    |proj g|=  7.43432D-01

At iterate  469    f=  7.51085D+00    |proj g|=  3.90979D-01

At iterate  470    f=  7.50944D+00    |proj g|=  1.45182D-01

At iterate  471    f=  7.50761D+00    |proj g|=  4.65286D-01

At iterate  472    f=  7.50565D+00    |proj g|=  3.11647D-01

At iterate  473    f=  7.50405D+00    |proj g|=  4.27952D-01

At iterate  474    f=  7.50197D+00    |proj g|=  2.65923D-01

At iterate  475    f=  7.49811D+00    |proj g|=  2.45203D-01

At iterate  476    f=  7.49743D+00    |proj g|=  9.88567D-01

At iterate  477    f=  7.49274D+00    |proj g|=  2.77185D-01

At iterate  478    f=  7.49139D+00    |proj g|=  1.41722D-01

At iterate  479    f=  7.48984D+00    |proj g|=  1.31810D-01

At iterate  480    f=  7.48780D+00    |proj g|=  3.62659D-01

At iterate  481    f=  7.48560D+00    |proj g|=  2.61720D-01

At iterate  482    f=  7.48405D+00    |proj g|=  3.98957D-01

At iterate  483    f=  7.48279D+00    |proj g|=  2.58189D-01

At iterate  484    f=  7.48177D+00    |proj g|=  3.24820D-01

At iterate  485    f=  7.48037D+00    |proj g|=  3.11837D-01

At iterate  486    f=  7.47851D+00    |proj g|=  2.80217D-01

At iterate  487    f=  7.47733D+00    |proj g|=  1.61154D-01

At iterate  488    f=  7.47650D+00    |proj g|=  1.56627D-01

At iterate  489    f=  7.47545D+00    |proj g|=  1.82660D-01

At iterate  490    f=  7.47401D+00    |proj g|=  3.42529D-01

At iterate  491    f=  7.47241D+00    |proj g|=  1.58517D-01

At iterate  492    f=  7.47147D+00    |proj g|=  1.00964D-01

At iterate  493    f=  7.47036D+00    |proj g|=  1.70588D-01

At iterate  494    f=  7.47018D+00    |proj g|=  7.03338D-01

At iterate  495    f=  7.46916D+00    |proj g|=  1.67801D-01

At iterate  496    f=  7.46871D+00    |proj g|=  1.33805D-01

At iterate  497    f=  7.46824D+00    |proj g|=  1.68632D-01

At iterate  498    f=  7.46756D+00    |proj g|=  1.08321D-01

At iterate  499    f=  7.46712D+00    |proj g|=  7.49132D-01

At iterate  500    f=  7.46607D+00    |proj g|=  1.21157D-01

At iterate  501    f=  7.46559D+00    |proj g|=  1.43382D-01

At iterate  502    f=  7.46494D+00    |proj g|=  2.68298D-01

At iterate  503    f=  7.46373D+00    |proj g|=  3.18274D-01

At iterate  504    f=  7.46181D+00    |proj g|=  3.91829D-01

At iterate  505    f=  7.46101D+00    |proj g|=  1.99728D-01

At iterate  506    f=  7.45981D+00    |proj g|=  2.55940D-01

At iterate  507    f=  7.45943D+00    |proj g|=  1.87042D-01

At iterate  508    f=  7.45896D+00    |proj g|=  1.83980D-01

At iterate  509    f=  7.45815D+00    |proj g|=  1.57064D-01

At iterate  510    f=  7.45684D+00    |proj g|=  1.84780D-01

At iterate  511    f=  7.45591D+00    |proj g|=  2.58425D-01

At iterate  512    f=  7.45496D+00    |proj g|=  1.25807D-01

At iterate  513    f=  7.45388D+00    |proj g|=  1.01298D-01

At iterate  514    f=  7.45292D+00    |proj g|=  2.94935D-01

At iterate  515    f=  7.45162D+00    |proj g|=  1.06930D-01

At iterate  516    f=  7.45069D+00    |proj g|=  7.77351D-02

At iterate  517    f=  7.44943D+00    |proj g|=  1.22682D-01

At iterate  518    f=  7.44883D+00    |proj g|=  5.53203D-01

At iterate  519    f=  7.44823D+00    |proj g|=  4.83618D-01

At iterate  520    f=  7.44764D+00    |proj g|=  1.53680D-01

At iterate  521    f=  7.44731D+00    |proj g|=  7.38702D-02

At iterate  522    f=  7.44699D+00    |proj g|=  1.34809D-01

At iterate  523    f=  7.44633D+00    |proj g|=  1.85264D-01

At iterate  524    f=  7.44505D+00    |proj g|=  2.19015D-01

At iterate  525    f=  7.44446D+00    |proj g|=  4.07737D-01

At iterate  526    f=  7.44310D+00    |proj g|=  1.63441D-01

At iterate  527    f=  7.44248D+00    |proj g|=  7.97948D-02

At iterate  528    f=  7.44183D+00    |proj g|=  9.31420D-02

At iterate  529    f=  7.44083D+00    |proj g|=  5.13281D-01

At iterate  530    f=  7.43991D+00    |proj g|=  1.80004D-01

At iterate  531    f=  7.43915D+00    |proj g|=  1.00867D-01

At iterate  532    f=  7.43840D+00    |proj g|=  1.80479D-01

At iterate  533    f=  7.43815D+00    |proj g|=  5.77368D-01

At iterate  534    f=  7.43727D+00    |proj g|=  1.64849D-01

At iterate  535    f=  7.43662D+00    |proj g|=  1.25119D-01

At iterate  536    f=  7.43586D+00    |proj g|=  2.39974D-01

At iterate  537    f=  7.43474D+00    |proj g|=  2.69471D-01

At iterate  538    f=  7.43399D+00    |proj g|=  2.94777D-01

At iterate  539    f=  7.43304D+00    |proj g|=  8.96666D-02

At iterate  540    f=  7.43237D+00    |proj g|=  1.35726D-01

At iterate  541    f=  7.43169D+00    |proj g|=  2.13976D-01

At iterate  542    f=  7.43129D+00    |proj g|=  2.65554D-01

At iterate  543    f=  7.43079D+00    |proj g|=  1.12692D-01

At iterate  544    f=  7.43014D+00    |proj g|=  1.57411D-01

At iterate  545    f=  7.42971D+00    |proj g|=  1.22495D-01

At iterate  546    f=  7.42948D+00    |proj g|=  6.89229D-01

At iterate  547    f=  7.42839D+00    |proj g|=  1.31219D-01

At iterate  548    f=  7.42808D+00    |proj g|=  1.03368D-01

At iterate  549    f=  7.42772D+00    |proj g|=  1.44605D-01

At iterate  550    f=  7.42704D+00    |proj g|=  1.28810D-01

At iterate  551    f=  7.42592D+00    |proj g|=  1.00925D-01

At iterate  552    f=  7.42536D+00    |proj g|=  3.46661D-01

At iterate  553    f=  7.42465D+00    |proj g|=  9.52565D-02

At iterate  554    f=  7.42413D+00    |proj g|=  1.82389D-01

At iterate  555    f=  7.42372D+00    |proj g|=  9.09269D-02

At iterate  556    f=  7.42328D+00    |proj g|=  1.17276D-01

At iterate  557    f=  7.42249D+00    |proj g|=  1.13804D-01

At iterate  558    f=  7.42168D+00    |proj g|=  1.08160D-01

At iterate  559    f=  7.42135D+00    |proj g|=  2.44396D-01

At iterate  560    f=  7.42101D+00    |proj g|=  7.40054D-02

At iterate  561    f=  7.42086D+00    |proj g|=  6.82409D-02

At iterate  562    f=  7.42067D+00    |proj g|=  5.76976D-02

At iterate  563    f=  7.42029D+00    |proj g|=  5.39716D-02

At iterate  564    f=  7.42012D+00    |proj g|=  1.78928D-01

At iterate  565    f=  7.41982D+00    |proj g|=  9.33781D-02

At iterate  566    f=  7.41965D+00    |proj g|=  5.19680D-02

At iterate  567    f=  7.41951D+00    |proj g|=  1.48526D-01

At iterate  568    f=  7.41940D+00    |proj g|=  6.96131D-02

At iterate  569    f=  7.41922D+00    |proj g|=  4.62822D-02

At iterate  570    f=  7.41911D+00    |proj g|=  4.30133D-02

At iterate  571    f=  7.41908D+00    |proj g|=  1.73241D-01

At iterate  572    f=  7.41894D+00    |proj g|=  8.64025D-02

At iterate  573    f=  7.41886D+00    |proj g|=  3.51907D-02

At iterate  574    f=  7.41878D+00    |proj g|=  3.25056D-02

At iterate  575    f=  7.41870D+00    |proj g|=  5.28074D-02

At iterate  576    f=  7.41858D+00    |proj g|=  5.03763D-02

At iterate  577    f=  7.41843D+00    |proj g|=  6.39199D-02

At iterate  578    f=  7.41832D+00    |proj g|=  1.67384D-01

At iterate  579    f=  7.41825D+00    |proj g|=  1.57385D-01

At iterate  580    f=  7.41819D+00    |proj g|=  5.29049D-02

At iterate  581    f=  7.41815D+00    |proj g|=  2.18304D-02

At iterate  582    f=  7.41810D+00    |proj g|=  4.50702D-02

At iterate  583    f=  7.41801D+00    |proj g|=  1.23692D-01

At iterate  584    f=  7.41796D+00    |proj g|=  6.83803D-02

At iterate  585    f=  7.41789D+00    |proj g|=  4.56295D-02

At iterate  586    f=  7.41784D+00    |proj g|=  2.98655D-02

At iterate  587    f=  7.41776D+00    |proj g|=  3.70342D-02

At iterate  588    f=  7.41763D+00    |proj g|=  4.84262D-02

At iterate  589    f=  7.41756D+00    |proj g|=  5.08178D-02

At iterate  590    f=  7.41745D+00    |proj g|=  3.36644D-02

At iterate  591    f=  7.41734D+00    |proj g|=  9.24858D-02

At iterate  592    f=  7.41728D+00    |proj g|=  1.36347D-01

At iterate  593    f=  7.41721D+00    |proj g|=  6.56978D-02

At iterate  594    f=  7.41712D+00    |proj g|=  2.72970D-02

At iterate  595    f=  7.41705D+00    |proj g|=  4.09226D-02

At iterate  596    f=  7.41703D+00    |proj g|=  7.37436D-02

At iterate  597    f=  7.41698D+00    |proj g|=  3.31267D-02

At iterate  598    f=  7.41694D+00    |proj g|=  1.85595D-02

At iterate  599    f=  7.41688D+00    |proj g|=  2.22868D-02

At iterate  600    f=  7.41684D+00    |proj g|=  5.73566D-02

At iterate  601    f=  7.41680D+00    |proj g|=  2.15741D-02

At iterate  602    f=  7.41675D+00    |proj g|=  1.60757D-02

At iterate  603    f=  7.41671D+00    |proj g|=  7.19871D-02

At iterate  604    f=  7.41669D+00    |proj g|=  1.11787D-01

At iterate  605    f=  7.41665D+00    |proj g|=  2.70976D-02

At iterate  606    f=  7.41662D+00    |proj g|=  5.52523D-02

At iterate  607    f=  7.41660D+00    |proj g|=  6.16582D-02

At iterate  608    f=  7.41655D+00    |proj g|=  1.02153D-01

At iterate  609    f=  7.41653D+00    |proj g|=  6.54518D-02

At iterate  610    f=  7.41649D+00    |proj g|=  2.28502D-02

At iterate  611    f=  7.41648D+00    |proj g|=  1.42292D-02

At iterate  612    f=  7.41643D+00    |proj g|=  1.77787D-02

At iterate  613    f=  7.41636D+00    |proj g|=  3.77757D-02

At iterate  614    f=  7.41633D+00    |proj g|=  7.84207D-02

At iterate  615    f=  7.41628D+00    |proj g|=  3.98462D-02

At iterate  616    f=  7.41623D+00    |proj g|=  5.86700D-02

At iterate  617    f=  7.41620D+00    |proj g|=  8.80616D-02

At iterate  618    f=  7.41618D+00    |proj g|=  4.40435D-02

At iterate  619    f=  7.41613D+00    |proj g|=  4.14770D-02

At iterate  620    f=  7.41610D+00    |proj g|=  4.16379D-02

At iterate  621    f=  7.41605D+00    |proj g|=  1.42515D-01

At iterate  622    f=  7.41595D+00    |proj g|=  4.32424D-02

At iterate  623    f=  7.41590D+00    |proj g|=  2.53215D-02

At iterate  624    f=  7.41585D+00    |proj g|=  4.25444D-02

At iterate  625    f=  7.41576D+00    |proj g|=  5.41229D-02

At iterate  626    f=  7.41559D+00    |proj g|=  9.49431D-02

At iterate  627    f=  7.41551D+00    |proj g|=  1.04016D-01

At iterate  628    f=  7.41535D+00    |proj g|=  6.00319D-02

At iterate  629    f=  7.41527D+00    |proj g|=  1.25473D-01

At iterate  630    f=  7.41519D+00    |proj g|=  5.59404D-02

At iterate  631    f=  7.41512D+00    |proj g|=  5.13277D-02

At iterate  632    f=  7.41493D+00    |proj g|=  4.80566D-02

At iterate  633    f=  7.41471D+00    |proj g|=  5.01046D-02

At iterate  634    f=  7.41459D+00    |proj g|=  1.78270D-01

At iterate  635    f=  7.41434D+00    |proj g|=  7.08375D-02

At iterate  636    f=  7.41416D+00    |proj g|=  5.62019D-02

At iterate  637    f=  7.41386D+00    |proj g|=  7.52480D-02

At iterate  638    f=  7.41348D+00    |proj g|=  1.03851D-01

At iterate  639    f=  7.41315D+00    |proj g|=  1.02329D-01

At iterate  640    f=  7.41288D+00    |proj g|=  2.72736D-01

At iterate  641    f=  7.41266D+00    |proj g|=  1.19655D-01

At iterate  642    f=  7.41237D+00    |proj g|=  1.01767D-01

At iterate  643    f=  7.41128D+00    |proj g|=  2.61068D-01

At iterate  644    f=  7.41085D+00    |proj g|=  1.06674D-01

At iterate  645    f=  7.41029D+00    |proj g|=  1.54198D-01

At iterate  646    f=  7.40988D+00    |proj g|=  2.65187D-01

At iterate  647    f=  7.40961D+00    |proj g|=  1.77547D-01

At iterate  648    f=  7.40947D+00    |proj g|=  1.33134D-01

At iterate  649    f=  7.40897D+00    |proj g|=  8.70434D-02

At iterate  650    f=  7.40848D+00    |proj g|=  6.50359D-02

At iterate  651    f=  7.40834D+00    |proj g|=  2.21602D-01

At iterate  652    f=  7.40807D+00    |proj g|=  8.66261D-02

At iterate  653    f=  7.40782D+00    |proj g|=  6.29639D-02

At iterate  654    f=  7.40746D+00    |proj g|=  1.06219D-01

At iterate  655    f=  7.40705D+00    |proj g|=  1.15176D-01

At iterate  656    f=  7.40680D+00    |proj g|=  3.36135D-01

At iterate  657    f=  7.40650D+00    |proj g|=  9.20010D-02

At iterate  658    f=  7.40628D+00    |proj g|=  7.56265D-02

At iterate  659    f=  7.40607D+00    |proj g|=  2.10260D-01

At iterate  660    f=  7.40578D+00    |proj g|=  1.20571D-01

At iterate  661    f=  7.40554D+00    |proj g|=  2.54864D-01

At iterate  662    f=  7.40529D+00    |proj g|=  8.07394D-02

At iterate  663    f=  7.40510D+00    |proj g|=  1.81885D-01

At iterate  664    f=  7.40489D+00    |proj g|=  1.53340D-01

At iterate  665    f=  7.40450D+00    |proj g|=  2.19422D-01

At iterate  666    f=  7.40385D+00    |proj g|=  1.24484D-01

At iterate  667    f=  7.40341D+00    |proj g|=  8.19819D-02

At iterate  668    f=  7.40282D+00    |proj g|=  2.68416D-01

At iterate  669    f=  7.40249D+00    |proj g|=  3.12083D-01

At iterate  670    f=  7.40215D+00    |proj g|=  9.79107D-02

At iterate  671    f=  7.40178D+00    |proj g|=  6.65424D-02

At iterate  672    f=  7.40135D+00    |proj g|=  1.00941D-01

At iterate  673    f=  7.40071D+00    |proj g|=  3.54884D-01

At iterate  674    f=  7.40032D+00    |proj g|=  2.96592D-01

At iterate  675    f=  7.39991D+00    |proj g|=  1.17868D-01

At iterate  676    f=  7.39948D+00    |proj g|=  8.62534D-02

At iterate  677    f=  7.39901D+00    |proj g|=  1.17315D-01

At iterate  678    f=  7.39812D+00    |proj g|=  2.56484D-01

At iterate  679    f=  7.39722D+00    |proj g|=  1.16279D-01

At iterate  680    f=  7.39667D+00    |proj g|=  1.18032D-01

At iterate  681    f=  7.39626D+00    |proj g|=  6.73213D-01

At iterate  682    f=  7.39562D+00    |proj g|=  1.50958D-01

At iterate  683    f=  7.39521D+00    |proj g|=  1.22776D-01

At iterate  684    f=  7.39439D+00    |proj g|=  4.08999D-01

At iterate  685    f=  7.39369D+00    |proj g|=  3.39084D-01

At iterate  686    f=  7.39322D+00    |proj g|=  6.73942D-01

At iterate  687    f=  7.39198D+00    |proj g|=  3.39478D-01

At iterate  688    f=  7.39084D+00    |proj g|=  1.43742D-01

At iterate  689    f=  7.38958D+00    |proj g|=  3.12938D-01

At iterate  690    f=  7.38803D+00    |proj g|=  3.22957D-01

At iterate  691    f=  7.38483D+00    |proj g|=  4.02571D-01

At iterate  692    f=  7.38286D+00    |proj g|=  1.89049D-01

At iterate  693    f=  7.38080D+00    |proj g|=  1.48785D-01

At iterate  694    f=  7.37871D+00    |proj g|=  5.57524D-01

At iterate  695    f=  7.37754D+00    |proj g|=  4.04800D-01

At iterate  696    f=  7.37596D+00    |proj g|=  1.78106D-01

At iterate  697    f=  7.37513D+00    |proj g|=  5.45934D-01

At iterate  698    f=  7.37332D+00    |proj g|=  3.66213D-01

At iterate  699    f=  7.37242D+00    |proj g|=  1.85037D-01

At iterate  700    f=  7.37078D+00    |proj g|=  5.31315D-01

At iterate  701    f=  7.36854D+00    |proj g|=  2.20881D-01

At iterate  702    f=  7.36629D+00    |proj g|=  3.45929D-01

At iterate  703    f=  7.36427D+00    |proj g|=  2.35663D-01

At iterate  704    f=  7.36196D+00    |proj g|=  3.57466D-01

At iterate  705    f=  7.35949D+00    |proj g|=  2.20829D-01

At iterate  706    f=  7.35817D+00    |proj g|=  1.85296D-01

At iterate  707    f=  7.35661D+00    |proj g|=  1.61613D-01

At iterate  708    f=  7.35574D+00    |proj g|=  5.25063D-01

At iterate  709    f=  7.35434D+00    |proj g|=  2.14348D-01

At iterate  710    f=  7.35329D+00    |proj g|=  2.59022D-01

At iterate  711    f=  7.35155D+00    |proj g|=  2.94939D-01

At iterate  712    f=  7.35057D+00    |proj g|=  2.39331D-01

At iterate  713    f=  7.34893D+00    |proj g|=  1.69360D-01

At iterate  714    f=  7.34760D+00    |proj g|=  1.80741D-01

At iterate  715    f=  7.34621D+00    |proj g|=  1.26610D-01

At iterate  716    f=  7.34575D+00    |proj g|=  2.53089D-01

At iterate  717    f=  7.34517D+00    |proj g|=  1.65483D-01

At iterate  718    f=  7.34424D+00    |proj g|=  1.12513D-01

At iterate  719    f=  7.34324D+00    |proj g|=  2.78167D-01

At iterate  720    f=  7.34273D+00    |proj g|=  2.51731D-01

At iterate  721    f=  7.34195D+00    |proj g|=  1.02487D-01

At iterate  722    f=  7.34143D+00    |proj g|=  9.27122D-02

At iterate  723    f=  7.34057D+00    |proj g|=  3.20429D-01

At iterate  724    f=  7.34005D+00    |proj g|=  3.24484D-01

At iterate  725    f=  7.33936D+00    |proj g|=  1.14838D-01

At iterate  726    f=  7.33872D+00    |proj g|=  1.20723D-01

At iterate  727    f=  7.33818D+00    |proj g|=  1.32002D-01

At iterate  728    f=  7.33675D+00    |proj g|=  2.30389D-01

At iterate  729    f=  7.33614D+00    |proj g|=  1.41819D-01

At iterate  730    f=  7.33496D+00    |proj g|=  9.69259D-02

At iterate  731    f=  7.33414D+00    |proj g|=  3.19425D-01

At iterate  732    f=  7.33335D+00    |proj g|=  2.03087D-01

At iterate  733    f=  7.33286D+00    |proj g|=  6.93257D-02

At iterate  734    f=  7.33252D+00    |proj g|=  7.09664D-02

At iterate  735    f=  7.33200D+00    |proj g|=  3.54810D-01

At iterate  736    f=  7.33143D+00    |proj g|=  2.11449D-01

At iterate  737    f=  7.33101D+00    |proj g|=  6.29659D-02

At iterate  738    f=  7.33082D+00    |proj g|=  7.99052D-02

At iterate  739    f=  7.33048D+00    |proj g|=  1.02398D-01

At iterate  740    f=  7.33004D+00    |proj g|=  1.57515D-01

At iterate  741    f=  7.32988D+00    |proj g|=  1.38008D-01

At iterate  742    f=  7.32960D+00    |proj g|=  8.63252D-02

At iterate  743    f=  7.32938D+00    |proj g|=  4.75689D-02

At iterate  744    f=  7.32918D+00    |proj g|=  3.81021D-01

At iterate  745    f=  7.32880D+00    |proj g|=  9.17746D-02

At iterate  746    f=  7.32866D+00    |proj g|=  1.08404D-01

At iterate  747    f=  7.32855D+00    |proj g|=  2.77636D-01

At iterate  748    f=  7.32835D+00    |proj g|=  7.86649D-02

At iterate  749    f=  7.32830D+00    |proj g|=  8.29443D-02

At iterate  750    f=  7.32802D+00    |proj g|=  8.32666D-02

At iterate  751    f=  7.32765D+00    |proj g|=  1.04691D-01

At iterate  752    f=  7.32751D+00    |proj g|=  1.22051D-01

At iterate  753    f=  7.32730D+00    |proj g|=  6.68205D-02

At iterate  754    f=  7.32724D+00    |proj g|=  1.70099D-01

At iterate  755    f=  7.32702D+00    |proj g|=  5.90597D-02

At iterate  756    f=  7.32692D+00    |proj g|=  3.35874D-02

At iterate  757    f=  7.32682D+00    |proj g|=  4.84371D-02

At iterate  758    f=  7.32667D+00    |proj g|=  2.15987D-01

At iterate  759    f=  7.32658D+00    |proj g|=  1.69303D-01

At iterate  760    f=  7.32645D+00    |proj g|=  5.86208D-02

At iterate  761    f=  7.32637D+00    |proj g|=  4.03310D-02

At iterate  762    f=  7.32629D+00    |proj g|=  4.57799D-02

At iterate  763    f=  7.32614D+00    |proj g|=  3.93237D-02

At iterate  764    f=  7.32600D+00    |proj g|=  9.32876D-02

At iterate  765    f=  7.32596D+00    |proj g|=  1.47735D-01

At iterate  766    f=  7.32575D+00    |proj g|=  4.28774D-02

At iterate  767    f=  7.32569D+00    |proj g|=  2.97946D-02

At iterate  768    f=  7.32557D+00    |proj g|=  8.06425D-02

At iterate  769    f=  7.32541D+00    |proj g|=  1.44430D-01

At iterate  770    f=  7.32529D+00    |proj g|=  1.07196D-01

At iterate  771    f=  7.32518D+00    |proj g|=  8.54892D-02

At iterate  772    f=  7.32500D+00    |proj g|=  4.36341D-02

At iterate  773    f=  7.32487D+00    |proj g|=  6.37415D-02

At iterate  774    f=  7.32469D+00    |proj g|=  1.47628D-01

At iterate  775    f=  7.32454D+00    |proj g|=  7.11271D-02

At iterate  776    f=  7.32441D+00    |proj g|=  5.10852D-02

At iterate  777    f=  7.32431D+00    |proj g|=  5.59858D-02

At iterate  778    f=  7.32403D+00    |proj g|=  1.50760D-01

At iterate  779    f=  7.32396D+00    |proj g|=  1.92947D-01

At iterate  780    f=  7.32382D+00    |proj g|=  4.86224D-02

At iterate  781    f=  7.32375D+00    |proj g|=  4.52126D-02

At iterate  782    f=  7.32361D+00    |proj g|=  1.32166D-01

At iterate  783    f=  7.32357D+00    |proj g|=  2.21464D-01

At iterate  784    f=  7.32338D+00    |proj g|=  5.55220D-02

At iterate  785    f=  7.32332D+00    |proj g|=  4.89897D-02

At iterate  786    f=  7.32323D+00    |proj g|=  3.79305D-02

At iterate  787    f=  7.32318D+00    |proj g|=  2.07280D-01

At iterate  788    f=  7.32305D+00    |proj g|=  4.80822D-02

At iterate  789    f=  7.32298D+00    |proj g|=  6.46304D-02

At iterate  790    f=  7.32290D+00    |proj g|=  7.97084D-02

At iterate  791    f=  7.32275D+00    |proj g|=  5.11148D-02

At iterate  792    f=  7.32265D+00    |proj g|=  1.87200D-01

At iterate  793    f=  7.32253D+00    |proj g|=  4.30769D-02

At iterate  794    f=  7.32246D+00    |proj g|=  5.72661D-02

At iterate  795    f=  7.32236D+00    |proj g|=  9.79393D-02

At iterate  796    f=  7.32221D+00    |proj g|=  1.03934D-01

At iterate  797    f=  7.32201D+00    |proj g|=  7.35911D-02

At iterate  798    f=  7.32193D+00    |proj g|=  2.16847D-01

At iterate  799    f=  7.32176D+00    |proj g|=  6.64969D-02

At iterate  800    f=  7.32170D+00    |proj g|=  6.91191D-02

At iterate  801    f=  7.32158D+00    |proj g|=  1.39403D-01

At iterate  802    f=  7.32142D+00    |proj g|=  6.52850D-02

At iterate  803    f=  7.32132D+00    |proj g|=  4.37085D-02

At iterate  804    f=  7.32127D+00    |proj g|=  1.58543D-01

At iterate  805    f=  7.32119D+00    |proj g|=  1.07126D-01

At iterate  806    f=  7.32109D+00    |proj g|=  3.06346D-02

At iterate  807    f=  7.32101D+00    |proj g|=  3.66580D-02

At iterate  808    f=  7.32092D+00    |proj g|=  7.45621D-02

At iterate  809    f=  7.32077D+00    |proj g|=  7.17784D-02

At iterate  810    f=  7.32067D+00    |proj g|=  1.32353D-01

At iterate  811    f=  7.32053D+00    |proj g|=  6.18887D-02

At iterate  812    f=  7.32044D+00    |proj g|=  1.89763D-01

At iterate  813    f=  7.32035D+00    |proj g|=  8.26135D-02

At iterate  814    f=  7.32030D+00    |proj g|=  3.09740D-02

At iterate  815    f=  7.32022D+00    |proj g|=  4.31005D-02

At iterate  816    f=  7.32015D+00    |proj g|=  4.91375D-02

At iterate  817    f=  7.32009D+00    |proj g|=  1.54164D-01

At iterate  818    f=  7.32000D+00    |proj g|=  5.41544D-02

At iterate  819    f=  7.31994D+00    |proj g|=  3.86716D-02

At iterate  820    f=  7.31988D+00    |proj g|=  5.14690D-02

At iterate  821    f=  7.31977D+00    |proj g|=  6.71411D-02

At iterate  822    f=  7.31973D+00    |proj g|=  4.87696D-02

At iterate  823    f=  7.31969D+00    |proj g|=  2.31919D-02

At iterate  824    f=  7.31966D+00    |proj g|=  6.56845D-02

At iterate  825    f=  7.31962D+00    |proj g|=  3.44244D-02

At iterate  826    f=  7.31959D+00    |proj g|=  1.31769D-01

At iterate  827    f=  7.31955D+00    |proj g|=  3.64487D-02

At iterate  828    f=  7.31953D+00    |proj g|=  5.59472D-02

At iterate  829    f=  7.31951D+00    |proj g|=  5.93036D-02

At iterate  830    f=  7.31948D+00    |proj g|=  1.53039D-01

At iterate  831    f=  7.31943D+00    |proj g|=  5.45030D-02

At iterate  832    f=  7.31941D+00    |proj g|=  2.76132D-02

At iterate  833    f=  7.31939D+00    |proj g|=  4.21659D-02

At iterate  834    f=  7.31936D+00    |proj g|=  4.52612D-02

At iterate  835    f=  7.31929D+00    |proj g|=  4.55697D-02

At iterate  836    f=  7.31926D+00    |proj g|=  7.42459D-02

At iterate  837    f=  7.31921D+00    |proj g|=  2.43609D-02

At iterate  838    f=  7.31918D+00    |proj g|=  1.89413D-02

At iterate  839    f=  7.31915D+00    |proj g|=  4.76335D-02

At iterate  840    f=  7.31914D+00    |proj g|=  3.73901D-02

At iterate  841    f=  7.31912D+00    |proj g|=  2.93256D-02

At iterate  842    f=  7.31911D+00    |proj g|=  3.92262D-02

At iterate  843    f=  7.31910D+00    |proj g|=  3.02558D-02

At iterate  844    f=  7.31907D+00    |proj g|=  2.63836D-02

At iterate  845    f=  7.31904D+00    |proj g|=  3.89979D-02

At iterate  846    f=  7.31901D+00    |proj g|=  2.18666D-02

At iterate  847    f=  7.31898D+00    |proj g|=  1.41974D-02

At iterate  848    f=  7.31895D+00    |proj g|=  1.79018D-02

At iterate  849    f=  7.31894D+00    |proj g|=  6.43920D-02

At iterate  850    f=  7.31890D+00    |proj g|=  2.00367D-02

At iterate  851    f=  7.31888D+00    |proj g|=  1.67796D-02

At iterate  852    f=  7.31886D+00    |proj g|=  5.11212D-02

At iterate  853    f=  7.31885D+00    |proj g|=  5.17574D-02

At iterate  854    f=  7.31883D+00    |proj g|=  3.38985D-02

At iterate  855    f=  7.31880D+00    |proj g|=  1.99411D-02

At iterate  856    f=  7.31878D+00    |proj g|=  2.84120D-02

At iterate  857    f=  7.31873D+00    |proj g|=  3.19031D-02

At iterate  858    f=  7.31869D+00    |proj g|=  9.94368D-02

At iterate  859    f=  7.31863D+00    |proj g|=  3.60707D-02

At iterate  860    f=  7.31858D+00    |proj g|=  1.36000D-02

At iterate  861    f=  7.31855D+00    |proj g|=  2.79288D-02

At iterate  862    f=  7.31851D+00    |proj g|=  5.25768D-02

At iterate  863    f=  7.31845D+00    |proj g|=  1.79723D-02

At iterate  864    f=  7.31841D+00    |proj g|=  2.35620D-02

At iterate  865    f=  7.31840D+00    |proj g|=  9.88008D-02

At iterate  866    f=  7.31837D+00    |proj g|=  2.41531D-02

At iterate  867    f=  7.31835D+00    |proj g|=  2.43338D-02

At iterate  868    f=  7.31830D+00    |proj g|=  3.43692D-02

At iterate  869    f=  7.31826D+00    |proj g|=  3.49218D-02

At iterate  870    f=  7.31818D+00    |proj g|=  5.53644D-02

At iterate  871    f=  7.31811D+00    |proj g|=  6.00530D-02

At iterate  872    f=  7.31807D+00    |proj g|=  1.58082D-02

At iterate  873    f=  7.31802D+00    |proj g|=  2.01359D-02

At iterate  874    f=  7.31800D+00    |proj g|=  1.11721D-01

At iterate  875    f=  7.31795D+00    |proj g|=  6.12260D-02

At iterate  876    f=  7.31790D+00    |proj g|=  2.51137D-02

At iterate  877    f=  7.31787D+00    |proj g|=  4.62606D-02

At iterate  878    f=  7.31785D+00    |proj g|=  8.19696D-02

At iterate  879    f=  7.31781D+00    |proj g|=  2.28989D-02

At iterate  880    f=  7.31774D+00    |proj g|=  8.29909D-02

At iterate  881    f=  7.31770D+00    |proj g|=  7.82855D-02

At iterate  882    f=  7.31757D+00    |proj g|=  7.78216D-02

At iterate  883    f=  7.31743D+00    |proj g|=  7.54300D-02

At iterate  884    f=  7.31731D+00    |proj g|=  3.35991D-02

At iterate  885    f=  7.31717D+00    |proj g|=  6.60019D-02

At iterate  886    f=  7.31708D+00    |proj g|=  5.61849D-02

At iterate  887    f=  7.31697D+00    |proj g|=  1.86011D-01

At iterate  888    f=  7.31680D+00    |proj g|=  4.92214D-02

At iterate  889    f=  7.31675D+00    |proj g|=  7.01049D-02

At iterate  890    f=  7.31670D+00    |proj g|=  4.57741D-02

At iterate  891    f=  7.31667D+00    |proj g|=  1.84825D-01

At iterate  892    f=  7.31662D+00    |proj g|=  1.01149D-01

At iterate  893    f=  7.31656D+00    |proj g|=  3.34619D-02

At iterate  894    f=  7.31654D+00    |proj g|=  3.39218D-02

At iterate  895    f=  7.31642D+00    |proj g|=  4.53324D-02

At iterate  896    f=  7.31639D+00    |proj g|=  7.67194D-02

At iterate  897    f=  7.31630D+00    |proj g|=  2.71927D-02

At iterate  898    f=  7.31624D+00    |proj g|=  2.14770D-02

At iterate  899    f=  7.31615D+00    |proj g|=  6.27686D-02

At iterate  900    f=  7.31605D+00    |proj g|=  9.09633D-02

At iterate  901    f=  7.31593D+00    |proj g|=  9.07504D-02

At iterate  902    f=  7.31584D+00    |proj g|=  5.24739D-02

At iterate  903    f=  7.31579D+00    |proj g|=  5.61459D-02

At iterate  904    f=  7.31576D+00    |proj g|=  1.59009D-01

At iterate  905    f=  7.31572D+00    |proj g|=  8.96337D-02

At iterate  906    f=  7.31564D+00    |proj g|=  6.47661D-02

At iterate  907    f=  7.31560D+00    |proj g|=  8.36670D-02

At iterate  908    f=  7.31549D+00    |proj g|=  6.41695D-02

At iterate  909    f=  7.31537D+00    |proj g|=  4.83674D-02

At iterate  910    f=  7.31526D+00    |proj g|=  5.39864D-02

At iterate  911    f=  7.31516D+00    |proj g|=  4.44194D-02

At iterate  912    f=  7.31501D+00    |proj g|=  3.11140D-02

At iterate  913    f=  7.31492D+00    |proj g|=  6.93169D-02

At iterate  914    f=  7.31481D+00    |proj g|=  3.89014D-02

At iterate  915    f=  7.31473D+00    |proj g|=  3.78242D-02

At iterate  916    f=  7.31462D+00    |proj g|=  8.72253D-02

At iterate  917    f=  7.31458D+00    |proj g|=  1.04486D-01

At iterate  918    f=  7.31452D+00    |proj g|=  6.24031D-02

At iterate  919    f=  7.31441D+00    |proj g|=  2.58346D-02

At iterate  920    f=  7.31433D+00    |proj g|=  2.98302D-02

chi = 1088.9598720471977
      fun: 7.307882304001547
 hess_inv: <88x88 LbfgsInvHessProduct with dtype=float64>
      jac: array([ 1.71264780e-02,  1.40651046e-02,  1.58850710e-03,  3.87467836e-03,
       -4.43511894e-03, -1.71995751e-03,  1.25083055e-02,  2.15560902e-04,
        7.54614149e-03, -1.30293110e-02,  1.94599004e-02, -1.23642430e-02,
        2.93631786e-03,  1.47766244e-03, -1.12621024e-04, -9.34585742e-03,
       -6.05178130e-03,  2.66613398e-03,  2.34638975e-03, -7.16395832e-03,
       -1.49054102e-03, -7.41158246e-03, -7.22311100e-03,  2.03792538e-03,
       -7.12399029e-03, -1.45742973e-02, -9.70690195e-03,  1.42694745e-03,
       -1.06244791e-02,  1.77999837e-03,  6.60538291e-03, -1.30011557e-03,
       -4.70414818e-03,  6.57003341e-03,  7.57616192e-04, -3.89723809e-03,
        1.81276327e-02,  8.74873507e-03,  3.89626109e-03, -6.02966566e-03,
       -4.71045425e-03, -5.05071540e-03, -8.45403747e-03,  7.82760523e-03,
        7.49533768e-03, -4.59374760e-03, -3.28359562e-04, -4.32631708e-03,
       -1.21188393e-02,  3.64099861e-03,  9.01501096e-03,  2.29194441e-03,
        2.53281840e-03,  1.48947521e-03,  7.45021822e-03,  3.90709687e-04,
        6.57047750e-03, -1.25988997e-02, -9.57243174e-03,  8.52127258e-03,
        1.88093097e-02, -1.07815978e-02,  5.88045168e-03,  1.55024438e-02,
        9.54392121e-03,  1.23325350e-02, -1.23316468e-02,  1.06640918e-02,
        4.48521220e-03,  4.40314452e-03,  4.73566963e-02,  2.18646434e-02,
       -2.10121698e-02,  8.69810890e-03, -1.88110860e-02,  3.43467477e-03,
        6.65245636e-05,  1.61239910e-03,  2.58344457e-03,  8.15241208e-03,
       -1.54551927e-03,  9.75406422e-03, -5.76632075e-03,  5.65769653e-03,
       -5.75246517e-03, -2.11564100e-04,  1.60125246e-02,  1.52882151e-03])
  message: b'STOP: TOTAL NO. of ITERATIONS REACHED LIMIT'
     nfev: 96209
      nit: 1000
   status: 1
  success: False
        x: array([ 1.67181547,  1.56137061,  1.96618525,  1.51941964,  2.08958995,
        0.06334391,  0.62752715,  0.89960394,  0.76578465,  1.21462435,
        1.09998414,  0.91417107, -1.46800189,  1.66012507,  1.13580689,
        1.65277318,  1.91296736,  0.57614498,  1.84263721,  1.37031032,
        0.92284746,  1.5860315 ,  1.86397456,  1.09753734, -0.31315036,
       -0.87698299,  1.16936469,  0.7054919 ,  0.37692498, -0.49760538,
       -0.06900235,  0.00713522, -0.72870982,  1.39730981,  2.68909638,
        2.49504654,  1.08320539,  1.03310303,  0.81197058,  0.67798094,
       -1.20553365, -0.80179468,  1.54085765, -2.54485865,  0.04420952,
        2.3262024 , -1.29566713,  2.52015995,  1.87454428,  0.73489099,
       -1.35457264,  1.19794029,  1.05627131,  0.05789476,  0.38229619,
       -1.38917081,  0.95965194,  3.34942296,  3.04022534, -3.1082601 ,
        1.74395677, -4.06245224,  0.38507198, -6.28132571, -0.08786458,
        2.73577563,  1.11269758,  0.0065205 , -1.05527292, -0.29574647,
        1.38002321, -2.28344287,  2.07089494,  0.22816014,  0.30331556,
        2.84598646, -2.5775402 , -2.27333914,  1.71648383,  0.40042542,
       -1.56491247, -0.48586513, -0.48790129,  1.62138173, -0.6786069 ,
        0.08017454,  4.41520832, -2.58692883])
 This problem is unconstrained.
At iterate  921    f=  7.31418D+00    |proj g|=  8.79693D-02

At iterate  922    f=  7.31403D+00    |proj g|=  4.00410D-02

At iterate  923    f=  7.31392D+00    |proj g|=  3.49942D-02

At iterate  924    f=  7.31375D+00    |proj g|=  5.39046D-02

At iterate  925    f=  7.31368D+00    |proj g|=  9.38301D-02

At iterate  926    f=  7.31356D+00    |proj g|=  2.91442D-02

At iterate  927    f=  7.31348D+00    |proj g|=  2.54761D-02

At iterate  928    f=  7.31342D+00    |proj g|=  3.36462D-02

At iterate  929    f=  7.31340D+00    |proj g|=  1.08125D-01

At iterate  930    f=  7.31333D+00    |proj g|=  3.63880D-02

At iterate  931    f=  7.31326D+00    |proj g|=  3.67512D-02

At iterate  932    f=  7.31314D+00    |proj g|=  6.63857D-02

At iterate  933    f=  7.31298D+00    |proj g|=  7.89206D-02

At iterate  934    f=  7.31289D+00    |proj g|=  2.39922D-01

At iterate  935    f=  7.31262D+00    |proj g|=  4.68599D-02

At iterate  936    f=  7.31254D+00    |proj g|=  3.61219D-02

At iterate  937    f=  7.31239D+00    |proj g|=  4.66865D-02

At iterate  938    f=  7.31221D+00    |proj g|=  7.17195D-02

At iterate  939    f=  7.31205D+00    |proj g|=  9.57958D-02

At iterate  940    f=  7.31191D+00    |proj g|=  3.61821D-02

At iterate  941    f=  7.31183D+00    |proj g|=  1.52793D-01

At iterate  942    f=  7.31178D+00    |proj g|=  2.03013D-01

At iterate  943    f=  7.31173D+00    |proj g|=  9.90030D-02

At iterate  944    f=  7.31165D+00    |proj g|=  2.96486D-02

At iterate  945    f=  7.31157D+00    |proj g|=  8.33246D-02

At iterate  946    f=  7.31148D+00    |proj g|=  7.73217D-02

At iterate  947    f=  7.31141D+00    |proj g|=  1.18825D-01

At iterate  948    f=  7.31126D+00    |proj g|=  4.46733D-02

At iterate  949    f=  7.31114D+00    |proj g|=  5.75989D-02

At iterate  950    f=  7.31103D+00    |proj g|=  5.67657D-02

At iterate  951    f=  7.31081D+00    |proj g|=  7.59191D-02

At iterate  952    f=  7.31077D+00    |proj g|=  1.64090D-01

At iterate  953    f=  7.31055D+00    |proj g|=  1.02718D-01

At iterate  954    f=  7.31047D+00    |proj g|=  9.69175D-02

At iterate  955    f=  7.31040D+00    |proj g|=  3.95796D-02

At iterate  956    f=  7.31025D+00    |proj g|=  4.19556D-02

At iterate  957    f=  7.31008D+00    |proj g|=  8.35998D-02

At iterate  958    f=  7.30989D+00    |proj g|=  1.15380D-01

At iterate  959    f=  7.30978D+00    |proj g|=  3.59213D-02

At iterate  960    f=  7.30971D+00    |proj g|=  3.48926D-02

At iterate  961    f=  7.30959D+00    |proj g|=  2.98839D-02

At iterate  962    f=  7.30953D+00    |proj g|=  8.58370D-02

At iterate  963    f=  7.30944D+00    |proj g|=  2.82148D-02

At iterate  964    f=  7.30936D+00    |proj g|=  2.19951D-02

At iterate  965    f=  7.30927D+00    |proj g|=  7.99405D-02

At iterate  966    f=  7.30924D+00    |proj g|=  1.31904D-01

At iterate  967    f=  7.30920D+00    |proj g|=  5.45864D-02

At iterate  968    f=  7.30916D+00    |proj g|=  2.83102D-02

At iterate  969    f=  7.30913D+00    |proj g|=  4.72601D-02

At iterate  970    f=  7.30905D+00    |proj g|=  6.06454D-02

At iterate  971    f=  7.30899D+00    |proj g|=  1.43401D-01

At iterate  972    f=  7.30887D+00    |proj g|=  8.20093D-02

At iterate  973    f=  7.30876D+00    |proj g|=  2.96601D-02

At iterate  974    f=  7.30869D+00    |proj g|=  4.35946D-02

At iterate  975    f=  7.30865D+00    |proj g|=  6.65064D-02

At iterate  976    f=  7.30861D+00    |proj g|=  3.23011D-02

At iterate  977    f=  7.30857D+00    |proj g|=  3.04566D-02

At iterate  978    f=  7.30855D+00    |proj g|=  7.41853D-02

At iterate  979    f=  7.30852D+00    |proj g|=  7.72584D-02

At iterate  980    f=  7.30850D+00    |proj g|=  5.40401D-02

At iterate  981    f=  7.30844D+00    |proj g|=  3.27851D-02

At iterate  982    f=  7.30840D+00    |proj g|=  4.05078D-02

At iterate  983    f=  7.30835D+00    |proj g|=  4.50339D-02

At iterate  984    f=  7.30833D+00    |proj g|=  8.78585D-02

At iterate  985    f=  7.30830D+00    |proj g|=  2.17294D-02

At iterate  986    f=  7.30829D+00    |proj g|=  2.44848D-02

At iterate  987    f=  7.30828D+00    |proj g|=  3.64522D-02

At iterate  988    f=  7.30825D+00    |proj g|=  4.67156D-02

At iterate  989    f=  7.30820D+00    |proj g|=  3.64114D-02

At iterate  990    f=  7.30818D+00    |proj g|=  1.57025D-01

At iterate  991    f=  7.30814D+00    |proj g|=  6.61000D-02

At iterate  992    f=  7.30811D+00    |proj g|=  1.61642D-02

At iterate  993    f=  7.30810D+00    |proj g|=  2.60791D-02

At iterate  994    f=  7.30808D+00    |proj g|=  3.29675D-02

At iterate  995    f=  7.30803D+00    |proj g|=  4.71697D-02

At iterate  996    f=  7.30802D+00    |proj g|=  3.93992D-02

At iterate  997    f=  7.30799D+00    |proj g|=  2.26952D-02

At iterate  998    f=  7.30796D+00    |proj g|=  2.79974D-02

At iterate  999    f=  7.30792D+00    |proj g|=  2.81624D-02

At iterate 1000    f=  7.30788D+00    |proj g|=  4.73567D-02

           * * *

Tit   = total number of iterations
Tnf   = total number of function evaluations
Tnint = total number of segments explored during Cauchy searches
Skip  = number of BFGS updates skipped
Nact  = number of active bounds at final generalized Cauchy point
Projg = norm of the final projected gradient
F     = final function value

           * * *

   N    Tit     Tnf  Tnint  Skip  Nact     Projg        F
   88   1000   1081      1     0     0   4.736D-02   7.308D+00
  F =   7.3078823040015468     

STOP: TOTAL NO. of ITERATIONS REACHED LIMIT                 
