RUNNING THE L-BFGS-B CODE

           * * *

Machine precision = 2.220D-16
 N =          112     M =           10

At X0         0 variables are exactly at the bounds

At iterate    0    f=  3.88217D-02    |proj g|=  1.91525D-02

At iterate    1    f=  3.88208D-02    |proj g|=  3.68897D-02

At iterate    2    f=  3.88197D-02    |proj g|=  3.73800D-02

At iterate    3    f=  3.88188D-02    |proj g|=  2.21951D-02

At iterate    4    f=  3.88159D-02    |proj g|=  1.63234D-02

At iterate    5    f=  3.88089D-02    |proj g|=  4.25023D-02

At iterate    6    f=  3.87981D-02    |proj g|=  6.78551D-02

At iterate    7    f=  3.87836D-02    |proj g|=  6.85066D-02

At iterate    8    f=  3.87465D-02    |proj g|=  1.26266D-01

At iterate    9    f=  3.87206D-02    |proj g|=  9.58304D-02

At iterate   10    f=  3.86947D-02    |proj g|=  4.46990D-02

At iterate   11    f=  3.86829D-02    |proj g|=  3.73153D-02

At iterate   12    f=  3.86765D-02    |proj g|=  4.66322D-02

At iterate   13    f=  3.86600D-02    |proj g|=  5.76263D-02

At iterate   14    f=  3.86543D-02    |proj g|=  8.12728D-02

At iterate   15    f=  3.86410D-02    |proj g|=  4.43538D-02

At iterate   16    f=  3.86140D-02    |proj g|=  3.26509D-02

At iterate   17    f=  3.85666D-02    |proj g|=  7.21108D-02

At iterate   18    f=  3.85523D-02    |proj g|=  1.26188D-01

At iterate   19    f=  3.85331D-02    |proj g|=  4.74065D-02

At iterate   20    f=  3.85162D-02    |proj g|=  4.61453D-02

At iterate   21    f=  3.85012D-02    |proj g|=  3.12986D-02

At iterate   22    f=  3.84843D-02    |proj g|=  3.17094D-02

At iterate   23    f=  3.84537D-02    |proj g|=  1.17013D-01

At iterate   24    f=  3.84233D-02    |proj g|=  4.51728D-02

At iterate   25    f=  3.84049D-02    |proj g|=  4.06889D-02

At iterate   26    f=  3.83811D-02    |proj g|=  8.25060D-02

At iterate   27    f=  3.83632D-02    |proj g|=  1.24213D-01

At iterate   28    f=  3.83509D-02    |proj g|=  9.10459D-02

At iterate   29    f=  3.83155D-02    |proj g|=  7.00912D-02

At iterate   30    f=  3.82910D-02    |proj g|=  6.78691D-02

At iterate   31    f=  3.82629D-02    |proj g|=  1.65109D-01

At iterate   32    f=  3.82579D-02    |proj g|=  2.17214D-01

At iterate   33    f=  3.82397D-02    |proj g|=  3.27409D-02

At iterate   34    f=  3.82333D-02    |proj g|=  2.86612D-02

At iterate   35    f=  3.82148D-02    |proj g|=  7.77961D-02

At iterate   36    f=  3.81929D-02    |proj g|=  9.97631D-02

At iterate   37    f=  3.81744D-02    |proj g|=  1.92402D-01

At iterate   38    f=  3.81538D-02    |proj g|=  1.80874D-01

At iterate   39    f=  3.81306D-02    |proj g|=  6.55889D-02

At iterate   40    f=  3.81192D-02    |proj g|=  3.07745D-02

At iterate   41    f=  3.81093D-02    |proj g|=  3.37563D-02

At iterate   42    f=  3.80910D-02    |proj g|=  6.24005D-02

At iterate   43    f=  3.80859D-02    |proj g|=  1.82452D-01

At iterate   44    f=  3.80423D-02    |proj g|=  4.81942D-02

At iterate   45    f=  3.80243D-02    |proj g|=  4.04945D-02

At iterate   46    f=  3.79952D-02    |proj g|=  4.22527D-02

At iterate   47    f=  3.79716D-02    |proj g|=  1.55420D-01

At iterate   48    f=  3.79425D-02    |proj g|=  4.44547D-02

At iterate   49    f=  3.79215D-02    |proj g|=  3.57566D-02

At iterate   50    f=  3.79148D-02    |proj g|=  8.79091D-02

At iterate   51    f=  3.79067D-02    |proj g|=  4.08259D-02

At iterate   52    f=  3.78995D-02    |proj g|=  3.49998D-02

At iterate   53    f=  3.78863D-02    |proj g|=  3.78733D-02

At iterate   54    f=  3.78711D-02    |proj g|=  7.22533D-02

At iterate   55    f=  3.78490D-02    |proj g|=  7.23584D-02

At iterate   56    f=  3.78311D-02    |proj g|=  1.01015D-01

At iterate   57    f=  3.78138D-02    |proj g|=  6.48423D-02

At iterate   58    f=  3.77989D-02    |proj g|=  3.72079D-02

At iterate   59    f=  3.77863D-02    |proj g|=  4.46781D-02

At iterate   60    f=  3.77531D-02    |proj g|=  6.30385D-02

At iterate   61    f=  3.77390D-02    |proj g|=  1.48735D-01

At iterate   62    f=  3.77144D-02    |proj g|=  4.21642D-02

At iterate   63    f=  3.77054D-02    |proj g|=  9.69295D-02

At iterate   64    f=  3.76964D-02    |proj g|=  4.08056D-02

At iterate   65    f=  3.76906D-02    |proj g|=  4.72291D-02

At iterate   66    f=  3.76740D-02    |proj g|=  2.94512D-02

At iterate   67    f=  3.76700D-02    |proj g|=  1.68240D-01

At iterate   68    f=  3.76582D-02    |proj g|=  2.23649D-02

At iterate   69    f=  3.76522D-02    |proj g|=  3.58990D-02

At iterate   70    f=  3.76433D-02    |proj g|=  7.36689D-02

At iterate   71    f=  3.76277D-02    |proj g|=  8.72338D-02

At iterate   72    f=  3.76041D-02    |proj g|=  1.28373D-01

At iterate   73    f=  3.75856D-02    |proj g|=  7.27494D-02

At iterate   74    f=  3.75705D-02    |proj g|=  3.80247D-02

At iterate   75    f=  3.75615D-02    |proj g|=  4.88517D-02

At iterate   76    f=  3.75579D-02    |proj g|=  4.71774D-02

At iterate   77    f=  3.75538D-02    |proj g|=  3.88432D-02

At iterate   78    f=  3.75323D-02    |proj g|=  3.25050D-02

At iterate   79    f=  3.75242D-02    |proj g|=  2.36647D-02

At iterate   80    f=  3.75184D-02    |proj g|=  4.26757D-02

At iterate   81    f=  3.75131D-02    |proj g|=  2.71956D-02

At iterate   82    f=  3.75029D-02    |proj g|=  2.42702D-02

At iterate   83    f=  3.74924D-02    |proj g|=  7.12501D-02

At iterate   84    f=  3.74781D-02    |proj g|=  6.47568D-02

At iterate   85    f=  3.74628D-02    |proj g|=  2.78914D-02

At iterate   86    f=  3.74401D-02    |proj g|=  4.43954D-02

At iterate   87    f=  3.74308D-02    |proj g|=  7.95370D-02

At iterate   88    f=  3.74176D-02    |proj g|=  6.74597D-02

At iterate   89    f=  3.74068D-02    |proj g|=  3.22685D-02

At iterate   90    f=  3.73930D-02    |proj g|=  4.32990D-02

At iterate   91    f=  3.73696D-02    |proj g|=  8.85379D-02

At iterate   92    f=  3.73465D-02    |proj g|=  4.89415D-02

At iterate   93    f=  3.73191D-02    |proj g|=  3.41443D-02

At iterate   94    f=  3.73001D-02    |proj g|=  3.26932D-02

At iterate   95    f=  3.72531D-02    |proj g|=  9.61033D-02

At iterate   96    f=  3.72296D-02    |proj g|=  1.13444D-01

At iterate   97    f=  3.71997D-02    |proj g|=  4.09331D-02

At iterate   98    f=  3.71736D-02    |proj g|=  4.05574D-02

At iterate   99    f=  3.71586D-02    |proj g|=  1.49397D-01

At iterate  100    f=  3.71414D-02    |proj g|=  6.68025D-02

At iterate  101    f=  3.71300D-02    |proj g|=  7.82990D-02

At iterate  102    f=  3.71223D-02    |proj g|=  4.08043D-02

At iterate  103    f=  3.71122D-02    |proj g|=  4.04239D-02

At iterate  104    f=  3.70972D-02    |proj g|=  6.46222D-02

At iterate  105    f=  3.70795D-02    |proj g|=  7.61066D-02

At iterate  106    f=  3.70590D-02    |proj g|=  4.87689D-02

At iterate  107    f=  3.70427D-02    |proj g|=  2.73778D-02

At iterate  108    f=  3.70241D-02    |proj g|=  4.09989D-02

At iterate  109    f=  3.70041D-02    |proj g|=  5.23287D-02

At iterate  110    f=  3.69745D-02    |proj g|=  1.53588D-01

At iterate  111    f=  3.69478D-02    |proj g|=  6.24297D-02

At iterate  112    f=  3.69290D-02    |proj g|=  2.65786D-02

At iterate  113    f=  3.69147D-02    |proj g|=  1.45275D-01

At iterate  114    f=  3.69002D-02    |proj g|=  8.38276D-02

At iterate  115    f=  3.68921D-02    |proj g|=  4.49421D-02

At iterate  116    f=  3.68728D-02    |proj g|=  3.65636D-02

At iterate  117    f=  3.68580D-02    |proj g|=  5.91945D-02

At iterate  118    f=  3.68330D-02    |proj g|=  6.26054D-02

At iterate  119    f=  3.68190D-02    |proj g|=  7.30166D-02

At iterate  120    f=  3.68043D-02    |proj g|=  2.82736D-02

At iterate  121    f=  3.67906D-02    |proj g|=  2.66410D-02

At iterate  122    f=  3.67782D-02    |proj g|=  4.27186D-02

At iterate  123    f=  3.67485D-02    |proj g|=  9.23060D-02

At iterate  124    f=  3.67178D-02    |proj g|=  1.42887D-01

At iterate  125    f=  3.66932D-02    |proj g|=  8.14394D-02

At iterate  126    f=  3.66790D-02    |proj g|=  1.06296D-01

At iterate  127    f=  3.66679D-02    |proj g|=  3.52067D-02

At iterate  128    f=  3.66604D-02    |proj g|=  3.54834D-02

At iterate  129    f=  3.66395D-02    |proj g|=  4.21882D-02

At iterate  130    f=  3.66267D-02    |proj g|=  3.47703D-02

At iterate  131    f=  3.66206D-02    |proj g|=  7.78209D-02

At iterate  132    f=  3.66007D-02    |proj g|=  2.35487D-02

At iterate  133    f=  3.65950D-02    |proj g|=  2.33059D-02

At iterate  134    f=  3.65843D-02    |proj g|=  2.62662D-02

At iterate  135    f=  3.65734D-02    |proj g|=  7.36748D-02

At iterate  136    f=  3.65609D-02    |proj g|=  2.44289D-02

At iterate  137    f=  3.65524D-02    |proj g|=  2.64382D-02

At iterate  138    f=  3.65479D-02    |proj g|=  1.53574D-01

At iterate  139    f=  3.65390D-02    |proj g|=  5.81231D-02

At iterate  140    f=  3.65317D-02    |proj g|=  2.47371D-02

At iterate  141    f=  3.65232D-02    |proj g|=  5.50095D-02

At iterate  142    f=  3.65165D-02    |proj g|=  4.48174D-02

At iterate  143    f=  3.65107D-02    |proj g|=  1.23216D-01

At iterate  144    f=  3.64996D-02    |proj g|=  1.84935D-02

At iterate  145    f=  3.64940D-02    |proj g|=  2.71178D-02

At iterate  146    f=  3.64877D-02    |proj g|=  2.63590D-02

At iterate  147    f=  3.64834D-02    |proj g|=  5.36866D-02

At iterate  148    f=  3.64766D-02    |proj g|=  2.49476D-02

At iterate  149    f=  3.64682D-02    |proj g|=  2.52295D-02

At iterate  150    f=  3.64619D-02    |proj g|=  2.74013D-02

At iterate  151    f=  3.64570D-02    |proj g|=  8.62849D-02

At iterate  152    f=  3.64492D-02    |proj g|=  3.15404D-02

At iterate  153    f=  3.64400D-02    |proj g|=  2.60372D-02

At iterate  154    f=  3.64355D-02    |proj g|=  3.08643D-02

At iterate  155    f=  3.64292D-02    |proj g|=  4.80127D-02

At iterate  156    f=  3.64242D-02    |proj g|=  7.54157D-02

At iterate  157    f=  3.64192D-02    |proj g|=  1.96915D-02

At iterate  158    f=  3.64151D-02    |proj g|=  3.11320D-02

At iterate  159    f=  3.64095D-02    |proj g|=  4.42569D-02

At iterate  160    f=  3.64053D-02    |proj g|=  6.57406D-02

At iterate  161    f=  3.63995D-02    |proj g|=  2.61118D-02

At iterate  162    f=  3.63945D-02    |proj g|=  1.90642D-02

At iterate  163    f=  3.63865D-02    |proj g|=  5.77662D-02

At iterate  164    f=  3.63796D-02    |proj g|=  8.67734D-02

At iterate  165    f=  3.63702D-02    |proj g|=  4.65148D-02

At iterate  166    f=  3.63571D-02    |proj g|=  3.73939D-02

At iterate  167    f=  3.63503D-02    |proj g|=  3.31743D-02

At iterate  168    f=  3.63269D-02    |proj g|=  8.99082D-02

At iterate  169    f=  3.63188D-02    |proj g|=  4.88003D-02

At iterate  170    f=  3.63115D-02    |proj g|=  2.04513D-02

At iterate  171    f=  3.63052D-02    |proj g|=  1.91892D-02

At iterate  172    f=  3.62971D-02    |proj g|=  3.72754D-02

At iterate  173    f=  3.62863D-02    |proj g|=  4.59216D-02

At iterate  174    f=  3.62753D-02    |proj g|=  3.94598D-02

At iterate  175    f=  3.62652D-02    |proj g|=  3.53841D-02

At iterate  176    f=  3.62611D-02    |proj g|=  9.31532D-02

At iterate  177    f=  3.62542D-02    |proj g|=  7.23856D-02

At iterate  178    f=  3.62439D-02    |proj g|=  3.80790D-02

At iterate  179    f=  3.62281D-02    |proj g|=  3.42269D-02

At iterate  180    f=  3.62132D-02    |proj g|=  4.22937D-02

At iterate  181    f=  3.61971D-02    |proj g|=  4.28721D-02

At iterate  182    f=  3.61869D-02    |proj g|=  1.00291D-01

At iterate  183    f=  3.61769D-02    |proj g|=  3.34206D-02

At iterate  184    f=  3.61712D-02    |proj g|=  1.98222D-02

At iterate  185    f=  3.61646D-02    |proj g|=  2.54111D-02

At iterate  186    f=  3.61496D-02    |proj g|=  6.17977D-02

At iterate  187    f=  3.61406D-02    |proj g|=  1.02402D-01

At iterate  188    f=  3.61323D-02    |proj g|=  1.05831D-01

At iterate  189    f=  3.61240D-02    |proj g|=  4.63069D-02

At iterate  190    f=  3.61198D-02    |proj g|=  2.45666D-02

At iterate  191    f=  3.61154D-02    |proj g|=  3.40081D-02

At iterate  192    f=  3.61044D-02    |proj g|=  3.24631D-02

At iterate  193    f=  3.60905D-02    |proj g|=  5.27720D-02

At iterate  194    f=  3.60874D-02    |proj g|=  1.41858D-01

At iterate  195    f=  3.60685D-02    |proj g|=  2.37870D-02

At iterate  196    f=  3.60633D-02    |proj g|=  2.43868D-02

At iterate  197    f=  3.60559D-02    |proj g|=  5.49242D-02

At iterate  198    f=  3.60486D-02    |proj g|=  5.17270D-02

At iterate  199    f=  3.60437D-02    |proj g|=  4.66948D-02

At iterate  200    f=  3.60388D-02    |proj g|=  1.90468D-02

At iterate  201    f=  3.60353D-02    |proj g|=  2.68672D-02

At iterate  202    f=  3.60294D-02    |proj g|=  3.83021D-02

At iterate  203    f=  3.60253D-02    |proj g|=  4.03609D-02

At iterate  204    f=  3.60218D-02    |proj g|=  1.30616D-02

At iterate  205    f=  3.60199D-02    |proj g|=  1.39423D-02

At iterate  206    f=  3.60156D-02    |proj g|=  2.28767D-02

At iterate  207    f=  3.60071D-02    |proj g|=  3.40594D-02

At iterate  208    f=  3.60017D-02    |proj g|=  9.07674D-02

At iterate  209    f=  3.59918D-02    |proj g|=  5.24692D-02

At iterate  210    f=  3.59870D-02    |proj g|=  3.82270D-02

At iterate  211    f=  3.59838D-02    |proj g|=  3.94919D-02

At iterate  212    f=  3.59820D-02    |proj g|=  1.99326D-02

At iterate  213    f=  3.59797D-02    |proj g|=  1.30339D-02

At iterate  214    f=  3.59770D-02    |proj g|=  2.36516D-02

At iterate  215    f=  3.59722D-02    |proj g|=  5.33146D-02

At iterate  216    f=  3.59684D-02    |proj g|=  3.97262D-02

At iterate  217    f=  3.59633D-02    |proj g|=  2.26903D-02

At iterate  218    f=  3.59576D-02    |proj g|=  1.93995D-02

At iterate  219    f=  3.59521D-02    |proj g|=  2.33998D-02

At iterate  220    f=  3.59454D-02    |proj g|=  3.95843D-02

At iterate  221    f=  3.59383D-02    |proj g|=  3.50159D-02

At iterate  222    f=  3.59325D-02    |proj g|=  2.92656D-02

At iterate  223    f=  3.59266D-02    |proj g|=  2.38162D-02

At iterate  224    f=  3.59221D-02    |proj g|=  2.51602D-02

At iterate  225    f=  3.59140D-02    |proj g|=  2.19226D-02

At iterate  226    f=  3.59106D-02    |proj g|=  2.99014D-02

At iterate  227    f=  3.59061D-02    |proj g|=  1.71873D-02

At iterate  228    f=  3.59009D-02    |proj g|=  7.94006D-02

At iterate  229    f=  3.58935D-02    |proj g|=  2.33002D-02

At iterate  230    f=  3.58873D-02    |proj g|=  4.34048D-02

At iterate  231    f=  3.58815D-02    |proj g|=  5.04996D-02

At iterate  232    f=  3.58658D-02    |proj g|=  6.73288D-02

At iterate  233    f=  3.58590D-02    |proj g|=  8.01268D-02

At iterate  234    f=  3.58445D-02    |proj g|=  3.59303D-02

At iterate  235    f=  3.58358D-02    |proj g|=  1.89140D-02

At iterate  236    f=  3.58262D-02    |proj g|=  7.42717D-02

At iterate  237    f=  3.58197D-02    |proj g|=  2.83657D-02

At iterate  238    f=  3.58156D-02    |proj g|=  2.22698D-02

At iterate  239    f=  3.58106D-02    |proj g|=  1.56676D-02

At iterate  240    f=  3.58066D-02    |proj g|=  1.55312D-02

At iterate  241    f=  3.58023D-02    |proj g|=  4.57861D-02

At iterate  242    f=  3.57985D-02    |proj g|=  3.81249D-02

At iterate  243    f=  3.57951D-02    |proj g|=  2.24991D-02

At iterate  244    f=  3.57884D-02    |proj g|=  1.83132D-02

At iterate  245    f=  3.57850D-02    |proj g|=  8.08683D-02

At iterate  246    f=  3.57767D-02    |proj g|=  4.32672D-02

At iterate  247    f=  3.57696D-02    |proj g|=  3.43686D-02

At iterate  248    f=  3.57619D-02    |proj g|=  4.39403D-02

At iterate  249    f=  3.57508D-02    |proj g|=  8.34635D-02

At iterate  250    f=  3.57465D-02    |proj g|=  6.86296D-02

At iterate  251    f=  3.57377D-02    |proj g|=  2.31244D-02

At iterate  252    f=  3.57342D-02    |proj g|=  2.14926D-02

At iterate  253    f=  3.57285D-02    |proj g|=  2.59179D-02

At iterate  254    f=  3.57251D-02    |proj g|=  8.00767D-02

At iterate  255    f=  3.57201D-02    |proj g|=  2.03609D-02

At iterate  256    f=  3.57178D-02    |proj g|=  2.03612D-02

At iterate  257    f=  3.57138D-02    |proj g|=  2.08023D-02

At iterate  258    f=  3.57090D-02    |proj g|=  5.94518D-02

At iterate  259    f=  3.57024D-02    |proj g|=  3.75342D-02

At iterate  260    f=  3.56944D-02    |proj g|=  3.50684D-02

At iterate  261    f=  3.56876D-02    |proj g|=  7.33417D-02

At iterate  262    f=  3.56823D-02    |proj g|=  2.10415D-02

At iterate  263    f=  3.56795D-02    |proj g|=  2.63864D-02

At iterate  264    f=  3.56744D-02    |proj g|=  4.42423D-02

At iterate  265    f=  3.56651D-02    |proj g|=  5.01608D-02

At iterate  266    f=  3.56601D-02    |proj g|=  5.93009D-02

At iterate  267    f=  3.56525D-02    |proj g|=  3.93986D-02

At iterate  268    f=  3.56481D-02    |proj g|=  1.60061D-02

At iterate  269    f=  3.56444D-02    |proj g|=  4.09873D-02

At iterate  270    f=  3.56393D-02    |proj g|=  2.95452D-02

At iterate  271    f=  3.56327D-02    |proj g|=  7.75199D-02

At iterate  272    f=  3.56238D-02    |proj g|=  3.00643D-02

At iterate  273    f=  3.56162D-02    |proj g|=  3.91936D-02

At iterate  274    f=  3.56087D-02    |proj g|=  6.66366D-02

At iterate  275    f=  3.55985D-02    |proj g|=  4.29560D-02

At iterate  276    f=  3.55920D-02    |proj g|=  2.42504D-02

At iterate  277    f=  3.55868D-02    |proj g|=  2.32482D-02

At iterate  278    f=  3.55777D-02    |proj g|=  3.13811D-02

At iterate  279    f=  3.55720D-02    |proj g|=  1.17018D-01

At iterate  280    f=  3.55608D-02    |proj g|=  2.77041D-02

At iterate  281    f=  3.55572D-02    |proj g|=  2.41701D-02

At iterate  282    f=  3.55522D-02    |proj g|=  2.57146D-02

At iterate  283    f=  3.55471D-02    |proj g|=  4.52426D-02

At iterate  284    f=  3.55409D-02    |proj g|=  3.09574D-02

At iterate  285    f=  3.55354D-02    |proj g|=  2.83381D-02

At iterate  286    f=  3.55299D-02    |proj g|=  5.09723D-02

At iterate  287    f=  3.55260D-02    |proj g|=  3.22740D-02

At iterate  288    f=  3.55201D-02    |proj g|=  2.26306D-02

At iterate  289    f=  3.55127D-02    |proj g|=  2.06933D-02

At iterate  290    f=  3.55022D-02    |proj g|=  2.17256D-02

At iterate  291    f=  3.54993D-02    |proj g|=  5.75970D-02

At iterate  292    f=  3.54933D-02    |proj g|=  4.27739D-02

At iterate  293    f=  3.54871D-02    |proj g|=  2.04626D-02

At iterate  294    f=  3.54823D-02    |proj g|=  2.44989D-02

At iterate  295    f=  3.54776D-02    |proj g|=  4.23698D-02

At iterate  296    f=  3.54726D-02    |proj g|=  3.48158D-02

At iterate  297    f=  3.54684D-02    |proj g|=  2.77239D-02

At iterate  298    f=  3.54629D-02    |proj g|=  3.51458D-02

At iterate  299    f=  3.54570D-02    |proj g|=  2.58769D-02

At iterate  300    f=  3.54480D-02    |proj g|=  3.49757D-02

At iterate  301    f=  3.54440D-02    |proj g|=  8.33093D-02

At iterate  302    f=  3.54377D-02    |proj g|=  2.91566D-02

At iterate  303    f=  3.54347D-02    |proj g|=  1.58425D-02

At iterate  304    f=  3.54312D-02    |proj g|=  2.26363D-02

At iterate  305    f=  3.54240D-02    |proj g|=  4.40669D-02

At iterate  306    f=  3.54125D-02    |proj g|=  4.94613D-02

At iterate  307    f=  3.54094D-02    |proj g|=  1.01262D-01

At iterate  308    f=  3.54018D-02    |proj g|=  4.69894D-02

At iterate  309    f=  3.53990D-02    |proj g|=  3.98465D-02

At iterate  310    f=  3.53961D-02    |proj g|=  2.64800D-02

At iterate  311    f=  3.53920D-02    |proj g|=  3.05316D-02

At iterate  312    f=  3.53864D-02    |proj g|=  4.07290D-02

At iterate  313    f=  3.53775D-02    |proj g|=  3.89625D-02

At iterate  314    f=  3.53739D-02    |proj g|=  5.14198D-02

At iterate  315    f=  3.53667D-02    |proj g|=  2.29018D-02

At iterate  316    f=  3.53615D-02    |proj g|=  2.61071D-02

At iterate  317    f=  3.53598D-02    |proj g|=  7.67037D-02

At iterate  318    f=  3.53555D-02    |proj g|=  3.02392D-02

At iterate  319    f=  3.53535D-02    |proj g|=  1.28104D-02

At iterate  320    f=  3.53506D-02    |proj g|=  2.88161D-02

At iterate  321    f=  3.53468D-02    |proj g|=  2.39302D-02

At iterate  322    f=  3.53439D-02    |proj g|=  7.71333D-02

At iterate  323    f=  3.53358D-02    |proj g|=  3.75256D-02

At iterate  324    f=  3.53262D-02    |proj g|=  2.42431D-02

At iterate  325    f=  3.53170D-02    |proj g|=  2.75767D-02

At iterate  326    f=  3.53073D-02    |proj g|=  3.55287D-02

At iterate  327    f=  3.53015D-02    |proj g|=  9.44544D-02

At iterate  328    f=  3.52875D-02    |proj g|=  2.13301D-02

At iterate  329    f=  3.52794D-02    |proj g|=  4.01271D-02

At iterate  330    f=  3.52691D-02    |proj g|=  4.33000D-02

At iterate  331    f=  3.52517D-02    |proj g|=  4.11528D-02

At iterate  332    f=  3.52420D-02    |proj g|=  1.22809D-01

At iterate  333    f=  3.52206D-02    |proj g|=  5.46499D-02

At iterate  334    f=  3.52095D-02    |proj g|=  3.06976D-02

At iterate  335    f=  3.51926D-02    |proj g|=  5.80651D-02

At iterate  336    f=  3.51756D-02    |proj g|=  4.85270D-02

At iterate  337    f=  3.51558D-02    |proj g|=  5.22550D-02

At iterate  338    f=  3.51427D-02    |proj g|=  1.15054D-01

At iterate  339    f=  3.51266D-02    |proj g|=  2.53331D-02

At iterate  340    f=  3.51195D-02    |proj g|=  1.73159D-02

At iterate  341    f=  3.51021D-02    |proj g|=  2.61455D-02

At iterate  342    f=  3.50937D-02    |proj g|=  8.15360D-02

At iterate  343    f=  3.50814D-02    |proj g|=  4.77414D-02

At iterate  344    f=  3.50746D-02    |proj g|=  3.49731D-02

At iterate  345    f=  3.50687D-02    |proj g|=  3.10164D-02

At iterate  346    f=  3.50544D-02    |proj g|=  6.99706D-02

At iterate  347    f=  3.50401D-02    |proj g|=  3.56486D-02

At iterate  348    f=  3.50321D-02    |proj g|=  2.42751D-02

At iterate  349    f=  3.50227D-02    |proj g|=  6.07941D-02

At iterate  350    f=  3.50153D-02    |proj g|=  2.82855D-02

At iterate  351    f=  3.50056D-02    |proj g|=  2.70109D-02

At iterate  352    f=  3.49983D-02    |proj g|=  2.86114D-02

At iterate  353    f=  3.49871D-02    |proj g|=  3.98227D-02

At iterate  354    f=  3.49836D-02    |proj g|=  4.30505D-02

At iterate  355    f=  3.49784D-02    |proj g|=  1.82537D-02

At iterate  356    f=  3.49747D-02    |proj g|=  2.57765D-02

At iterate  357    f=  3.49698D-02    |proj g|=  5.58312D-02

At iterate  358    f=  3.49614D-02    |proj g|=  4.07324D-02

At iterate  359    f=  3.49522D-02    |proj g|=  6.96848D-02

At iterate  360    f=  3.49425D-02    |proj g|=  3.64919D-02

At iterate  361    f=  3.49354D-02    |proj g|=  4.51275D-02

At iterate  362    f=  3.49279D-02    |proj g|=  5.02197D-02

At iterate  363    f=  3.49144D-02    |proj g|=  7.26361D-02

At iterate  364    f=  3.48997D-02    |proj g|=  5.64344D-02

At iterate  365    f=  3.48917D-02    |proj g|=  3.59842D-02

At iterate  366    f=  3.48852D-02    |proj g|=  2.56374D-02

At iterate  367    f=  3.48829D-02    |proj g|=  6.26271D-02

At iterate  368    f=  3.48743D-02    |proj g|=  2.75563D-02

At iterate  369    f=  3.48679D-02    |proj g|=  2.17193D-02

At iterate  370    f=  3.48617D-02    |proj g|=  3.12163D-02

At iterate  371    f=  3.48568D-02    |proj g|=  8.87027D-02

At iterate  372    f=  3.48485D-02    |proj g|=  3.33135D-02

At iterate  373    f=  3.48395D-02    |proj g|=  2.40050D-02

At iterate  374    f=  3.48297D-02    |proj g|=  3.51263D-02

At iterate  375    f=  3.48181D-02    |proj g|=  3.20609D-02

At iterate  376    f=  3.48123D-02    |proj g|=  6.80424D-02

At iterate  377    f=  3.48032D-02    |proj g|=  2.07484D-02

At iterate  378    f=  3.47952D-02    |proj g|=  3.48472D-02

At iterate  379    f=  3.47782D-02    |proj g|=  4.65977D-02

At iterate  380    f=  3.47762D-02    |proj g|=  2.45694D-01

At iterate  381    f=  3.47578D-02    |proj g|=  7.74658D-02

At iterate  382    f=  3.47513D-02    |proj g|=  2.24911D-02

At iterate  383    f=  3.47453D-02    |proj g|=  6.99165D-02

At iterate  384    f=  3.47392D-02    |proj g|=  8.61987D-02

At iterate  385    f=  3.47325D-02    |proj g|=  5.18467D-02

At iterate  386    f=  3.47230D-02    |proj g|=  3.45410D-02

At iterate  387    f=  3.47155D-02    |proj g|=  3.37313D-02

At iterate  388    f=  3.47127D-02    |proj g|=  1.04284D-01

At iterate  389    f=  3.47047D-02    |proj g|=  2.79056D-02

At iterate  390    f=  3.47021D-02    |proj g|=  1.45285D-02

At iterate  391    f=  3.46981D-02    |proj g|=  2.16690D-02

At iterate  392    f=  3.46916D-02    |proj g|=  3.83652D-02

At iterate  393    f=  3.46813D-02    |proj g|=  7.69615D-02

At iterate  394    f=  3.46741D-02    |proj g|=  6.84614D-02

At iterate  395    f=  3.46718D-02    |proj g|=  7.71194D-02

At iterate  396    f=  3.46677D-02    |proj g|=  2.30511D-02

At iterate  397    f=  3.46662D-02    |proj g|=  2.00548D-02

At iterate  398    f=  3.46640D-02    |proj g|=  2.06650D-02

At iterate  399    f=  3.46590D-02    |proj g|=  2.41745D-02

At iterate  400    f=  3.46550D-02    |proj g|=  6.61075D-02

At iterate  401    f=  3.46462D-02    |proj g|=  4.31908D-02

At iterate  402    f=  3.46416D-02    |proj g|=  1.49107D-02

At iterate  403    f=  3.46373D-02    |proj g|=  2.66784D-02

At iterate  404    f=  3.46314D-02    |proj g|=  4.69501D-02

At iterate  405    f=  3.46203D-02    |proj g|=  2.27556D-02

At iterate  406    f=  3.46153D-02    |proj g|=  1.09736D-01

At iterate  407    f=  3.46072D-02    |proj g|=  6.14440D-02

At iterate  408    f=  3.46024D-02    |proj g|=  1.89145D-02

At iterate  409    f=  3.46002D-02    |proj g|=  1.86647D-02

At iterate  410    f=  3.45951D-02    |proj g|=  2.52109D-02

At iterate  411    f=  3.45878D-02    |proj g|=  2.08371D-02

At iterate  412    f=  3.45748D-02    |proj g|=  4.43440D-02

At iterate  413    f=  3.45644D-02    |proj g|=  5.58235D-02

At iterate  414    f=  3.45526D-02    |proj g|=  1.86456D-02

At iterate  415    f=  3.45458D-02    |proj g|=  2.24968D-02

At iterate  416    f=  3.45365D-02    |proj g|=  2.28235D-02

At iterate  417    f=  3.45223D-02    |proj g|=  8.46622D-02

At iterate  418    f=  3.45170D-02    |proj g|=  4.25917D-02

At iterate  419    f=  3.45134D-02    |proj g|=  2.06713D-02

At iterate  420    f=  3.45121D-02    |proj g|=  1.24147D-02

At iterate  421    f=  3.45098D-02    |proj g|=  2.41142D-02

At iterate  422    f=  3.45062D-02    |proj g|=  1.72518D-02

At iterate  423    f=  3.45011D-02    |proj g|=  2.37099D-02

At iterate  424    f=  3.44972D-02    |proj g|=  7.51396D-02

At iterate  425    f=  3.44904D-02    |proj g|=  2.81933D-02

At iterate  426    f=  3.44868D-02    |proj g|=  1.92625D-02

At iterate  427    f=  3.44820D-02    |proj g|=  1.99662D-02

At iterate  428    f=  3.44739D-02    |proj g|=  4.97287D-02

At iterate  429    f=  3.44645D-02    |proj g|=  2.74575D-02

At iterate  430    f=  3.44546D-02    |proj g|=  3.32225D-02

At iterate  431    f=  3.44518D-02    |proj g|=  5.66284D-02

At iterate  432    f=  3.44489D-02    |proj g|=  2.64168D-02

At iterate  433    f=  3.44463D-02    |proj g|=  1.92886D-02

At iterate  434    f=  3.44427D-02    |proj g|=  3.29026D-02

At iterate  435    f=  3.44362D-02    |proj g|=  4.00089D-02

At iterate  436    f=  3.44266D-02    |proj g|=  6.23631D-02

At iterate  437    f=  3.44224D-02    |proj g|=  5.46403D-02

At iterate  438    f=  3.44159D-02    |proj g|=  1.97577D-02

At iterate  439    f=  3.44127D-02    |proj g|=  2.16538D-02

At iterate  440    f=  3.44081D-02    |proj g|=  3.44060D-02

At iterate  441    f=  3.44009D-02    |proj g|=  3.62525D-02

At iterate  442    f=  3.43938D-02    |proj g|=  8.99274D-02

At iterate  443    f=  3.43865D-02    |proj g|=  2.39586D-02

At iterate  444    f=  3.43817D-02    |proj g|=  4.17640D-02

At iterate  445    f=  3.43766D-02    |proj g|=  4.75602D-02

At iterate  446    f=  3.43648D-02    |proj g|=  5.51131D-02

At iterate  447    f=  3.43570D-02    |proj g|=  6.28650D-02

At iterate  448    f=  3.43464D-02    |proj g|=  2.25146D-02

At iterate  449    f=  3.43419D-02    |proj g|=  1.41312D-02

At iterate  450    f=  3.43345D-02    |proj g|=  3.47555D-02

At iterate  451    f=  3.43311D-02    |proj g|=  4.36483D-02

At iterate  452    f=  3.43253D-02    |proj g|=  1.87817D-02

At iterate  453    f=  3.43194D-02    |proj g|=  2.18313D-02

At iterate  454    f=  3.43106D-02    |proj g|=  4.79795D-02

At iterate  455    f=  3.43095D-02    |proj g|=  1.24664D-01

At iterate  456    f=  3.43008D-02    |proj g|=  2.88943D-02

At iterate  457    f=  3.42970D-02    |proj g|=  2.07105D-02

At iterate  458    f=  3.42930D-02    |proj g|=  3.07456D-02

At iterate  459    f=  3.42883D-02    |proj g|=  2.41951D-02

At iterate  460    f=  3.42775D-02    |proj g|=  2.62659D-02

At iterate  461    f=  3.42704D-02    |proj g|=  4.77587D-02

At iterate  462    f=  3.42616D-02    |proj g|=  2.14341D-02

At iterate  463    f=  3.42583D-02    |proj g|=  5.10239D-02

At iterate  464    f=  3.42531D-02    |proj g|=  3.28647D-02

At iterate  465    f=  3.42477D-02    |proj g|=  2.36596D-02

At iterate  466    f=  3.42408D-02    |proj g|=  3.70526D-02

At iterate  467    f=  3.42349D-02    |proj g|=  2.90703D-02

At iterate  468    f=  3.42309D-02    |proj g|=  9.42474D-02

At iterate  469    f=  3.42247D-02    |proj g|=  2.10565D-02

At iterate  470    f=  3.42231D-02    |proj g|=  1.66970D-02

At iterate  471    f=  3.42190D-02    |proj g|=  7.59907D-03

At iterate  472    f=  3.42163D-02    |proj g|=  1.76195D-02

At iterate  473    f=  3.42127D-02    |proj g|=  2.97174D-02

At iterate  474    f=  3.42087D-02    |proj g|=  1.16910D-02

At iterate  475    f=  3.42054D-02    |proj g|=  1.28683D-02

At iterate  476    f=  3.42024D-02    |proj g|=  8.26433D-02

At iterate  477    f=  3.41983D-02    |proj g|=  1.31250D-02

At iterate  478    f=  3.41938D-02    |proj g|=  3.18784D-02

At iterate  479    f=  3.41868D-02    |proj g|=  7.17387D-02

At iterate  480    f=  3.41839D-02    |proj g|=  8.51556D-02

At iterate  481    f=  3.41799D-02    |proj g|=  3.50604D-02

At iterate  482    f=  3.41786D-02    |proj g|=  1.70187D-02

At iterate  483    f=  3.41771D-02    |proj g|=  1.47317D-02

At iterate  484    f=  3.41754D-02    |proj g|=  2.67862D-02

At iterate  485    f=  3.41712D-02    |proj g|=  4.18496D-02

At iterate  486    f=  3.41649D-02    |proj g|=  5.61377D-02

At iterate  487    f=  3.41624D-02    |proj g|=  3.90864D-02

At iterate  488    f=  3.41566D-02    |proj g|=  1.77986D-02

At iterate  489    f=  3.41525D-02    |proj g|=  1.49038D-02

At iterate  490    f=  3.41484D-02    |proj g|=  2.78870D-02

At iterate  491    f=  3.41434D-02    |proj g|=  3.40464D-02

At iterate  492    f=  3.41401D-02    |proj g|=  7.13178D-02

At iterate  493    f=  3.41349D-02    |proj g|=  6.95462D-02

At iterate  494    f=  3.41321D-02    |proj g|=  3.24598D-02

At iterate  495    f=  3.41295D-02    |proj g|=  2.26170D-02

At iterate  496    f=  3.41270D-02    |proj g|=  2.67976D-02

At iterate  497    f=  3.41232D-02    |proj g|=  3.23033D-02

At iterate  498    f=  3.41226D-02    |proj g|=  7.04539D-02

At iterate  499    f=  3.41160D-02    |proj g|=  3.08783D-02

At iterate  500    f=  3.41136D-02    |proj g|=  9.27419D-03

At iterate  501    f=  3.41111D-02    |proj g|=  1.85442D-02

At iterate  502    f=  3.41076D-02    |proj g|=  2.77066D-02

At iterate  503    f=  3.41063D-02    |proj g|=  4.51490D-02

At iterate  504    f=  3.41027D-02    |proj g|=  5.11566D-02

At iterate  505    f=  3.41006D-02    |proj g|=  1.38879D-02

At iterate  506    f=  3.40994D-02    |proj g|=  2.09958D-02

At iterate  507    f=  3.40970D-02    |proj g|=  3.02618D-02

At iterate  508    f=  3.40925D-02    |proj g|=  5.98017D-02

At iterate  509    f=  3.40909D-02    |proj g|=  6.23276D-02

At iterate  510    f=  3.40857D-02    |proj g|=  1.69974D-02

At iterate  511    f=  3.40842D-02    |proj g|=  1.01298D-02

At iterate  512    f=  3.40821D-02    |proj g|=  1.31619D-02

At iterate  513    f=  3.40797D-02    |proj g|=  1.73214D-02

At iterate  514    f=  3.40774D-02    |proj g|=  5.37642D-02

At iterate  515    f=  3.40749D-02    |proj g|=  2.43190D-02

At iterate  516    f=  3.40732D-02    |proj g|=  1.45258D-02

At iterate  517    f=  3.40713D-02    |proj g|=  4.67083D-02

At iterate  518    f=  3.40691D-02    |proj g|=  1.11416D-02

At iterate  519    f=  3.40672D-02    |proj g|=  1.48895D-02

At iterate  520    f=  3.40656D-02    |proj g|=  1.87790D-02

At iterate  521    f=  3.40622D-02    |proj g|=  2.41138D-02

At iterate  522    f=  3.40581D-02    |proj g|=  5.39969D-02

At iterate  523    f=  3.40534D-02    |proj g|=  2.17118D-02

At iterate  524    f=  3.40520D-02    |proj g|=  8.53734D-03

At iterate  525    f=  3.40501D-02    |proj g|=  1.09565D-02

At iterate  526    f=  3.40488D-02    |proj g|=  4.96637D-02

At iterate  527    f=  3.40464D-02    |proj g|=  3.05870D-02

At iterate  528    f=  3.40436D-02    |proj g|=  1.43232D-02

At iterate  529    f=  3.40390D-02    |proj g|=  3.98423D-02

At iterate  530    f=  3.40348D-02    |proj g|=  6.95363D-02

At iterate  531    f=  3.40299D-02    |proj g|=  3.52178D-02

At iterate  532    f=  3.40235D-02    |proj g|=  1.97915D-02

At iterate  533    f=  3.40194D-02    |proj g|=  2.28073D-02

At iterate  534    f=  3.40101D-02    |proj g|=  4.60153D-02

At iterate  535    f=  3.40049D-02    |proj g|=  4.76965D-02

At iterate  536    f=  3.39986D-02    |proj g|=  2.06422D-02

At iterate  537    f=  3.39947D-02    |proj g|=  1.87415D-02

At iterate  538    f=  3.39907D-02    |proj g|=  3.45901D-02

At iterate  539    f=  3.39867D-02    |proj g|=  4.34162D-02

At iterate  540    f=  3.39827D-02    |proj g|=  1.84396D-02

At iterate  541    f=  3.39803D-02    |proj g|=  1.44528D-02

At iterate  542    f=  3.39778D-02    |proj g|=  2.89610D-02

At iterate  543    f=  3.39744D-02    |proj g|=  1.54952D-02

At iterate  544    f=  3.39721D-02    |proj g|=  1.69307D-02

At iterate  545    f=  3.39674D-02    |proj g|=  1.56083D-02

At iterate  546    f=  3.39612D-02    |proj g|=  2.29859D-02

At iterate  547    f=  3.39542D-02    |proj g|=  2.95137D-02

At iterate  548    f=  3.39486D-02    |proj g|=  1.90208D-02

At iterate  549    f=  3.39436D-02    |proj g|=  2.11598D-02

At iterate  550    f=  3.39400D-02    |proj g|=  5.56539D-02

At iterate  551    f=  3.39359D-02    |proj g|=  1.84972D-02

At iterate  552    f=  3.39336D-02    |proj g|=  1.35499D-02

At iterate  553    f=  3.39321D-02    |proj g|=  2.75062D-02

At iterate  554    f=  3.39306D-02    |proj g|=  1.94808D-02

At iterate  555    f=  3.39282D-02    |proj g|=  2.45292D-02

At iterate  556    f=  3.39254D-02    |proj g|=  2.98536D-02

At iterate  557    f=  3.39203D-02    |proj g|=  3.58036D-02

At iterate  558    f=  3.39193D-02    |proj g|=  1.12311D-01

At iterate  559    f=  3.39141D-02    |proj g|=  2.16886D-02

At iterate  560    f=  3.39120D-02    |proj g|=  1.04427D-02

At iterate  561    f=  3.39085D-02    |proj g|=  3.48772D-02

At iterate  562    f=  3.39042D-02    |proj g|=  3.62730D-02

At iterate  563    f=  3.38979D-02    |proj g|=  5.52973D-02

At iterate  564    f=  3.38919D-02    |proj g|=  3.01443D-02

At iterate  565    f=  3.38901D-02    |proj g|=  6.43381D-02

At iterate  566    f=  3.38868D-02    |proj g|=  1.74653D-02

At iterate  567    f=  3.38856D-02    |proj g|=  1.33369D-02

At iterate  568    f=  3.38842D-02    |proj g|=  1.46280D-02

At iterate  569    f=  3.38797D-02    |proj g|=  1.82852D-02

At iterate  570    f=  3.38731D-02    |proj g|=  2.75171D-02

At iterate  571    f=  3.38692D-02    |proj g|=  7.74708D-02

At iterate  572    f=  3.38637D-02    |proj g|=  1.40748D-02

At iterate  573    f=  3.38602D-02    |proj g|=  1.28004D-02

At iterate  574    f=  3.38550D-02    |proj g|=  3.44870D-02

At iterate  575    f=  3.38474D-02    |proj g|=  3.43396D-02

At iterate  576    f=  3.38372D-02    |proj g|=  5.80643D-02

At iterate  577    f=  3.38273D-02    |proj g|=  4.52755D-02

At iterate  578    f=  3.38218D-02    |proj g|=  2.74032D-02

At iterate  579    f=  3.38178D-02    |proj g|=  2.15112D-02

At iterate  580    f=  3.38117D-02    |proj g|=  2.34146D-02

At iterate  581    f=  3.38050D-02    |proj g|=  1.50750D-02

At iterate  582    f=  3.37994D-02    |proj g|=  4.07882D-02

At iterate  583    f=  3.37931D-02    |proj g|=  5.80985D-02

At iterate  584    f=  3.37851D-02    |proj g|=  3.26687D-02

At iterate  585    f=  3.37663D-02    |proj g|=  4.03918D-02

At iterate  586    f=  3.37566D-02    |proj g|=  4.20962D-02

At iterate  587    f=  3.37514D-02    |proj g|=  7.59054D-02

At iterate  588    f=  3.37389D-02    |proj g|=  3.66863D-02

At iterate  589    f=  3.37360D-02    |proj g|=  5.94948D-02

At iterate  590    f=  3.37320D-02    |proj g|=  2.78843D-02

At iterate  591    f=  3.37252D-02    |proj g|=  1.81910D-02

At iterate  592    f=  3.37182D-02    |proj g|=  2.62226D-02

At iterate  593    f=  3.37072D-02    |proj g|=  3.07264D-02

At iterate  594    f=  3.36973D-02    |proj g|=  9.25330D-02

At iterate  595    f=  3.36853D-02    |proj g|=  3.16206D-02

At iterate  596    f=  3.36770D-02    |proj g|=  2.03728D-02

At iterate  597    f=  3.36721D-02    |proj g|=  4.20614D-02

At iterate  598    f=  3.36677D-02    |proj g|=  3.45021D-02

At iterate  599    f=  3.36641D-02    |proj g|=  2.96551D-02

At iterate  600    f=  3.36568D-02    |proj g|=  2.17351D-02

At iterate  601    f=  3.36527D-02    |proj g|=  8.28280D-02

At iterate  602    f=  3.36481D-02    |proj g|=  2.67011D-02

At iterate  603    f=  3.36462D-02    |proj g|=  1.80465D-02

At iterate  604    f=  3.36426D-02    |proj g|=  1.02146D-02

At iterate  605    f=  3.36389D-02    |proj g|=  1.34788D-02

At iterate  606    f=  3.36362D-02    |proj g|=  2.46648D-02

At iterate  607    f=  3.36334D-02    |proj g|=  1.69663D-02

At iterate  608    f=  3.36287D-02    |proj g|=  2.15262D-02

At iterate  609    f=  3.36256D-02    |proj g|=  3.42649D-02

At iterate  610    f=  3.36214D-02    |proj g|=  2.28605D-02

At iterate  611    f=  3.36170D-02    |proj g|=  3.69406D-02

At iterate  612    f=  3.36135D-02    |proj g|=  1.61478D-02

At iterate  613    f=  3.36113D-02    |proj g|=  2.75555D-02

At iterate  614    f=  3.36080D-02    |proj g|=  1.98050D-02

At iterate  615    f=  3.36052D-02    |proj g|=  1.97714D-02

At iterate  616    f=  3.35995D-02    |proj g|=  2.27927D-02

At iterate  617    f=  3.35932D-02    |proj g|=  1.89944D-02

At iterate  618    f=  3.35861D-02    |proj g|=  3.71809D-02

At iterate  619    f=  3.35795D-02    |proj g|=  3.08748D-02

At iterate  620    f=  3.35749D-02    |proj g|=  1.96352D-02

At iterate  621    f=  3.35682D-02    |proj g|=  1.92832D-02

At iterate  622    f=  3.35649D-02    |proj g|=  6.59517D-02

At iterate  623    f=  3.35617D-02    |proj g|=  4.03398D-02

At iterate  624    f=  3.35568D-02    |proj g|=  1.52963D-02

At iterate  625    f=  3.35548D-02    |proj g|=  6.10291D-02

At iterate  626    f=  3.35517D-02    |proj g|=  4.40145D-02

At iterate  627    f=  3.35460D-02    |proj g|=  2.09407D-02

At iterate  628    f=  3.35436D-02    |proj g|=  1.48164D-02

At iterate  629    f=  3.35382D-02    |proj g|=  2.29202D-02

At iterate  630    f=  3.35306D-02    |proj g|=  2.91050D-02

At iterate  631    f=  3.35219D-02    |proj g|=  9.22688D-02

At iterate  632    f=  3.35114D-02    |proj g|=  3.76567D-02

At iterate  633    f=  3.35054D-02    |proj g|=  1.97342D-02

At iterate  634    f=  3.34996D-02    |proj g|=  1.61637D-02

At iterate  635    f=  3.34932D-02    |proj g|=  4.32576D-02

At iterate  636    f=  3.34799D-02    |proj g|=  3.26156D-02

At iterate  637    f=  3.34751D-02    |proj g|=  7.05028D-02

At iterate  638    f=  3.34686D-02    |proj g|=  3.63482D-02

At iterate  639    f=  3.34650D-02    |proj g|=  1.64523D-02

At iterate  640    f=  3.34612D-02    |proj g|=  2.58869D-02

At iterate  641    f=  3.34489D-02    |proj g|=  4.40668D-02

At iterate  642    f=  3.34397D-02    |proj g|=  7.02791D-02

At iterate  643    f=  3.34328D-02    |proj g|=  2.45328D-02

At iterate  644    f=  3.34303D-02    |proj g|=  1.10640D-02

At iterate  645    f=  3.34283D-02    |proj g|=  1.56057D-02

At iterate  646    f=  3.34253D-02    |proj g|=  1.71725D-02

At iterate  647    f=  3.34217D-02    |proj g|=  6.92489D-02

At iterate  648    f=  3.34170D-02    |proj g|=  3.66335D-02

At iterate  649    f=  3.34121D-02    |proj g|=  2.64715D-02

At iterate  650    f=  3.34056D-02    |proj g|=  4.38528D-02

At iterate  651    f=  3.33998D-02    |proj g|=  4.65075D-02

At iterate  652    f=  3.33955D-02    |proj g|=  2.24089D-02

At iterate  653    f=  3.33913D-02    |proj g|=  2.05319D-02

At iterate  654    f=  3.33887D-02    |proj g|=  1.77616D-02

At iterate  655    f=  3.33834D-02    |proj g|=  3.53731D-02

At iterate  656    f=  3.33816D-02    |proj g|=  1.97650D-02

At iterate  657    f=  3.33803D-02    |proj g|=  1.77614D-02

At iterate  658    f=  3.33773D-02    |proj g|=  1.91689D-02

At iterate  659    f=  3.33744D-02    |proj g|=  3.46433D-02

At iterate  660    f=  3.33710D-02    |proj g|=  1.73510D-02

At iterate  661    f=  3.33684D-02    |proj g|=  1.41624D-02

At iterate  662    f=  3.33651D-02    |proj g|=  1.13663D-02

At iterate  663    f=  3.33632D-02    |proj g|=  3.54233D-02

At iterate  664    f=  3.33603D-02    |proj g|=  2.34101D-02

At iterate  665    f=  3.33560D-02    |proj g|=  2.09152D-02

At iterate  666    f=  3.33520D-02    |proj g|=  1.84516D-02

At iterate  667    f=  3.33452D-02    |proj g|=  1.55365D-02

At iterate  668    f=  3.33422D-02    |proj g|=  6.09926D-02

At iterate  669    f=  3.33368D-02    |proj g|=  2.33025D-02

At iterate  670    f=  3.33320D-02    |proj g|=  1.39466D-02

At iterate  671    f=  3.33275D-02    |proj g|=  4.37415D-02

At iterate  672    f=  3.33247D-02    |proj g|=  5.11640D-02

At iterate  673    f=  3.33212D-02    |proj g|=  1.77893D-02

At iterate  674    f=  3.33183D-02    |proj g|=  1.92019D-02

At iterate  675    f=  3.33138D-02    |proj g|=  3.50047D-02

At iterate  676    f=  3.33081D-02    |proj g|=  4.74326D-02

At iterate  677    f=  3.33029D-02    |proj g|=  2.46854D-02

At iterate  678    f=  3.32997D-02    |proj g|=  1.36362D-02

At iterate  679    f=  3.32961D-02    |proj g|=  1.88389D-02

At iterate  680    f=  3.32936D-02    |proj g|=  2.24383D-02

At iterate  681    f=  3.32865D-02    |proj g|=  4.09396D-02

At iterate  682    f=  3.32807D-02    |proj g|=  6.72543D-02

At iterate  683    f=  3.32747D-02    |proj g|=  2.12485D-02

At iterate  684    f=  3.32701D-02    |proj g|=  1.85241D-02

At iterate  685    f=  3.32684D-02    |proj g|=  2.23671D-02

At iterate  686    f=  3.32660D-02    |proj g|=  2.44290D-02

At iterate  687    f=  3.32638D-02    |proj g|=  1.27634D-02

At iterate  688    f=  3.32610D-02    |proj g|=  2.13119D-02

At iterate  689    f=  3.32591D-02    |proj g|=  3.25448D-02

At iterate  690    f=  3.32568D-02    |proj g|=  2.38351D-02

At iterate  691    f=  3.32509D-02    |proj g|=  1.21725D-02

At iterate  692    f=  3.32485D-02    |proj g|=  1.18559D-02

At iterate  693    f=  3.32446D-02    |proj g|=  1.55450D-02

At iterate  694    f=  3.32425D-02    |proj g|=  3.89254D-02

At iterate  695    f=  3.32386D-02    |proj g|=  1.39837D-02

At iterate  696    f=  3.32370D-02    |proj g|=  9.84741D-03

At iterate  697    f=  3.32360D-02    |proj g|=  1.08694D-02

At iterate  698    f=  3.32353D-02    |proj g|=  1.52499D-02

At iterate  699    f=  3.32339D-02    |proj g|=  1.09764D-02

At iterate  700    f=  3.32323D-02    |proj g|=  1.03768D-02

At iterate  701    f=  3.32302D-02    |proj g|=  4.00252D-02

At iterate  702    f=  3.32280D-02    |proj g|=  1.34183D-02

At iterate  703    f=  3.32262D-02    |proj g|=  1.63858D-02

At iterate  704    f=  3.32239D-02    |proj g|=  1.88994D-02

At iterate  705    f=  3.32210D-02    |proj g|=  1.71253D-02

At iterate  706    f=  3.32156D-02    |proj g|=  1.09817D-01

At iterate  707    f=  3.32074D-02    |proj g|=  1.73254D-02

At iterate  708    f=  3.32033D-02    |proj g|=  2.19919D-02

At iterate  709    f=  3.31964D-02    |proj g|=  2.56162D-02

At iterate  710    f=  3.31926D-02    |proj g|=  3.97556D-02

At iterate  711    f=  3.31851D-02    |proj g|=  2.32425D-02

At iterate  712    f=  3.31752D-02    |proj g|=  2.47427D-02

At iterate  713    f=  3.31728D-02    |proj g|=  4.71118D-02

At iterate  714    f=  3.31684D-02    |proj g|=  1.86586D-02

At iterate  715    f=  3.31665D-02    |proj g|=  1.75940D-02

At iterate  716    f=  3.31636D-02    |proj g|=  2.50904D-02

At iterate  717    f=  3.31590D-02    |proj g|=  2.67013D-02

At iterate  718    f=  3.31512D-02    |proj g|=  4.04484D-02

At iterate  719    f=  3.31463D-02    |proj g|=  4.30182D-02

At iterate  720    f=  3.31387D-02    |proj g|=  2.69913D-02

At iterate  721    f=  3.31350D-02    |proj g|=  1.54717D-02

At iterate  722    f=  3.31316D-02    |proj g|=  2.19983D-02

At iterate  723    f=  3.31295D-02    |proj g|=  6.75960D-02

At iterate  724    f=  3.31259D-02    |proj g|=  4.19138D-02

At iterate  725    f=  3.31244D-02    |proj g|=  1.06350D-02

At iterate  726    f=  3.31237D-02    |proj g|=  1.29062D-02

At iterate  727    f=  3.31221D-02    |proj g|=  1.59175D-02

At iterate  728    f=  3.31190D-02    |proj g|=  1.91279D-02

At iterate  729    f=  3.31164D-02    |proj g|=  8.09765D-02

At iterate  730    f=  3.31115D-02    |proj g|=  2.01792D-02

At iterate  731    f=  3.31082D-02    |proj g|=  1.45211D-02

At iterate  732    f=  3.31051D-02    |proj g|=  2.17971D-02

At iterate  733    f=  3.31000D-02    |proj g|=  6.36104D-02

At iterate  734    f=  3.30940D-02    |proj g|=  1.50705D-02

At iterate  735    f=  3.30905D-02    |proj g|=  2.08786D-02

At iterate  736    f=  3.30882D-02    |proj g|=  4.88844D-02

At iterate  737    f=  3.30859D-02    |proj g|=  3.08799D-02

At iterate  738    f=  3.30826D-02    |proj g|=  1.52677D-02

At iterate  739    f=  3.30782D-02    |proj g|=  2.45212D-02

At iterate  740    f=  3.30718D-02    |proj g|=  3.04380D-02

At iterate  741    f=  3.30610D-02    |proj g|=  3.85066D-02

At iterate  742    f=  3.30578D-02    |proj g|=  4.73156D-02

At iterate  743    f=  3.30536D-02    |proj g|=  1.62415D-02

At iterate  744    f=  3.30517D-02    |proj g|=  9.74823D-03

At iterate  745    f=  3.30498D-02    |proj g|=  1.66856D-02

At iterate  746    f=  3.30457D-02    |proj g|=  2.56884D-02

At iterate  747    f=  3.30431D-02    |proj g|=  9.07232D-02

At iterate  748    f=  3.30391D-02    |proj g|=  4.48691D-02

At iterate  749    f=  3.30363D-02    |proj g|=  2.20792D-02

At iterate  750    f=  3.30348D-02    |proj g|=  1.45536D-02

At iterate  751    f=  3.30310D-02    |proj g|=  1.90682D-02

At iterate  752    f=  3.30249D-02    |proj g|=  1.31174D-02

At iterate  753    f=  3.30221D-02    |proj g|=  3.24127D-02

At iterate  754    f=  3.30175D-02    |proj g|=  2.23115D-02

At iterate  755    f=  3.30121D-02    |proj g|=  1.85913D-02

At iterate  756    f=  3.30045D-02    |proj g|=  3.89171D-02

At iterate  757    f=  3.29948D-02    |proj g|=  4.09872D-02

At iterate  758    f=  3.29823D-02    |proj g|=  3.91077D-02

At iterate  759    f=  3.29747D-02    |proj g|=  4.31937D-02

At iterate  760    f=  3.29723D-02    |proj g|=  3.20439D-02

At iterate  761    f=  3.29700D-02    |proj g|=  2.41425D-02

At iterate  762    f=  3.29674D-02    |proj g|=  1.67989D-02

At iterate  763    f=  3.29626D-02    |proj g|=  2.00192D-02

At iterate  764    f=  3.29577D-02    |proj g|=  5.13846D-02

At iterate  765    f=  3.29523D-02    |proj g|=  2.48434D-02

At iterate  766    f=  3.29481D-02    |proj g|=  2.42115D-02

At iterate  767    f=  3.29424D-02    |proj g|=  1.78026D-02

At iterate  768    f=  3.29370D-02    |proj g|=  3.05294D-02

At iterate  769    f=  3.29338D-02    |proj g|=  2.19272D-02

At iterate  770    f=  3.29305D-02    |proj g|=  1.23756D-02

At iterate  771    f=  3.29290D-02    |proj g|=  1.70512D-02

At iterate  772    f=  3.29287D-02    |proj g|=  3.52212D-02

At iterate  773    f=  3.29274D-02    |proj g|=  1.08857D-02

At iterate  774    f=  3.29261D-02    |proj g|=  1.93373D-02

At iterate  775    f=  3.29241D-02    |proj g|=  3.32802D-02

At iterate  776    f=  3.29216D-02    |proj g|=  3.19612D-02

At iterate  777    f=  3.29163D-02    |proj g|=  4.67876D-02

At iterate  778    f=  3.29138D-02    |proj g|=  9.51516D-02

At iterate  779    f=  3.29101D-02    |proj g|=  1.62043D-02

At iterate  780    f=  3.29083D-02    |proj g|=  1.30112D-02

At iterate  781    f=  3.29050D-02    |proj g|=  3.96535D-02

At iterate  782    f=  3.29002D-02    |proj g|=  5.08792D-02

At iterate  783    f=  3.28943D-02    |proj g|=  4.27211D-02

At iterate  784    f=  3.28932D-02    |proj g|=  4.77525D-02

At iterate  785    f=  3.28869D-02    |proj g|=  4.36265D-02

At iterate  786    f=  3.28846D-02    |proj g|=  2.78156D-02

At iterate  787    f=  3.28826D-02    |proj g|=  2.44207D-02

At iterate  788    f=  3.28771D-02    |proj g|=  1.51778D-02

At iterate  789    f=  3.28702D-02    |proj g|=  3.04825D-02

At iterate  790    f=  3.28615D-02    |proj g|=  2.01725D-02

At iterate  791    f=  3.28529D-02    |proj g|=  6.31066D-02

At iterate  792    f=  3.28452D-02    |proj g|=  2.40718D-02

At iterate  793    f=  3.28391D-02    |proj g|=  1.96311D-02

At iterate  794    f=  3.28305D-02    |proj g|=  2.41772D-02

At iterate  795    f=  3.28276D-02    |proj g|=  8.76553D-02

At iterate  796    f=  3.28227D-02    |proj g|=  2.61295D-02

At iterate  797    f=  3.28188D-02    |proj g|=  2.02141D-02

At iterate  798    f=  3.28152D-02    |proj g|=  4.61807D-02

At iterate  799    f=  3.28108D-02    |proj g|=  3.30700D-02

At iterate  800    f=  3.28051D-02    |proj g|=  3.11844D-02

At iterate  801    f=  3.28012D-02    |proj g|=  2.93575D-02

At iterate  802    f=  3.27918D-02    |proj g|=  4.54475D-02

At iterate  803    f=  3.27865D-02    |proj g|=  5.70513D-02

At iterate  804    f=  3.27817D-02    |proj g|=  1.82604D-02

At iterate  805    f=  3.27771D-02    |proj g|=  1.40737D-02

At iterate  806    f=  3.27737D-02    |proj g|=  3.81862D-02

At iterate  807    f=  3.27703D-02    |proj g|=  1.72973D-02

At iterate  808    f=  3.27669D-02    |proj g|=  1.28626D-02

At iterate  809    f=  3.27624D-02    |proj g|=  2.75260D-02

At iterate  810    f=  3.27603D-02    |proj g|=  3.74436D-02

At iterate  811    f=  3.27576D-02    |proj g|=  2.00247D-02

At iterate  812    f=  3.27545D-02    |proj g|=  1.14351D-02

At iterate  813    f=  3.27514D-02    |proj g|=  1.38162D-02

At iterate  814    f=  3.27447D-02    |proj g|=  3.85053D-02

At iterate  815    f=  3.27408D-02    |proj g|=  4.46513D-02

At iterate  816    f=  3.27359D-02    |proj g|=  1.27012D-02

At iterate  817    f=  3.27304D-02    |proj g|=  1.68829D-02

At iterate  818    f=  3.27254D-02    |proj g|=  2.38706D-02

At iterate  819    f=  3.27216D-02    |proj g|=  4.15032D-02

At iterate  820    f=  3.27171D-02    |proj g|=  1.39052D-02

At iterate  821    f=  3.27154D-02    |proj g|=  1.41625D-02

At iterate  822    f=  3.27147D-02    |proj g|=  3.39996D-02

At iterate  823    f=  3.27136D-02    |proj g|=  2.23614D-02

At iterate  824    f=  3.27119D-02    |proj g|=  1.11633D-02

At iterate  825    f=  3.27094D-02    |proj g|=  2.00948D-02

At iterate  826    f=  3.27070D-02    |proj g|=  2.60732D-02

At iterate  827    f=  3.27009D-02    |proj g|=  2.96587D-02

At iterate  828    f=  3.26979D-02    |proj g|=  5.60418D-02

At iterate  829    f=  3.26919D-02    |proj g|=  1.68001D-02

At iterate  830    f=  3.26875D-02    |proj g|=  1.41217D-02

At iterate  831    f=  3.26843D-02    |proj g|=  3.32597D-02

At iterate  832    f=  3.26816D-02    |proj g|=  1.50396D-02

At iterate  833    f=  3.26791D-02    |proj g|=  1.63143D-02

At iterate  834    f=  3.26787D-02    |proj g|=  4.43670D-02

At iterate  835    f=  3.26769D-02    |proj g|=  1.32512D-02

At iterate  836    f=  3.26762D-02    |proj g|=  1.98120D-02

At iterate  837    f=  3.26750D-02    |proj g|=  2.67757D-02

At iterate  838    f=  3.26729D-02    |proj g|=  2.43223D-02

At iterate  839    f=  3.26696D-02    |proj g|=  2.88537D-02

At iterate  840    f=  3.26675D-02    |proj g|=  1.84375D-02

At iterate  841    f=  3.26645D-02    |proj g|=  9.65705D-03

At iterate  842    f=  3.26621D-02    |proj g|=  1.12462D-02

At iterate  843    f=  3.26605D-02    |proj g|=  1.20530D-02

At iterate  844    f=  3.26585D-02    |proj g|=  4.61316D-02

At iterate  845    f=  3.26558D-02    |proj g|=  2.12178D-02

At iterate  846    f=  3.26547D-02    |proj g|=  1.38120D-02

At iterate  847    f=  3.26543D-02    |proj g|=  3.16797D-02

At iterate  848    f=  3.26534D-02    |proj g|=  9.38864D-03

At iterate  849    f=  3.26529D-02    |proj g|=  1.20847D-02

At iterate  850    f=  3.26517D-02    |proj g|=  2.39542D-02

At iterate  851    f=  3.26499D-02    |proj g|=  2.54386D-02

At iterate  852    f=  3.26456D-02    |proj g|=  3.05815D-02

At iterate  853    f=  3.26430D-02    |proj g|=  6.64400D-02

At iterate  854    f=  3.26384D-02    |proj g|=  2.10263D-02

At iterate  855    f=  3.26360D-02    |proj g|=  1.89350D-02

At iterate  856    f=  3.26341D-02    |proj g|=  1.70573D-02

At iterate  857    f=  3.26311D-02    |proj g|=  2.73253D-02

At iterate  858    f=  3.26276D-02    |proj g|=  3.34860D-02

At iterate  859    f=  3.26253D-02    |proj g|=  3.35516D-02

At iterate  860    f=  3.26236D-02    |proj g|=  1.31738D-02

At iterate  861    f=  3.26228D-02    |proj g|=  1.75112D-02

At iterate  862    f=  3.26201D-02    |proj g|=  1.87784D-02

At iterate  863    f=  3.26184D-02    |proj g|=  4.55093D-02

At iterate  864    f=  3.26144D-02    |proj g|=  1.31270D-02

At iterate  865    f=  3.26127D-02    |proj g|=  8.34113D-03

At iterate  866    f=  3.26105D-02    |proj g|=  1.67040D-02

At iterate  867    f=  3.26075D-02    |proj g|=  2.25010D-02

At iterate  868    f=  3.26070D-02    |proj g|=  9.94698D-02

At iterate  869    f=  3.26018D-02    |proj g|=  1.98996D-02

At iterate  870    f=  3.26001D-02    |proj g|=  1.15984D-02

At iterate  871    f=  3.25981D-02    |proj g|=  2.01119D-02

At iterate  872    f=  3.25970D-02    |proj g|=  4.10042D-02

At iterate  873    f=  3.25951D-02    |proj g|=  3.22324D-02

At iterate  874    f=  3.25889D-02    |proj g|=  1.45681D-02

At iterate  875    f=  3.25850D-02    |proj g|=  1.77966D-02

At iterate  876    f=  3.25795D-02    |proj g|=  4.62664D-02

At iterate  877    f=  3.25766D-02    |proj g|=  5.77394D-02

At iterate  878    f=  3.25708D-02    |proj g|=  1.24385D-02

At iterate  879    f=  3.25673D-02    |proj g|=  1.57227D-02

At iterate  880    f=  3.25627D-02    |proj g|=  1.96628D-02

At iterate  881    f=  3.25560D-02    |proj g|=  5.67142D-02

At iterate  882    f=  3.25490D-02    |proj g|=  2.00181D-02

At iterate  883    f=  3.25445D-02    |proj g|=  1.83861D-02

At iterate  884    f=  3.25401D-02    |proj g|=  1.59400D-02

At iterate  885    f=  3.25364D-02    |proj g|=  4.48731D-02

At iterate  886    f=  3.25331D-02    |proj g|=  3.96199D-02

At iterate  887    f=  3.25309D-02    |proj g|=  1.59279D-02

At iterate  888    f=  3.25291D-02    |proj g|=  1.76666D-02

At iterate  889    f=  3.25258D-02    |proj g|=  2.44887D-02

At iterate  890    f=  3.25174D-02    |proj g|=  3.02385D-02

At iterate  891    f=  3.25127D-02    |proj g|=  7.70403D-02

At iterate  892    f=  3.25051D-02    |proj g|=  1.73497D-02

At iterate  893    f=  3.25018D-02    |proj g|=  1.25214D-02

At iterate  894    f=  3.24989D-02    |proj g|=  2.64169D-02

At iterate  895    f=  3.24954D-02    |proj g|=  3.23279D-02

At iterate  896    f=  3.24905D-02    |proj g|=  3.26175D-02

At iterate  897    f=  3.24891D-02    |proj g|=  7.13229D-02

At iterate  898    f=  3.24861D-02    |proj g|=  2.60129D-02

At iterate  899    f=  3.24847D-02    |proj g|=  2.33655D-02

At iterate  900    f=  3.24832D-02    |proj g|=  2.90404D-02

At iterate  901    f=  3.24797D-02    |proj g|=  3.96289D-02

At iterate  902    f=  3.24742D-02    |proj g|=  4.32295D-02

At iterate  903    f=  3.24694D-02    |proj g|=  5.29151D-02

At iterate  904    f=  3.24606D-02    |proj g|=  3.13526D-02

At iterate  905    f=  3.24516D-02    |proj g|=  2.95148D-02

At iterate  906    f=  3.24435D-02    |proj g|=  4.19844D-02

At iterate  907    f=  3.24348D-02    |proj g|=  4.65782D-02

At iterate  908    f=  3.24254D-02    |proj g|=  2.46987D-02

At iterate  909    f=  3.24183D-02    |proj g|=  2.14360D-02

At iterate  910    f=  3.24149D-02    |proj g|=  7.34692D-02

At iterate  911    f=  3.24106D-02    |proj g|=  4.82201D-02

At iterate  912    f=  3.24035D-02    |proj g|=  2.68757D-02

At iterate  913    f=  3.23987D-02    |proj g|=  2.50027D-02

At iterate  914    f=  3.23917D-02    |proj g|=  2.75663D-02

At iterate  915    f=  3.23799D-02    |proj g|=  3.50115D-02

At iterate  916    f=  3.23746D-02    |proj g|=  4.30144D-02

At iterate  917    f=  3.23672D-02    |proj g|=  1.55245D-02

At iterate  918    f=  3.23626D-02    |proj g|=  1.85652D-02

At iterate  919    f=  3.23587D-02    |proj g|=  2.15507D-02

At iterate  920    f=  3.23548D-02    |proj g|=  6.00298D-02

chi = 0.03882168394871541
      fun: 0.032000805836842144
 hess_inv: <112x112 LbfgsInvHessProduct with dtype=float64>
      jac: array([-4.73511508e-04, -2.49953044e-03,  1.00437714e-04, -7.09027767e-03,
        1.73117146e-03,  5.60690383e-05, -2.98888692e-03, -9.14393006e-03,
       -7.25956448e-03, -1.29159634e-02, -1.57821006e-02, -8.49092949e-03,
        8.47732440e-03, -3.22135929e-03, -7.80377984e-03,  7.20756996e-03,
        6.28815958e-03,  8.90322538e-03,  1.66015535e-03, -4.27523919e-03,
        7.30254954e-03,  2.84523377e-03, -2.12419179e-03,  3.21794744e-03,
        7.46966933e-03, -1.97350747e-03, -1.78937698e-03, -5.52421511e-03,
        2.91527427e-03,  7.15642060e-03, -4.21297719e-04, -5.13382392e-04,
        1.58081950e-03, -9.97634614e-03,  7.16091769e-04,  1.51604632e-03,
       -8.45181564e-03, -4.83356619e-03, -1.65375352e-04,  4.04012726e-03,
       -7.27632538e-04,  1.73576431e-04, -1.05073034e-03,  7.69653577e-03,
       -6.13459283e-04,  1.06760170e-02, -2.94392843e-03,  2.85426960e-03,
        3.02631663e-02,  1.79266602e-02,  1.64863609e-02,  3.04588681e-02,
       -2.99318278e-03, -5.87909305e-03,  3.59078045e-03, -5.77112108e-03,
       -2.68984418e-03, -2.11765189e-03,  6.13540607e-03,  2.83315808e-02,
       -2.47276019e-03, -7.94921767e-04, -3.52455773e-03, -3.12093962e-03,
        6.15917872e-03,  1.49385435e-03, -1.25365274e-03, -5.31602540e-03,
       -3.60764613e-03, -7.15324328e-03,  1.36653813e-03, -2.31649006e-03,
       -8.01426425e-03,  1.24267298e-02, -6.52159576e-04, -1.15151361e-03,
        5.80226631e-03,  5.43384851e-03, -1.23338562e-03, -1.50081822e-03,
        2.45602705e-03,  4.20374638e-03,  2.63677968e-08,  6.93889390e-10,
        2.31120748e-03, -3.31905892e-03,  2.01227923e-08,  4.99600361e-08,
       -1.53243924e-02, -4.61410701e-03, -5.55111512e-09, -5.48172618e-08,
        3.67934988e-03, -5.22464155e-03, -1.24900090e-08,  7.77156117e-08,
        2.42651038e-04,  5.82778339e-03,  1.38777878e-08,  7.14706072e-08,
        7.23937993e-03,  7.69960207e-03, -2.84494650e-08,  3.46944695e-08,
       -2.76151046e-03, -3.35895270e-03,  4.85722573e-09,  1.45716772e-08,
        3.09401740e-03,  8.59685864e-03,  1.94289029e-08,  2.42861287e-08])
  message: b'STOP: TOTAL NO. of ITERATIONS REACHED LIMIT'
     nfev: 120684
      nit: 1000
   status: 1
  success: False
        x: array([ 0.0080503 ,  0.69942416,  2.83193447,  0.20331915,  0.50057885,
        0.66562602,  2.4775848 ,  0.25537026,  0.14506131,  0.52157405,
        2.60158824,  0.25647759,  0.27170154,  0.63383122,  2.95007183,
        0.26996538,  0.76268544,  0.44321477,  3.03990659, -0.06299953,
        0.7282679 ,  0.41462689,  3.83127039,  0.1158097 ,  0.56601922,
        0.50803667,  3.22927958,  0.2274329 , -0.07284985,  0.81904058,
        2.37186935,  0.44323599, -0.0170156 ,  0.46777266, -0.02327169,
        0.09689263, -0.41857054, -0.20766097, -0.05027569, -0.03354914,
       -0.08531081,  1.45856754,  2.83318689,  0.25122724,  0.90401649,
        1.35112808,  2.06581442,  0.40523088,  1.12211061,  0.9271047 ,
        3.28773339,  0.58001811,  0.95950425,  1.04160079,  3.18845263,
        0.60563073,  2.36455843,  1.32054562,  2.9026743 ,  0.39521206,
        0.73039436,  0.87402204,  3.3202867 ,  0.49807649,  0.69795395,
        1.00975772,  3.0068909 ,  0.59358813,  0.71866573,  1.40710936,
        2.56395877,  0.31590568,  0.02690469, -0.30438137,  0.04828247,
       -0.08295298,  0.17230992,  0.35446557,  0.02134626,  0.01876615,
       -0.03835591,  0.754426  ,  0.79172349,  0.5288957 , -0.16489208,
        0.86789765,  0.79172343,  0.52889216,  0.00929354,  0.54763766,
        0.79172313,  0.52889319,  0.02949801,  0.52279814,  0.79172196,
        0.52889385,  0.32218559,  1.11591938,  0.79171954,  0.5288959 ,
        0.02628688,  0.45167518,  0.7917245 ,  0.52889582,  0.029784  ,
        0.52115777,  0.79172426,  0.52889539,  0.42330781,  0.68312516,
        0.79172491,  0.52889412])
 This problem is unconstrained.
At iterate  921    f=  3.23503D-02    |proj g|=  1.83382D-02

At iterate  922    f=  3.23473D-02    |proj g|=  3.02636D-02

At iterate  923    f=  3.23458D-02    |proj g|=  6.25420D-02

At iterate  924    f=  3.23440D-02    |proj g|=  2.63655D-02

At iterate  925    f=  3.23420D-02    |proj g|=  1.59544D-02

At iterate  926    f=  3.23398D-02    |proj g|=  3.17392D-02

At iterate  927    f=  3.23373D-02    |proj g|=  3.30471D-02

At iterate  928    f=  3.23310D-02    |proj g|=  5.34500D-02

At iterate  929    f=  3.23260D-02    |proj g|=  3.77265D-02

At iterate  930    f=  3.23215D-02    |proj g|=  1.73260D-02

At iterate  931    f=  3.23179D-02    |proj g|=  3.40300D-02

At iterate  932    f=  3.23142D-02    |proj g|=  4.28548D-02

At iterate  933    f=  3.23060D-02    |proj g|=  4.69221D-02

At iterate  934    f=  3.22970D-02    |proj g|=  1.06737D-01

At iterate  935    f=  3.22879D-02    |proj g|=  3.27103D-02

At iterate  936    f=  3.22847D-02    |proj g|=  2.17037D-02

At iterate  937    f=  3.22814D-02    |proj g|=  3.99927D-02

At iterate  938    f=  3.22790D-02    |proj g|=  3.07492D-02

At iterate  939    f=  3.22756D-02    |proj g|=  2.92229D-02

At iterate  940    f=  3.22686D-02    |proj g|=  2.09352D-02

At iterate  941    f=  3.22628D-02    |proj g|=  3.27321D-02

At iterate  942    f=  3.22564D-02    |proj g|=  1.75294D-02

At iterate  943    f=  3.22509D-02    |proj g|=  1.51139D-02

At iterate  944    f=  3.22459D-02    |proj g|=  2.80859D-02

At iterate  945    f=  3.22426D-02    |proj g|=  1.27209D-02

At iterate  946    f=  3.22397D-02    |proj g|=  1.49156D-02

At iterate  947    f=  3.22377D-02    |proj g|=  3.83992D-02

At iterate  948    f=  3.22352D-02    |proj g|=  2.60863D-02

At iterate  949    f=  3.22318D-02    |proj g|=  1.55837D-02

At iterate  950    f=  3.22311D-02    |proj g|=  9.18758D-02

At iterate  951    f=  3.22266D-02    |proj g|=  3.13951D-02

At iterate  952    f=  3.22249D-02    |proj g|=  1.48816D-02

At iterate  953    f=  3.22230D-02    |proj g|=  1.93508D-02

At iterate  954    f=  3.22208D-02    |proj g|=  1.60660D-02

At iterate  955    f=  3.22148D-02    |proj g|=  2.60784D-02

At iterate  956    f=  3.22091D-02    |proj g|=  5.16949D-02

At iterate  957    f=  3.22013D-02    |proj g|=  2.90329D-02

At iterate  958    f=  3.21937D-02    |proj g|=  2.36848D-02

At iterate  959    f=  3.21927D-02    |proj g|=  7.39530D-02

At iterate  960    f=  3.21868D-02    |proj g|=  1.99010D-02

At iterate  961    f=  3.21834D-02    |proj g|=  3.69370D-02

At iterate  962    f=  3.21782D-02    |proj g|=  3.41461D-02

At iterate  963    f=  3.21765D-02    |proj g|=  4.62220D-02

At iterate  964    f=  3.21741D-02    |proj g|=  1.71824D-02

At iterate  965    f=  3.21715D-02    |proj g|=  1.60708D-02

At iterate  966    f=  3.21666D-02    |proj g|=  3.77749D-02

At iterate  967    f=  3.21602D-02    |proj g|=  3.92013D-02

At iterate  968    f=  3.21540D-02    |proj g|=  6.26560D-02

At iterate  969    f=  3.21450D-02    |proj g|=  1.83831D-02

At iterate  970    f=  3.21414D-02    |proj g|=  1.58631D-02

At iterate  971    f=  3.21364D-02    |proj g|=  1.80756D-02

At iterate  972    f=  3.21329D-02    |proj g|=  1.15624D-01

At iterate  973    f=  3.21261D-02    |proj g|=  5.16571D-02

At iterate  974    f=  3.21183D-02    |proj g|=  2.38514D-02

At iterate  975    f=  3.21155D-02    |proj g|=  6.36192D-02

At iterate  976    f=  3.21119D-02    |proj g|=  2.51431D-02

At iterate  977    f=  3.21099D-02    |proj g|=  1.84331D-02

At iterate  978    f=  3.21066D-02    |proj g|=  3.82073D-02

At iterate  979    f=  3.21016D-02    |proj g|=  4.91627D-02

At iterate  980    f=  3.20937D-02    |proj g|=  4.65245D-02

At iterate  981    f=  3.20858D-02    |proj g|=  5.60776D-02

At iterate  982    f=  3.20750D-02    |proj g|=  3.21792D-02

At iterate  983    f=  3.20697D-02    |proj g|=  1.14075D-02

At iterate  984    f=  3.20667D-02    |proj g|=  1.79540D-02

At iterate  985    f=  3.20628D-02    |proj g|=  1.51641D-02

At iterate  986    f=  3.20603D-02    |proj g|=  5.34241D-02

At iterate  987    f=  3.20571D-02    |proj g|=  3.16401D-02

At iterate  988    f=  3.20555D-02    |proj g|=  8.98371D-03

At iterate  989    f=  3.20545D-02    |proj g|=  1.23530D-02

At iterate  990    f=  3.20504D-02    |proj g|=  1.95893D-02

At iterate  991    f=  3.20443D-02    |proj g|=  2.22529D-02

At iterate  992    f=  3.20386D-02    |proj g|=  7.05051D-02

At iterate  993    f=  3.20308D-02    |proj g|=  2.65913D-02

At iterate  994    f=  3.20255D-02    |proj g|=  1.18229D-02

At iterate  995    f=  3.20230D-02    |proj g|=  1.44043D-02

At iterate  996    f=  3.20182D-02    |proj g|=  2.80364D-02

At iterate  997    f=  3.20128D-02    |proj g|=  1.71989D-02

At iterate  998    f=  3.20062D-02    |proj g|=  4.61433D-02

At iterate  999    f=  3.20034D-02    |proj g|=  4.60944D-02

At iterate 1000    f=  3.20008D-02    |proj g|=  3.04589D-02

           * * *

Tit   = total number of iterations
Tnf   = total number of function evaluations
Tnint = total number of segments explored during Cauchy searches
Skip  = number of BFGS updates skipped
Nact  = number of active bounds at final generalized Cauchy point
Projg = norm of the final projected gradient
F     = final function value

           * * *

   N    Tit     Tnf  Tnint  Skip  Nact     Projg        F
  112   1000   1068      1     0     0   3.046D-02   3.200D-02
  F =  3.20008058368421444E-002

STOP: TOTAL NO. of ITERATIONS REACHED LIMIT                 
