/home/adrianps/qcpdf/PDFmodel.py:531: OptimizeWarning: Unknown solver options: maxfevals
  method=method, options=options)
chi = 1088.9598720471977
      fun: 16.817152841968635
 hess_inv: <88x88 LbfgsInvHessProduct with dtype=float64>
      jac: array([-0.21949056,  0.04655476,  0.03044036,  0.51483937, -0.92798622,
        0.8554327 , -1.06875646, -0.5417327 ,  0.36172345,  3.38875772,
        0.21377815,  1.46774575,  1.35146081, -2.23864625,  0.50771369,
       -0.8171547 , -1.58520592,  0.61211196, -0.25382043,  0.14244144,
       -0.10342269, -0.38677932, -0.43249528, -0.13726975, -0.77917939,
       -0.18341666, -0.52547868,  0.39830077, -1.73192234,  2.48112286,
       -0.31929268, -1.0547403 ,  0.09549908, -0.76006899,  0.47707331,
       -0.0618666 , -1.09209708,  0.28688376,  0.19511575, -1.82108977,
        1.36919454,  0.44965311,  2.87003097, -0.34549714,  0.06797407,
        1.02177111, -0.20219488,  1.03754978, -0.43945754, -0.88669694,
       -0.25213076, -0.56627627, -1.61003513,  0.22712534, -0.47572897,
        0.33430361, -0.43958828,  1.59853357, -0.12887043, -0.36588474,
        0.4074721 ,  2.13513474, -0.13213466,  0.12428529,  0.41370853,
       -0.1588834 , -0.05690381,  0.46394995,  0.16639703,  0.59802758,
        0.10921397,  1.04493054,  1.67808594,  1.22873196,  0.46190998,
        1.03173647,  1.8494454 ,  0.83119858,  0.80095894, -0.56914367,
       -0.01275957, -0.81270315, -0.38253098, -0.38032866,  0.36155292,
       -0.1212431 ,  0.02826361,  0.14929   ])
  message: b'STOP: TOTAL NO. of f AND g EVALUATIONS EXCEEDS LIMIT'
     nfev: 15041
      nit: 151
   status: 1
  success: False
        x: array([ 1.56503535,  1.71113902,  1.96841155,  0.9256623 ,  1.1032749 ,
        0.75685744,  0.25046778,  0.62053253,  1.07302633,  1.01280168,
        1.08385994,  0.81281962, -1.73775629,  1.47277935,  1.14596196,
        1.26193628,  1.70706532,  0.63928328,  1.41082739,  1.24324055,
        0.78982816,  1.79906743,  1.47430874,  0.91678199, -0.75006626,
       -0.69068224,  0.82737744,  1.08152909, -0.75564179, -0.53469813,
       -0.11620566, -0.0281481 , -0.30214895,  1.67655184,  1.442962  ,
        0.57356905,  1.10130263,  1.9729657 , -0.0605011 ,  1.75782442,
        0.10477913, -0.35703292,  1.75822353, -2.63507941, -0.24871282,
        2.11564683, -0.7533167 ,  1.34681157,  1.21241525,  0.59534478,
       -1.5046862 ,  1.04951268,  1.74150001, -0.61715632,  0.15117204,
        0.65410615,  2.05215376,  0.29370241,  3.04006873, -2.94784969,
       -0.81049649, -2.26565134, -0.25369587, -6.52009828, -0.15713098,
        2.34164342,  0.01370438,  0.5110825 , -0.59803797, -1.85425833,
       -0.78873005, -0.34579621,  0.7418045 , -0.03441016,  1.00668081,
        3.14716216, -1.99220382, -1.27286719,  1.22471357,  0.36330041,
       -1.27230997, -0.61434184, -0.15371618,  2.05168779,  0.09737572,
        0.31656254,  4.61053967, -1.64067744])
