RUNNING THE L-BFGS-B CODE

           * * *

Machine precision = 2.220D-16
 N =          120     M =           10

At X0         0 variables are exactly at the bounds

At iterate    0    f=  5.08715D+05    |proj g|=  1.38313D+06

At iterate    1    f=  9.54371D+04    |proj g|=  8.73181D+04

At iterate    2    f=  6.68551D+04    |proj g|=  5.62714D+04

At iterate    3    f=  3.83655D+04    |proj g|=  2.66206D+04

At iterate    4    f=  2.39709D+04    |proj g|=  1.53829D+04

At iterate    5    f=  1.46756D+04    |proj g|=  8.15655D+03

At iterate    6    f=  8.66085D+03    |proj g|=  5.00885D+03

At iterate    7    f=  5.06041D+03    |proj g|=  2.68484D+03

At iterate    8    f=  2.92415D+03    |proj g|=  1.24955D+03

At iterate    9    f=  1.48101D+03    |proj g|=  8.07260D+02

At iterate   10    f=  8.03755D+02    |proj g|=  2.91778D+02

At iterate   11    f=  5.62080D+02    |proj g|=  1.64275D+02

At iterate   12    f=  4.39974D+02    |proj g|=  5.94269D+02

At iterate   13    f=  3.05956D+02    |proj g|=  1.47749D+02

At iterate   14    f=  2.63074D+02    |proj g|=  1.27493D+02

At iterate   15    f=  1.51966D+02    |proj g|=  7.85060D+01

At iterate   16    f=  1.24468D+02    |proj g|=  7.15264D+01

At iterate   17    f=  9.32645D+01    |proj g|=  3.20841D+01

At iterate   18    f=  6.81785D+01    |proj g|=  3.32706D+01

At iterate   19    f=  5.46434D+01    |proj g|=  4.69520D+01

At iterate   20    f=  4.36636D+01    |proj g|=  3.24040D+01

At iterate   21    f=  3.62447D+01    |proj g|=  2.27839D+01

At iterate   22    f=  3.14476D+01    |proj g|=  3.08674D+01

At iterate   23    f=  2.52107D+01    |proj g|=  2.40141D+01

At iterate   24    f=  2.12265D+01    |proj g|=  1.94479D+01

At iterate   25    f=  1.93141D+01    |proj g|=  2.64502D+01

At iterate   26    f=  1.72545D+01    |proj g|=  2.25391D+01

At iterate   27    f=  1.53142D+01    |proj g|=  1.85828D+01

At iterate   28    f=  1.29325D+01    |proj g|=  1.28838D+01

At iterate   29    f=  1.11101D+01    |proj g|=  1.03581D+01

At iterate   30    f=  1.00996D+01    |proj g|=  6.86169D+00

At iterate   31    f=  9.53311D+00    |proj g|=  8.72850D+00

At iterate   32    f=  8.63573D+00    |proj g|=  9.75267D+00

At iterate   33    f=  7.81155D+00    |proj g|=  1.02828D+01

At iterate   34    f=  7.29730D+00    |proj g|=  7.52955D+00

At iterate   35    f=  6.79027D+00    |proj g|=  6.92674D+00

At iterate   36    f=  6.47420D+00    |proj g|=  3.23881D+00

At iterate   37    f=  6.31224D+00    |proj g|=  3.69476D+00

At iterate   38    f=  6.03848D+00    |proj g|=  3.97217D+00

At iterate   39    f=  5.90661D+00    |proj g|=  9.66162D+00

At iterate   40    f=  5.77832D+00    |proj g|=  5.84452D+00

At iterate   41    f=  5.58441D+00    |proj g|=  2.39963D+00

At iterate   42    f=  5.46786D+00    |proj g|=  3.27686D+00

At iterate   43    f=  5.28372D+00    |proj g|=  5.99002D+00

At iterate   44    f=  5.08278D+00    |proj g|=  2.21623D+00

At iterate   45    f=  4.99397D+00    |proj g|=  2.14779D+00

At iterate   46    f=  4.77773D+00    |proj g|=  5.92264D+00

At iterate   47    f=  4.59060D+00    |proj g|=  6.59778D+00

At iterate   48    f=  4.44935D+00    |proj g|=  2.29003D+00

At iterate   49    f=  4.29738D+00    |proj g|=  2.48366D+00

At iterate   50    f=  4.12591D+00    |proj g|=  3.36327D+00

At iterate   51    f=  3.97135D+00    |proj g|=  6.58859D+00

At iterate   52    f=  3.85180D+00    |proj g|=  3.99582D+00

At iterate   53    f=  3.78556D+00    |proj g|=  4.53561D+00

At iterate   54    f=  3.68549D+00    |proj g|=  2.46248D+00

At iterate   55    f=  3.56688D+00    |proj g|=  3.56492D+00

At iterate   56    f=  3.46474D+00    |proj g|=  2.46342D+00

At iterate   57    f=  3.41656D+00    |proj g|=  1.63790D+00

At iterate   58    f=  3.36166D+00    |proj g|=  1.14132D+00

At iterate   59    f=  3.28489D+00    |proj g|=  4.47471D+00

At iterate   60    f=  3.21193D+00    |proj g|=  1.66194D+00

At iterate   61    f=  3.16355D+00    |proj g|=  1.57272D+00

At iterate   62    f=  3.07882D+00    |proj g|=  2.41575D+00

At iterate   63    f=  3.04443D+00    |proj g|=  2.59674D+00

At iterate   64    f=  3.01038D+00    |proj g|=  1.06284D+00

At iterate   65    f=  2.97652D+00    |proj g|=  1.03848D+00

At iterate   66    f=  2.89153D+00    |proj g|=  1.76272D+00

At iterate   67    f=  2.81864D+00    |proj g|=  1.81131D+00

At iterate   68    f=  2.77463D+00    |proj g|=  1.39637D+00

At iterate   69    f=  2.74562D+00    |proj g|=  1.09511D+00

At iterate   70    f=  2.72096D+00    |proj g|=  1.38707D+00

At iterate   71    f=  2.67436D+00    |proj g|=  1.52330D+00

At iterate   72    f=  2.64112D+00    |proj g|=  1.77846D+00

At iterate   73    f=  2.61821D+00    |proj g|=  2.03192D+00

At iterate   74    f=  2.60476D+00    |proj g|=  2.49675D+00

At iterate   75    f=  2.58632D+00    |proj g|=  1.08377D+00

At iterate   76    f=  2.57270D+00    |proj g|=  7.98664D-01

At iterate   77    f=  2.54943D+00    |proj g|=  3.52632D+00

At iterate   78    f=  2.52164D+00    |proj g|=  1.09326D+00

At iterate   79    f=  2.51051D+00    |proj g|=  6.26935D-01

At iterate   80    f=  2.49469D+00    |proj g|=  5.62673D-01

At iterate   81    f=  2.48295D+00    |proj g|=  6.88229D-01

At iterate   82    f=  2.47019D+00    |proj g|=  6.24428D-01

At iterate   83    f=  2.45332D+00    |proj g|=  9.54787D-01

At iterate   84    f=  2.42743D+00    |proj g|=  1.05904D+00

At iterate   85    f=  2.40617D+00    |proj g|=  1.07474D+00

At iterate   86    f=  2.38507D+00    |proj g|=  3.20697D+00

At iterate   87    f=  2.36163D+00    |proj g|=  1.09215D+00

At iterate   88    f=  2.33067D+00    |proj g|=  1.64068D+00

At iterate   89    f=  2.30660D+00    |proj g|=  1.72646D+00

At iterate   90    f=  2.28654D+00    |proj g|=  4.73467D+00

At iterate   91    f=  2.25463D+00    |proj g|=  1.16449D+00

At iterate   92    f=  2.24354D+00    |proj g|=  1.11781D+00

At iterate   93    f=  2.21356D+00    |proj g|=  1.34660D+00

At iterate   94    f=  2.18250D+00    |proj g|=  8.90315D-01

At iterate   95    f=  2.15548D+00    |proj g|=  1.01845D+00

At iterate   96    f=  2.12431D+00    |proj g|=  1.17837D+00

At iterate   97    f=  2.09073D+00    |proj g|=  1.04872D+00

At iterate   98    f=  2.06821D+00    |proj g|=  2.76301D+00

At iterate   99    f=  2.05411D+00    |proj g|=  9.58260D-01

At iterate  100    f=  2.04641D+00    |proj g|=  1.09674D+00

At iterate  101    f=  2.03703D+00    |proj g|=  8.66464D-01

At iterate  102    f=  2.02133D+00    |proj g|=  1.95607D+00

At iterate  103    f=  2.00643D+00    |proj g|=  8.59128D-01

At iterate  104    f=  1.99388D+00    |proj g|=  9.49367D-01

At iterate  105    f=  1.96666D+00    |proj g|=  8.47918D-01

At iterate  106    f=  1.94240D+00    |proj g|=  6.85433D-01

At iterate  107    f=  1.92142D+00    |proj g|=  1.05775D+00

At iterate  108    f=  1.90423D+00    |proj g|=  8.54139D-01

At iterate  109    f=  1.88633D+00    |proj g|=  6.65354D-01

At iterate  110    f=  1.87995D+00    |proj g|=  1.18419D+00

At iterate  111    f=  1.87018D+00    |proj g|=  4.89578D-01

At iterate  112    f=  1.86269D+00    |proj g|=  5.84691D-01

At iterate  113    f=  1.85259D+00    |proj g|=  6.54379D-01

At iterate  114    f=  1.83578D+00    |proj g|=  1.09643D+00

At iterate  115    f=  1.83222D+00    |proj g|=  2.72382D+00

At iterate  116    f=  1.81358D+00    |proj g|=  4.91964D-01

At iterate  117    f=  1.80735D+00    |proj g|=  6.90721D-01

At iterate  118    f=  1.79734D+00    |proj g|=  9.50381D-01

At iterate  119    f=  1.77634D+00    |proj g|=  1.18312D+00

At iterate  120    f=  1.76507D+00    |proj g|=  7.28346D-01

At iterate  121    f=  1.75339D+00    |proj g|=  3.98029D-01

At iterate  122    f=  1.74761D+00    |proj g|=  1.21538D+00

At iterate  123    f=  1.74309D+00    |proj g|=  6.75905D-01

At iterate  124    f=  1.73943D+00    |proj g|=  4.35377D-01

At iterate  125    f=  1.72955D+00    |proj g|=  4.85052D-01

At iterate  126    f=  1.72291D+00    |proj g|=  3.28468D-01

At iterate  127    f=  1.71705D+00    |proj g|=  3.19150D-01

At iterate  128    f=  1.71278D+00    |proj g|=  9.63521D-01

At iterate  129    f=  1.70810D+00    |proj g|=  4.13072D-01

At iterate  130    f=  1.70294D+00    |proj g|=  2.53511D-01

At iterate  131    f=  1.69859D+00    |proj g|=  3.22297D-01

At iterate  132    f=  1.69060D+00    |proj g|=  3.37937D-01

At iterate  133    f=  1.68744D+00    |proj g|=  1.12373D+00

At iterate  134    f=  1.68102D+00    |proj g|=  6.08898D-01

At iterate  135    f=  1.67978D+00    |proj g|=  4.71440D-01

At iterate  136    f=  1.67854D+00    |proj g|=  1.97296D-01

At iterate  137    f=  1.67708D+00    |proj g|=  2.43068D-01

At iterate  138    f=  1.67466D+00    |proj g|=  3.17665D-01

At iterate  139    f=  1.67144D+00    |proj g|=  5.29395D-01

At iterate  140    f=  1.66920D+00    |proj g|=  4.70565D-01

At iterate  141    f=  1.66716D+00    |proj g|=  2.19981D-01

At iterate  142    f=  1.66545D+00    |proj g|=  2.35231D-01

At iterate  143    f=  1.66268D+00    |proj g|=  2.76485D-01

At iterate  144    f=  1.65454D+00    |proj g|=  4.60822D-01

At iterate  145    f=  1.64947D+00    |proj g|=  1.37055D+00

At iterate  146    f=  1.64176D+00    |proj g|=  4.57907D-01

At iterate  147    f=  1.63914D+00    |proj g|=  3.49192D-01

At iterate  148    f=  1.63698D+00    |proj g|=  4.34872D-01

At iterate  149    f=  1.63370D+00    |proj g|=  6.63063D-01

At iterate  150    f=  1.62991D+00    |proj g|=  5.78424D-01

At iterate  151    f=  1.62132D+00    |proj g|=  6.46455D-01

At iterate  152    f=  1.61788D+00    |proj g|=  1.17259D+00

At iterate  153    f=  1.61030D+00    |proj g|=  4.18288D-01

At iterate  154    f=  1.60582D+00    |proj g|=  3.47563D-01

At iterate  155    f=  1.59716D+00    |proj g|=  4.40631D-01

At iterate  156    f=  1.58469D+00    |proj g|=  6.37371D-01

At iterate  157    f=  1.57743D+00    |proj g|=  1.50689D+00

At iterate  158    f=  1.56851D+00    |proj g|=  5.80576D-01

At iterate  159    f=  1.56157D+00    |proj g|=  3.27514D-01

At iterate  160    f=  1.55775D+00    |proj g|=  6.70027D-01

At iterate  161    f=  1.55305D+00    |proj g|=  1.39464D+00

At iterate  162    f=  1.54726D+00    |proj g|=  9.11124D-01

At iterate  163    f=  1.54078D+00    |proj g|=  6.67939D-01

At iterate  164    f=  1.53694D+00    |proj g|=  6.95467D-01

At iterate  165    f=  1.52687D+00    |proj g|=  1.52923D+00

At iterate  166    f=  1.51998D+00    |proj g|=  6.33478D-01

At iterate  167    f=  1.51651D+00    |proj g|=  3.41450D-01

At iterate  168    f=  1.51282D+00    |proj g|=  4.56551D-01

At iterate  169    f=  1.50766D+00    |proj g|=  6.83040D-01

At iterate  170    f=  1.49896D+00    |proj g|=  8.72397D-01

At iterate  171    f=  1.48917D+00    |proj g|=  7.55647D-01

At iterate  172    f=  1.48119D+00    |proj g|=  5.66870D-01

At iterate  173    f=  1.47172D+00    |proj g|=  4.31828D-01

At iterate  174    f=  1.46833D+00    |proj g|=  1.35814D+00

At iterate  175    f=  1.46409D+00    |proj g|=  1.03671D+00

At iterate  176    f=  1.45416D+00    |proj g|=  3.90682D-01

At iterate  177    f=  1.45012D+00    |proj g|=  4.38796D-01

At iterate  178    f=  1.44323D+00    |proj g|=  8.52872D-01

At iterate  179    f=  1.44107D+00    |proj g|=  1.32579D+00

At iterate  180    f=  1.43654D+00    |proj g|=  4.84037D-01

At iterate  181    f=  1.43466D+00    |proj g|=  1.91800D-01

At iterate  182    f=  1.43269D+00    |proj g|=  4.50309D-01

At iterate  183    f=  1.42907D+00    |proj g|=  6.62845D-01

At iterate  184    f=  1.41998D+00    |proj g|=  6.17518D-01

At iterate  185    f=  1.41786D+00    |proj g|=  1.56485D+00

At iterate  186    f=  1.41108D+00    |proj g|=  8.08469D-01

At iterate  187    f=  1.40644D+00    |proj g|=  8.58152D-01

At iterate  188    f=  1.40332D+00    |proj g|=  6.90871D-01

At iterate  189    f=  1.40134D+00    |proj g|=  4.36188D-01

At iterate  190    f=  1.39361D+00    |proj g|=  5.09956D-01

At iterate  191    f=  1.39027D+00    |proj g|=  5.29271D-01

At iterate  192    f=  1.38200D+00    |proj g|=  9.24887D-01

At iterate  193    f=  1.37805D+00    |proj g|=  4.82814D-01

At iterate  194    f=  1.37313D+00    |proj g|=  3.12068D-01

At iterate  195    f=  1.36710D+00    |proj g|=  3.94931D-01

At iterate  196    f=  1.36053D+00    |proj g|=  7.59382D-01

At iterate  197    f=  1.35625D+00    |proj g|=  7.68607D-01

At iterate  198    f=  1.35208D+00    |proj g|=  2.82093D-01

At iterate  199    f=  1.34659D+00    |proj g|=  3.45673D-01

At iterate  200    f=  1.34022D+00    |proj g|=  5.30932D-01

At iterate  201    f=  1.33613D+00    |proj g|=  2.78466D+00

At iterate  202    f=  1.32510D+00    |proj g|=  5.73758D-01

At iterate  203    f=  1.32108D+00    |proj g|=  4.03876D-01

At iterate  204    f=  1.31595D+00    |proj g|=  2.93292D-01

At iterate  205    f=  1.31011D+00    |proj g|=  5.66554D-01

At iterate  206    f=  1.30610D+00    |proj g|=  9.53412D-01

At iterate  207    f=  1.30363D+00    |proj g|=  5.05300D-01

At iterate  208    f=  1.30000D+00    |proj g|=  3.91412D-01

At iterate  209    f=  1.29648D+00    |proj g|=  4.15626D-01

At iterate  210    f=  1.28899D+00    |proj g|=  8.95792D-01

At iterate  211    f=  1.28512D+00    |proj g|=  6.78452D-01

At iterate  212    f=  1.27860D+00    |proj g|=  4.78557D-01

At iterate  213    f=  1.27587D+00    |proj g|=  1.23703D+00

At iterate  214    f=  1.27051D+00    |proj g|=  4.57527D-01

At iterate  215    f=  1.26579D+00    |proj g|=  3.81307D-01

At iterate  216    f=  1.25876D+00    |proj g|=  6.02866D-01

At iterate  217    f=  1.25134D+00    |proj g|=  5.94135D-01

At iterate  218    f=  1.24958D+00    |proj g|=  1.48802D+00

At iterate  219    f=  1.24222D+00    |proj g|=  5.12916D-01

At iterate  220    f=  1.23966D+00    |proj g|=  4.25122D-01

At iterate  221    f=  1.23385D+00    |proj g|=  4.81095D-01

At iterate  222    f=  1.22776D+00    |proj g|=  7.91423D-01

At iterate  223    f=  1.22190D+00    |proj g|=  3.30396D-01

At iterate  224    f=  1.21759D+00    |proj g|=  3.15805D-01

At iterate  225    f=  1.21652D+00    |proj g|=  1.91735D+00

At iterate  226    f=  1.20949D+00    |proj g|=  4.17099D-01

At iterate  227    f=  1.20631D+00    |proj g|=  3.56778D-01

At iterate  228    f=  1.20155D+00    |proj g|=  7.19367D-01

At iterate  229    f=  1.19693D+00    |proj g|=  6.36950D-01

At iterate  230    f=  1.19134D+00    |proj g|=  6.44243D-01

At iterate  231    f=  1.18672D+00    |proj g|=  5.47382D-01

At iterate  232    f=  1.18312D+00    |proj g|=  3.22926D-01

At iterate  233    f=  1.17935D+00    |proj g|=  6.21455D-01

At iterate  234    f=  1.17748D+00    |proj g|=  1.09947D+00

At iterate  235    f=  1.17427D+00    |proj g|=  4.44582D-01

At iterate  236    f=  1.17011D+00    |proj g|=  6.53360D-01

At iterate  237    f=  1.16646D+00    |proj g|=  8.65518D-01

At iterate  238    f=  1.15897D+00    |proj g|=  1.45687D+00

At iterate  239    f=  1.15457D+00    |proj g|=  1.72494D+00

At iterate  240    f=  1.14882D+00    |proj g|=  5.77665D-01

At iterate  241    f=  1.14683D+00    |proj g|=  3.96550D-01

At iterate  242    f=  1.14419D+00    |proj g|=  4.81111D-01

At iterate  243    f=  1.13796D+00    |proj g|=  4.57073D-01

At iterate  244    f=  1.12903D+00    |proj g|=  4.80726D-01

At iterate  245    f=  1.12415D+00    |proj g|=  6.28944D-01

At iterate  246    f=  1.11922D+00    |proj g|=  3.59465D-01

At iterate  247    f=  1.11499D+00    |proj g|=  9.40622D-01

At iterate  248    f=  1.11204D+00    |proj g|=  7.35594D-01

At iterate  249    f=  1.10931D+00    |proj g|=  5.08022D-01

At iterate  250    f=  1.09603D+00    |proj g|=  5.73272D-01

At iterate  251    f=  1.09080D+00    |proj g|=  8.77146D-01

At iterate  252    f=  1.08786D+00    |proj g|=  2.21588D+00

At iterate  253    f=  1.08065D+00    |proj g|=  4.06111D-01

At iterate  254    f=  1.07857D+00    |proj g|=  4.89984D-01

At iterate  255    f=  1.07451D+00    |proj g|=  3.70058D-01

At iterate  256    f=  1.06867D+00    |proj g|=  4.70465D-01

At iterate  257    f=  1.06108D+00    |proj g|=  3.68522D-01

At iterate  258    f=  1.05742D+00    |proj g|=  6.24296D-01

At iterate  259    f=  1.05369D+00    |proj g|=  5.49539D-01

At iterate  260    f=  1.05198D+00    |proj g|=  4.07948D-01

At iterate  261    f=  1.05072D+00    |proj g|=  3.02758D-01

At iterate  262    f=  1.04906D+00    |proj g|=  3.63095D-01

At iterate  263    f=  1.04540D+00    |proj g|=  3.49539D-01

At iterate  264    f=  1.04301D+00    |proj g|=  1.58820D+00

At iterate  265    f=  1.03843D+00    |proj g|=  3.15891D-01

At iterate  266    f=  1.03733D+00    |proj g|=  2.25108D-01

At iterate  267    f=  1.03584D+00    |proj g|=  2.41934D-01

At iterate  268    f=  1.03321D+00    |proj g|=  3.03545D-01

At iterate  269    f=  1.03129D+00    |proj g|=  5.01422D-01

At iterate  270    f=  1.02910D+00    |proj g|=  1.81028D-01

At iterate  271    f=  1.02737D+00    |proj g|=  2.16291D-01

At iterate  272    f=  1.02503D+00    |proj g|=  3.33610D-01

At iterate  273    f=  1.02235D+00    |proj g|=  1.24254D+00

At iterate  274    f=  1.01895D+00    |proj g|=  1.88825D-01

At iterate  275    f=  1.01689D+00    |proj g|=  1.91861D-01

At iterate  276    f=  1.01326D+00    |proj g|=  3.23998D-01

At iterate  277    f=  1.01175D+00    |proj g|=  6.83023D-01

At iterate  278    f=  1.00892D+00    |proj g|=  3.49347D-01

At iterate  279    f=  1.00643D+00    |proj g|=  2.65883D-01

At iterate  280    f=  1.00362D+00    |proj g|=  2.04939D-01

At iterate  281    f=  1.00147D+00    |proj g|=  3.79445D-01

At iterate  282    f=  9.99582D-01    |proj g|=  1.85214D-01

At iterate  283    f=  9.98465D-01    |proj g|=  1.37454D-01

At iterate  284    f=  9.96180D-01    |proj g|=  3.24274D-01

At iterate  285    f=  9.95419D-01    |proj g|=  7.37106D-01

At iterate  286    f=  9.94050D-01    |proj g|=  4.44079D-01

At iterate  287    f=  9.91625D-01    |proj g|=  1.72544D-01

At iterate  288    f=  9.89294D-01    |proj g|=  3.07022D-01

At iterate  289    f=  9.87834D-01    |proj g|=  1.01462D+00

At iterate  290    f=  9.84896D-01    |proj g|=  2.58678D-01

At iterate  291    f=  9.83423D-01    |proj g|=  2.39780D-01

At iterate  292    f=  9.81060D-01    |proj g|=  2.17951D-01

At iterate  293    f=  9.78691D-01    |proj g|=  3.13861D-01

At iterate  294    f=  9.76812D-01    |proj g|=  1.73355D-01

At iterate  295    f=  9.75271D-01    |proj g|=  1.70182D-01

At iterate  296    f=  9.73432D-01    |proj g|=  1.37193D-01

At iterate  297    f=  9.72880D-01    |proj g|=  5.55737D-01

At iterate  298    f=  9.72034D-01    |proj g|=  1.72014D-01

At iterate  299    f=  9.71413D-01    |proj g|=  1.14181D-01

At iterate  300    f=  9.70612D-01    |proj g|=  1.67904D-01

At iterate  301    f=  9.69387D-01    |proj g|=  4.99348D-01

At iterate  302    f=  9.68039D-01    |proj g|=  2.69871D-01

At iterate  303    f=  9.66832D-01    |proj g|=  1.60818D-01

At iterate  304    f=  9.65066D-01    |proj g|=  1.89860D-01

At iterate  305    f=  9.63493D-01    |proj g|=  2.52691D-01

At iterate  306    f=  9.61999D-01    |proj g|=  1.27288D-01

At iterate  307    f=  9.59905D-01    |proj g|=  1.33469D-01

At iterate  308    f=  9.58561D-01    |proj g|=  4.76411D-01

At iterate  309    f=  9.56763D-01    |proj g|=  4.12416D-01

At iterate  310    f=  9.55821D-01    |proj g|=  2.27751D-01

At iterate  311    f=  9.54837D-01    |proj g|=  1.49545D-01

At iterate  312    f=  9.53192D-01    |proj g|=  1.71590D-01

At iterate  313    f=  9.52716D-01    |proj g|=  4.29403D-01

At iterate  314    f=  9.51989D-01    |proj g|=  2.36592D-01

At iterate  315    f=  9.51275D-01    |proj g|=  9.33743D-02

At iterate  316    f=  9.50613D-01    |proj g|=  1.06833D-01

At iterate  317    f=  9.49506D-01    |proj g|=  1.58084D-01

At iterate  318    f=  9.49290D-01    |proj g|=  5.51520D-01

At iterate  319    f=  9.47481D-01    |proj g|=  1.86560D-01

At iterate  320    f=  9.46695D-01    |proj g|=  1.10432D-01

At iterate  321    f=  9.45722D-01    |proj g|=  1.94121D-01

At iterate  322    f=  9.45232D-01    |proj g|=  5.86671D-01

At iterate  323    f=  9.44392D-01    |proj g|=  2.64316D-01

At iterate  324    f=  9.43570D-01    |proj g|=  1.36478D-01

At iterate  325    f=  9.42720D-01    |proj g|=  3.04884D-01

At iterate  326    f=  9.42514D-01    |proj g|=  6.64727D-01

At iterate  327    f=  9.41677D-01    |proj g|=  2.20422D-01

At iterate  328    f=  9.41233D-01    |proj g|=  1.38252D-01

At iterate  329    f=  9.40658D-01    |proj g|=  2.71857D-01

At iterate  330    f=  9.39868D-01    |proj g|=  2.05890D-01

At iterate  331    f=  9.39341D-01    |proj g|=  4.69809D-01

At iterate  332    f=  9.37957D-01    |proj g|=  1.34385D-01

At iterate  333    f=  9.37441D-01    |proj g|=  1.51178D-01

At iterate  334    f=  9.36825D-01    |proj g|=  2.17717D-01

At iterate  335    f=  9.36447D-01    |proj g|=  8.76876D-01

At iterate  336    f=  9.35470D-01    |proj g|=  3.06121D-01

At iterate  337    f=  9.34954D-01    |proj g|=  1.20964D-01

At iterate  338    f=  9.34583D-01    |proj g|=  2.43967D-01

At iterate  339    f=  9.34232D-01    |proj g|=  1.84804D-01

At iterate  340    f=  9.33776D-01    |proj g|=  4.49873D-01

At iterate  341    f=  9.33128D-01    |proj g|=  1.67429D-01

At iterate  342    f=  9.32421D-01    |proj g|=  1.47278D-01

At iterate  343    f=  9.32104D-01    |proj g|=  1.41564D-01

At iterate  344    f=  9.30889D-01    |proj g|=  1.85488D-01

At iterate  345    f=  9.30448D-01    |proj g|=  4.58809D-01

At iterate  346    f=  9.29221D-01    |proj g|=  1.43215D-01

At iterate  347    f=  9.28625D-01    |proj g|=  1.05036D-01

At iterate  348    f=  9.28114D-01    |proj g|=  3.77387D-01

At iterate  349    f=  9.27695D-01    |proj g|=  2.20575D-01

At iterate  350    f=  9.27382D-01    |proj g|=  1.22097D-01

At iterate  351    f=  9.26769D-01    |proj g|=  1.52592D-01

At iterate  352    f=  9.26378D-01    |proj g|=  1.66825D-01

At iterate  353    f=  9.26061D-01    |proj g|=  4.10071D-01

At iterate  354    f=  9.25563D-01    |proj g|=  1.16387D-01

At iterate  355    f=  9.25175D-01    |proj g|=  1.12810D-01

At iterate  356    f=  9.24575D-01    |proj g|=  2.35399D-01

At iterate  357    f=  9.23718D-01    |proj g|=  2.40324D-01

At iterate  358    f=  9.21858D-01    |proj g|=  3.65730D-01

At iterate  359    f=  9.20775D-01    |proj g|=  3.58982D-01

At iterate  360    f=  9.19647D-01    |proj g|=  4.14378D-01

At iterate  361    f=  9.18890D-01    |proj g|=  1.22116D-01

At iterate  362    f=  9.18539D-01    |proj g|=  1.04896D-01

At iterate  363    f=  9.17824D-01    |proj g|=  2.67653D-01

At iterate  364    f=  9.16926D-01    |proj g|=  1.86984D-01

At iterate  365    f=  9.16618D-01    |proj g|=  3.85900D-01

At iterate  366    f=  9.16063D-01    |proj g|=  1.08642D-01

At iterate  367    f=  9.15736D-01    |proj g|=  1.71807D-01

At iterate  368    f=  9.15329D-01    |proj g|=  2.31434D-01

At iterate  369    f=  9.14543D-01    |proj g|=  2.30029D-01

At iterate  370    f=  9.13524D-01    |proj g|=  3.46449D-01

At iterate  371    f=  9.12375D-01    |proj g|=  1.37733D-01

At iterate  372    f=  9.11647D-01    |proj g|=  2.23101D-01

At iterate  373    f=  9.10893D-01    |proj g|=  2.93288D-01

At iterate  374    f=  9.10292D-01    |proj g|=  2.44513D-01

At iterate  375    f=  9.09445D-01    |proj g|=  2.53202D-01

At iterate  376    f=  9.08340D-01    |proj g|=  3.56459D-01

At iterate  377    f=  9.07360D-01    |proj g|=  5.87266D-01

At iterate  378    f=  9.06407D-01    |proj g|=  1.79967D-01

At iterate  379    f=  9.05949D-01    |proj g|=  1.51281D-01

At iterate  380    f=  9.05161D-01    |proj g|=  1.45867D-01

At iterate  381    f=  9.04303D-01    |proj g|=  1.12563D-01

At iterate  382    f=  9.03247D-01    |proj g|=  3.56949D-01

At iterate  383    f=  9.02406D-01    |proj g|=  2.22378D-01

At iterate  384    f=  9.02036D-01    |proj g|=  9.82987D-02

At iterate  385    f=  9.01720D-01    |proj g|=  7.96734D-02

At iterate  386    f=  9.01286D-01    |proj g|=  1.19060D-01

At iterate  387    f=  9.00661D-01    |proj g|=  2.34165D-01

At iterate  388    f=  9.00139D-01    |proj g|=  4.26806D-01

At iterate  389    f=  8.99664D-01    |proj g|=  2.01709D-01

At iterate  390    f=  8.99353D-01    |proj g|=  1.00697D-01

At iterate  391    f=  8.99102D-01    |proj g|=  1.23532D-01

At iterate  392    f=  8.98369D-01    |proj g|=  4.89002D-01

At iterate  393    f=  8.97665D-01    |proj g|=  2.00567D-01

At iterate  394    f=  8.96916D-01    |proj g|=  1.21376D-01

At iterate  395    f=  8.96267D-01    |proj g|=  1.57726D-01

At iterate  396    f=  8.95796D-01    |proj g|=  4.02029D-01

At iterate  397    f=  8.95231D-01    |proj g|=  2.47256D-01

At iterate  398    f=  8.94505D-01    |proj g|=  8.60416D-02

At iterate  399    f=  8.93994D-01    |proj g|=  1.72398D-01

At iterate  400    f=  8.93409D-01    |proj g|=  4.06272D-01

At iterate  401    f=  8.92780D-01    |proj g|=  2.75561D-01

At iterate  402    f=  8.92468D-01    |proj g|=  1.31472D-01

At iterate  403    f=  8.91991D-01    |proj g|=  1.36765D-01

At iterate  404    f=  8.91479D-01    |proj g|=  1.57815D-01

At iterate  405    f=  8.90963D-01    |proj g|=  9.49159D-01

At iterate  406    f=  8.90041D-01    |proj g|=  2.70273D-01

At iterate  407    f=  8.89621D-01    |proj g|=  1.37219D-01

At iterate  408    f=  8.89146D-01    |proj g|=  1.73941D-01

At iterate  409    f=  8.88554D-01    |proj g|=  1.89117D-01

At iterate  410    f=  8.87997D-01    |proj g|=  4.52234D-01

At iterate  411    f=  8.86973D-01    |proj g|=  3.04126D-01

At iterate  412    f=  8.86436D-01    |proj g|=  3.53736D-01

At iterate  413    f=  8.86017D-01    |proj g|=  2.96019D-01

At iterate  414    f=  8.85725D-01    |proj g|=  2.16935D-01

At iterate  415    f=  8.84723D-01    |proj g|=  1.18063D-01

At iterate  416    f=  8.83935D-01    |proj g|=  1.53028D-01

At iterate  417    f=  8.82486D-01    |proj g|=  1.52186D-01

At iterate  418    f=  8.82248D-01    |proj g|=  3.51656D-01

At iterate  419    f=  8.81420D-01    |proj g|=  1.24756D-01

At iterate  420    f=  8.80907D-01    |proj g|=  9.16001D-02

At iterate  421    f=  8.79835D-01    |proj g|=  1.23024D-01

At iterate  422    f=  8.79699D-01    |proj g|=  5.44414D-01

At iterate  423    f=  8.78507D-01    |proj g|=  2.79166D-01

At iterate  424    f=  8.78153D-01    |proj g|=  1.66301D-01

At iterate  425    f=  8.77925D-01    |proj g|=  1.89615D-01

At iterate  426    f=  8.77391D-01    |proj g|=  2.37302D-01

At iterate  427    f=  8.76619D-01    |proj g|=  3.35788D-01

At iterate  428    f=  8.75901D-01    |proj g|=  9.35896D-02

At iterate  429    f=  8.75534D-01    |proj g|=  1.52543D-01

At iterate  430    f=  8.75379D-01    |proj g|=  5.44615D-01

At iterate  431    f=  8.74954D-01    |proj g|=  1.66472D-01

At iterate  432    f=  8.74579D-01    |proj g|=  1.47978D-01

At iterate  433    f=  8.74083D-01    |proj g|=  2.78850D-01

At iterate  434    f=  8.73566D-01    |proj g|=  2.01908D-01

At iterate  435    f=  8.73362D-01    |proj g|=  2.78214D-01

At iterate  436    f=  8.72999D-01    |proj g|=  7.09142D-02

At iterate  437    f=  8.72795D-01    |proj g|=  1.11341D-01

At iterate  438    f=  8.72370D-01    |proj g|=  2.25248D-01

At iterate  439    f=  8.72049D-01    |proj g|=  3.15394D-01

At iterate  440    f=  8.71682D-01    |proj g|=  8.84599D-02

At iterate  441    f=  8.71469D-01    |proj g|=  7.66825D-02

At iterate  442    f=  8.71056D-01    |proj g|=  1.56702D-01

At iterate  443    f=  8.70473D-01    |proj g|=  2.90177D-01

At iterate  444    f=  8.70156D-01    |proj g|=  1.66893D-01

At iterate  445    f=  8.69605D-01    |proj g|=  8.98267D-02

At iterate  446    f=  8.69317D-01    |proj g|=  7.20216D-02

At iterate  447    f=  8.68979D-01    |proj g|=  1.03707D-01

At iterate  448    f=  8.68790D-01    |proj g|=  2.51153D-01

At iterate  449    f=  8.68554D-01    |proj g|=  1.94133D-01

At iterate  450    f=  8.67985D-01    |proj g|=  5.04589D-02

At iterate  451    f=  8.67858D-01    |proj g|=  5.67960D-02

At iterate  452    f=  8.67623D-01    |proj g|=  1.33871D-01

At iterate  453    f=  8.67395D-01    |proj g|=  1.27105D-01

At iterate  454    f=  8.67199D-01    |proj g|=  1.36141D-01

At iterate  455    f=  8.66808D-01    |proj g|=  1.40070D-01

At iterate  456    f=  8.66683D-01    |proj g|=  1.83106D-01

At iterate  457    f=  8.66531D-01    |proj g|=  1.12300D-01

At iterate  458    f=  8.66257D-01    |proj g|=  7.42286D-02

At iterate  459    f=  8.65881D-01    |proj g|=  8.50595D-02

At iterate  460    f=  8.65759D-01    |proj g|=  2.72302D-01

At iterate  461    f=  8.65463D-01    |proj g|=  1.29808D-01

At iterate  462    f=  8.65257D-01    |proj g|=  5.60486D-02

At iterate  463    f=  8.65023D-01    |proj g|=  7.47294D-02

At iterate  464    f=  8.64780D-01    |proj g|=  8.85097D-02

At iterate  465    f=  8.64690D-01    |proj g|=  2.36359D-01

At iterate  466    f=  8.64453D-01    |proj g|=  9.60660D-02

At iterate  467    f=  8.64310D-01    |proj g|=  8.56534D-02

At iterate  468    f=  8.64178D-01    |proj g|=  1.07222D-01

At iterate  469    f=  8.64057D-01    |proj g|=  9.86182D-02

At iterate  470    f=  8.63922D-01    |proj g|=  5.78886D-02

At iterate  471    f=  8.63613D-01    |proj g|=  7.92559D-02

At iterate  472    f=  8.63597D-01    |proj g|=  2.24844D-01

At iterate  473    f=  8.63428D-01    |proj g|=  5.81408D-02

At iterate  474    f=  8.63356D-01    |proj g|=  5.51748D-02

At iterate  475    f=  8.63195D-01    |proj g|=  9.95938D-02

At iterate  476    f=  8.62947D-01    |proj g|=  1.02633D-01

At iterate  477    f=  8.62787D-01    |proj g|=  2.55292D-01

At iterate  478    f=  8.62433D-01    |proj g|=  1.05952D-01

At iterate  479    f=  8.62262D-01    |proj g|=  5.53703D-02

At iterate  480    f=  8.62133D-01    |proj g|=  1.17050D-01

At iterate  481    f=  8.62044D-01    |proj g|=  1.12118D-01

At iterate  482    f=  8.61927D-01    |proj g|=  5.98167D-02

At iterate  483    f=  8.61770D-01    |proj g|=  7.76761D-02

At iterate  484    f=  8.61613D-01    |proj g|=  6.53064D-02

At iterate  485    f=  8.61340D-01    |proj g|=  1.64505D-01

At iterate  486    f=  8.61187D-01    |proj g|=  3.09830D-01

At iterate  487    f=  8.60946D-01    |proj g|=  8.62954D-02

At iterate  488    f=  8.60786D-01    |proj g|=  7.51752D-02

At iterate  489    f=  8.60637D-01    |proj g|=  8.80245D-02

At iterate  490    f=  8.60489D-01    |proj g|=  2.54055D-01

At iterate  491    f=  8.60237D-01    |proj g|=  9.79237D-02

At iterate  492    f=  8.60112D-01    |proj g|=  5.51371D-02

At iterate  493    f=  8.59966D-01    |proj g|=  6.22503D-02

At iterate  494    f=  8.59768D-01    |proj g|=  1.19555D-01

At iterate  495    f=  8.59609D-01    |proj g|=  2.35952D-01

At iterate  496    f=  8.59342D-01    |proj g|=  5.74898D-02

At iterate  497    f=  8.59203D-01    |proj g|=  7.38923D-02

At iterate  498    f=  8.59027D-01    |proj g|=  7.80388D-02

At iterate  499    f=  8.58915D-01    |proj g|=  2.81709D-01

At iterate  500    f=  8.58694D-01    |proj g|=  1.37645D-01

At iterate  501    f=  8.58565D-01    |proj g|=  5.45280D-02

At iterate  502    f=  8.58452D-01    |proj g|=  5.74472D-02

At iterate  503    f=  8.58392D-01    |proj g|=  2.85985D-01

At iterate  504    f=  8.58269D-01    |proj g|=  1.42576D-01

At iterate  505    f=  8.58161D-01    |proj g|=  5.07923D-02

At iterate  506    f=  8.58104D-01    |proj g|=  6.73893D-02

At iterate  507    f=  8.57990D-01    |proj g|=  9.39045D-02

At iterate  508    f=  8.57916D-01    |proj g|=  2.61283D-01

At iterate  509    f=  8.57780D-01    |proj g|=  3.68191D-02

At iterate  510    f=  8.57738D-01    |proj g|=  3.46478D-02

At iterate  511    f=  8.57650D-01    |proj g|=  6.77017D-02

At iterate  512    f=  8.57555D-01    |proj g|=  2.42397D-01

At iterate  513    f=  8.57406D-01    |proj g|=  1.77509D-01

At iterate  514    f=  8.57196D-01    |proj g|=  7.76494D-02

At iterate  515    f=  8.57034D-01    |proj g|=  1.11061D-01

At iterate  516    f=  8.56926D-01    |proj g|=  6.13040D-02

At iterate  517    f=  8.56817D-01    |proj g|=  1.60559D-01

At iterate  518    f=  8.56706D-01    |proj g|=  1.09008D-01

At iterate  519    f=  8.56578D-01    |proj g|=  5.25613D-02

At iterate  520    f=  8.56495D-01    |proj g|=  8.67744D-02

At iterate  521    f=  8.56310D-01    |proj g|=  1.18886D-01

At iterate  522    f=  8.56283D-01    |proj g|=  3.21823D-01

At iterate  523    f=  8.56032D-01    |proj g|=  8.42912D-02

At iterate  524    f=  8.55934D-01    |proj g|=  6.40080D-02

At iterate  525    f=  8.55778D-01    |proj g|=  7.41601D-02

At iterate  526    f=  8.55512D-01    |proj g|=  1.15954D-01

At iterate  527    f=  8.55330D-01    |proj g|=  2.20777D-01

At iterate  528    f=  8.54987D-01    |proj g|=  1.25686D-01

At iterate  529    f=  8.54766D-01    |proj g|=  7.68936D-02

At iterate  530    f=  8.54596D-01    |proj g|=  1.80400D-01

At iterate  531    f=  8.54454D-01    |proj g|=  6.23896D-02

At iterate  532    f=  8.54299D-01    |proj g|=  1.51800D-01

At iterate  533    f=  8.54111D-01    |proj g|=  2.04423D-01

At iterate  534    f=  8.53729D-01    |proj g|=  1.52117D-01

At iterate  535    f=  8.53531D-01    |proj g|=  3.61896D-01

At iterate  536    f=  8.53260D-01    |proj g|=  1.14386D-01

At iterate  537    f=  8.53072D-01    |proj g|=  9.08831D-02

At iterate  538    f=  8.52877D-01    |proj g|=  1.71434D-01

At iterate  539    f=  8.52551D-01    |proj g|=  2.06496D-01

At iterate  540    f=  8.52447D-01    |proj g|=  2.29237D-01

At iterate  541    f=  8.52183D-01    |proj g|=  1.30770D-01

At iterate  542    f=  8.52005D-01    |proj g|=  5.32856D-02

At iterate  543    f=  8.51773D-01    |proj g|=  2.07335D-01

At iterate  544    f=  8.51594D-01    |proj g|=  3.47722D-01

At iterate  545    f=  8.51441D-01    |proj g|=  1.76744D-01

At iterate  546    f=  8.51219D-01    |proj g|=  1.21350D-01

At iterate  547    f=  8.51050D-01    |proj g|=  1.44538D-01

At iterate  548    f=  8.50584D-01    |proj g|=  2.81781D-01

At iterate  549    f=  8.50457D-01    |proj g|=  1.94055D-01

At iterate  550    f=  8.50185D-01    |proj g|=  1.08169D-01

At iterate  551    f=  8.49932D-01    |proj g|=  1.14163D-01

At iterate  552    f=  8.49718D-01    |proj g|=  4.24032D-01

At iterate  553    f=  8.49368D-01    |proj g|=  1.78708D-01

At iterate  554    f=  8.49148D-01    |proj g|=  1.10385D-01

At iterate  555    f=  8.48975D-01    |proj g|=  1.09916D-01

At iterate  556    f=  8.48799D-01    |proj g|=  5.15172D-02

At iterate  557    f=  8.48717D-01    |proj g|=  2.96759D-01

At iterate  558    f=  8.48496D-01    |proj g|=  8.07874D-02

At iterate  559    f=  8.48400D-01    |proj g|=  7.80440D-02

At iterate  560    f=  8.48135D-01    |proj g|=  1.14797D-01

At iterate  561    f=  8.47850D-01    |proj g|=  3.38906D-01

At iterate  562    f=  8.47610D-01    |proj g|=  1.41137D-01

At iterate  563    f=  8.47430D-01    |proj g|=  7.45532D-02

At iterate  564    f=  8.47274D-01    |proj g|=  4.85406D-02

At iterate  565    f=  8.47127D-01    |proj g|=  2.80943D-01

At iterate  566    f=  8.46929D-01    |proj g|=  1.15599D-01

At iterate  567    f=  8.46788D-01    |proj g|=  6.19288D-02

At iterate  568    f=  8.46670D-01    |proj g|=  5.41055D-02

At iterate  569    f=  8.46438D-01    |proj g|=  8.67482D-02

At iterate  570    f=  8.46274D-01    |proj g|=  1.96568D-01

At iterate  571    f=  8.46026D-01    |proj g|=  8.40609D-02

At iterate  572    f=  8.45832D-01    |proj g|=  7.32701D-02

At iterate  573    f=  8.45769D-01    |proj g|=  4.83184D-01

At iterate  574    f=  8.45472D-01    |proj g|=  6.66862D-02

At iterate  575    f=  8.45433D-01    |proj g|=  3.62625D-02

At iterate  576    f=  8.45356D-01    |proj g|=  8.23056D-02

At iterate  577    f=  8.45232D-01    |proj g|=  1.47756D-01

At iterate  578    f=  8.45141D-01    |proj g|=  2.11227D-01

At iterate  579    f=  8.44994D-01    |proj g|=  7.73501D-02

At iterate  580    f=  8.44899D-01    |proj g|=  4.68861D-02

At iterate  581    f=  8.44789D-01    |proj g|=  5.60604D-02

At iterate  582    f=  8.44607D-01    |proj g|=  1.04053D-01

At iterate  583    f=  8.44510D-01    |proj g|=  1.62482D-01

At iterate  584    f=  8.44363D-01    |proj g|=  8.36130D-02

At iterate  585    f=  8.44214D-01    |proj g|=  6.10598D-02

At iterate  586    f=  8.44105D-01    |proj g|=  8.47977D-02

At iterate  587    f=  8.44019D-01    |proj g|=  2.27884D-01

At iterate  588    f=  8.43930D-01    |proj g|=  9.01192D-02

At iterate  589    f=  8.43827D-01    |proj g|=  7.18660D-02

At iterate  590    f=  8.43767D-01    |proj g|=  1.00937D-01

At iterate  591    f=  8.43659D-01    |proj g|=  3.30194D-01

At iterate  592    f=  8.43482D-01    |proj g|=  7.58049D-02

At iterate  593    f=  8.43417D-01    |proj g|=  5.74334D-02

At iterate  594    f=  8.43337D-01    |proj g|=  9.67578D-02

At iterate  595    f=  8.43257D-01    |proj g|=  1.12614D-01

At iterate  596    f=  8.43092D-01    |proj g|=  1.30176D-01

At iterate  597    f=  8.43023D-01    |proj g|=  7.45276D-02

At iterate  598    f=  8.42955D-01    |proj g|=  3.52496D-02

At iterate  599    f=  8.42893D-01    |proj g|=  4.87517D-02

At iterate  600    f=  8.42816D-01    |proj g|=  1.89352D-01

At iterate  601    f=  8.42726D-01    |proj g|=  7.13829D-02

At iterate  602    f=  8.42661D-01    |proj g|=  3.96963D-02

At iterate  603    f=  8.42589D-01    |proj g|=  7.76018D-02

At iterate  604    f=  8.42544D-01    |proj g|=  1.75415D-01

At iterate  605    f=  8.42464D-01    |proj g|=  1.26199D-01

At iterate  606    f=  8.42316D-01    |proj g|=  5.17517D-02

At iterate  607    f=  8.42214D-01    |proj g|=  4.40380D-02

At iterate  608    f=  8.42114D-01    |proj g|=  6.49028D-02

At iterate  609    f=  8.42030D-01    |proj g|=  1.15785D-01

At iterate  610    f=  8.41923D-01    |proj g|=  5.65898D-02

At iterate  611    f=  8.41845D-01    |proj g|=  4.60349D-02

At iterate  612    f=  8.41716D-01    |proj g|=  8.10171D-02

At iterate  613    f=  8.41655D-01    |proj g|=  1.97333D-01

At iterate  614    f=  8.41556D-01    |proj g|=  1.33876D-01

At iterate  615    f=  8.41372D-01    |proj g|=  7.04435D-02

At iterate  616    f=  8.41232D-01    |proj g|=  1.77010D-01

At iterate  617    f=  8.41128D-01    |proj g|=  1.04984D-01

At iterate  618    f=  8.41052D-01    |proj g|=  7.45336D-02

At iterate  619    f=  8.40968D-01    |proj g|=  4.20015D-02

At iterate  620    f=  8.40862D-01    |proj g|=  4.96803D-02

At iterate  621    f=  8.40624D-01    |proj g|=  7.54905D-02

At iterate  622    f=  8.40555D-01    |proj g|=  1.76266D-01

At iterate  623    f=  8.40379D-01    |proj g|=  1.06045D-01

At iterate  624    f=  8.40221D-01    |proj g|=  8.05857D-02

At iterate  625    f=  8.40060D-01    |proj g|=  6.93805D-02

At iterate  626    f=  8.39982D-01    |proj g|=  2.26805D-01

At iterate  627    f=  8.39887D-01    |proj g|=  1.17731D-01

At iterate  628    f=  8.39798D-01    |proj g|=  5.91120D-02

At iterate  629    f=  8.39755D-01    |proj g|=  7.87319D-02

At iterate  630    f=  8.39684D-01    |proj g|=  1.14145D-01

At iterate  631    f=  8.39597D-01    |proj g|=  9.01518D-02

At iterate  632    f=  8.39526D-01    |proj g|=  3.18086D-02

At iterate  633    f=  8.39468D-01    |proj g|=  5.38143D-02

At iterate  634    f=  8.39382D-01    |proj g|=  7.44568D-02

At iterate  635    f=  8.39365D-01    |proj g|=  1.80954D-01

At iterate  636    f=  8.39298D-01    |proj g|=  4.98527D-02

At iterate  637    f=  8.39274D-01    |proj g|=  2.87528D-02

At iterate  638    f=  8.39245D-01    |proj g|=  7.31319D-02

At iterate  639    f=  8.39187D-01    |proj g|=  1.00500D-01

At iterate  640    f=  8.39072D-01    |proj g|=  1.90542D-01

At iterate  641    f=  8.39010D-01    |proj g|=  6.61247D-02

At iterate  642    f=  8.38945D-01    |proj g|=  4.59621D-02

At iterate  643    f=  8.38921D-01    |proj g|=  1.41835D-01

At iterate  644    f=  8.38871D-01    |proj g|=  4.62328D-02

At iterate  645    f=  8.38839D-01    |proj g|=  5.48328D-02

At iterate  646    f=  8.38770D-01    |proj g|=  8.33434D-02

At iterate  647    f=  8.38706D-01    |proj g|=  5.33622D-02

At iterate  648    f=  8.38646D-01    |proj g|=  1.29984D-01

At iterate  649    f=  8.38587D-01    |proj g|=  1.12902D-01

At iterate  650    f=  8.38544D-01    |proj g|=  6.18828D-02

At iterate  651    f=  8.38480D-01    |proj g|=  5.39021D-02

At iterate  652    f=  8.38425D-01    |proj g|=  7.14750D-02

At iterate  653    f=  8.38331D-01    |proj g|=  1.16053D-01

At iterate  654    f=  8.38292D-01    |proj g|=  1.12410D-01

At iterate  655    f=  8.38214D-01    |proj g|=  5.03120D-02

At iterate  656    f=  8.38146D-01    |proj g|=  4.57405D-02

At iterate  657    f=  8.38110D-01    |proj g|=  1.22666D-01

At iterate  658    f=  8.38049D-01    |proj g|=  9.62126D-02

At iterate  659    f=  8.37950D-01    |proj g|=  3.80158D-02

At iterate  660    f=  8.37853D-01    |proj g|=  1.06966D-01

At iterate  661    f=  8.37799D-01    |proj g|=  9.32192D-02

At iterate  662    f=  8.37755D-01    |proj g|=  7.18465D-02

At iterate  663    f=  8.37637D-01    |proj g|=  3.04483D-02

At iterate  664    f=  8.37534D-01    |proj g|=  5.08778D-02

At iterate  665    f=  8.37395D-01    |proj g|=  9.42215D-02

At iterate  666    f=  8.37320D-01    |proj g|=  1.04377D-01

At iterate  667    f=  8.37222D-01    |proj g|=  5.01704D-02

At iterate  668    f=  8.37111D-01    |proj g|=  6.20460D-02

At iterate  669    f=  8.37029D-01    |proj g|=  5.48852D-02

At iterate  670    f=  8.36969D-01    |proj g|=  2.40588D-01

At iterate  671    f=  8.36867D-01    |proj g|=  7.89458D-02

At iterate  672    f=  8.36814D-01    |proj g|=  3.20774D-02

At iterate  673    f=  8.36788D-01    |proj g|=  4.27522D-02

At iterate  674    f=  8.36751D-01    |proj g|=  2.47900D-01

At iterate  675    f=  8.36663D-01    |proj g|=  9.91855D-02

At iterate  676    f=  8.36608D-01    |proj g|=  6.05919D-02

At iterate  677    f=  8.36573D-01    |proj g|=  4.78552D-02

At iterate  678    f=  8.36501D-01    |proj g|=  5.55743D-02

At iterate  679    f=  8.36333D-01    |proj g|=  1.27314D-01

At iterate  680    f=  8.36259D-01    |proj g|=  7.76033D-02

At iterate  681    f=  8.36194D-01    |proj g|=  5.02437D-02

At iterate  682    f=  8.36104D-01    |proj g|=  4.32247D-02

At iterate  683    f=  8.36027D-01    |proj g|=  1.45449D-01

At iterate  684    f=  8.35910D-01    |proj g|=  9.51874D-02

At iterate  685    f=  8.35820D-01    |proj g|=  9.89595D-02

At iterate  686    f=  8.35763D-01    |proj g|=  1.51486D-01

At iterate  687    f=  8.35699D-01    |proj g|=  1.08946D-01

At iterate  688    f=  8.35597D-01    |proj g|=  6.56001D-02

At iterate  689    f=  8.35533D-01    |proj g|=  4.65567D-02

At iterate  690    f=  8.35474D-01    |proj g|=  4.27080D-02

At iterate  691    f=  8.35373D-01    |proj g|=  4.37213D-02

At iterate  692    f=  8.35344D-01    |proj g|=  2.91135D-01

At iterate  693    f=  8.35194D-01    |proj g|=  7.59040D-02

At iterate  694    f=  8.35137D-01    |proj g|=  2.80121D-02

At iterate  695    f=  8.35083D-01    |proj g|=  4.72702D-02

At iterate  696    f=  8.35014D-01    |proj g|=  3.70732D-02

At iterate  697    f=  8.34956D-01    |proj g|=  3.43843D-01

At iterate  698    f=  8.34850D-01    |proj g|=  8.71807D-02

At iterate  699    f=  8.34821D-01    |proj g|=  5.34038D-02

At iterate  700    f=  8.34773D-01    |proj g|=  3.67189D-02

At iterate  701    f=  8.34719D-01    |proj g|=  3.66565D-02

At iterate  702    f=  8.34683D-01    |proj g|=  1.23070D-01

At iterate  703    f=  8.34604D-01    |proj g|=  6.20990D-02

At iterate  704    f=  8.34534D-01    |proj g|=  3.52958D-02

At iterate  705    f=  8.34470D-01    |proj g|=  1.64579D-01

At iterate  706    f=  8.34403D-01    |proj g|=  8.27496D-02

At iterate  707    f=  8.34348D-01    |proj g|=  4.32621D-02

At iterate  708    f=  8.34270D-01    |proj g|=  5.37225D-02

At iterate  709    f=  8.34203D-01    |proj g|=  1.58620D-01

At iterate  710    f=  8.34119D-01    |proj g|=  9.43356D-02

At iterate  711    f=  8.34064D-01    |proj g|=  5.62504D-02

At iterate  712    f=  8.33995D-01    |proj g|=  5.17544D-02

At iterate  713    f=  8.33929D-01    |proj g|=  3.71780D-02

At iterate  714    f=  8.33804D-01    |proj g|=  1.11396D-01

At iterate  715    f=  8.33717D-01    |proj g|=  9.70772D-02

At iterate  716    f=  8.33638D-01    |proj g|=  5.01824D-02

At iterate  717    f=  8.33538D-01    |proj g|=  4.43874D-02

At iterate  718    f=  8.33471D-01    |proj g|=  9.19280D-02

At iterate  719    f=  8.33420D-01    |proj g|=  1.65093D-01

At iterate  720    f=  8.33349D-01    |proj g|=  3.87364D-02

At iterate  721    f=  8.33332D-01    |proj g|=  3.76821D-02

At iterate  722    f=  8.33318D-01    |proj g|=  3.46492D-02

At iterate  723    f=  8.33290D-01    |proj g|=  3.52700D-02

At iterate  724    f=  8.33227D-01    |proj g|=  8.41535D-02

At iterate  725    f=  8.33152D-01    |proj g|=  9.52177D-02

At iterate  726    f=  8.33060D-01    |proj g|=  1.20728D-01

At iterate  727    f=  8.32948D-01    |proj g|=  5.77777D-02

At iterate  728    f=  8.32847D-01    |proj g|=  4.48080D-02

At iterate  729    f=  8.32764D-01    |proj g|=  7.13586D-02

At iterate  730    f=  8.32687D-01    |proj g|=  6.72494D-02

At iterate  731    f=  8.32630D-01    |proj g|=  4.31044D-02

At iterate  732    f=  8.32556D-01    |proj g|=  5.75165D-02

At iterate  733    f=  8.32495D-01    |proj g|=  1.46361D-01

At iterate  734    f=  8.32424D-01    |proj g|=  1.13235D-01

At iterate  735    f=  8.32369D-01    |proj g|=  4.94815D-02

At iterate  736    f=  8.32311D-01    |proj g|=  4.40803D-02

At iterate  737    f=  8.32252D-01    |proj g|=  3.98559D-02

At iterate  738    f=  8.32136D-01    |proj g|=  4.23470D-02

At iterate  739    f=  8.32089D-01    |proj g|=  2.42160D-01

At iterate  740    f=  8.32005D-01    |proj g|=  6.90294D-02

At iterate  741    f=  8.31948D-01    |proj g|=  3.58750D-02

At iterate  742    f=  8.31901D-01    |proj g|=  8.56673D-02

At iterate  743    f=  8.31819D-01    |proj g|=  6.01898D-02

At iterate  744    f=  8.31778D-01    |proj g|=  1.52767D-01

At iterate  745    f=  8.31735D-01    |proj g|=  1.53221D-01

At iterate  746    f=  8.31696D-01    |proj g|=  3.92462D-02

At iterate  747    f=  8.31676D-01    |proj g|=  3.90508D-02

At iterate  748    f=  8.31642D-01    |proj g|=  5.68891D-02

At iterate  749    f=  8.31551D-01    |proj g|=  8.76114D-02

At iterate  750    f=  8.31511D-01    |proj g|=  1.49839D-01

At iterate  751    f=  8.31408D-01    |proj g|=  3.84583D-02

At iterate  752    f=  8.31363D-01    |proj g|=  2.66428D-02

At iterate  753    f=  8.31310D-01    |proj g|=  5.07647D-02

At iterate  754    f=  8.31245D-01    |proj g|=  6.06946D-02

At iterate  755    f=  8.31177D-01    |proj g|=  5.17404D-02

At iterate  756    f=  8.31151D-01    |proj g|=  2.13835D-01

At iterate  757    f=  8.31079D-01    |proj g|=  4.30366D-02

At iterate  758    f=  8.31054D-01    |proj g|=  2.69769D-02

At iterate  759    f=  8.31000D-01    |proj g|=  4.32214D-02

At iterate  760    f=  8.30942D-01    |proj g|=  1.90195D-01

At iterate  761    f=  8.30837D-01    |proj g|=  3.94268D-02

At iterate  762    f=  8.30776D-01    |proj g|=  3.48665D-02

At iterate  763    f=  8.30683D-01    |proj g|=  7.75067D-02

At iterate  764    f=  8.30573D-01    |proj g|=  9.01305D-02

At iterate  765    f=  8.30490D-01    |proj g|=  2.23741D-01

At iterate  766    f=  8.30314D-01    |proj g|=  9.20311D-02

At iterate  767    f=  8.30222D-01    |proj g|=  6.20689D-02

At iterate  768    f=  8.30143D-01    |proj g|=  6.31660D-02

At iterate  769    f=  8.30116D-01    |proj g|=  1.04164D-01

At iterate  770    f=  8.30081D-01    |proj g|=  7.30064D-02

At iterate  771    f=  8.29981D-01    |proj g|=  4.64328D-02

At iterate  772    f=  8.29920D-01    |proj g|=  6.43232D-02

At iterate  773    f=  8.29766D-01    |proj g|=  7.35213D-02

At iterate  774    f=  8.29704D-01    |proj g|=  2.34649D-01

At iterate  775    f=  8.29567D-01    |proj g|=  9.99948D-02

At iterate  776    f=  8.29463D-01    |proj g|=  4.71069D-02

At iterate  777    f=  8.29331D-01    |proj g|=  6.90360D-02

At iterate  778    f=  8.29176D-01    |proj g|=  7.73164D-02

At iterate  779    f=  8.28949D-01    |proj g|=  7.24790D-02

At iterate  780    f=  8.28854D-01    |proj g|=  8.76477D-02

At iterate  781    f=  8.28780D-01    |proj g|=  1.83502D-01

At iterate  782    f=  8.28707D-01    |proj g|=  5.42727D-02

At iterate  783    f=  8.28659D-01    |proj g|=  3.89872D-02

At iterate  784    f=  8.28573D-01    |proj g|=  7.89465D-02

At iterate  785    f=  8.28429D-01    |proj g|=  1.32399D-01

At iterate  786    f=  8.28350D-01    |proj g|=  1.81008D-01

At iterate  787    f=  8.28225D-01    |proj g|=  5.37767D-02

At iterate  788    f=  8.28131D-01    |proj g|=  4.48713D-02

