/home/adrianps/qcpdf/PDFmodel.py:531: OptimizeWarning: Unknown solver options: maxfevals
  method=method, options=options)
chi = 1.6438973080705088
      fun: 0.869731751111796
 hess_inv: <120x120 LbfgsInvHessProduct with dtype=float64>
      jac: array([ 1.72066028e-02, -1.56999413e-02,  1.59233737e-03,  2.76634937e-02,
        2.90775515e-02,  6.74759137e-03, -1.54857793e-01,  5.85861915e-02,
       -1.62935410e-01, -4.78522777e-02,  5.17885845e-02, -5.46809709e-02,
        5.76123926e-02,  8.00218114e-02, -8.11697820e-02, -1.78463389e-01,
       -3.66537245e-02, -1.02740583e-01, -7.66781638e-02, -8.38923264e-02,
       -6.94285074e-02,  6.94433400e-04,  4.06616740e-02,  1.07632570e-02,
        4.59762450e-02, -2.71482614e-02, -6.69212352e-02, -8.91894780e-02,
        1.16945376e-01, -3.67003761e-02, -1.25149113e-01, -8.91169361e-03,
        1.65834013e-03, -4.57399674e-03,  3.19997362e-03,  2.87626589e-03,
        9.15831633e-02,  2.93432389e-02, -1.30304179e-01, -3.89954624e-02,
       -1.22165833e-02, -3.19258286e-02, -9.50126311e-02, -1.79585791e-02,
       -7.26452121e-02, -1.54404822e-02, -4.08117762e-02, -1.28023769e-01,
       -1.52728474e-01,  1.24589561e-02, -8.11562595e-02, -1.12753351e-01,
        5.85293480e-02,  9.19256893e-03, -9.27333765e-03,  5.08771913e-03,
        2.45211962e-02, -1.20953136e-02, -7.71239628e-02, -4.87934138e-03,
        8.26887003e-02,  2.19736673e-02,  5.11341081e-02, -3.85261822e-03,
        3.23785443e-03,  6.84489132e-03,  9.97996130e-03, -5.94432281e-03,
        1.02813746e-01,  4.56470084e-02,  9.85859172e-03,  4.67415440e-02,
       -1.23667232e-01, -2.33015385e-02, -2.59297250e-02, -8.07124256e-02,
       -4.20663060e-02, -2.03675854e-02, -9.53133461e-02, -5.37363154e-02,
       -5.36739209e-02, -1.81451187e-02, -1.39458001e-02, -4.08560630e-02,
       -6.04428285e-02, -1.66910263e-02,  4.36872760e-05, -8.14989187e-03,
        1.43196899e-02,  1.29318067e-01,  5.07597964e-02,  2.45770848e-02,
        1.69729686e-01,  4.85398499e-02,  1.14037735e-01, -7.74321718e-03,
        8.45643555e-03,  2.28536079e-03, -9.88347182e-03,  3.40236506e-02,
       -2.82834201e-02, -4.13402201e-02, -1.24598099e-01,  6.17222384e-02,
        4.81881868e-01, -8.01746003e-02, -5.25551713e-02,  1.57727686e-01,
       -6.90390856e-02,  7.44472706e-02,  4.07673451e-02,  1.91806127e-02,
        1.27618693e-02,  4.36771286e-02, -4.48172943e-02, -1.84939175e-02,
        1.40829304e-01, -1.31536559e-02, -4.02402223e-02, -9.94787586e-03])
  message: b'STOP: TOTAL NO. of f AND g EVALUATIONS EXCEEDS LIMIT'
     nfev: 15004
      nit: 113
   status: 1
  success: False
        x: array([ 1.60749178e+00,  1.44471970e+00, -7.53614222e-02,  1.42617355e+00,
        1.17537310e+00,  5.08309952e-01,  6.78379506e-01,  7.48469107e-01,
        5.28758731e-01,  1.04458042e+00,  8.17112138e-01,  3.28583182e-01,
        9.41562068e-01,  2.48692242e+00, -7.55380460e-01,  1.99512861e+00,
        1.05287735e+00,  2.57775564e-01,  1.97823413e+00,  1.05269110e+00,
        2.92524107e-01,  1.84018769e+00,  1.21427497e+00,  2.48322165e-01,
       -4.61954908e-04,  4.79131888e-01, -1.45344433e-01,  2.81284609e-02,
        2.99003258e-01,  1.28877226e-01,  1.42518325e-01, -5.03940774e-03,
       -1.33450275e-01,  1.63552823e-01, -2.89340320e-01,  5.09278448e-01,
        8.90466332e-01, -2.43203388e-01,  8.37006879e-01,  7.80175134e-01,
       -7.42020751e-02,  5.85838501e-01,  6.29529439e-01,  1.77077365e-01,
       -8.08918475e-01,  9.20190589e-01,  8.01519070e-01,  2.43261238e-01,
        1.01237611e+00, -7.77185084e-01,  2.65145508e-01,  8.46601455e-01,
       -8.45248287e-01,  1.91872637e-01,  7.78448738e-01, -5.55464006e-01,
        1.06128351e-02, -1.22168327e-01, -4.51363522e-02, -9.39673091e-02,
       -2.44645391e-01, -7.13930008e-02, -1.76754180e-01,  8.79505971e-03,
       -4.97619526e-01,  1.36576574e+00,  1.84482423e+00, -4.65641402e-01,
        6.83263687e-01,  1.99809856e+00, -3.05645077e-01,  2.50841733e-01,
        1.73784513e+00,  1.43139516e-02,  3.80087771e-01,  1.55384730e+00,
        5.91466836e-01,  1.54965831e+00,  8.69498773e-01, -5.41412940e-01,
        8.81220158e-01,  2.35799678e+00, -5.13537500e-01,  9.58262402e-01,
        2.38046923e+00, -6.65878642e-01,  9.56447607e-01,  2.30625207e+00,
       -1.91382445e-02,  1.75663675e-01,  2.09028354e-01, -1.18552322e-02,
        1.69336186e-01,  1.25669348e-01, -1.21099061e-01, -2.92440679e-02,
        1.26479305e+00,  3.00234115e+00,  1.56292768e+00,  1.39256551e+00,
        2.39594000e+00,  1.79109424e+00,  1.11677629e+00,  2.17719471e+00,
        2.60844135e+00,  1.00391550e+00,  2.14003114e+00,  2.36466464e+00,
        1.82955194e-01,  2.16024035e+00, -3.86497048e-01,  1.62600012e+00,
        2.25144636e+00,  2.15793489e+00,  1.81027657e+00,  2.33008370e+00,
        2.42652625e+00,  1.76334184e+00,  2.62363578e+00,  2.27000423e+00])
