RUNNING THE L-BFGS-B CODE

           * * *

Machine precision = 2.220D-16
 N =          152     M =           10

At X0         0 variables are exactly at the bounds

At iterate    0    f=  3.45889D+05    |proj g|=  1.56767D+06

At iterate    1    f=  1.32788D+05    |proj g|=  1.21470D+05

At iterate    2    f=  1.05665D+05    |proj g|=  9.10929D+04

At iterate    3    f=  7.95324D+04    |proj g|=  4.95214D+04

At iterate    4    f=  4.79767D+04    |proj g|=  1.93968D+04

At iterate    5    f=  3.11424D+04    |proj g|=  1.09504D+04

At iterate    6    f=  1.92329D+04    |proj g|=  5.08354D+03

At iterate    7    f=  1.20406D+04    |proj g|=  8.43963D+03

At iterate    8    f=  7.02897D+03    |proj g|=  5.36239D+03

At iterate    9    f=  4.82124D+03    |proj g|=  2.32709D+03

At iterate   10    f=  2.84416D+03    |proj g|=  9.78875D+02

At iterate   11    f=  1.75897D+03    |proj g|=  5.00259D+02

At iterate   12    f=  1.14262D+03    |proj g|=  3.48366D+02

At iterate   13    f=  7.93188D+02    |proj g|=  3.07766D+02

At iterate   14    f=  6.13105D+02    |proj g|=  2.85841D+02

At iterate   15    f=  4.23982D+02    |proj g|=  1.51992D+02

At iterate   16    f=  2.54776D+02    |proj g|=  8.59510D+01

At iterate   17    f=  1.58791D+02    |proj g|=  8.56931D+01

At iterate   18    f=  1.14884D+02    |proj g|=  4.72184D+01

At iterate   19    f=  8.85935D+01    |proj g|=  5.73543D+01

At iterate   20    f=  7.08392D+01    |proj g|=  3.40699D+01

At iterate   21    f=  5.40079D+01    |proj g|=  3.70171D+01

At iterate   22    f=  4.06734D+01    |proj g|=  2.89436D+01

At iterate   23    f=  3.45291D+01    |proj g|=  2.26815D+01

At iterate   24    f=  2.96828D+01    |proj g|=  1.94881D+01

At iterate   25    f=  2.41389D+01    |proj g|=  9.04933D+00

At iterate   26    f=  1.99581D+01    |proj g|=  9.54384D+00

At iterate   27    f=  1.72947D+01    |proj g|=  2.56317D+01

At iterate   28    f=  1.49929D+01    |proj g|=  9.99942D+00

At iterate   29    f=  1.34475D+01    |proj g|=  7.35353D+00

At iterate   30    f=  1.23026D+01    |proj g|=  7.47755D+00

At iterate   31    f=  1.14375D+01    |proj g|=  2.23199D+01

At iterate   32    f=  1.06792D+01    |proj g|=  7.35944D+00

At iterate   33    f=  1.02159D+01    |proj g|=  5.56729D+00

At iterate   34    f=  9.51449D+00    |proj g|=  5.95830D+00

At iterate   35    f=  8.65406D+00    |proj g|=  7.32730D+00

At iterate   36    f=  7.99544D+00    |proj g|=  7.58327D+00

At iterate   37    f=  7.61797D+00    |proj g|=  4.12566D+00

At iterate   38    f=  6.95969D+00    |proj g|=  8.27169D+00

At iterate   39    f=  6.61063D+00    |proj g|=  5.19530D+00

At iterate   40    f=  6.41519D+00    |proj g|=  3.01694D+00

At iterate   41    f=  6.10210D+00    |proj g|=  2.65347D+00

At iterate   42    f=  5.79749D+00    |proj g|=  3.75373D+00

At iterate   43    f=  5.31112D+00    |proj g|=  3.09288D+00

At iterate   44    f=  5.10945D+00    |proj g|=  5.05574D+00

At iterate   45    f=  4.82912D+00    |proj g|=  1.79955D+00

At iterate   46    f=  4.67068D+00    |proj g|=  1.86165D+00

At iterate   47    f=  4.55889D+00    |proj g|=  1.91115D+00

At iterate   48    f=  4.44291D+00    |proj g|=  3.97153D+00

At iterate   49    f=  4.35191D+00    |proj g|=  3.32341D+00

At iterate   50    f=  4.28406D+00    |proj g|=  2.66422D+00

At iterate   51    f=  4.18455D+00    |proj g|=  2.73067D+00

At iterate   52    f=  3.98221D+00    |proj g|=  1.80754D+00

At iterate   53    f=  3.85329D+00    |proj g|=  1.61436D+00

At iterate   54    f=  3.69593D+00    |proj g|=  1.43347D+00

At iterate   55    f=  3.47043D+00    |proj g|=  3.80213D+00

At iterate   56    f=  3.29969D+00    |proj g|=  2.58189D+00

At iterate   57    f=  3.19259D+00    |proj g|=  4.99315D+00

At iterate   58    f=  3.12863D+00    |proj g|=  1.48359D+00

At iterate   59    f=  3.04085D+00    |proj g|=  2.47196D+00

At iterate   60    f=  2.98895D+00    |proj g|=  1.49828D+00

At iterate   61    f=  2.90061D+00    |proj g|=  3.95379D+00

At iterate   62    f=  2.82033D+00    |proj g|=  1.78441D+00

At iterate   63    f=  2.75989D+00    |proj g|=  3.89660D+00

At iterate   64    f=  2.67655D+00    |proj g|=  3.18746D+00

At iterate   65    f=  2.56121D+00    |proj g|=  3.64902D+00

At iterate   66    f=  2.53828D+00    |proj g|=  5.27349D+00

At iterate   67    f=  2.42679D+00    |proj g|=  1.54595D+00

At iterate   68    f=  2.39092D+00    |proj g|=  1.11545D+00

At iterate   69    f=  2.31964D+00    |proj g|=  1.64081D+00

At iterate   70    f=  2.29784D+00    |proj g|=  3.73124D+00

At iterate   71    f=  2.25575D+00    |proj g|=  1.44637D+00

At iterate   72    f=  2.22472D+00    |proj g|=  1.23490D+00

At iterate   73    f=  2.17948D+00    |proj g|=  1.47162D+00

At iterate   74    f=  2.13405D+00    |proj g|=  6.63681D+00

At iterate   75    f=  2.07121D+00    |proj g|=  2.66250D+00

At iterate   76    f=  2.03363D+00    |proj g|=  1.39507D+00

At iterate   77    f=  2.00520D+00    |proj g|=  1.86717D+00

At iterate   78    f=  1.96322D+00    |proj g|=  1.80896D+00

At iterate   79    f=  1.88286D+00    |proj g|=  1.61967D+00

At iterate   80    f=  1.86460D+00    |proj g|=  4.40294D+00

At iterate   81    f=  1.79946D+00    |proj g|=  1.80961D+00

At iterate   82    f=  1.78219D+00    |proj g|=  1.15230D+00

At iterate   83    f=  1.76043D+00    |proj g|=  7.98280D-01

At iterate   84    f=  1.72857D+00    |proj g|=  1.12405D+00

At iterate   85    f=  1.69939D+00    |proj g|=  1.95234D+00

At iterate   86    f=  1.68304D+00    |proj g|=  4.19454D+00

At iterate   87    f=  1.66698D+00    |proj g|=  1.21387D+00

At iterate   88    f=  1.66133D+00    |proj g|=  7.54754D-01

At iterate   89    f=  1.65539D+00    |proj g|=  1.45964D+00

At iterate   90    f=  1.64096D+00    |proj g|=  2.16598D+00

At iterate   91    f=  1.61676D+00    |proj g|=  2.33283D+00

At iterate   92    f=  1.58068D+00    |proj g|=  1.48661D+00

At iterate   93    f=  1.55494D+00    |proj g|=  8.95937D-01

At iterate   94    f=  1.53576D+00    |proj g|=  6.60237D-01

At iterate   95    f=  1.51625D+00    |proj g|=  1.10901D+00

At iterate   96    f=  1.49883D+00    |proj g|=  1.01523D+00

At iterate   97    f=  1.48775D+00    |proj g|=  2.05500D+00

At iterate   98    f=  1.47599D+00    |proj g|=  6.14543D-01

At iterate   99    f=  1.47215D+00    |proj g|=  5.72605D-01

At iterate  100    f=  1.46050D+00    |proj g|=  1.32742D+00

At iterate  101    f=  1.45268D+00    |proj g|=  8.33063D-01

At iterate  102    f=  1.44615D+00    |proj g|=  7.68456D-01

At iterate  103    f=  1.43746D+00    |proj g|=  5.20312D-01

At iterate  104    f=  1.42707D+00    |proj g|=  3.42778D-01

At iterate  105    f=  1.41811D+00    |proj g|=  4.91797D-01

At iterate  106    f=  1.40942D+00    |proj g|=  1.01560D+00

At iterate  107    f=  1.39994D+00    |proj g|=  4.11849D-01

At iterate  108    f=  1.39173D+00    |proj g|=  4.54367D-01

At iterate  109    f=  1.38558D+00    |proj g|=  5.06088D-01

At iterate  110    f=  1.38285D+00    |proj g|=  1.44192D+00

At iterate  111    f=  1.37519D+00    |proj g|=  6.84781D-01

At iterate  112    f=  1.37225D+00    |proj g|=  7.72994D-01

At iterate  113    f=  1.36967D+00    |proj g|=  5.01586D-01

At iterate  114    f=  1.36466D+00    |proj g|=  3.58454D-01

At iterate  115    f=  1.35770D+00    |proj g|=  6.36744D-01

At iterate  116    f=  1.34742D+00    |proj g|=  7.56383D-01

At iterate  117    f=  1.33836D+00    |proj g|=  8.20130D-01

At iterate  118    f=  1.33132D+00    |proj g|=  4.75892D-01

At iterate  119    f=  1.32747D+00    |proj g|=  3.45656D-01

At iterate  120    f=  1.32380D+00    |proj g|=  4.36002D-01

At iterate  121    f=  1.32049D+00    |proj g|=  1.88745D+00

At iterate  122    f=  1.31539D+00    |proj g|=  9.58641D-01

At iterate  123    f=  1.31052D+00    |proj g|=  5.87174D-01

At iterate  124    f=  1.30752D+00    |proj g|=  1.18253D+00

At iterate  125    f=  1.30445D+00    |proj g|=  9.44784D-01

At iterate  126    f=  1.30087D+00    |proj g|=  6.76252D-01

At iterate  127    f=  1.29743D+00    |proj g|=  3.90463D-01

At iterate  128    f=  1.29358D+00    |proj g|=  4.73388D-01

At iterate  129    f=  1.28631D+00    |proj g|=  5.06311D-01

At iterate  130    f=  1.28215D+00    |proj g|=  4.18945D-01

At iterate  131    f=  1.27591D+00    |proj g|=  4.49821D-01

At iterate  132    f=  1.27106D+00    |proj g|=  5.69958D-01

At iterate  133    f=  1.26780D+00    |proj g|=  7.86793D-01

At iterate  134    f=  1.26426D+00    |proj g|=  5.10199D-01

At iterate  135    f=  1.26170D+00    |proj g|=  3.70614D-01

At iterate  136    f=  1.25890D+00    |proj g|=  2.78772D-01

At iterate  137    f=  1.25634D+00    |proj g|=  7.79309D-01

At iterate  138    f=  1.25388D+00    |proj g|=  5.93667D-01

At iterate  139    f=  1.24865D+00    |proj g|=  3.12678D-01

At iterate  140    f=  1.24356D+00    |proj g|=  5.38024D-01

At iterate  141    f=  1.23878D+00    |proj g|=  5.01427D-01

At iterate  142    f=  1.22942D+00    |proj g|=  4.86181D-01

At iterate  143    f=  1.22371D+00    |proj g|=  9.33438D-01

At iterate  144    f=  1.21646D+00    |proj g|=  3.47643D-01

At iterate  145    f=  1.21286D+00    |proj g|=  4.79662D-01

At iterate  146    f=  1.20991D+00    |proj g|=  1.43512D+00

At iterate  147    f=  1.20722D+00    |proj g|=  5.41377D-01

At iterate  148    f=  1.20426D+00    |proj g|=  6.04444D-01

At iterate  149    f=  1.20299D+00    |proj g|=  5.41239D-01

At iterate  150    f=  1.19970D+00    |proj g|=  1.00940D+00

At iterate  151    f=  1.19692D+00    |proj g|=  7.26754D-01

At iterate  152    f=  1.19301D+00    |proj g|=  3.11002D-01

At iterate  153    f=  1.18804D+00    |proj g|=  3.11590D-01

At iterate  154    f=  1.17957D+00    |proj g|=  6.25387D-01

At iterate  155    f=  1.17618D+00    |proj g|=  1.01299D+00

At iterate  156    f=  1.16885D+00    |proj g|=  3.62539D-01

At iterate  157    f=  1.16570D+00    |proj g|=  3.32926D-01

At iterate  158    f=  1.16180D+00    |proj g|=  4.85281D-01

At iterate  159    f=  1.15742D+00    |proj g|=  2.23823D+00

At iterate  160    f=  1.15088D+00    |proj g|=  5.92064D-01

At iterate  161    f=  1.14674D+00    |proj g|=  5.33713D-01

At iterate  162    f=  1.13952D+00    |proj g|=  5.13749D-01

At iterate  163    f=  1.13816D+00    |proj g|=  9.86001D-01

At iterate  164    f=  1.13458D+00    |proj g|=  3.04846D-01

At iterate  165    f=  1.13224D+00    |proj g|=  2.84526D-01

At iterate  166    f=  1.12804D+00    |proj g|=  3.51393D-01

At iterate  167    f=  1.12230D+00    |proj g|=  5.34304D-01

At iterate  168    f=  1.11876D+00    |proj g|=  8.38794D-01

At iterate  169    f=  1.11368D+00    |proj g|=  3.86387D-01

At iterate  170    f=  1.10972D+00    |proj g|=  2.59374D-01

At iterate  171    f=  1.10854D+00    |proj g|=  8.46778D-01

At iterate  172    f=  1.10676D+00    |proj g|=  3.68978D-01

At iterate  173    f=  1.10511D+00    |proj g|=  3.57432D-01

At iterate  174    f=  1.10235D+00    |proj g|=  3.75404D-01

At iterate  175    f=  1.09836D+00    |proj g|=  3.98299D-01

At iterate  176    f=  1.09086D+00    |proj g|=  5.39405D-01

At iterate  177    f=  1.08491D+00    |proj g|=  6.04195D-01

At iterate  178    f=  1.07914D+00    |proj g|=  4.18607D-01

At iterate  179    f=  1.07593D+00    |proj g|=  2.30294D-01

At iterate  180    f=  1.07386D+00    |proj g|=  4.44395D-01

At iterate  181    f=  1.07113D+00    |proj g|=  2.99860D-01

At iterate  182    f=  1.06841D+00    |proj g|=  1.76498D+00

At iterate  183    f=  1.06549D+00    |proj g|=  3.54626D-01

At iterate  184    f=  1.06457D+00    |proj g|=  3.60454D-01

At iterate  185    f=  1.06235D+00    |proj g|=  3.45475D-01

At iterate  186    f=  1.05872D+00    |proj g|=  4.18409D-01

At iterate  187    f=  1.05590D+00    |proj g|=  5.66738D-01

At iterate  188    f=  1.05260D+00    |proj g|=  4.07495D-01

At iterate  189    f=  1.04955D+00    |proj g|=  2.89692D-01

At iterate  190    f=  1.04704D+00    |proj g|=  4.74436D-01

At iterate  191    f=  1.04185D+00    |proj g|=  5.38319D-01

At iterate  192    f=  1.03862D+00    |proj g|=  8.38704D-01

At iterate  193    f=  1.03449D+00    |proj g|=  3.43690D-01

At iterate  194    f=  1.03295D+00    |proj g|=  1.26057D+00

At iterate  195    f=  1.03092D+00    |proj g|=  3.76397D-01

At iterate  196    f=  1.02969D+00    |proj g|=  4.67296D-01

At iterate  197    f=  1.02608D+00    |proj g|=  5.95589D-01

At iterate  198    f=  1.02212D+00    |proj g|=  6.06194D-01

At iterate  199    f=  1.01737D+00    |proj g|=  6.19476D-01

At iterate  200    f=  1.01263D+00    |proj g|=  2.05293D-01

At iterate  201    f=  1.01069D+00    |proj g|=  1.59679D-01

At iterate  202    f=  1.00848D+00    |proj g|=  2.35748D-01

At iterate  203    f=  1.00587D+00    |proj g|=  3.43275D-01

At iterate  204    f=  1.00433D+00    |proj g|=  9.39940D-01

At iterate  205    f=  1.00262D+00    |proj g|=  4.60611D-01

At iterate  206    f=  1.00096D+00    |proj g|=  2.18987D-01

At iterate  207    f=  9.99880D-01    |proj g|=  2.07043D-01

At iterate  208    f=  9.98718D-01    |proj g|=  1.85697D+00

At iterate  209    f=  9.94477D-01    |proj g|=  3.06819D-01

At iterate  210    f=  9.93151D-01    |proj g|=  2.93009D-01

At iterate  211    f=  9.91811D-01    |proj g|=  3.17820D-01

At iterate  212    f=  9.89302D-01    |proj g|=  3.07482D-01

At iterate  213    f=  9.83506D-01    |proj g|=  4.28706D-01

At iterate  214    f=  9.81429D-01    |proj g|=  4.52076D-01

At iterate  215    f=  9.78770D-01    |proj g|=  3.52465D-01

At iterate  216    f=  9.77925D-01    |proj g|=  5.68241D-01

At iterate  217    f=  9.76605D-01    |proj g|=  3.88143D-01

At iterate  218    f=  9.74692D-01    |proj g|=  2.89476D-01

At iterate  219    f=  9.69980D-01    |proj g|=  2.62368D-01

At iterate  220    f=  9.68909D-01    |proj g|=  6.00428D-01

At iterate  221    f=  9.66997D-01    |proj g|=  3.27585D-01

At iterate  222    f=  9.65344D-01    |proj g|=  2.10287D-01

At iterate  223    f=  9.62763D-01    |proj g|=  4.97543D-01

At iterate  224    f=  9.60276D-01    |proj g|=  3.21222D-01

At iterate  225    f=  9.57684D-01    |proj g|=  3.43606D-01

At iterate  226    f=  9.55469D-01    |proj g|=  3.98273D-01

At iterate  227    f=  9.53448D-01    |proj g|=  3.32676D-01

At iterate  228    f=  9.52428D-01    |proj g|=  7.25459D-01

At iterate  229    f=  9.51076D-01    |proj g|=  3.67678D-01

At iterate  230    f=  9.49981D-01    |proj g|=  2.64165D-01

At iterate  231    f=  9.48591D-01    |proj g|=  5.19478D-01

At iterate  232    f=  9.46359D-01    |proj g|=  5.06593D-01

At iterate  233    f=  9.45079D-01    |proj g|=  8.27566D-01

At iterate  234    f=  9.42986D-01    |proj g|=  3.60832D-01

At iterate  235    f=  9.40857D-01    |proj g|=  3.24656D-01

At iterate  236    f=  9.39839D-01    |proj g|=  3.19526D-01

At iterate  237    f=  9.36066D-01    |proj g|=  5.26619D-01

At iterate  238    f=  9.33908D-01    |proj g|=  4.71681D-01

At iterate  239    f=  9.31146D-01    |proj g|=  2.69833D-01

At iterate  240    f=  9.29102D-01    |proj g|=  5.47206D-01

At iterate  241    f=  9.27727D-01    |proj g|=  7.23399D-01

At iterate  242    f=  9.25936D-01    |proj g|=  2.11010D-01

At iterate  243    f=  9.23943D-01    |proj g|=  3.33788D-01

At iterate  244    f=  9.22016D-01    |proj g|=  3.32602D-01

At iterate  245    f=  9.20865D-01    |proj g|=  8.11888D-01

At iterate  246    f=  9.18899D-01    |proj g|=  4.03604D-01

At iterate  247    f=  9.17487D-01    |proj g|=  3.53912D-01

At iterate  248    f=  9.15572D-01    |proj g|=  5.72492D-01

At iterate  249    f=  9.12709D-01    |proj g|=  6.00020D-01

At iterate  250    f=  9.06507D-01    |proj g|=  4.77627D-01

At iterate  251    f=  9.04800D-01    |proj g|=  8.86060D-01

At iterate  252    f=  9.01564D-01    |proj g|=  2.62320D-01

At iterate  253    f=  9.00168D-01    |proj g|=  2.71193D-01

At iterate  254    f=  8.99052D-01    |proj g|=  6.05741D-01

At iterate  255    f=  8.97559D-01    |proj g|=  4.68236D-01

At iterate  256    f=  8.94556D-01    |proj g|=  2.06373D-01

At iterate  257    f=  8.93052D-01    |proj g|=  5.64288D-01

At iterate  258    f=  8.91818D-01    |proj g|=  3.80107D-01

At iterate  259    f=  8.90075D-01    |proj g|=  3.51039D-01

At iterate  260    f=  8.87577D-01    |proj g|=  3.05224D-01

At iterate  261    f=  8.84649D-01    |proj g|=  2.65212D-01

At iterate  262    f=  8.81936D-01    |proj g|=  4.48914D-01

At iterate  263    f=  8.79207D-01    |proj g|=  4.95875D-01

At iterate  264    f=  8.77533D-01    |proj g|=  8.80382D-01

At iterate  265    f=  8.75989D-01    |proj g|=  2.68039D-01

At iterate  266    f=  8.74724D-01    |proj g|=  2.30764D-01

At iterate  267    f=  8.72582D-01    |proj g|=  4.23838D-01

At iterate  268    f=  8.69984D-01    |proj g|=  6.75236D-01

At iterate  269    f=  8.67262D-01    |proj g|=  7.23012D-01

At iterate  270    f=  8.65668D-01    |proj g|=  2.84509D-01

At iterate  271    f=  8.64210D-01    |proj g|=  2.12954D-01

At iterate  272    f=  8.62360D-01    |proj g|=  4.29079D-01

At iterate  273    f=  8.59514D-01    |proj g|=  3.41035D-01

At iterate  274    f=  8.56933D-01    |proj g|=  7.36173D-01

At iterate  275    f=  8.54478D-01    |proj g|=  3.87533D-01

At iterate  276    f=  8.52531D-01    |proj g|=  3.83560D-01

At iterate  277    f=  8.50484D-01    |proj g|=  7.50051D-01

At iterate  278    f=  8.49054D-01    |proj g|=  2.59494D-01

At iterate  279    f=  8.48199D-01    |proj g|=  2.25026D-01

At iterate  280    f=  8.47051D-01    |proj g|=  2.37970D-01

At iterate  281    f=  8.46858D-01    |proj g|=  9.53386D-01

At iterate  282    f=  8.45428D-01    |proj g|=  2.53471D-01

At iterate  283    f=  8.44851D-01    |proj g|=  1.41184D-01

At iterate  284    f=  8.44260D-01    |proj g|=  2.01622D-01

At iterate  285    f=  8.43401D-01    |proj g|=  2.15216D-01

At iterate  286    f=  8.42340D-01    |proj g|=  1.10018D+00

At iterate  287    f=  8.40458D-01    |proj g|=  2.40090D-01

At iterate  288    f=  8.39654D-01    |proj g|=  1.74395D-01

At iterate  289    f=  8.38724D-01    |proj g|=  2.98951D-01

At iterate  290    f=  8.38187D-01    |proj g|=  4.25945D-01

At iterate  291    f=  8.37003D-01    |proj g|=  3.08077D-01

At iterate  292    f=  8.35085D-01    |proj g|=  1.67645D-01

At iterate  293    f=  8.33077D-01    |proj g|=  3.89289D-01

At iterate  294    f=  8.32828D-01    |proj g|=  6.46286D-01

At iterate  295    f=  8.31458D-01    |proj g|=  1.85338D-01

At iterate  296    f=  8.30919D-01    |proj g|=  2.12224D-01

At iterate  297    f=  8.29752D-01    |proj g|=  1.96218D-01

At iterate  298    f=  8.28307D-01    |proj g|=  3.47561D-01

At iterate  299    f=  8.27451D-01    |proj g|=  3.58083D-01

At iterate  300    f=  8.26781D-01    |proj g|=  1.10615D-01

At iterate  301    f=  8.26183D-01    |proj g|=  1.73208D-01

At iterate  302    f=  8.25535D-01    |proj g|=  2.82992D-01

At iterate  303    f=  8.24404D-01    |proj g|=  3.20270D-01

At iterate  304    f=  8.23516D-01    |proj g|=  5.63305D-01

At iterate  305    f=  8.22595D-01    |proj g|=  1.88663D-01

At iterate  306    f=  8.21766D-01    |proj g|=  3.41957D-01

At iterate  307    f=  8.21183D-01    |proj g|=  3.44986D-01

At iterate  308    f=  8.20722D-01    |proj g|=  9.28457D-01

At iterate  309    f=  8.18618D-01    |proj g|=  1.62716D-01

At iterate  310    f=  8.18164D-01    |proj g|=  1.14518D-01

At iterate  311    f=  8.17429D-01    |proj g|=  3.92570D-01

At iterate  312    f=  8.16586D-01    |proj g|=  5.02202D-01

At iterate  313    f=  8.15138D-01    |proj g|=  1.02803D+00

At iterate  314    f=  8.14217D-01    |proj g|=  3.67349D-01

At iterate  315    f=  8.13438D-01    |proj g|=  1.40343D-01

At iterate  316    f=  8.12820D-01    |proj g|=  2.37106D-01

At iterate  317    f=  8.11649D-01    |proj g|=  2.97296D-01

At iterate  318    f=  8.11025D-01    |proj g|=  6.61237D-01

At iterate  319    f=  8.09670D-01    |proj g|=  4.63279D-01

At iterate  320    f=  8.08123D-01    |proj g|=  1.37135D-01

At iterate  321    f=  8.06830D-01    |proj g|=  3.23522D-01

At iterate  322    f=  8.05239D-01    |proj g|=  7.82150D-01

At iterate  323    f=  8.03381D-01    |proj g|=  5.23974D-01

At iterate  324    f=  8.01469D-01    |proj g|=  1.86950D-01

At iterate  325    f=  8.00238D-01    |proj g|=  1.70430D-01

At iterate  326    f=  7.99335D-01    |proj g|=  4.26521D-01

At iterate  327    f=  7.98544D-01    |proj g|=  2.75225D-01

At iterate  328    f=  7.97868D-01    |proj g|=  1.58295D-01

At iterate  329    f=  7.97112D-01    |proj g|=  1.88430D-01

At iterate  330    f=  7.96404D-01    |proj g|=  1.61725D-01

At iterate  331    f=  7.95898D-01    |proj g|=  5.33665D-01

At iterate  332    f=  7.95150D-01    |proj g|=  2.67096D-01

At iterate  333    f=  7.94222D-01    |proj g|=  1.52986D-01

At iterate  334    f=  7.93525D-01    |proj g|=  2.41094D-01

At iterate  335    f=  7.92099D-01    |proj g|=  2.83924D-01

At iterate  336    f=  7.90536D-01    |proj g|=  9.29410D-01

At iterate  337    f=  7.88485D-01    |proj g|=  4.58220D-01

At iterate  338    f=  7.87076D-01    |proj g|=  1.99600D-01

At iterate  339    f=  7.86104D-01    |proj g|=  2.07211D-01

At iterate  340    f=  7.85046D-01    |proj g|=  5.10414D-01

At iterate  341    f=  7.84005D-01    |proj g|=  2.10401D-01

At iterate  342    f=  7.83247D-01    |proj g|=  1.41988D-01

At iterate  343    f=  7.82440D-01    |proj g|=  1.83555D-01

At iterate  344    f=  7.81043D-01    |proj g|=  2.15615D-01

At iterate  345    f=  7.78677D-01    |proj g|=  3.78628D-01

At iterate  346    f=  7.77546D-01    |proj g|=  3.59678D-01

At iterate  347    f=  7.76101D-01    |proj g|=  2.08916D-01

At iterate  348    f=  7.75477D-01    |proj g|=  3.33009D-01

At iterate  349    f=  7.74804D-01    |proj g|=  1.51147D-01

At iterate  350    f=  7.73803D-01    |proj g|=  2.00763D-01

At iterate  351    f=  7.72268D-01    |proj g|=  2.28817D-01

At iterate  352    f=  7.71451D-01    |proj g|=  4.54046D-01

At iterate  353    f=  7.70450D-01    |proj g|=  1.63638D-01

At iterate  354    f=  7.69692D-01    |proj g|=  2.63508D-01

At iterate  355    f=  7.68793D-01    |proj g|=  2.42629D-01

At iterate  356    f=  7.67257D-01    |proj g|=  3.21358D-01

At iterate  357    f=  7.66130D-01    |proj g|=  4.63171D-01

At iterate  358    f=  7.64572D-01    |proj g|=  1.56443D-01

At iterate  359    f=  7.63578D-01    |proj g|=  1.52702D-01

At iterate  360    f=  7.63033D-01    |proj g|=  7.13971D-01

At iterate  361    f=  7.62107D-01    |proj g|=  2.19542D-01

At iterate  362    f=  7.61306D-01    |proj g|=  1.19590D-01

At iterate  363    f=  7.60553D-01    |proj g|=  2.63508D-01

At iterate  364    f=  7.59673D-01    |proj g|=  2.58525D-01

At iterate  365    f=  7.59025D-01    |proj g|=  6.17886D-01

At iterate  366    f=  7.57854D-01    |proj g|=  1.45575D-01

At iterate  367    f=  7.57060D-01    |proj g|=  1.54769D-01

At iterate  368    f=  7.55795D-01    |proj g|=  2.90104D-01

At iterate  369    f=  7.54244D-01    |proj g|=  2.87156D-01

At iterate  370    f=  7.53031D-01    |proj g|=  2.67304D-01

At iterate  371    f=  7.51469D-01    |proj g|=  1.19704D-01

At iterate  372    f=  7.50524D-01    |proj g|=  2.91034D-01

At iterate  373    f=  7.49937D-01    |proj g|=  8.77358D-01

At iterate  374    f=  7.48514D-01    |proj g|=  1.69855D-01

At iterate  375    f=  7.47758D-01    |proj g|=  2.15613D-01

At iterate  376    f=  7.46747D-01    |proj g|=  1.87037D-01

At iterate  377    f=  7.45503D-01    |proj g|=  2.68942D-01

At iterate  378    f=  7.44658D-01    |proj g|=  4.42660D-01

At iterate  379    f=  7.43755D-01    |proj g|=  1.82562D-01

At iterate  380    f=  7.43090D-01    |proj g|=  1.92289D-01

At iterate  381    f=  7.41827D-01    |proj g|=  1.99669D-01

At iterate  382    f=  7.40443D-01    |proj g|=  1.62550D-01

At iterate  383    f=  7.39293D-01    |proj g|=  2.68269D-01

At iterate  384    f=  7.37691D-01    |proj g|=  1.95294D-01

At iterate  385    f=  7.36232D-01    |proj g|=  3.55261D-01

At iterate  386    f=  7.35500D-01    |proj g|=  4.25115D-01

At iterate  387    f=  7.34401D-01    |proj g|=  2.49034D-01

At iterate  388    f=  7.33843D-01    |proj g|=  2.32497D-01

At iterate  389    f=  7.32453D-01    |proj g|=  1.53842D-01

At iterate  390    f=  7.31199D-01    |proj g|=  3.89002D-01

At iterate  391    f=  7.30528D-01    |proj g|=  5.54898D-01

At iterate  392    f=  7.29613D-01    |proj g|=  1.78141D-01

At iterate  393    f=  7.28903D-01    |proj g|=  1.78327D-01

At iterate  394    f=  7.28064D-01    |proj g|=  2.31490D-01

At iterate  395    f=  7.25919D-01    |proj g|=  2.28710D-01

At iterate  396    f=  7.25333D-01    |proj g|=  7.07534D-01

At iterate  397    f=  7.23467D-01    |proj g|=  1.77991D-01

At iterate  398    f=  7.22823D-01    |proj g|=  1.21238D-01

At iterate  399    f=  7.21973D-01    |proj g|=  3.27587D-01

At iterate  400    f=  7.21000D-01    |proj g|=  4.47021D-01

At iterate  401    f=  7.19696D-01    |proj g|=  2.64183D-01

At iterate  402    f=  7.18293D-01    |proj g|=  1.89077D-01

At iterate  403    f=  7.17722D-01    |proj g|=  5.54241D-01

At iterate  404    f=  7.17018D-01    |proj g|=  1.45454D-01

At iterate  405    f=  7.16466D-01    |proj g|=  1.63389D-01

At iterate  406    f=  7.14646D-01    |proj g|=  2.61840D-01

At iterate  407    f=  7.13163D-01    |proj g|=  2.02650D-01

At iterate  408    f=  7.12185D-01    |proj g|=  5.09481D-01

At iterate  409    f=  7.10702D-01    |proj g|=  2.10310D-01

At iterate  410    f=  7.09827D-01    |proj g|=  2.87733D-01

At iterate  411    f=  7.08070D-01    |proj g|=  2.13134D-01

At iterate  412    f=  7.07836D-01    |proj g|=  9.33496D-01

At iterate  413    f=  7.05844D-01    |proj g|=  1.81616D-01

At iterate  414    f=  7.05295D-01    |proj g|=  1.40566D-01

At iterate  415    f=  7.04220D-01    |proj g|=  2.06977D-01

At iterate  416    f=  7.03696D-01    |proj g|=  6.03497D-01

At iterate  417    f=  7.02676D-01    |proj g|=  3.28966D-01

At iterate  418    f=  7.01377D-01    |proj g|=  2.72325D-01

At iterate  419    f=  7.00170D-01    |proj g|=  3.03972D-01

At iterate  420    f=  6.99137D-01    |proj g|=  2.29491D-01

At iterate  421    f=  6.98491D-01    |proj g|=  2.67936D-01

At iterate  422    f=  6.97597D-01    |proj g|=  1.47477D-01

At iterate  423    f=  6.96715D-01    |proj g|=  3.06884D-01

At iterate  424    f=  6.95756D-01    |proj g|=  2.95992D-01

At iterate  425    f=  6.95070D-01    |proj g|=  6.31411D-01

At iterate  426    f=  6.93832D-01    |proj g|=  2.71582D-01

At iterate  427    f=  6.92945D-01    |proj g|=  1.28377D-01

At iterate  428    f=  6.92258D-01    |proj g|=  3.01625D-01

At iterate  429    f=  6.91534D-01    |proj g|=  2.78943D-01

At iterate  430    f=  6.90752D-01    |proj g|=  3.11437D-01

At iterate  431    f=  6.90066D-01    |proj g|=  1.59308D-01

At iterate  432    f=  6.89191D-01    |proj g|=  2.76533D-01

At iterate  433    f=  6.88651D-01    |proj g|=  2.58749D-01

At iterate  434    f=  6.87246D-01    |proj g|=  4.48552D-01

At iterate  435    f=  6.85563D-01    |proj g|=  2.61873D-01

At iterate  436    f=  6.84320D-01    |proj g|=  1.96390D-01

At iterate  437    f=  6.82393D-01    |proj g|=  1.84825D-01

At iterate  438    f=  6.81910D-01    |proj g|=  4.20031D-01

At iterate  439    f=  6.81127D-01    |proj g|=  3.60895D-01

At iterate  440    f=  6.78473D-01    |proj g|=  2.06165D-01

At iterate  441    f=  6.77792D-01    |proj g|=  1.13579D+00

At iterate  442    f=  6.75644D-01    |proj g|=  2.55436D-01

At iterate  443    f=  6.75097D-01    |proj g|=  2.00118D-01

At iterate  444    f=  6.74178D-01    |proj g|=  1.61370D-01

At iterate  445    f=  6.72023D-01    |proj g|=  1.97859D-01

At iterate  446    f=  6.70814D-01    |proj g|=  3.48808D-01

At iterate  447    f=  6.69321D-01    |proj g|=  1.57990D-01

At iterate  448    f=  6.68217D-01    |proj g|=  1.83217D-01

At iterate  449    f=  6.66854D-01    |proj g|=  3.19296D-01

At iterate  450    f=  6.64544D-01    |proj g|=  3.30760D-01

At iterate  451    f=  6.63522D-01    |proj g|=  5.20134D-01

At iterate  452    f=  6.62616D-01    |proj g|=  2.66846D-01

At iterate  453    f=  6.61837D-01    |proj g|=  2.22721D-01

At iterate  454    f=  6.61326D-01    |proj g|=  3.17741D-01

At iterate  455    f=  6.59618D-01    |proj g|=  3.94725D-01

At iterate  456    f=  6.58712D-01    |proj g|=  1.14978D+00

At iterate  457    f=  6.57482D-01    |proj g|=  3.79767D-01

At iterate  458    f=  6.56962D-01    |proj g|=  1.26453D-01

At iterate  459    f=  6.56715D-01    |proj g|=  2.10595D-01

At iterate  460    f=  6.56013D-01    |proj g|=  3.09927D-01

At iterate  461    f=  6.54849D-01    |proj g|=  2.75252D-01

At iterate  462    f=  6.54447D-01    |proj g|=  5.89396D-01

At iterate  463    f=  6.53307D-01    |proj g|=  2.02605D-01

At iterate  464    f=  6.52591D-01    |proj g|=  1.74044D-01

At iterate  465    f=  6.51877D-01    |proj g|=  2.40885D-01

At iterate  466    f=  6.50958D-01    |proj g|=  2.53178D-01

At iterate  467    f=  6.49409D-01    |proj g|=  2.78509D-01

At iterate  468    f=  6.48691D-01    |proj g|=  6.27944D-01

At iterate  469    f=  6.47691D-01    |proj g|=  2.10014D-01

At iterate  470    f=  6.47273D-01    |proj g|=  2.38118D-01

At iterate  471    f=  6.46456D-01    |proj g|=  2.14171D-01

At iterate  472    f=  6.45416D-01    |proj g|=  4.04914D-01

At iterate  473    f=  6.44506D-01    |proj g|=  1.34005D-01

At iterate  474    f=  6.43744D-01    |proj g|=  1.45426D-01

At iterate  475    f=  6.43313D-01    |proj g|=  5.79232D-01

At iterate  476    f=  6.42713D-01    |proj g|=  3.30026D-01

At iterate  477    f=  6.42154D-01    |proj g|=  1.12117D-01

At iterate  478    f=  6.41938D-01    |proj g|=  1.27915D-01

At iterate  479    f=  6.41140D-01    |proj g|=  2.12120D-01

At iterate  480    f=  6.40994D-01    |proj g|=  9.35652D-01

At iterate  481    f=  6.40004D-01    |proj g|=  2.13611D-01

At iterate  482    f=  6.39763D-01    |proj g|=  9.58021D-02

At iterate  483    f=  6.39482D-01    |proj g|=  1.42425D-01

At iterate  484    f=  6.39078D-01    |proj g|=  2.08299D-01

At iterate  485    f=  6.38275D-01    |proj g|=  3.37743D-01

At iterate  486    f=  6.37931D-01    |proj g|=  1.15275D-01

At iterate  487    f=  6.37463D-01    |proj g|=  1.00766D-01

At iterate  488    f=  6.37239D-01    |proj g|=  4.77767D-01

At iterate  489    f=  6.36849D-01    |proj g|=  1.33042D-01

At iterate  490    f=  6.36625D-01    |proj g|=  9.24178D-02

At iterate  491    f=  6.36225D-01    |proj g|=  1.78998D-01

At iterate  492    f=  6.35850D-01    |proj g|=  1.64721D-01

At iterate  493    f=  6.35706D-01    |proj g|=  7.74716D-01

At iterate  494    f=  6.34764D-01    |proj g|=  1.41018D-01

At iterate  495    f=  6.34358D-01    |proj g|=  1.01408D-01

At iterate  496    f=  6.33847D-01    |proj g|=  1.74769D-01

At iterate  497    f=  6.33195D-01    |proj g|=  1.47199D-01

At iterate  498    f=  6.32792D-01    |proj g|=  4.16731D-01

At iterate  499    f=  6.31845D-01    |proj g|=  9.85854D-02

At iterate  500    f=  6.31501D-01    |proj g|=  9.45268D-02

At iterate  501    f=  6.30594D-01    |proj g|=  4.20412D-01

At iterate  502    f=  6.30137D-01    |proj g|=  4.08409D-01

At iterate  503    f=  6.29608D-01    |proj g|=  1.42447D-01

At iterate  504    f=  6.29255D-01    |proj g|=  1.23573D-01

At iterate  505    f=  6.28965D-01    |proj g|=  1.04352D-01

At iterate  506    f=  6.28623D-01    |proj g|=  5.11645D-01

At iterate  507    f=  6.27874D-01    |proj g|=  2.40123D-01

At iterate  508    f=  6.27246D-01    |proj g|=  1.33204D-01

At iterate  509    f=  6.26617D-01    |proj g|=  2.02849D-01

At iterate  510    f=  6.26099D-01    |proj g|=  1.86582D-01

At iterate  511    f=  6.25678D-01    |proj g|=  5.28962D-01

At iterate  512    f=  6.25076D-01    |proj g|=  1.39169D-01

At iterate  513    f=  6.24654D-01    |proj g|=  1.47346D-01

At iterate  514    f=  6.24311D-01    |proj g|=  1.94550D-01

At iterate  515    f=  6.23566D-01    |proj g|=  5.64369D-01

At iterate  516    f=  6.22825D-01    |proj g|=  1.75117D-01

At iterate  517    f=  6.22353D-01    |proj g|=  1.37998D-01

At iterate  518    f=  6.21411D-01    |proj g|=  2.12125D-01

At iterate  519    f=  6.20766D-01    |proj g|=  2.53909D-01

At iterate  520    f=  6.20144D-01    |proj g|=  2.37928D-01

At iterate  521    f=  6.19711D-01    |proj g|=  1.27341D-01

At iterate  522    f=  6.19071D-01    |proj g|=  1.64869D-01

At iterate  523    f=  6.18574D-01    |proj g|=  2.05003D-01

At iterate  524    f=  6.17749D-01    |proj g|=  7.42511D-01

