/home/adrianps/qcpdf/PDFmodel.py:531: OptimizeWarning: Unknown solver options: maxfevals
  method=method, options=options)
chi = 1.6069637628254405
      fun: 1.334440211827924
 hess_inv: <152x152 LbfgsInvHessProduct with dtype=float64>
      jac: array([ 5.77058401e-03, -6.94924562e-02, -1.73669967e-03,  4.46379378e-02,
       -3.24642757e-02, -8.69500028e-03,  7.66248398e-02,  1.83892679e-01,
        6.50149268e-02, -1.87001081e-02, -6.96997793e-02, -3.05161896e-02,
       -2.70006506e-01,  6.65961952e-02, -4.91708674e-02,  3.46471740e-02,
       -8.67945049e-02,  2.09288142e-02,  1.12243548e-03,  5.82149662e-02,
        3.22875060e-04, -4.35086855e-02,  7.19258653e-02,  1.17534427e-02,
        6.93591851e-02, -5.01877429e-02, -1.13925491e-01, -9.76666303e-02,
       -3.15813597e-02, -8.93243701e-02, -9.52046442e-02, -8.35265190e-04,
       -1.50557344e-03,  4.68155292e-02, -6.13920026e-03, -1.94428917e-03,
        7.54131424e-02, -5.68403102e-03,  7.23211935e-02, -4.47563098e-01,
       -3.35806605e-01, -5.58647573e-02, -1.88209892e-02,  6.99196256e-03,
       -5.44729151e-02, -1.95602734e-01, -6.44782894e-02,  2.38292497e-02,
       -7.43422435e-02, -2.06391126e-02,  6.55797638e-03,  2.59434474e-02,
       -4.28526548e-02,  1.40451872e-02, -7.08470616e-02,  3.46041862e-02,
       -4.10317336e-02, -1.77422588e-01,  1.31933064e-01,  5.06104936e-02,
       -2.73669198e-01,  1.54979807e-01,  5.45381740e-02,  2.19797291e-02,
       -6.49555965e-03,  4.54355886e-02, -1.15758514e-03, -1.34393163e-02,
       -5.99957861e-02,  5.89744031e-02, -3.36631190e-01, -4.23380619e-01,
        1.63398917e-01, -3.27596617e-02,  3.26680016e-02,  2.55546917e-02,
       -6.16317886e-02,  1.73599579e-01, -9.81272841e-02, -2.48747689e-02,
        6.36477537e-02, -4.03642009e-02, -4.64931205e-02, -1.04952402e-01,
       -7.37832018e-03,  3.12990966e-02,  1.96257011e-02, -1.73467463e-02,
       -2.34665398e-02,  1.23362343e-01,  1.39381706e-01,  1.38304923e-02,
       -3.44321682e-02, -2.65661937e-02,  1.16754140e-01, -1.08758558e-02,
       -1.28690392e-03, -6.65391520e-02, -1.38417056e-02,  4.61227501e-02,
       -2.12166062e-02,  2.80019563e-02,  8.59876170e-02,  1.87944305e-01,
        5.56914515e-03, -4.58335370e-02, -1.52882906e-01, -9.44244682e-04,
       -1.17259358e-01, -5.28096900e-02, -2.49601229e-02, -8.13739076e-02,
        4.18938439e-02, -2.63841615e-02,  1.18623333e-02,  8.82698359e-02,
        7.52540474e-02, -6.72468747e-03, -8.44065484e-02,  2.33899344e-02,
       -6.51158460e-02,  1.14018617e-01, -2.91855429e-04,  4.88503460e-02,
        8.35479685e-02,  3.47218254e-02,  4.19397850e-04,  2.19324114e-02,
       -1.23460575e-02,  6.71456890e-02,  1.24563027e-02,  3.03044478e-02,
       -1.56329616e-01, -2.42755371e-02, -1.10896403e-02, -3.52962171e-01,
        1.92213356e-01, -1.08961418e-01,  1.56802993e-01, -2.32209585e-02,
        1.85736315e-02,  2.13339302e-01, -2.52745158e-02,  6.45026255e-03,
       -8.50351345e-02,  8.09041945e-02, -1.32345468e-02, -1.03025877e-01,
       -5.31708677e-02, -2.66573430e-02,  3.09847259e-02, -3.09505976e-02])
  message: b'STOP: TOTAL NO. of f AND g EVALUATIONS EXCEEDS LIMIT'
     nfev: 15147
      nit: 89
   status: 1
  success: False
        x: array([ 1.59981688,  1.52263328,  0.83684604,  1.72232239,  1.65502804,
        0.75138459,  1.86639953,  1.44724562,  0.65553764,  1.93216533,
        1.28802633,  0.74770083,  1.28908636,  1.45939269,  0.87689602,
        1.31041609,  1.63293095,  0.50941023,  1.58119865,  1.80986699,
        0.51621488,  1.69316956,  1.63814964,  0.95791914,  0.02715353,
        0.14427634, -0.04564629, -0.02185363, -0.07571455,  0.00633545,
       -0.02213741,  0.00355999,  0.77839406, -0.10472882, -0.27800243,
        0.68957593, -0.50522953, -0.17844642,  0.59585047, -1.12694674,
       -0.01205541,  0.69320839, -1.20074604, -0.1226497 ,  0.82316364,
        0.33226444, -0.03494029,  0.44374243,  0.38043252,  0.01391446,
        0.44626748, -0.59912139, -0.25754784,  0.89793438, -0.54255973,
       -0.23750035,  0.00788222, -0.17336478, -0.05175532,  0.04510417,
       -0.04135763,  0.02461331,  0.05441545, -0.01922403, -0.48601546,
        0.15316887,  0.31635521, -0.38586268,  0.58104241,  2.26979021,
       -0.24235636,  2.1567981 ,  0.26122636, -0.35637343,  1.99812211,
        0.38959659, -0.24689024,  0.32112213,  1.28063304, -0.19723551,
       -0.40925591,  0.75305421, -0.46781504,  0.49575916,  0.77981135,
       -0.44477791,  0.45857213,  2.42639687, -0.02242695, -0.20987704,
        0.14427429,  0.05706878,  0.16245873,  0.06429805, -0.03259642,
        0.01616065, -0.2637744 ,  1.41817564,  1.26757991,  1.70079255,
       -0.77995453, -0.00709816, -0.00994489,  0.29249673,  1.22921299,
        0.03866305,  0.4886147 ,  1.11146143,  0.74673919,  0.32390202,
        0.99753356,  0.25003078,  1.16668281,  0.69255901,  0.22389058,
        0.63632435,  1.324326  ,  1.84212325, -0.78384779, -0.16085391,
        0.02245591,  0.305027  ,  0.23789077,  0.18678685, -0.01163792,
       -0.02168693, -0.21094608, -0.03590802,  1.30616755,  3.03312172,
        1.00141519,  0.03852181,  2.48502879,  1.43168628,  1.33125302,
        1.99001413,  0.36909612,  1.22095385,  2.05056528,  0.51187745,
        0.96549283, -0.82781084, -1.49161789,  0.67753741,  2.40062743,
        0.05532554,  1.59284031,  2.32906918,  1.31097204,  0.04271153,
        2.3449283 ,  1.47338866])
