RUNNING THE L-BFGS-B CODE

           * * *

Machine precision = 2.220D-16
 N =          216     M =           10

At X0         0 variables are exactly at the bounds

At iterate    0    f=  1.48329D+05    |proj g|=  1.72648D+05

At iterate    1    f=  1.00314D+05    |proj g|=  1.07518D+05

At iterate    2    f=  7.09850D+04    |proj g|=  5.43869D+04

At iterate    3    f=  4.76432D+04    |proj g|=  2.77369D+04

At iterate    4    f=  2.79935D+04    |proj g|=  1.29395D+04

At iterate    5    f=  1.62889D+04    |proj g|=  6.30071D+03

At iterate    6    f=  9.04666D+03    |proj g|=  2.50176D+03

At iterate    7    f=  5.12476D+03    |proj g|=  1.54509D+03

At iterate    8    f=  3.17272D+03    |proj g|=  1.07118D+03

At iterate    9    f=  1.92479D+03    |proj g|=  4.65616D+02

At iterate   10    f=  1.33199D+03    |proj g|=  3.12794D+02

At iterate   11    f=  9.41530D+02    |proj g|=  8.71026D+02

At iterate   12    f=  6.39536D+02    |proj g|=  1.74645D+02

At iterate   13    f=  5.60176D+02    |proj g|=  1.48005D+02

At iterate   14    f=  4.10064D+02    |proj g|=  9.26366D+01

At iterate   15    f=  3.07710D+02    |proj g|=  1.85485D+02

At iterate   16    f=  2.34863D+02    |proj g|=  5.77159D+01

At iterate   17    f=  2.04720D+02    |proj g|=  4.51279D+01

At iterate   18    f=  1.55462D+02    |proj g|=  5.53158D+01

At iterate   19    f=  1.28263D+02    |proj g|=  5.24264D+01

At iterate   20    f=  1.09042D+02    |proj g|=  3.75790D+01

At iterate   21    f=  8.32382D+01    |proj g|=  2.88413D+01

At iterate   22    f=  6.77589D+01    |proj g|=  1.86463D+01

At iterate   23    f=  5.16852D+01    |proj g|=  2.98401D+01

At iterate   24    f=  4.60798D+01    |proj g|=  5.68302D+01

At iterate   25    f=  4.03844D+01    |proj g|=  1.35412D+01

At iterate   26    f=  3.80536D+01    |proj g|=  1.13358D+01

At iterate   27    f=  3.21740D+01    |proj g|=  8.00981D+00

At iterate   28    f=  2.87081D+01    |proj g|=  1.81440D+01

At iterate   29    f=  2.51480D+01    |proj g|=  8.53009D+00

At iterate   30    f=  2.31887D+01    |proj g|=  5.75902D+00

At iterate   31    f=  2.15617D+01    |proj g|=  5.73259D+00

At iterate   32    f=  1.99892D+01    |proj g|=  3.16962D+01

At iterate   33    f=  1.81893D+01    |proj g|=  1.23087D+01

At iterate   34    f=  1.59442D+01    |proj g|=  6.99689D+00

At iterate   35    f=  1.42519D+01    |proj g|=  8.77490D+00

At iterate   36    f=  1.34935D+01    |proj g|=  2.32155D+01

At iterate   37    f=  1.21052D+01    |proj g|=  1.39311D+01

At iterate   38    f=  1.08838D+01    |proj g|=  5.38659D+00

At iterate   39    f=  9.61444D+00    |proj g|=  6.22090D+00

At iterate   40    f=  8.63873D+00    |proj g|=  5.20231D+00

At iterate   41    f=  7.85520D+00    |proj g|=  6.32978D+00

At iterate   42    f=  7.11411D+00    |proj g|=  5.64572D+00

At iterate   43    f=  6.49824D+00    |proj g|=  5.29768D+00

At iterate   44    f=  5.72942D+00    |proj g|=  7.31687D+00

At iterate   45    f=  5.39968D+00    |proj g|=  1.33195D+01

At iterate   46    f=  5.07071D+00    |proj g|=  2.07286D+00

At iterate   47    f=  4.96477D+00    |proj g|=  2.67004D+00

At iterate   48    f=  4.82270D+00    |proj g|=  5.22060D+00

At iterate   49    f=  4.49496D+00    |proj g|=  7.64787D+00

At iterate   50    f=  4.38536D+00    |proj g|=  1.38435D+01

At iterate   51    f=  3.97426D+00    |proj g|=  2.40474D+00

At iterate   52    f=  3.87104D+00    |proj g|=  1.66465D+00

At iterate   53    f=  3.71540D+00    |proj g|=  2.27005D+00

At iterate   54    f=  3.59188D+00    |proj g|=  3.81901D+00

At iterate   55    f=  3.42712D+00    |proj g|=  1.73276D+00

At iterate   56    f=  3.32183D+00    |proj g|=  1.35832D+00

At iterate   57    f=  3.19068D+00    |proj g|=  1.80285D+00

At iterate   58    f=  3.15051D+00    |proj g|=  5.34319D+00

At iterate   59    f=  3.04974D+00    |proj g|=  3.91085D+00

At iterate   60    f=  2.93299D+00    |proj g|=  1.22631D+00

At iterate   61    f=  2.82668D+00    |proj g|=  1.21795D+00

At iterate   62    f=  2.74517D+00    |proj g|=  5.65969D+00

At iterate   63    f=  2.64593D+00    |proj g|=  2.03517D+00

At iterate   64    f=  2.58865D+00    |proj g|=  1.29890D+00

At iterate   65    f=  2.48661D+00    |proj g|=  1.60949D+00

At iterate   66    f=  2.38283D+00    |proj g|=  3.81773D+00

At iterate   67    f=  2.30846D+00    |proj g|=  1.63584D+00

At iterate   68    f=  2.25558D+00    |proj g|=  1.14463D+00

At iterate   69    f=  2.20951D+00    |proj g|=  4.79331D+00

At iterate   70    f=  2.15565D+00    |proj g|=  2.18626D+00

At iterate   71    f=  2.11619D+00    |proj g|=  1.56817D+00

At iterate   72    f=  1.97935D+00    |proj g|=  1.19463D+00

At iterate   73    f=  1.90491D+00    |proj g|=  1.66297D+00

At iterate   74    f=  1.88573D+00    |proj g|=  1.66782D+00

At iterate   75    f=  1.85423D+00    |proj g|=  1.23431D+00

At iterate   76    f=  1.79961D+00    |proj g|=  1.09389D+00

At iterate   77    f=  1.73129D+00    |proj g|=  1.22713D+00

At iterate   78    f=  1.69643D+00    |proj g|=  3.51443D+00

At iterate   79    f=  1.64468D+00    |proj g|=  1.50808D+00

At iterate   80    f=  1.60030D+00    |proj g|=  1.02064D+00

At iterate   81    f=  1.56577D+00    |proj g|=  3.64879D+00

At iterate   82    f=  1.53521D+00    |proj g|=  1.50027D+00

At iterate   83    f=  1.51490D+00    |proj g|=  9.17877D-01

At iterate   84    f=  1.47942D+00    |proj g|=  9.93748D-01

At iterate   85    f=  1.44766D+00    |proj g|=  1.31183D+00

At iterate   86    f=  1.40986D+00    |proj g|=  2.67088D+00

At iterate   87    f=  1.38156D+00    |proj g|=  2.04152D+00

At iterate   88    f=  1.36666D+00    |proj g|=  4.76045D-01

At iterate   89    f=  1.35758D+00    |proj g|=  6.34178D-01

At iterate   90    f=  1.34536D+00    |proj g|=  9.60600D-01

At iterate   91    f=  1.31404D+00    |proj g|=  1.79306D+00

At iterate   92    f=  1.29593D+00    |proj g|=  1.18374D+00

At iterate   93    f=  1.27157D+00    |proj g|=  1.09023D+00

At iterate   94    f=  1.25861D+00    |proj g|=  1.73363D+00

At iterate   95    f=  1.24471D+00    |proj g|=  9.54300D-01

At iterate   96    f=  1.22887D+00    |proj g|=  8.23422D-01

At iterate   97    f=  1.20451D+00    |proj g|=  7.54314D-01

At iterate   98    f=  1.18624D+00    |proj g|=  2.12598D+00

At iterate   99    f=  1.17437D+00    |proj g|=  1.22741D+00

At iterate  100    f=  1.16481D+00    |proj g|=  5.98264D-01

At iterate  101    f=  1.15620D+00    |proj g|=  5.09318D-01

At iterate  102    f=  1.14706D+00    |proj g|=  4.62438D-01

At iterate  103    f=  1.12223D+00    |proj g|=  1.19085D+00

At iterate  104    f=  1.11246D+00    |proj g|=  8.51596D-01

At iterate  105    f=  1.10381D+00    |proj g|=  4.29631D-01

At iterate  106    f=  1.09685D+00    |proj g|=  7.27146D-01

At iterate  107    f=  1.09315D+00    |proj g|=  1.92784D+00

At iterate  108    f=  1.08677D+00    |proj g|=  7.30328D-01

At iterate  109    f=  1.07851D+00    |proj g|=  8.33885D-01

At iterate  110    f=  1.07181D+00    |proj g|=  1.35188D+00

At iterate  111    f=  1.05581D+00    |proj g|=  1.47498D+00

At iterate  112    f=  1.05101D+00    |proj g|=  2.50895D+00

At iterate  113    f=  1.03658D+00    |proj g|=  1.28024D+00

At iterate  114    f=  1.02857D+00    |proj g|=  4.72764D-01

At iterate  115    f=  1.01979D+00    |proj g|=  7.53146D-01

At iterate  116    f=  1.01294D+00    |proj g|=  9.12728D-01

At iterate  117    f=  9.95930D-01    |proj g|=  1.18216D+00

At iterate  118    f=  9.89868D-01    |proj g|=  2.04562D+00

At iterate  119    f=  9.79795D-01    |proj g|=  8.32578D-01

At iterate  120    f=  9.71780D-01    |proj g|=  8.91874D-01

At iterate  121    f=  9.65839D-01    |proj g|=  7.22496D-01

At iterate  122    f=  9.59452D-01    |proj g|=  1.11143D+00

At iterate  123    f=  9.52722D-01    |proj g|=  6.65309D-01

At iterate  124    f=  9.46771D-01    |proj g|=  5.35086D-01

At iterate  125    f=  9.38515D-01    |proj g|=  7.92007D-01

At iterate  126    f=  9.28336D-01    |proj g|=  1.22973D+00

At iterate  127    f=  9.20232D-01    |proj g|=  4.19895D-01

At iterate  128    f=  9.11012D-01    |proj g|=  4.38239D-01

At iterate  129    f=  8.99075D-01    |proj g|=  8.53013D-01

At iterate  130    f=  8.93235D-01    |proj g|=  1.09603D+00

At iterate  131    f=  8.85524D-01    |proj g|=  5.60203D-01

At iterate  132    f=  8.79415D-01    |proj g|=  5.34505D-01

At iterate  133    f=  8.72025D-01    |proj g|=  1.55199D+00

At iterate  134    f=  8.65480D-01    |proj g|=  5.77810D-01

At iterate  135    f=  8.61269D-01    |proj g|=  5.97065D-01

At iterate  136    f=  8.52705D-01    |proj g|=  5.31826D-01

At iterate  137    f=  8.45679D-01    |proj g|=  2.47165D+00

At iterate  138    f=  8.34398D-01    |proj g|=  5.39262D-01

At iterate  139    f=  8.30948D-01    |proj g|=  5.97013D-01

At iterate  140    f=  8.24790D-01    |proj g|=  5.02966D-01

At iterate  141    f=  8.17233D-01    |proj g|=  1.37645D+00

At iterate  142    f=  8.08244D-01    |proj g|=  4.38208D-01

At iterate  143    f=  7.99714D-01    |proj g|=  5.41338D-01

At iterate  144    f=  7.82890D-01    |proj g|=  5.97796D-01

At iterate  145    f=  7.76759D-01    |proj g|=  1.82906D+00

At iterate  146    f=  7.63665D-01    |proj g|=  1.05561D+00

At iterate  147    f=  7.52811D-01    |proj g|=  3.07606D-01

At iterate  148    f=  7.44446D-01    |proj g|=  5.71869D-01

At iterate  149    f=  7.36036D-01    |proj g|=  8.28999D-01

At iterate  150    f=  7.31071D-01    |proj g|=  1.37365D+00

At iterate  151    f=  7.23979D-01    |proj g|=  6.10965D-01

At iterate  152    f=  7.16596D-01    |proj g|=  4.53141D-01

At iterate  153    f=  7.11628D-01    |proj g|=  9.53827D-01

At iterate  154    f=  7.04756D-01    |proj g|=  1.30961D+00

At iterate  155    f=  6.97022D-01    |proj g|=  8.34792D-01

At iterate  156    f=  6.89199D-01    |proj g|=  1.05855D+00

At iterate  157    f=  6.84087D-01    |proj g|=  6.52533D-01

At iterate  158    f=  6.79596D-01    |proj g|=  2.26545D+00

At iterate  159    f=  6.66905D-01    |proj g|=  7.13611D-01

At iterate  160    f=  6.59990D-01    |proj g|=  6.85457D-01

At iterate  161    f=  6.54880D-01    |proj g|=  9.81008D-01

At iterate  162    f=  6.49655D-01    |proj g|=  6.67440D-01

At iterate  163    f=  6.44942D-01    |proj g|=  1.18681D+00

At iterate  164    f=  6.40378D-01    |proj g|=  4.32012D-01

At iterate  165    f=  6.35409D-01    |proj g|=  6.44521D-01

At iterate  166    f=  6.31890D-01    |proj g|=  7.11176D-01

At iterate  167    f=  6.27664D-01    |proj g|=  1.84856D+00

At iterate  168    f=  6.20655D-01    |proj g|=  4.93446D-01

At iterate  169    f=  6.17672D-01    |proj g|=  4.43543D-01

At iterate  170    f=  6.11165D-01    |proj g|=  8.40028D-01

At iterate  171    f=  6.10104D-01    |proj g|=  1.01490D+00

At iterate  172    f=  6.05330D-01    |proj g|=  3.06737D-01

At iterate  173    f=  6.02472D-01    |proj g|=  2.70168D-01

At iterate  174    f=  5.97928D-01    |proj g|=  3.96550D-01

At iterate  175    f=  5.94053D-01    |proj g|=  1.01961D+00

At iterate  176    f=  5.89480D-01    |proj g|=  4.13091D-01

At iterate  177    f=  5.86201D-01    |proj g|=  2.59183D-01

At iterate  178    f=  5.81548D-01    |proj g|=  2.37084D-01

At iterate  179    f=  5.77362D-01    |proj g|=  5.19555D-01

At iterate  180    f=  5.74731D-01    |proj g|=  1.54941D+00

At iterate  181    f=  5.70007D-01    |proj g|=  2.60236D-01

At iterate  182    f=  5.68590D-01    |proj g|=  3.05562D-01

At iterate  183    f=  5.65747D-01    |proj g|=  3.10771D-01

At iterate  184    f=  5.59739D-01    |proj g|=  3.21786D-01

At iterate  185    f=  5.58207D-01    |proj g|=  7.58501D-01

At iterate  186    f=  5.53855D-01    |proj g|=  3.24894D-01

At iterate  187    f=  5.51740D-01    |proj g|=  6.90407D-01

At iterate  188    f=  5.49733D-01    |proj g|=  2.87803D-01

At iterate  189    f=  5.48377D-01    |proj g|=  2.72506D-01

At iterate  190    f=  5.42517D-01    |proj g|=  2.24510D-01

At iterate  191    f=  5.36931D-01    |proj g|=  3.34451D-01

At iterate  192    f=  5.33732D-01    |proj g|=  7.09099D-01

At iterate  193    f=  5.30584D-01    |proj g|=  3.95682D-01

At iterate  194    f=  5.28575D-01    |proj g|=  2.30622D-01

At iterate  195    f=  5.25906D-01    |proj g|=  3.24822D-01

At iterate  196    f=  5.22104D-01    |proj g|=  3.45521D-01

At iterate  197    f=  5.19856D-01    |proj g|=  6.50839D-01

At iterate  198    f=  5.17093D-01    |proj g|=  4.61984D-01

At iterate  199    f=  5.16062D-01    |proj g|=  6.00627D-01

At iterate  200    f=  5.15028D-01    |proj g|=  2.75482D-01

At iterate  201    f=  5.13680D-01    |proj g|=  3.23763D-01

At iterate  202    f=  5.11534D-01    |proj g|=  5.33063D-01

At iterate  203    f=  5.08116D-01    |proj g|=  6.33215D-01

At iterate  204    f=  5.06725D-01    |proj g|=  6.57082D-01

At iterate  205    f=  5.04636D-01    |proj g|=  2.17171D-01

At iterate  206    f=  5.03215D-01    |proj g|=  2.68739D-01

At iterate  207    f=  5.01632D-01    |proj g|=  4.78773D-01

At iterate  208    f=  4.99686D-01    |proj g|=  4.38816D-01

At iterate  209    f=  4.96309D-01    |proj g|=  6.04080D-01

At iterate  210    f=  4.95250D-01    |proj g|=  3.54509D-01

At iterate  211    f=  4.93432D-01    |proj g|=  2.53734D-01

At iterate  212    f=  4.90741D-01    |proj g|=  1.88118D-01

At iterate  213    f=  4.87607D-01    |proj g|=  4.33048D-01

At iterate  214    f=  4.86090D-01    |proj g|=  7.23158D-01

At iterate  215    f=  4.83413D-01    |proj g|=  1.81943D-01

At iterate  216    f=  4.82465D-01    |proj g|=  1.90356D-01

At iterate  217    f=  4.80881D-01    |proj g|=  5.79751D-01

At iterate  218    f=  4.78166D-01    |proj g|=  3.04123D-01

At iterate  219    f=  4.74985D-01    |proj g|=  3.22711D-01

At iterate  220    f=  4.71766D-01    |proj g|=  5.49833D-01

At iterate  221    f=  4.68063D-01    |proj g|=  3.83105D-01

At iterate  222    f=  4.66820D-01    |proj g|=  3.97017D-01

At iterate  223    f=  4.65705D-01    |proj g|=  1.97766D-01

At iterate  224    f=  4.64583D-01    |proj g|=  2.19640D-01

At iterate  225    f=  4.62367D-01    |proj g|=  2.03908D-01

At iterate  226    f=  4.59704D-01    |proj g|=  2.07743D-01

At iterate  227    f=  4.58862D-01    |proj g|=  9.53269D-01

At iterate  228    f=  4.56608D-01    |proj g|=  1.68316D-01

At iterate  229    f=  4.55874D-01    |proj g|=  1.13679D-01

At iterate  230    f=  4.54769D-01    |proj g|=  6.09846D-01

At iterate  231    f=  4.53587D-01    |proj g|=  2.84516D-01

At iterate  232    f=  4.52631D-01    |proj g|=  1.51506D-01

At iterate  233    f=  4.51250D-01    |proj g|=  1.75446D-01

At iterate  234    f=  4.50884D-01    |proj g|=  6.21561D-01

At iterate  235    f=  4.50229D-01    |proj g|=  4.43655D-01

At iterate  236    f=  4.48184D-01    |proj g|=  1.24793D-01

At iterate  237    f=  4.46891D-01    |proj g|=  2.21624D-01

At iterate  238    f=  4.44554D-01    |proj g|=  2.80772D-01

At iterate  239    f=  4.42956D-01    |proj g|=  4.32048D-01

At iterate  240    f=  4.40717D-01    |proj g|=  1.52514D-01

At iterate  241    f=  4.39045D-01    |proj g|=  1.73319D-01

At iterate  242    f=  4.38237D-01    |proj g|=  7.14214D-01

At iterate  243    f=  4.36749D-01    |proj g|=  4.65378D-01

At iterate  244    f=  4.35349D-01    |proj g|=  2.93695D-01

At iterate  245    f=  4.34329D-01    |proj g|=  3.30550D-01

At iterate  246    f=  4.33733D-01    |proj g|=  3.40107D-01

At iterate  247    f=  4.32968D-01    |proj g|=  2.68360D-01

At iterate  248    f=  4.32363D-01    |proj g|=  3.48296D-01

At iterate  249    f=  4.30906D-01    |proj g|=  2.85200D-01

At iterate  250    f=  4.28993D-01    |proj g|=  3.50477D-01

At iterate  251    f=  4.27863D-01    |proj g|=  3.64157D-01

At iterate  252    f=  4.26347D-01    |proj g|=  1.15379D-01

At iterate  253    f=  4.25392D-01    |proj g|=  1.16237D-01

At iterate  254    f=  4.24011D-01    |proj g|=  1.78105D-01

At iterate  255    f=  4.23248D-01    |proj g|=  9.81963D-01

At iterate  256    f=  4.21320D-01    |proj g|=  2.05425D-01

At iterate  257    f=  4.20408D-01    |proj g|=  2.46264D-01

At iterate  258    f=  4.19584D-01    |proj g|=  2.14841D-01

At iterate  259    f=  4.18532D-01    |proj g|=  2.33194D-01

At iterate  260    f=  4.17756D-01    |proj g|=  5.60449D-01

